
*** Running vivado
    with args -log design_1_wrapper.vdi -applog -m64 -product Vivado -messageDb vivado.pb -mode batch -source design_1_wrapper.tcl -notrace


****** Vivado v2022.1 (64-bit)
  **** SW Build 3526262 on Mon Apr 18 15:47:01 MDT 2022
  **** IP Build 3524634 on Mon Apr 18 20:55:01 MDT 2022
    ** Copyright 1986-2022 Xilinx, Inc. All Rights Reserved.

source design_1_wrapper.tcl -notrace
INFO: [IP_Flow 19-234] Refreshing IP repositories
INFO: [IP_Flow 19-1704] No user IP repositories specified
INFO: [IP_Flow 19-2313] Loaded Vivado IP repository '/media/dewsjoe/Data/Vitis_2022_1/Vivado/2022.1/data/ip'.
add_files: Time (s): cpu = 00:00:05 ; elapsed = 00:00:06 . Memory (MB): peak = 2691.988 ; gain = 0.000 ; free physical = 7375 ; free virtual = 19001
Command: link_design -top design_1_wrapper -part xcvc1902-vsva2197-2MP-e-S
Design is defaulting to srcset: sources_1
Design is defaulting to constrset: constrs_1
INFO: [Device 21-403] Loading part xcvc1902-vsva2197-2MP-e-S
INFO: [Project 1-454] Reading design checkpoint '/home/dewsjoe/Desktop/projects_2022.1/projects_ldg/project_2/project_2.gen/sources_1/bd/design_1/ip/design_1_axi_noc_0_0/design_1_axi_noc_0_0.dcp' for cell 'design_1_i/axi_noc_0'
Netlist sorting complete. Time (s): cpu = 00:00:00.2 ; elapsed = 00:00:00.2 . Memory (MB): peak = 2691.988 ; gain = 0.000 ; free physical = 7115 ; free virtual = 18742
INFO: [Netlist 29-17] Analyzing 2 Unisim elements for replacement
INFO: [Netlist 29-28] Unisim Transformation completed in 0 CPU seconds
INFO: [Project 1-479] Netlist was created with Vivado 2022.1
INFO: [Constraints 18-6359] No Clock Expansion Window constraints config file entry for device xcvc1902.  GCLK Deskew mode will be Off and cannot be enabled via GCLK_DESKEW override.
INFO: [Constraints 18-5720] The default GCLK Deskew mode is Off.
INFO: [Project 1-570] Preparing netlist for logic optimization
Reading NOC Solution File '/home/dewsjoe/Desktop/projects_2022.1/projects_ldg/project_2/project_2.runs/synth_1/design_1_wrapper/design_1_wrapper.ncr'
Reading Traffic File '/home/dewsjoe/Desktop/projects_2022.1/projects_ldg/project_2/project_2.gen/sources_1/bd/design_1/nsln/design_1.nts' for cell 'design_1_i'
INFO: [Ipconfig 75-709] Read and Merge Traffic Stats:  Before Read: 0 insts (0 INI), 0 paths (0 INI). Read In: 9 insts (0 INI), 8 paths (0 INI). After Merge: 9 insts (0 INI), 8 paths (0 INI). Noc Frequency: 1000 0 error slaves
Reading NOC Solution File '/home/dewsjoe/Desktop/projects_2022.1/projects_ldg/project_2/project_2.gen/sources_1/bd/design_1/nsln/design_1.ncr' for cell 'design_1_i'
INFO: [Constraints 18-5243] Reading ELF File '/home/dewsjoe/Desktop/projects_2022.1/projects_ldg/project_2/project_2.gen/sources_1/bd/design_1/ip/design_1_axi_noc_0_0/bd_0/ip/ip_9/ip_0/bd_8be5_MC0_ddrc_0_phy_ddrmc.elf' for cell 'design_1_i/axi_noc_0/inst/MC0_ddrc/inst/noc_ddr4_phy/inst/u_ddrmc_main'
Parsing XDC File [/home/dewsjoe/Desktop/projects_2022.1/projects_ldg/project_2/project_2.gen/sources_1/bd/design_1/ip/design_1_versal_cips_0_0/bd_0/ip/ip_0/bd_70da_pspmc_0_0.xdc] for cell 'design_1_i/versal_cips_0/inst/pspmc_0/inst'
Finished Parsing XDC File [/home/dewsjoe/Desktop/projects_2022.1/projects_ldg/project_2/project_2.gen/sources_1/bd/design_1/ip/design_1_versal_cips_0_0/bd_0/ip/ip_0/bd_70da_pspmc_0_0.xdc] for cell 'design_1_i/versal_cips_0/inst/pspmc_0/inst'
Parsing XDC File [/home/dewsjoe/Desktop/projects_2022.1/projects_ldg/project_2/project_2.gen/sources_1/bd/design_1/ip/design_1_versal_cips_0_0/bd_0/ip/ip_0/pspmc_v1_2/constraints/usr_constraints.xdc] for cell 'design_1_i/versal_cips_0/inst/pspmc_0/inst'
Finished Parsing XDC File [/home/dewsjoe/Desktop/projects_2022.1/projects_ldg/project_2/project_2.gen/sources_1/bd/design_1/ip/design_1_versal_cips_0_0/bd_0/ip/ip_0/pspmc_v1_2/constraints/usr_constraints.xdc] for cell 'design_1_i/versal_cips_0/inst/pspmc_0/inst'
Parsing XDC File [/home/dewsjoe/Desktop/projects_2022.1/projects_ldg/project_2/project_2.gen/sources_1/bd/design_1/ip/design_1_axi_noc_0_0/bd_0/ip/ip_0/xdc/bd_8be5_S01_AXI_nmu_0.xdc] for cell 'design_1_i/axi_noc_0/inst/S01_AXI_nmu/bd_8be5_S01_AXI_nmu_0_top_INST'
Finished Parsing XDC File [/home/dewsjoe/Desktop/projects_2022.1/projects_ldg/project_2/project_2.gen/sources_1/bd/design_1/ip/design_1_axi_noc_0_0/bd_0/ip/ip_0/xdc/bd_8be5_S01_AXI_nmu_0.xdc] for cell 'design_1_i/axi_noc_0/inst/S01_AXI_nmu/bd_8be5_S01_AXI_nmu_0_top_INST'
Parsing XDC File [/home/dewsjoe/Desktop/projects_2022.1/projects_ldg/project_2/project_2.gen/sources_1/bd/design_1/ip/design_1_axi_noc_0_0/bd_0/ip/ip_2/xdc/bd_8be5_S06_AXI_nmu_0.xdc] for cell 'design_1_i/axi_noc_0/inst/S06_AXI_nmu/bd_8be5_S06_AXI_nmu_0_top_INST'
Finished Parsing XDC File [/home/dewsjoe/Desktop/projects_2022.1/projects_ldg/project_2/project_2.gen/sources_1/bd/design_1/ip/design_1_axi_noc_0_0/bd_0/ip/ip_2/xdc/bd_8be5_S06_AXI_nmu_0.xdc] for cell 'design_1_i/axi_noc_0/inst/S06_AXI_nmu/bd_8be5_S06_AXI_nmu_0_top_INST'
Parsing XDC File [/home/dewsjoe/Desktop/projects_2022.1/projects_ldg/project_2/project_2.gen/sources_1/bd/design_1/ip/design_1_axi_noc_0_0/bd_0/ip/ip_3/xdc/bd_8be5_S00_AXI_nmu_0.xdc] for cell 'design_1_i/axi_noc_0/inst/S00_AXI_nmu/bd_8be5_S00_AXI_nmu_0_top_INST'
Finished Parsing XDC File [/home/dewsjoe/Desktop/projects_2022.1/projects_ldg/project_2/project_2.gen/sources_1/bd/design_1/ip/design_1_axi_noc_0_0/bd_0/ip/ip_3/xdc/bd_8be5_S00_AXI_nmu_0.xdc] for cell 'design_1_i/axi_noc_0/inst/S00_AXI_nmu/bd_8be5_S00_AXI_nmu_0_top_INST'
Parsing XDC File [/home/dewsjoe/Desktop/projects_2022.1/projects_ldg/project_2/project_2.gen/sources_1/bd/design_1/ip/design_1_axi_noc_0_0/bd_0/ip/ip_4/xdc/bd_8be5_S02_AXI_nmu_0.xdc] for cell 'design_1_i/axi_noc_0/inst/S02_AXI_nmu/bd_8be5_S02_AXI_nmu_0_top_INST'
Finished Parsing XDC File [/home/dewsjoe/Desktop/projects_2022.1/projects_ldg/project_2/project_2.gen/sources_1/bd/design_1/ip/design_1_axi_noc_0_0/bd_0/ip/ip_4/xdc/bd_8be5_S02_AXI_nmu_0.xdc] for cell 'design_1_i/axi_noc_0/inst/S02_AXI_nmu/bd_8be5_S02_AXI_nmu_0_top_INST'
Parsing XDC File [/home/dewsjoe/Desktop/projects_2022.1/projects_ldg/project_2/project_2.gen/sources_1/bd/design_1/ip/design_1_axi_noc_0_0/bd_0/ip/ip_5/xdc/bd_8be5_S07_AXI_nmu_0.xdc] for cell 'design_1_i/axi_noc_0/inst/S07_AXI_nmu/bd_8be5_S07_AXI_nmu_0_top_INST'
Finished Parsing XDC File [/home/dewsjoe/Desktop/projects_2022.1/projects_ldg/project_2/project_2.gen/sources_1/bd/design_1/ip/design_1_axi_noc_0_0/bd_0/ip/ip_5/xdc/bd_8be5_S07_AXI_nmu_0.xdc] for cell 'design_1_i/axi_noc_0/inst/S07_AXI_nmu/bd_8be5_S07_AXI_nmu_0_top_INST'
Parsing XDC File [/home/dewsjoe/Desktop/projects_2022.1/projects_ldg/project_2/project_2.gen/sources_1/bd/design_1/ip/design_1_axi_noc_0_0/bd_0/ip/ip_6/xdc/bd_8be5_S03_AXI_nmu_0.xdc] for cell 'design_1_i/axi_noc_0/inst/S03_AXI_nmu/bd_8be5_S03_AXI_nmu_0_top_INST'
Finished Parsing XDC File [/home/dewsjoe/Desktop/projects_2022.1/projects_ldg/project_2/project_2.gen/sources_1/bd/design_1/ip/design_1_axi_noc_0_0/bd_0/ip/ip_6/xdc/bd_8be5_S03_AXI_nmu_0.xdc] for cell 'design_1_i/axi_noc_0/inst/S03_AXI_nmu/bd_8be5_S03_AXI_nmu_0_top_INST'
Parsing XDC File [/home/dewsjoe/Desktop/projects_2022.1/projects_ldg/project_2/project_2.gen/sources_1/bd/design_1/ip/design_1_axi_noc_0_0/bd_0/ip/ip_7/xdc/bd_8be5_S05_AXI_nmu_0.xdc] for cell 'design_1_i/axi_noc_0/inst/S05_AXI_nmu/bd_8be5_S05_AXI_nmu_0_top_INST'
Finished Parsing XDC File [/home/dewsjoe/Desktop/projects_2022.1/projects_ldg/project_2/project_2.gen/sources_1/bd/design_1/ip/design_1_axi_noc_0_0/bd_0/ip/ip_7/xdc/bd_8be5_S05_AXI_nmu_0.xdc] for cell 'design_1_i/axi_noc_0/inst/S05_AXI_nmu/bd_8be5_S05_AXI_nmu_0_top_INST'
Parsing XDC File [/home/dewsjoe/Desktop/projects_2022.1/projects_ldg/project_2/project_2.gen/sources_1/bd/design_1/ip/design_1_axi_noc_0_0/bd_0/ip/ip_8/xdc/bd_8be5_S04_AXI_rpu_0.xdc] for cell 'design_1_i/axi_noc_0/inst/S04_AXI_rpu/bd_8be5_S04_AXI_rpu_0_top_INST'
Finished Parsing XDC File [/home/dewsjoe/Desktop/projects_2022.1/projects_ldg/project_2/project_2.gen/sources_1/bd/design_1/ip/design_1_axi_noc_0_0/bd_0/ip/ip_8/xdc/bd_8be5_S04_AXI_rpu_0.xdc] for cell 'design_1_i/axi_noc_0/inst/S04_AXI_rpu/bd_8be5_S04_AXI_rpu_0_top_INST'
Parsing XDC File [/home/dewsjoe/Desktop/projects_2022.1/projects_ldg/project_2/project_2.gen/sources_1/bd/design_1/ip/design_1_axi_noc_0_0/bd_0/ip/ip_9/hdl/par/bd_8be5_MC0_ddrc_0_ip.xdc] for cell 'design_1_i/axi_noc_0/inst/MC0_ddrc/inst'
create_clock: Time (s): cpu = 00:00:05 ; elapsed = 00:00:05 . Memory (MB): peak = 2892.129 ; gain = 61.469 ; free physical = 6967 ; free virtual = 18593
Finished Parsing XDC File [/home/dewsjoe/Desktop/projects_2022.1/projects_ldg/project_2/project_2.gen/sources_1/bd/design_1/ip/design_1_axi_noc_0_0/bd_0/ip/ip_9/hdl/par/bd_8be5_MC0_ddrc_0_ip.xdc] for cell 'design_1_i/axi_noc_0/inst/MC0_ddrc/inst'
Parsing XDC File [/home/dewsjoe/Desktop/projects_2022.1/projects_ldg/project_2/project_2.gen/sources_1/bd/design_1/ip/design_1_axi_noc_0_0/design_1_axi_noc_0_0_board.xdc] for cell 'design_1_i/axi_noc_0/inst'
Finished Parsing XDC File [/home/dewsjoe/Desktop/projects_2022.1/projects_ldg/project_2/project_2.gen/sources_1/bd/design_1/ip/design_1_axi_noc_0_0/design_1_axi_noc_0_0_board.xdc] for cell 'design_1_i/axi_noc_0/inst'
Parsing XDC File [/home/dewsjoe/Desktop/projects_2022.1/projects_ldg/project_2/project_2.gen/sources_1/bd/design_1/ip/design_1_axi_noc_0_0/design_1_axi_noc_0_0.xdc] for cell 'design_1_i/axi_noc_0/inst'
Finished Parsing XDC File [/home/dewsjoe/Desktop/projects_2022.1/projects_ldg/project_2/project_2.gen/sources_1/bd/design_1/ip/design_1_axi_noc_0_0/design_1_axi_noc_0_0.xdc] for cell 'design_1_i/axi_noc_0/inst'
INFO: [Opt 31-138] Pushed 0 inverter(s) to 0 load pin(s).
Netlist sorting complete. Time (s): cpu = 00:00:00 ; elapsed = 00:00:00 . Memory (MB): peak = 3209.535 ; gain = 0.000 ; free physical = 6664 ; free virtual = 18290
INFO: [Project 1-111] Unisim Transformation Summary:
No Unisim elements were transformed.

15 Infos, 0 Warnings, 0 Critical Warnings and 0 Errors encountered.
link_design completed successfully
link_design: Time (s): cpu = 00:00:21 ; elapsed = 00:00:23 . Memory (MB): peak = 3209.535 ; gain = 517.547 ; free physical = 6664 ; free virtual = 18290
Command: opt_design
Attempting to get a license for feature 'Implementation' and/or device 'xcvc1902'
INFO: [Common 17-349] Got license for feature 'Implementation' and/or device 'xcvc1902'
INFO: [Common 17-1540] The version limit for your license is '2023.11' and has expired for new software. A version limit expiration means that, although you may be able to continue to use the current version of tools or IP with this license, you will not be eligible for new releases.
Running DRC as a precondition to command opt_design

Starting DRC Task
INFO: [DRC 23-27] Running DRC with 8 threads
INFO: [Project 1-461] DRC finished with 0 Errors
INFO: [Project 1-462] Please refer to the DRC report (report_drc) for more information.

Time (s): cpu = 00:00:01 ; elapsed = 00:00:00.62 . Memory (MB): peak = 3281.570 ; gain = 64.031 ; free physical = 6665 ; free virtual = 18292

Starting Cache Timing Information Task
INFO: [Timing 38-35] Done setting XDC timing constraints.
INFO: [Timing 38-2] Deriving generated clocks
Ending Cache Timing Information Task | Checksum: 68fe2a57

Time (s): cpu = 00:00:05 ; elapsed = 00:00:05 . Memory (MB): peak = 3394.289 ; gain = 112.719 ; free physical = 6441 ; free virtual = 18068

Starting Logic Optimization Task

Phase 1 Generate And Synthesize MIG/Advanced IO Wizard Cores
INFO: [IP_Flow 19-5647] Added synthesis output to IP cache for IP bd_8be5_MC0_ddrc_0_phy, cache-ID = 611fbe535ba9edba
read_checkpoint: Time (s): cpu = 00:00:19 ; elapsed = 00:00:22 . Memory (MB): peak = 4200.797 ; gain = 470.953 ; free physical = 5757 ; free virtual = 17414
Netlist sorting complete. Time (s): cpu = 00:00:00 ; elapsed = 00:00:00 . Memory (MB): peak = 4200.797 ; gain = 0.000 ; free physical = 5785 ; free virtual = 17422
Phase 1 Generate And Synthesize MIG/Advanced IO Wizard Cores | Checksum: 14f9ea04e

Time (s): cpu = 00:02:11 ; elapsed = 00:02:19 . Memory (MB): peak = 4200.797 ; gain = 559.398 ; free physical = 5785 ; free virtual = 17422
INFO: [Timing 38-35] Done setting XDC timing constraints.
INFO: [Timing 38-2] Deriving generated clocks

Phase 2 Retarget
INFO: [Opt 31-138] Pushed 0 inverter(s) to 0 load pin(s).
INFO: [Opt 31-49] Retargeted 0 cell(s).
Phase 2 Retarget | Checksum: 1e7ba9dc3

Time (s): cpu = 00:02:13 ; elapsed = 00:02:19 . Memory (MB): peak = 4200.797 ; gain = 559.398 ; free physical = 5791 ; free virtual = 17428
INFO: [Opt 31-389] Phase Retarget created 0 cells and removed 0 cells

Phase 3 Constant propagation
INFO: [Opt 31-138] Pushed 0 inverter(s) to 0 load pin(s).
Phase 3 Constant propagation | Checksum: 1e7ba9dc3

Time (s): cpu = 00:02:13 ; elapsed = 00:02:19 . Memory (MB): peak = 4200.797 ; gain = 559.398 ; free physical = 5791 ; free virtual = 17428
INFO: [Opt 31-389] Phase Constant propagation created 0 cells and removed 0 cells

Phase 4 Sweep
Phase 4 Sweep | Checksum: 1c70a0842

Time (s): cpu = 00:02:14 ; elapsed = 00:02:21 . Memory (MB): peak = 4200.797 ; gain = 559.398 ; free physical = 5797 ; free virtual = 17434
INFO: [Opt 31-389] Phase Sweep created 0 cells and removed 5 cells
INFO: [Opt 31-1021] In phase Sweep, 671 netlist objects are constrained preventing optimization. Please run opt_design with -debug_log to get more detail. 

Phase 5 BUFG optimization
INFO: [Opt 31-1077] Phase BUFG optimization inserted 0 global clock buffer(s) for CLOCK_LOW_FANOUT.
Phase 5 BUFG optimization | Checksum: 1c70a0842

Time (s): cpu = 00:02:17 ; elapsed = 00:02:23 . Memory (MB): peak = 4232.812 ; gain = 591.414 ; free physical = 5808 ; free virtual = 17445
INFO: [Opt 31-662] Phase BUFG optimization created 0 cells of which 0 are BUFGs and removed 0 cells.

Phase 6 Shift Register Optimization
INFO: [Opt 31-1064] SRL Remap converted 0 SRLs to 0 registers and converted 0 registers of register chains to 0 SRLs
Phase 6 Shift Register Optimization | Checksum: 1c70a0842

Time (s): cpu = 00:02:17 ; elapsed = 00:02:23 . Memory (MB): peak = 4232.812 ; gain = 591.414 ; free physical = 5808 ; free virtual = 17445
INFO: [Opt 31-389] Phase Shift Register Optimization created 0 cells and removed 0 cells

Phase 7 Post Processing Netlist
Phase 7 Post Processing Netlist | Checksum: 115cbb840

Time (s): cpu = 00:02:17 ; elapsed = 00:02:23 . Memory (MB): peak = 4232.812 ; gain = 591.414 ; free physical = 5808 ; free virtual = 17445
INFO: [Opt 31-389] Phase Post Processing Netlist created 0 cells and removed 0 cells
INFO: [Opt 31-1021] In phase Post Processing Netlist, 16 netlist objects are constrained preventing optimization. Please run opt_design with -debug_log to get more detail. 
Opt_design Change Summary
=========================


-------------------------------------------------------------------------------------------------------------------------
|  Phase                        |  #Cells created  |  #Cells Removed  |  #Constrained objects preventing optimizations  |
-------------------------------------------------------------------------------------------------------------------------
|  Retarget                     |               0  |               0  |                                              0  |
|  Constant propagation         |               0  |               0  |                                              0  |
|  Sweep                        |               0  |               5  |                                            671  |
|  BUFG optimization            |               0  |               0  |                                              0  |
|  Shift Register Optimization  |               0  |               0  |                                              0  |
|  Post Processing Netlist      |               0  |               0  |                                             16  |
-------------------------------------------------------------------------------------------------------------------------



Starting Connectivity Check Task

Time (s): cpu = 00:00:00 ; elapsed = 00:00:00 . Memory (MB): peak = 4232.812 ; gain = 0.000 ; free physical = 5818 ; free virtual = 17456
Ending Logic Optimization Task | Checksum: 1356ff1ee

Time (s): cpu = 00:02:19 ; elapsed = 00:02:25 . Memory (MB): peak = 4232.812 ; gain = 591.414 ; free physical = 5818 ; free virtual = 17456

Starting Final Cleanup Task
Ending Final Cleanup Task | Checksum: 1356ff1ee

Time (s): cpu = 00:00:00.01 ; elapsed = 00:00:00.01 . Memory (MB): peak = 4232.812 ; gain = 0.000 ; free physical = 5818 ; free virtual = 17456

Starting Netlist Obfuscation Task
Netlist sorting complete. Time (s): cpu = 00:00:00 ; elapsed = 00:00:00 . Memory (MB): peak = 4232.812 ; gain = 0.000 ; free physical = 5818 ; free virtual = 17456
Ending Netlist Obfuscation Task | Checksum: 1356ff1ee

Time (s): cpu = 00:00:00.02 ; elapsed = 00:00:00.01 . Memory (MB): peak = 4232.812 ; gain = 0.000 ; free physical = 5818 ; free virtual = 17456
INFO: [Common 17-83] Releasing license: Implementation
42 Infos, 0 Warnings, 0 Critical Warnings and 0 Errors encountered.
opt_design completed successfully
opt_design: Time (s): cpu = 00:02:30 ; elapsed = 00:02:36 . Memory (MB): peak = 4232.812 ; gain = 1023.277 ; free physical = 5818 ; free virtual = 17456
INFO: [Timing 38-480] Writing timing data to binary archive.
Writing XDEF routing.
Writing XDEF routing logical nets.
Writing XDEF routing special nets.
Write XDEF Complete: Time (s): cpu = 00:00:01 ; elapsed = 00:00:00.3 . Memory (MB): peak = 4280.836 ; gain = 40.020 ; free physical = 5782 ; free virtual = 17435
INFO: [Common 17-1381] The checkpoint '/home/dewsjoe/Desktop/projects_2022.1/projects_ldg/project_2/project_2.runs/impl_1/design_1_wrapper_opt.dcp' has been generated.
INFO: [runtcl-4] Executing : report_drc -file design_1_wrapper_drc_opted.rpt -pb design_1_wrapper_drc_opted.pb -rpx design_1_wrapper_drc_opted.rpx
Command: report_drc -file design_1_wrapper_drc_opted.rpt -pb design_1_wrapper_drc_opted.pb -rpx design_1_wrapper_drc_opted.rpx
INFO: [IP_Flow 19-1839] IP Catalog is up to date.
INFO: [Timing 38-35] Done setting XDC timing constraints.
INFO: [DRC 23-27] Running DRC with 8 threads
INFO: [Vivado_Tcl 2-168] The results of DRC are in file /home/dewsjoe/Desktop/projects_2022.1/projects_ldg/project_2/project_2.runs/impl_1/design_1_wrapper_drc_opted.rpt.
report_drc completed successfully
report_drc: Time (s): cpu = 00:00:32 ; elapsed = 00:00:26 . Memory (MB): peak = 5121.188 ; gain = 832.348 ; free physical = 5021 ; free virtual = 16692
Command: place_design
Attempting to get a license for feature 'Implementation' and/or device 'xcvc1902'
INFO: [Common 17-349] Got license for feature 'Implementation' and/or device 'xcvc1902'
INFO: [Common 17-1540] The version limit for your license is '2023.11' and has expired for new software. A version limit expiration means that, although you may be able to continue to use the current version of tools or IP with this license, you will not be eligible for new releases.
INFO: [DRC 23-27] Running DRC with 8 threads
INFO: [Vivado_Tcl 4-198] DRC finished with 0 Errors
INFO: [Vivado_Tcl 4-199] Please refer to the DRC report (report_drc) for more information.
Running DRC as a precondition to command place_design
INFO: [DRC 23-27] Running DRC with 8 threads
INFO: [Vivado_Tcl 4-198] DRC finished with 0 Errors
INFO: [Vivado_Tcl 4-199] Please refer to the DRC report (report_drc) for more information.

Starting Placer Task
INFO: [Place 30-611] Multithreading enabled for place_design using a maximum of 8 CPUs

Phase 1 Placer Initialization

Phase 1.1 Placer Initialization Netlist Sorting
Netlist sorting complete. Time (s): cpu = 00:00:00.04 ; elapsed = 00:00:00.04 . Memory (MB): peak = 5121.188 ; gain = 0.000 ; free physical = 5128 ; free virtual = 16800
Phase 1.1 Placer Initialization Netlist Sorting | Checksum: 10628dd15

Time (s): cpu = 00:00:00.05 ; elapsed = 00:00:00.06 . Memory (MB): peak = 5121.188 ; gain = 0.000 ; free physical = 5127 ; free virtual = 16799
Netlist sorting complete. Time (s): cpu = 00:00:00 ; elapsed = 00:00:00 . Memory (MB): peak = 5121.188 ; gain = 0.000 ; free physical = 5127 ; free virtual = 16799

Phase 1.2 IO Placement/ Clock Placement/ Build Placer Device
Phase 1.2 IO Placement/ Clock Placement/ Build Placer Device | Checksum: 89a29e9a

Time (s): cpu = 00:00:24 ; elapsed = 00:00:23 . Memory (MB): peak = 5121.188 ; gain = 0.000 ; free physical = 5220 ; free virtual = 16892

Phase 1.3 Build Placer Netlist Model
Phase 1.3 Build Placer Netlist Model | Checksum: 91c35053

Time (s): cpu = 00:00:27 ; elapsed = 00:00:26 . Memory (MB): peak = 5231.898 ; gain = 110.711 ; free physical = 5002 ; free virtual = 16675

Phase 1.4 Constrain Clocks/Macros
Phase 1.4 Constrain Clocks/Macros | Checksum: 91c35053

Time (s): cpu = 00:00:27 ; elapsed = 00:00:26 . Memory (MB): peak = 5231.898 ; gain = 110.711 ; free physical = 5002 ; free virtual = 16675
Phase 1 Placer Initialization | Checksum: 91c35053

Time (s): cpu = 00:00:27 ; elapsed = 00:00:26 . Memory (MB): peak = 5231.898 ; gain = 110.711 ; free physical = 5002 ; free virtual = 16675

Phase 2 Final Placement Cleanup
Netlist sorting complete. Time (s): cpu = 00:00:00 ; elapsed = 00:00:00 . Memory (MB): peak = 5231.898 ; gain = 0.000 ; free physical = 5002 ; free virtual = 16675

Time (s): cpu = 00:00:27 ; elapsed = 00:00:26 . Memory (MB): peak = 5231.898 ; gain = 110.711 ; free physical = 5002 ; free virtual = 16675
INFO: [Place 30-281] No place-able instance is found; design doesn't contain any instance or all instances are placed
Ending Placer Task | Checksum: 89a29e9a

Time (s): cpu = 00:00:27 ; elapsed = 00:00:26 . Memory (MB): peak = 5231.898 ; gain = 110.711 ; free physical = 5002 ; free virtual = 16675
INFO: [Common 17-83] Releasing license: Implementation
60 Infos, 0 Warnings, 0 Critical Warnings and 0 Errors encountered.
place_design completed successfully
place_design: Time (s): cpu = 00:00:39 ; elapsed = 00:00:35 . Memory (MB): peak = 5231.898 ; gain = 110.711 ; free physical = 5100 ; free virtual = 16773
INFO: [Timing 38-480] Writing timing data to binary archive.
Writing XDEF routing.
Writing XDEF routing logical nets.
Writing XDEF routing special nets.
Write XDEF Complete: Time (s): cpu = 00:00:01 ; elapsed = 00:00:00.31 . Memory (MB): peak = 5231.898 ; gain = 0.000 ; free physical = 5115 ; free virtual = 16804
INFO: [Common 17-1381] The checkpoint '/home/dewsjoe/Desktop/projects_2022.1/projects_ldg/project_2/project_2.runs/impl_1/design_1_wrapper_placed.dcp' has been generated.
INFO: [runtcl-4] Executing : report_io -file design_1_wrapper_io_placed.rpt
report_io: Time (s): cpu = 00:00:00.58 ; elapsed = 00:00:00.74 . Memory (MB): peak = 5231.898 ; gain = 0.000 ; free physical = 5057 ; free virtual = 16737
INFO: [runtcl-4] Executing : report_utilization -file design_1_wrapper_utilization_placed.rpt -pb design_1_wrapper_utilization_placed.pb
INFO: [runtcl-4] Executing : report_control_sets -verbose -file design_1_wrapper_control_sets_placed.rpt
report_control_sets: Time (s): cpu = 00:00:00.05 ; elapsed = 00:00:00.17 . Memory (MB): peak = 5231.898 ; gain = 0.000 ; free physical = 5051 ; free virtual = 16731
Command: phys_opt_design
Attempting to get a license for feature 'Implementation' and/or device 'xcvc1902'
INFO: [Common 17-349] Got license for feature 'Implementation' and/or device 'xcvc1902'
INFO: [Common 17-1540] The version limit for your license is '2023.11' and has expired for new software. A version limit expiration means that, although you may be able to continue to use the current version of tools or IP with this license, you will not be eligible for new releases.
INFO: [Timing 38-35] Done setting XDC timing constraints.
INFO: [Vivado_Tcl 4-383] Design worst setup slack (WNS) is greater than or equal to 0.000 ns. Skipping all physical synthesis optimizations.
INFO: [Vivado_Tcl 4-232] No setup violation found. The netlist was not modified.
INFO: [Common 17-83] Releasing license: Implementation
71 Infos, 0 Warnings, 0 Critical Warnings and 0 Errors encountered.
phys_opt_design completed successfully
INFO: [Timing 38-480] Writing timing data to binary archive.
Writing XDEF routing.
Writing XDEF routing logical nets.
Writing XDEF routing special nets.
Write XDEF Complete: Time (s): cpu = 00:00:01 ; elapsed = 00:00:00.3 . Memory (MB): peak = 5231.898 ; gain = 0.000 ; free physical = 5049 ; free virtual = 16746
INFO: [Common 17-1381] The checkpoint '/home/dewsjoe/Desktop/projects_2022.1/projects_ldg/project_2/project_2.runs/impl_1/design_1_wrapper_physopt.dcp' has been generated.
Command: route_design
Attempting to get a license for feature 'Implementation' and/or device 'xcvc1902'
INFO: [Common 17-349] Got license for feature 'Implementation' and/or device 'xcvc1902'
INFO: [Common 17-1540] The version limit for your license is '2023.11' and has expired for new software. A version limit expiration means that, although you may be able to continue to use the current version of tools or IP with this license, you will not be eligible for new releases.
INFO: [DRC 23-27] Running DRC with 8 threads
INFO: [Vivado_Tcl 4-198] DRC finished with 0 Errors
INFO: [Vivado_Tcl 4-199] Please refer to the DRC report (report_drc) for more information.
Running DRC as a precondition to command route_design
INFO: [DRC 23-27] Running DRC with 8 threads
INFO: [Vivado_Tcl 4-198] DRC finished with 0 Errors
INFO: [Vivado_Tcl 4-199] Please refer to the DRC report (report_drc) for more information.


Starting Routing Task
INFO: [Route 35-254] Multithreading enabled for route_design using a maximum of 8 CPUs

Phase 1 Build RT Design
Checksum: PlaceDB: 3ca3019d ConstDB: 0 ShapeSum: 4cff9cfd RouteDB: 0
INFO: [DRC 23-27] Running DRC with 8 threads
Nodegraph reading from file.  Time (s): cpu = 00:00:02 ; elapsed = 00:00:02 . Memory (MB): peak = 5378.234 ; gain = 146.336 ; free physical = 4689 ; free virtual = 16376
Post Restoration Checksum: NetGraph: ec7a2419 NumContArr: 5a34cfb7 Constraints: 0 Timing: 0
Phase 1 Build RT Design | Checksum: 146aef3d0

Time (s): cpu = 00:00:23 ; elapsed = 00:00:23 . Memory (MB): peak = 5573.238 ; gain = 341.340 ; free physical = 4643 ; free virtual = 16330

Phase 2 Router Initialization

Phase 2.1 Fix Topology Constraints
Phase 2.1 Fix Topology Constraints | Checksum: 146aef3d0

Time (s): cpu = 00:00:23 ; elapsed = 00:00:23 . Memory (MB): peak = 5573.238 ; gain = 341.340 ; free physical = 4557 ; free virtual = 16244

Phase 2.2 Pre Route Cleanup
Phase 2.2 Pre Route Cleanup | Checksum: 146aef3d0

Time (s): cpu = 00:00:23 ; elapsed = 00:00:23 . Memory (MB): peak = 5573.238 ; gain = 341.340 ; free physical = 4557 ; free virtual = 16244

Phase 2.3 Global Clock Net Routing
Phase 2.3 Global Clock Net Routing | Checksum: 146aef3d0

Time (s): cpu = 00:00:25 ; elapsed = 00:00:24 . Memory (MB): peak = 5647.926 ; gain = 416.027 ; free physical = 4427 ; free virtual = 16114

Phase 2.4 Update Timing
Phase 2.4 Update Timing | Checksum: 11de33a2c

Time (s): cpu = 00:00:26 ; elapsed = 00:00:24 . Memory (MB): peak = 5647.926 ; gain = 416.027 ; free physical = 4440 ; free virtual = 16127

Router Utilization Summary
  Global Vertical Routing Utilization    = 0 %
  Global Horizontal Routing Utilization  = 0 %
  Routable Net Status*
  *Does not include unroutable nets such as driverless and loadless.
  Run report_route_status for detailed report.
  Number of Failed Nets               = 2986
    (Failed Nets is the sum of unrouted and partially routed nets)
  Number of Unrouted Nets             = 1997
  Number of Partially Routed Nets     = 989
  Number of Node Overlaps             = 0

Phase 2 Router Initialization | Checksum: 11de33a2c

Time (s): cpu = 00:00:27 ; elapsed = 00:00:24 . Memory (MB): peak = 5650.262 ; gain = 418.363 ; free physical = 4339 ; free virtual = 16026

Phase 3 Initial Routing

Phase 3.1 Global Routing

Phase 3.1.1 SLL Assignment
Phase 3.1.1 SLL Assignment | Checksum: 11de33a2c

Time (s): cpu = 00:00:27 ; elapsed = 00:00:24 . Memory (MB): peak = 5650.262 ; gain = 418.363 ; free physical = 4339 ; free virtual = 16026
Phase 3.1 Global Routing | Checksum: 11de33a2c

Time (s): cpu = 00:00:27 ; elapsed = 00:00:24 . Memory (MB): peak = 5650.262 ; gain = 418.363 ; free physical = 4339 ; free virtual = 16026
Phase 3 Initial Routing | Checksum: d4bcf21b

Time (s): cpu = 00:00:32 ; elapsed = 00:00:26 . Memory (MB): peak = 5650.262 ; gain = 418.363 ; free physical = 4302 ; free virtual = 15989

Phase 4 Rip-up And Reroute

Phase 4.1 Global Iteration 0
Phase 4.1 Global Iteration 0 | Checksum: 189503a6b

Time (s): cpu = 00:00:33 ; elapsed = 00:00:27 . Memory (MB): peak = 5682.277 ; gain = 450.379 ; free physical = 4316 ; free virtual = 16003

Phase 4.2 Additional Iteration for Hold
Phase 4.2 Additional Iteration for Hold | Checksum: 189503a6b

Time (s): cpu = 00:00:33 ; elapsed = 00:00:27 . Memory (MB): peak = 5682.277 ; gain = 450.379 ; free physical = 4305 ; free virtual = 15992
Phase 4 Rip-up And Reroute | Checksum: 189503a6b

Time (s): cpu = 00:00:33 ; elapsed = 00:00:27 . Memory (MB): peak = 5682.277 ; gain = 450.379 ; free physical = 4305 ; free virtual = 15992

Phase 5 Delay and Skew Optimization

Phase 5.1 Delay CleanUp
Phase 5.1 Delay CleanUp | Checksum: 189503a6b

Time (s): cpu = 00:00:33 ; elapsed = 00:00:27 . Memory (MB): peak = 5682.277 ; gain = 450.379 ; free physical = 4305 ; free virtual = 15992

Phase 5.2 Clock Skew Optimization
Phase 5.2 Clock Skew Optimization | Checksum: 189503a6b

Time (s): cpu = 00:00:33 ; elapsed = 00:00:27 . Memory (MB): peak = 5682.277 ; gain = 450.379 ; free physical = 4305 ; free virtual = 15992
Phase 5 Delay and Skew Optimization | Checksum: 189503a6b

Time (s): cpu = 00:00:33 ; elapsed = 00:00:27 . Memory (MB): peak = 5682.277 ; gain = 450.379 ; free physical = 4305 ; free virtual = 15992

Phase 6 Post Hold Fix

Phase 6.1 Hold Fix Iter

Phase 6.1.1 Update Timing
Phase 6.1.1 Update Timing | Checksum: 189503a6b

Time (s): cpu = 00:00:34 ; elapsed = 00:00:27 . Memory (MB): peak = 5682.277 ; gain = 450.379 ; free physical = 4306 ; free virtual = 15993
Phase 6.1 Hold Fix Iter | Checksum: 189503a6b

Time (s): cpu = 00:00:34 ; elapsed = 00:00:27 . Memory (MB): peak = 5682.277 ; gain = 450.379 ; free physical = 4306 ; free virtual = 15993
Phase 6 Post Hold Fix | Checksum: 189503a6b

Time (s): cpu = 00:00:34 ; elapsed = 00:00:27 . Memory (MB): peak = 5682.277 ; gain = 450.379 ; free physical = 4306 ; free virtual = 15993

Phase 7 Route finalize

Router Utilization Summary
  Global Vertical Routing Utilization    = 0.000678363 %
  Global Horizontal Routing Utilization  = 0.000584379 %
  Routable Net Status*
  *Does not include unroutable nets such as driverless and loadless.
  Run report_route_status for detailed report.
  Number of Failed Nets               = 0
    (Failed Nets is the sum of unrouted and partially routed nets)
  Number of Unrouted Nets             = 0
  Number of Partially Routed Nets     = 0
  Number of Node Overlaps             = 0

Phase 7 Route finalize | Checksum: 189503a6b

Time (s): cpu = 00:00:35 ; elapsed = 00:00:27 . Memory (MB): peak = 5682.277 ; gain = 450.379 ; free physical = 4314 ; free virtual = 16001

Phase 8 Verifying routed nets

 Verification completed successfully
Phase 8 Verifying routed nets | Checksum: 189503a6b

Time (s): cpu = 00:00:35 ; elapsed = 00:00:27 . Memory (MB): peak = 5682.277 ; gain = 450.379 ; free physical = 4314 ; free virtual = 16001

Phase 9 Depositing Routes
Phase 9 Depositing Routes | Checksum: 189503a6b

Time (s): cpu = 00:00:36 ; elapsed = 00:00:27 . Memory (MB): peak = 5682.277 ; gain = 450.379 ; free physical = 4322 ; free virtual = 16009

Phase 10 Post Router Timing
Phase 10 Post Router Timing | Checksum: 189503a6b

Time (s): cpu = 00:00:36 ; elapsed = 00:00:28 . Memory (MB): peak = 5682.277 ; gain = 450.379 ; free physical = 4327 ; free virtual = 16014
INFO: [DRC 23-27] Running DRC with 8 threads
INFO: [Route 35-16] Router Completed Successfully

Time (s): cpu = 00:00:37 ; elapsed = 00:00:28 . Memory (MB): peak = 5682.277 ; gain = 450.379 ; free physical = 4449 ; free virtual = 16136

Routing Is Done.
INFO: [Common 17-83] Releasing license: Implementation
86 Infos, 0 Warnings, 0 Critical Warnings and 0 Errors encountered.
route_design completed successfully
route_design: Time (s): cpu = 00:00:42 ; elapsed = 00:00:32 . Memory (MB): peak = 5682.277 ; gain = 450.379 ; free physical = 4449 ; free virtual = 16136
INFO: [Timing 38-480] Writing timing data to binary archive.
Writing XDEF routing.
Writing XDEF routing logical nets.
Writing XDEF routing special nets.
Write XDEF Complete: Time (s): cpu = 00:00:01 ; elapsed = 00:00:00.34 . Memory (MB): peak = 5682.277 ; gain = 0.000 ; free physical = 4482 ; free virtual = 16186
INFO: [Common 17-1381] The checkpoint '/home/dewsjoe/Desktop/projects_2022.1/projects_ldg/project_2/project_2.runs/impl_1/design_1_wrapper_routed.dcp' has been generated.
INFO: [runtcl-4] Executing : report_drc -file design_1_wrapper_drc_routed.rpt -pb design_1_wrapper_drc_routed.pb -rpx design_1_wrapper_drc_routed.rpx
Command: report_drc -file design_1_wrapper_drc_routed.rpt -pb design_1_wrapper_drc_routed.pb -rpx design_1_wrapper_drc_routed.rpx
INFO: [IP_Flow 19-1839] IP Catalog is up to date.
INFO: [DRC 23-27] Running DRC with 8 threads
INFO: [Vivado_Tcl 2-168] The results of DRC are in file /home/dewsjoe/Desktop/projects_2022.1/projects_ldg/project_2/project_2.runs/impl_1/design_1_wrapper_drc_routed.rpt.
report_drc completed successfully
INFO: [runtcl-4] Executing : report_methodology -file design_1_wrapper_methodology_drc_routed.rpt -pb design_1_wrapper_methodology_drc_routed.pb -rpx design_1_wrapper_methodology_drc_routed.rpx
Command: report_methodology -file design_1_wrapper_methodology_drc_routed.rpt -pb design_1_wrapper_methodology_drc_routed.pb -rpx design_1_wrapper_methodology_drc_routed.rpx
INFO: [Timing 38-35] Done setting XDC timing constraints.
INFO: [DRC 23-133] Running Methodology with 8 threads
INFO: [Vivado_Tcl 2-1520] The results of Report Methodology are in file /home/dewsjoe/Desktop/projects_2022.1/projects_ldg/project_2/project_2.runs/impl_1/design_1_wrapper_methodology_drc_routed.rpt.
report_methodology completed successfully
INFO: [runtcl-4] Executing : report_power -file design_1_wrapper_power_routed.rpt -pb design_1_wrapper_power_summary_routed.pb -rpx design_1_wrapper_power_routed.rpx
Command: report_power -file design_1_wrapper_power_routed.rpt -pb design_1_wrapper_power_summary_routed.pb -rpx design_1_wrapper_power_routed.rpx
INFO: [Power 33-23] Power model is not available for IO_VREF[0].I_VREF
INFO: [Power 33-23] Power model is not available for u_ddrmc_riu
INFO: [Timing 38-35] Done setting XDC timing constraints.
Running Vector-less Activity Propagation...

Finished Running Vector-less Activity Propagation
100 Infos, 0 Warnings, 0 Critical Warnings and 0 Errors encountered.
report_power completed successfully
INFO: [runtcl-4] Executing : report_route_status -file design_1_wrapper_route_status.rpt -pb design_1_wrapper_route_status.pb
INFO: [runtcl-4] Executing : report_timing_summary -max_paths 10 -report_unconstrained -file design_1_wrapper_timing_summary_routed.rpt -pb design_1_wrapper_timing_summary_routed.pb -rpx design_1_wrapper_timing_summary_routed.rpx -warn_on_violation 
INFO: [Timing 38-91] UpdateTimingParams: Speed grade: -2MP, Temperature grade: E, Delay Type: min_max.
INFO: [Timing 38-191] Multithreading enabled for timing update using a maximum of 8 CPUs
INFO: [runtcl-4] Executing : report_incremental_reuse -file design_1_wrapper_incremental_reuse_routed.rpt
INFO: [Vivado_Tcl 4-1062] Incremental flow is disabled. No incremental reuse Info to report.
INFO: [runtcl-4] Executing : report_clock_utilization -file design_1_wrapper_clock_utilization_routed.rpt
INFO: [runtcl-4] Executing : report_bus_skew -warn_on_violation -file design_1_wrapper_bus_skew_routed.rpt -pb design_1_wrapper_bus_skew_routed.pb -rpx design_1_wrapper_bus_skew_routed.rpx
INFO: [Timing 38-91] UpdateTimingParams: Speed grade: -2MP, Temperature grade: E, Delay Type: min_max.
INFO: [Timing 38-191] Multithreading enabled for timing update using a maximum of 8 CPUs
Command: write_device_image -force -file design_1_wrapper.pdi
Attempting to get a license for feature 'Implementation' and/or device 'xcvc1902'
INFO: [Common 17-349] Got license for feature 'Implementation' and/or device 'xcvc1902'
INFO: [Common 17-1540] The version limit for your license is '2023.11' and has expired for new software. A version limit expiration means that, although you may be able to continue to use the current version of tools or IP with this license, you will not be eligible for new releases.
Running DRC as a precondition to command write_device_image
INFO: [IP_Flow 19-1839] IP Catalog is up to date.
INFO: [DRC 23-27] Running DRC with 8 threads
INFO: [Vivado 12-3199] DRC finished with 0 Errors
INFO: [Vivado 12-3200] Please refer to the DRC report (report_drc) for more information.
Integrating Hard IP ELF/MEM with the PDI.
INFO: [Constraints 18-5160] Reading Static MEM File '_mem_tmp.mem' for cell 'design_1_i/axi_noc_0/inst/MC0_ddrc/inst/noc_ddr4_phy/inst/u_ddrmc_main'
Generating PS PMC files.
Loading data files...
Loading site data...
Loading route data...
Processing options...
Creating bitmap...
INFO: [Bitstream 40-812] Reading NPI Startup sequence definitions
INFO: [Bitstream 40-811] Reading NPI Shutdown sequence definitions
INFO: [Bitstream 40-810] Reading NPI Preconfig sequence definitions
Creating bitstream...
INFO: [Bitstream 40-283] Bitstream size = 5653504 bits
Writing CDO partition ./design_1_wrapper.rcdo...
Writing NPI partition ./design_1_wrapper.rnpi...
Generating bif file design_1_wrapper.bif for base design.

Generating CIPS Files... 
INFO: [Hsi 55-2053] elapsed time for repository (/media/dewsjoe/Data/Vitis_2022_1/Vivado/2022.1/data/embeddedsw) loading 0 seconds
/media/dewsjoe/Data/Vitis_2022_1/Vivado/2022.1/gnu/microblaze/lin
WARNING: CONFIG.C_PSS_REF_CLK_FREQ not found. Using default value for XPAR_PSU_PSS_REF_CLK_FREQ_HZ.
Running Make include in versal_cips_0_pspmc_0_psv_pmc_0/libsrc/cframe_v1_3/src
Running Make include in versal_cips_0_pspmc_0_psv_pmc_0/libsrc/cfupmc_v1_4/src
Running Make include in versal_cips_0_pspmc_0_psv_pmc_0/libsrc/coresightps_dcc_v1_8/src
Running Make include in versal_cips_0_pspmc_0_psv_pmc_0/libsrc/cpu_v2_15/src
Running Make include in versal_cips_0_pspmc_0_psv_pmc_0/libsrc/csudma_v1_11/src
Running Make include in versal_cips_0_pspmc_0_psv_pmc_0/libsrc/ddrpsv_v1_4/src
Running Make include in versal_cips_0_pspmc_0_psv_pmc_0/libsrc/emacps_v3_16/src
Running Make include in versal_cips_0_pspmc_0_psv_pmc_0/libsrc/iomodule_v2_13/src
Running Make include in versal_cips_0_pspmc_0_psv_pmc_0/libsrc/ipipsu_v2_11/src
Running Make include in versal_cips_0_pspmc_0_psv_pmc_0/libsrc/pmonpsv_v2_1/src
Running Make include in versal_cips_0_pspmc_0_psv_pmc_0/libsrc/qspipsu_v1_15/src
Running Make include in versal_cips_0_pspmc_0_psv_pmc_0/libsrc/rtcpsu_v1_11/src
Running Make include in versal_cips_0_pspmc_0_psv_pmc_0/libsrc/sdps_v3_14/src
Running Make include in versal_cips_0_pspmc_0_psv_pmc_0/libsrc/standalone_v7_7/src
Running Make include in versal_cips_0_pspmc_0_psv_pmc_0/libsrc/sysmonpsv_v3_0/src
Running Make include in versal_cips_0_pspmc_0_psv_pmc_0/libsrc/trngpsv_v1_1/src
Running Make include in versal_cips_0_pspmc_0_psv_pmc_0/libsrc/uartlite_v3_7/src
Running Make include in versal_cips_0_pspmc_0_psv_pmc_0/libsrc/uartpsv_v1_6/src
Running Make include in versal_cips_0_pspmc_0_psv_pmc_0/libsrc/xilffs_v4_7/src
Running Make include in versal_cips_0_pspmc_0_psv_pmc_0/libsrc/xilloader_v1_6/src
Running Make include in versal_cips_0_pspmc_0_psv_pmc_0/libsrc/xilnvm_v2_5/src
Running Make include in versal_cips_0_pspmc_0_psv_pmc_0/libsrc/xilpdi_v1_5/src
Running Make include in versal_cips_0_pspmc_0_psv_pmc_0/libsrc/xilplmi_v1_6/src
Running Make include in versal_cips_0_pspmc_0_psv_pmc_0/libsrc/xilpm_v4_0/src
Include files for this library have already been copied.
Running Make include in versal_cips_0_pspmc_0_psv_pmc_0/libsrc/xilpuf_v1_5/src
Running Make include in versal_cips_0_pspmc_0_psv_pmc_0/libsrc/xilsecure_v4_7/src
Running Make include in versal_cips_0_pspmc_0_psv_pmc_0/libsrc/xilsem_v1_5/src
Include files for this library have already been copied.
Running Make include in versal_cips_0_pspmc_0_psv_pmc_0/libsrc/zdma_v1_14/src
Running Make libs in versal_cips_0_pspmc_0_psv_pmc_0/libsrc/xilpm_v4_0/src
Compiling XilPM Library
Running Make libs in versal_cips_0_pspmc_0_psv_pmc_0/libsrc/xilpuf_v1_5/src
Compiling XilPuf Library
Running Make libs in versal_cips_0_pspmc_0_psv_pmc_0/libsrc/xilplmi_v1_6/src
Compiling XilPLMI Library
Running Make libs in versal_cips_0_pspmc_0_psv_pmc_0/libsrc/xilsem_v1_5/src
Running Make libs in versal_cips_0_pspmc_0_psv_pmc_0/libsrc/xilnvm_v2_5/src
Compiling XilNvm Library
Running Make libs in versal_cips_0_pspmc_0_psv_pmc_0/libsrc/xilloader_v1_6/src
Compiling XilLoader Library
Running Make libs in versal_cips_0_pspmc_0_psv_pmc_0/libsrc/xilsecure_v4_7/src
Compiling XilSecure Library
Running Make libs in versal_cips_0_pspmc_0_psv_pmc_0/libsrc/xilpdi_v1_5/src
Compiling Xilpdi Library
Finished building libraries sequentially.
Running Make include in versal_cips_0_pspmc_0_psv_pmc_0/libsrc/cframe_v1_3/src
Running Make include in versal_cips_0_pspmc_0_psv_pmc_0/libsrc/cfupmc_v1_4/src
Running Make include in versal_cips_0_pspmc_0_psv_pmc_0/libsrc/cpu_v2_15/src
Running Make include in versal_cips_0_pspmc_0_psv_pmc_0/libsrc/coresightps_dcc_v1_8/src
Running Make include in versal_cips_0_pspmc_0_psv_pmc_0/libsrc/csudma_v1_11/src
Running Make include in versal_cips_0_pspmc_0_psv_pmc_0/libsrc/ddrpsv_v1_4/src
Running Make include in versal_cips_0_pspmc_0_psv_pmc_0/libsrc/emacps_v3_16/src
Running Make include in versal_cips_0_pspmc_0_psv_pmc_0/libsrc/iomodule_v2_13/src
Running Make include in versal_cips_0_pspmc_0_psv_pmc_0/libsrc/ipipsu_v2_11/src
Running Make include in versal_cips_0_pspmc_0_psv_pmc_0/libsrc/pmonpsv_v2_1/src
Running Make include in versal_cips_0_pspmc_0_psv_pmc_0/libsrc/qspipsu_v1_15/src
Running Make include in versal_cips_0_pspmc_0_psv_pmc_0/libsrc/rtcpsu_v1_11/src
Running Make include in versal_cips_0_pspmc_0_psv_pmc_0/libsrc/sdps_v3_14/src
Running Make include in versal_cips_0_pspmc_0_psv_pmc_0/libsrc/standalone_v7_7/src
Running Make include in versal_cips_0_pspmc_0_psv_pmc_0/libsrc/sysmonpsv_v3_0/src
Running Make include in versal_cips_0_pspmc_0_psv_pmc_0/libsrc/trngpsv_v1_1/src
Running Make include in versal_cips_0_pspmc_0_psv_pmc_0/libsrc/uartlite_v3_7/src
Running Make include in versal_cips_0_pspmc_0_psv_pmc_0/libsrc/uartpsv_v1_6/src
Running Make include in versal_cips_0_pspmc_0_psv_pmc_0/libsrc/xilffs_v4_7/src
Running Make include in versal_cips_0_pspmc_0_psv_pmc_0/libsrc/xilloader_v1_6/src
Running Make include in versal_cips_0_pspmc_0_psv_pmc_0/libsrc/xilnvm_v2_5/src
Running Make include in versal_cips_0_pspmc_0_psv_pmc_0/libsrc/xilpdi_v1_5/src
Running Make include in versal_cips_0_pspmc_0_psv_pmc_0/libsrc/xilplmi_v1_6/src
Running Make include in versal_cips_0_pspmc_0_psv_pmc_0/libsrc/xilpm_v4_0/src
Running Make include in versal_cips_0_pspmc_0_psv_pmc_0/libsrc/xilpuf_v1_5/src
Running Make include in versal_cips_0_pspmc_0_psv_pmc_0/libsrc/xilsecure_v4_7/src
Running Make include in versal_cips_0_pspmc_0_psv_pmc_0/libsrc/xilsem_v1_5/src
Running Make include in versal_cips_0_pspmc_0_psv_pmc_0/libsrc/zdma_v1_14/src
Include files for this library have already been copied.
Include files for this library have already been copied.
Running Make libs in versal_cips_0_pspmc_0_psv_pmc_0/libsrc/cframe_v1_3/src
Running Make libs in versal_cips_0_pspmc_0_psv_pmc_0/libsrc/cfupmc_v1_4/src
Running Make libs in versal_cips_0_pspmc_0_psv_pmc_0/libsrc/coresightps_dcc_v1_8/src
Running Make libs in versal_cips_0_pspmc_0_psv_pmc_0/libsrc/cpu_v2_15/src
Running Make libs in versal_cips_0_pspmc_0_psv_pmc_0/libsrc/csudma_v1_11/src
Running Make libs in versal_cips_0_pspmc_0_psv_pmc_0/libsrc/ddrpsv_v1_4/src
Running Make libs in versal_cips_0_pspmc_0_psv_pmc_0/libsrc/emacps_v3_16/src
Running Make libs in versal_cips_0_pspmc_0_psv_pmc_0/libsrc/iomodule_v2_13/src
Running Make libs in versal_cips_0_pspmc_0_psv_pmc_0/libsrc/ipipsu_v2_11/src
Running Make libs in versal_cips_0_pspmc_0_psv_pmc_0/libsrc/pmonpsv_v2_1/src
Running Make libs in versal_cips_0_pspmc_0_psv_pmc_0/libsrc/qspipsu_v1_15/src
xcoresightpsdcc.c:39:2: warning: #warning "The driver is supported only for ARM architecture" [-Wcpp]
   39 | #warning "The driver is supported only for ARM architecture"
      |  ^~~~~~~
Running Make libs in versal_cips_0_pspmc_0_psv_pmc_0/libsrc/rtcpsu_v1_11/src
In file included from xiomodule_g.c:16:
../../../include/xparameters.h:1027:67: warning: conversion from 'long long unsigned int' to 'unsigned int' changes value from '18446744073709551615' to '4294967295' [-Woverflow]
 1027 | #define XPAR_VERSAL_CIPS_0_PSPMC_0_PSV_PMC_IOMODULE_0_IO_BASEADDR 0xFFFFFFFFFFFFFFFFU
      |                                                                   ^~~~~~~~~~~~~~~~~~~
xiomodule_g.c:30:17: note: in expansion of macro 'XPAR_VERSAL_CIPS_0_PSPMC_0_PSV_PMC_IOMODULE_0_IO_BASEADDR'
   30 |                 XPAR_VERSAL_CIPS_0_PSPMC_0_PSV_PMC_IOMODULE_0_IO_BASEADDR,
      |                 ^~~~~~~~~~~~~~~~~~~~~~~~~~~~~~~~~~~~~~~~~~~~~~~~~~~~~~~~~
Running Make libs in versal_cips_0_pspmc_0_psv_pmc_0/libsrc/sdps_v3_14/src
Running Make libs in versal_cips_0_pspmc_0_psv_pmc_0/libsrc/standalone_v7_7/src
Running Make libs in versal_cips_0_pspmc_0_psv_pmc_0/libsrc/sysmonpsv_v3_0/src
Compiling xsysmonpsv
Running Make libs in versal_cips_0_pspmc_0_psv_pmc_0/libsrc/trngpsv_v1_1/src
Running Make libs in versal_cips_0_pspmc_0_psv_pmc_0/libsrc/uartlite_v3_7/src
microblaze_sleep.c:73:9: note: '#pragma message: For the sleep routines, assembly instructions are used'
   73 | #pragma message ("For the sleep routines, assembly instructions are used")
      |         ^~~~~~~
Running Make libs in versal_cips_0_pspmc_0_psv_pmc_0/libsrc/uartpsv_v1_6/src
Running Make libs in versal_cips_0_pspmc_0_psv_pmc_0/libsrc/xilffs_v4_7/src
Running Make libs in versal_cips_0_pspmc_0_psv_pmc_0/libsrc/zdma_v1_14/src
DEBUG NON_LTO_OBJECTS is ../../../lib/microblaze_interrupt_handler.o
Finished building libraries parallelly.
/media/dewsjoe/Data/Vitis_2022_1/Vivado/2022.1/gnu/microblaze/lin/x86_64-oesdk-linux/usr/bin/microblaze-xilinx-elf/microblaze-xilinx-elf-ar.real: creating versal_cips_0_pspmc_0_psv_pmc_0/lib/libxil.a
Finished building libraries
INFO: [Project 1-1179] Generating design_1_wrapper.bif file ...
Running bootgen.
Found bootgen at /media/dewsjoe/Data/Vitis_2022_1/Vivado/2022.1/bin/bootgen
Running '/media/dewsjoe/Data/Vitis_2022_1/Vivado/2022.1/bin/bootgen -arch versal -image design_1_wrapper.bif -w -o ./design_1_wrapper.pdi'


****** Xilinx Bootgen v2022.1
  **** Build date : Apr 18 2022-16:09:43
    ** Copyright 1986-2022 Xilinx, Inc. All Rights Reserved.


[INFO]   : Bootimage generated successfully

Bootgen Completed Successfully.
INFO: [Vivado 12-1842] Bitgen Completed Successfully.
INFO: [Common 17-83] Releasing license: Implementation
125 Infos, 0 Warnings, 0 Critical Warnings and 0 Errors encountered.
write_device_image completed successfully
write_device_image: Time (s): cpu = 00:02:57 ; elapsed = 00:02:53 . Memory (MB): peak = 7285.086 ; gain = 1501.539 ; free physical = 4397 ; free virtual = 16118
INFO: [Common 17-206] Exiting Vivado at Wed Feb 12 16:59:03 2025...
