15:34:24 DEBUG : Logs will be stored at '/home/dewsjoe/Desktop/projects_2022.1/projects_ldg/wspace_ldg/IDE.log'.
15:34:25 INFO  : Launching XSCT server: xsct -n  -interactive /home/dewsjoe/Desktop/projects_2022.1/projects_ldg/wspace_ldg/temp_xsdb_launch_script.tcl
15:34:25 INFO  : Registering command handlers for Vitis TCF services
15:34:25 INFO  : Platform repository initialization has completed.
15:34:28 INFO  : XSCT server has started successfully.
15:34:28 INFO  : plnx-install-location is set to ''
15:34:28 INFO  : Successfully done setting XSCT server connection channel  
15:34:28 INFO  : Successfully done query RDI_DATADIR 
15:34:28 INFO  : Successfully done setting workspace for the tool. 
15:37:41 INFO  : Result from executing command 'getProjects': vck190_platform
15:37:41 INFO  : Result from executing command 'getPlatforms': xilinx_vck190_base_202210_1|/media/dewsjoe/Data/Vitis_2022_1/Vitis/2022.1/base_platforms/xilinx_vck190_base_202210_1/xilinx_vck190_base_202210_1.xpfm;xilinx_vck190_base_dfx_202210_1|/media/dewsjoe/Data/Vitis_2022_1/Vitis/2022.1/base_platforms/xilinx_vck190_base_dfx_202210_1/xilinx_vck190_base_dfx_202210_1.xpfm;xilinx_zcu102_base_202210_1|/media/dewsjoe/Data/Vitis_2022_1/Vitis/2022.1/base_platforms/xilinx_zcu102_base_202210_1/xilinx_zcu102_base_202210_1.xpfm;xilinx_zcu102_base_dfx_202210_1|/media/dewsjoe/Data/Vitis_2022_1/Vitis/2022.1/base_platforms/xilinx_zcu102_base_dfx_202210_1/xilinx_zcu102_base_dfx_202210_1.xpfm;xilinx_zcu104_base_202210_1|/media/dewsjoe/Data/Vitis_2022_1/Vitis/2022.1/base_platforms/xilinx_zcu104_base_202210_1/xilinx_zcu104_base_202210_1.xpfm
15:49:02 INFO  : Result from executing command 'getProjects': vck190_platform
15:49:02 INFO  : Result from executing command 'getPlatforms': vck190_platform|/home/dewsjoe/Desktop/projects_2022.1/projects_ldg/wspace_ldg/vck190_platform/export/vck190_platform/vck190_platform.xpfm;xilinx_vck190_base_202210_1|/media/dewsjoe/Data/Vitis_2022_1/Vitis/2022.1/base_platforms/xilinx_vck190_base_202210_1/xilinx_vck190_base_202210_1.xpfm;xilinx_vck190_base_dfx_202210_1|/media/dewsjoe/Data/Vitis_2022_1/Vitis/2022.1/base_platforms/xilinx_vck190_base_dfx_202210_1/xilinx_vck190_base_dfx_202210_1.xpfm;xilinx_zcu102_base_202210_1|/media/dewsjoe/Data/Vitis_2022_1/Vitis/2022.1/base_platforms/xilinx_zcu102_base_202210_1/xilinx_zcu102_base_202210_1.xpfm;xilinx_zcu102_base_dfx_202210_1|/media/dewsjoe/Data/Vitis_2022_1/Vitis/2022.1/base_platforms/xilinx_zcu102_base_dfx_202210_1/xilinx_zcu102_base_dfx_202210_1.xpfm;xilinx_zcu104_base_202210_1|/media/dewsjoe/Data/Vitis_2022_1/Vitis/2022.1/base_platforms/xilinx_zcu104_base_202210_1/xilinx_zcu104_base_202210_1.xpfm
15:49:06 INFO  : Checking for BSP changes to sync application flags for project 'hello_world_a72'...
15:49:35 INFO  : Checking for BSP changes to sync application flags for project 'hello_world_a72'...
10:54:56 DEBUG : Logs will be stored at '/home/dewsjoe/Desktop/projects_2022.1/projects_ldg/wspace_ldg_1/IDE.log'.
10:54:56 INFO  : Launching XSCT server: xsct -n  -interactive /home/dewsjoe/Desktop/projects_2022.1/projects_ldg/wspace_ldg_1/temp_xsdb_launch_script.tcl
10:54:58 INFO  : Registering command handlers for Vitis TCF services
10:54:58 INFO  : Platform repository initialization has completed.
10:54:59 INFO  : XSCT server has started successfully.
10:54:59 INFO  : Successfully done setting XSCT server connection channel  
10:54:59 INFO  : plnx-install-location is set to ''
10:54:59 INFO  : Successfully done setting workspace for the tool. 
10:54:59 INFO  : Successfully done query RDI_DATADIR 
11:40:44 ERROR : Hardware specification file is not configured properly in the launch configuration 'Debugger_hello_world_a72-Default'. 
Make sure that the application 'hello_world_a72' is built properly for configuration 'Debug' before launching.
11:43:32 INFO  : Result from executing command 'getProjects': vck190_platform
11:43:32 INFO  : Result from executing command 'getPlatforms': xilinx_vck190_base_202210_1|/media/dewsjoe/Data/Vitis_2022_1/Vitis/2022.1/base_platforms/xilinx_vck190_base_202210_1/xilinx_vck190_base_202210_1.xpfm;xilinx_vck190_base_dfx_202210_1|/media/dewsjoe/Data/Vitis_2022_1/Vitis/2022.1/base_platforms/xilinx_vck190_base_dfx_202210_1/xilinx_vck190_base_dfx_202210_1.xpfm;xilinx_zcu102_base_202210_1|/media/dewsjoe/Data/Vitis_2022_1/Vitis/2022.1/base_platforms/xilinx_zcu102_base_202210_1/xilinx_zcu102_base_202210_1.xpfm;xilinx_zcu102_base_dfx_202210_1|/media/dewsjoe/Data/Vitis_2022_1/Vitis/2022.1/base_platforms/xilinx_zcu102_base_dfx_202210_1/xilinx_zcu102_base_dfx_202210_1.xpfm;xilinx_zcu104_base_202210_1|/media/dewsjoe/Data/Vitis_2022_1/Vitis/2022.1/base_platforms/xilinx_zcu104_base_202210_1/xilinx_zcu104_base_202210_1.xpfm
11:43:36 INFO  : Checking for BSP changes to sync application flags for project 'hello_world_a72'...
11:44:27 INFO  : Launching the emulator on project 'hello_world_a72' for configuration 'Debug'
11:44:28 INFO  : Invoking Prep Target: prep_target -pdi /home/dewsjoe/Desktop/projects_2022.1/projects_ldg/wspace_ldg_1/hello_world_a72/_ide/bootimage/resources/design_1_wrapper.pdi -boot-mode sd -platform /home/dewsjoe/Desktop/projects_2022.1/projects_ldg/wspace_ldg_1/vck190_platform/export/vck190_platform -target sw_emu -domain standalone_domain -skip-aie-binaries 
11:44:33 INFO  : Launching QEMU with command '/home/dewsjoe/Desktop/projects_2022.1/projects_ldg/wspace_ldg_1/hello_world_a72/Debug/launch_sw_emu.sh -add-env ENABLE_RDWR_DEBUG=true -add-env RDWR_DEBUG_PORT=10100 -pid-file /home/dewsjoe/Desktop/projects_2022.1/projects_ldg/wspace_ldg_1/hello_world_a72/Debug/emulation.pid'
11:44:36 ERROR : [QEMU Process]: qemu-system-aarch64: -chardev socket,path=./qemu-rport-_pmc@0,server=on,id=ps-pmc-rp: info: QEMU waiting for connection on: disconnected:unix:./qemu-rport-_pmc@0,server=on
11:44:36 ERROR : [QEMU Process]: 

11:44:39 ERROR : [QEMU Process]: qemu-system-aarch64: -chardev socket,id=pl-rp,host=127.0.0.1,port=7044,server=on: info: QEMU waiting for connection on: disconnected:tcp:127.0.0.1:7044,server=on

11:44:48 ERROR : [QEMU Process]: qemu-system-aarch64: warning: nic gem1@0 has no peer

11:44:49 INFO  : Emulator has started.
11:44:50 INFO  : XRT server required for baremetal application debugging on QEMU has started successfully on port '4352'.
11:44:50 INFO  : XRT server is already running on tcf port '4352' and will not be started.
11:44:50 INFO  : 'connect -port 4352' command is executed.
11:44:50 INFO  : 'gdbremote connect 127.0.0.1:1137' command is executed.
11:44:50 INFO  : 'gdbremote connect 127.0.0.1:1140' command is executed.
11:44:50 INFO  : 'ta -set -filter {name =~ "Cortex-A72 #0"}' command is executed.
11:44:50 INFO  : 'ta -set -filter {name =~ "Cortex-A72 #0"}' command is executed.
11:44:53 INFO  : 'after 3000' command is executed.
11:44:53 INFO  : 'ta -set -filter {name =~ "PPU1"}; con' command is executed.
11:45:43 INFO  : 'after 50000' command is executed.
11:45:43 INFO  : 'ta -set -filter {name =~ "Cortex-A72 #0"}' command is executed.
11:45:44 INFO  : 'dow /home/dewsjoe/Desktop/projects_2022.1/projects_ldg/wspace_ldg_1/hello_world_a72/Debug/hello_world_a72.elf' command is executed.
11:45:44 INFO  : ' mwr 0xFD1A0300 0x380E; con' command is executed.
11:45:44 INFO  : ----------------XSDB Script----------------
connect -port 4352
----------------End of Script----------------

11:45:44 INFO  : Launch script is exported to file '/home/dewsjoe/Desktop/projects_2022.1/projects_ldg/wspace_ldg_1/hello_world_a72_system/_ide/scripts/debugger_hello_world_a72-default.tcl'
16:58:44 INFO  : Disconnected from the channel tcfchan#2.
16:58:50 INFO  : Stopping the emulator on project 'hello_world_a72' for configuration 'Debug'
16:58:51 INFO  : Stopping QEMU with command 'launch_emulator -kill-pid-file /home/dewsjoe/Desktop/projects_2022.1/projects_ldg/wspace_ldg_1/hello_world_a72/Debug/emulation.pid'
16:58:51 ERROR : [QEMU Process]: qemu-system-aarch64: terminating on signal 15 from pid 155058 ()

16:58:51 ERROR : [QEMU Process]: qemu-system-microblazeel: /ps_pmc_rp@0: Disconnected clk=18838019308445 ns

16:58:51 ERROR : [QEMU Process]: 

16:58:56 INFO  : Emulator has terminated.
16:58:56 INFO  : Launching the emulator on project 'hello_world_a72' for configuration 'Debug'
16:58:56 INFO  : Invoking Prep Target: prep_target -pdi /home/dewsjoe/Desktop/projects_2022.1/projects_ldg/wspace_ldg_1/hello_world_a72/_ide/bootimage/resources/design_1_wrapper.pdi -boot-mode sd -platform /home/dewsjoe/Desktop/projects_2022.1/projects_ldg/wspace_ldg_1/vck190_platform/export/vck190_platform -target sw_emu -domain standalone_domain -skip-aie-binaries 
16:59:02 INFO  : Launching QEMU with command '/home/dewsjoe/Desktop/projects_2022.1/projects_ldg/wspace_ldg_1/hello_world_a72/Debug/launch_sw_emu.sh -add-env ENABLE_RDWR_DEBUG=true -add-env RDWR_DEBUG_PORT=10100 -pid-file /home/dewsjoe/Desktop/projects_2022.1/projects_ldg/wspace_ldg_1/hello_world_a72/Debug/emulation.pid'
16:59:04 ERROR : [QEMU Process]: qemu-system-aarch64: -chardev socket,path=./qemu-rport-_pmc@0,server=on,id=ps-pmc-rp: info: QEMU waiting for connection on: disconnected:unix:./qemu-rport-_pmc@0,server=on
16:59:04 ERROR : [QEMU Process]: 

16:59:07 ERROR : [QEMU Process]: qemu-system-aarch64: -chardev socket,id=pl-rp,host=127.0.0.1,port=7622,server=on: info: QEMU waiting for connection on: disconnected:tcp:127.0.0.1:7622,server=on

16:59:17 ERROR : [QEMU Process]: qemu-system-aarch64: warning: nic gem1@0 has no peer

16:59:17 INFO  : Emulator has started.
16:59:17 INFO  : Terminating XRT server used for debugging baremetal applications on QEMU.
16:59:18 INFO  : XRT server required for baremetal application debugging on QEMU has started successfully on port '4353'.
16:59:18 INFO  : XRT server is already running on tcf port '4353' and will not be started.
16:59:18 INFO  : 'connect -port 4353' command is executed.
16:59:18 INFO  : 'gdbremote connect 127.0.0.1:1137' command is executed.
16:59:18 INFO  : 'gdbremote connect 127.0.0.1:1140' command is executed.
16:59:18 INFO  : 'ta -set -filter {name =~ "Cortex-A72 #0"}' command is executed.
16:59:18 INFO  : 'ta -set -filter {name =~ "Cortex-A72 #0"}' command is executed.
16:59:21 INFO  : 'after 3000' command is executed.
16:59:21 INFO  : 'ta -set -filter {name =~ "PPU1"}; con' command is executed.
17:00:11 INFO  : 'after 50000' command is executed.
17:00:11 INFO  : 'ta -set -filter {name =~ "Cortex-A72 #0"}' command is executed.
17:00:11 INFO  : 'dow /home/dewsjoe/Desktop/projects_2022.1/projects_ldg/wspace_ldg_1/hello_world_a72/Debug/hello_world_a72.elf' command is executed.
17:00:11 INFO  : ' mwr 0xFD1A0300 0x380E; con' command is executed.
17:00:11 INFO  : ----------------XSDB Script----------------
connect -port 4353
----------------End of Script----------------

17:00:11 INFO  : Launch script is exported to file '/home/dewsjoe/Desktop/projects_2022.1/projects_ldg/wspace_ldg_1/hello_world_a72_system/_ide/scripts/debugger_hello_world_a72-default.tcl'
17:16:03 INFO  : Disconnected from the channel tcfchan#3.
17:16:06 INFO  : Stopping the emulator on project 'hello_world_a72' for configuration 'Debug'
17:16:06 INFO  : Stopping QEMU with command 'launch_emulator -kill-pid-file /home/dewsjoe/Desktop/projects_2022.1/projects_ldg/wspace_ldg_1/hello_world_a72/Debug/emulation.pid'
17:16:07 ERROR : [QEMU Process]: qemu-system-aarch64: terminating on signal 15 from pid 162883 ()

17:16:07 ERROR : [QEMU Process]: qemu-system-microblazeel: /ps_pmc_rp@0: Disconnected clk=1005926114374 ns


17:16:11 INFO  : Emulator has terminated.
17:16:11 INFO  : Launching the emulator on project 'hello_world_a72' for configuration 'Debug'
17:16:12 INFO  : Invoking Prep Target: prep_target -pdi /home/dewsjoe/Desktop/projects_2022.1/projects_ldg/wspace_ldg_1/hello_world_a72/_ide/bootimage/resources/design_1_wrapper.pdi -boot-mode sd -platform /home/dewsjoe/Desktop/projects_2022.1/projects_ldg/wspace_ldg_1/vck190_platform/export/vck190_platform -target sw_emu -domain standalone_domain -skip-aie-binaries 
17:16:17 INFO  : Launching QEMU with command '/home/dewsjoe/Desktop/projects_2022.1/projects_ldg/wspace_ldg_1/hello_world_a72/Debug/launch_sw_emu.sh -add-env ENABLE_RDWR_DEBUG=true -add-env RDWR_DEBUG_PORT=10100 -pid-file /home/dewsjoe/Desktop/projects_2022.1/projects_ldg/wspace_ldg_1/hello_world_a72/Debug/emulation.pid'
17:16:20 ERROR : [QEMU Process]: qemu-system-aarch64: -chardev socket,path=./qemu-rport-_pmc@0,server=on,id=ps-pmc-rp: info: QEMU waiting for connection on: disconnected:unix:./qemu-rport-_pmc@0,server=on
17:16:20 ERROR : [QEMU Process]: 

17:16:23 ERROR : [QEMU Process]: qemu-system-aarch64: -chardev socket,id=pl-rp,host=127.0.0.1,port=7145,server=on: info: QEMU waiting for connection on: disconnected:tcp:127.0.0.1:7145,server=on

17:16:32 ERROR : [QEMU Process]: qemu-system-aarch64: warning: nic gem1@0 has no peer

17:16:32 INFO  : Emulator has started.
17:16:32 INFO  : Terminating XRT server used for debugging baremetal applications on QEMU.
17:16:33 INFO  : XRT server required for baremetal application debugging on QEMU has started successfully on port '4351'.
17:16:33 INFO  : XRT server is already running on tcf port '4351' and will not be started.
17:16:33 INFO  : 'connect -port 4351' command is executed.
17:16:33 INFO  : 'gdbremote connect 127.0.0.1:1137' command is executed.
17:16:33 INFO  : 'gdbremote connect 127.0.0.1:1140' command is executed.
17:16:33 INFO  : 'ta -set -filter {name =~ "Cortex-A72 #0"}' command is executed.
17:16:33 INFO  : 'ta -set -filter {name =~ "Cortex-A72 #0"}' command is executed.
17:16:36 INFO  : 'after 3000' command is executed.
17:16:36 INFO  : 'ta -set -filter {name =~ "PPU1"}; con' command is executed.
17:17:26 INFO  : 'after 50000' command is executed.
17:17:26 INFO  : 'ta -set -filter {name =~ "Cortex-A72 #0"}' command is executed.
17:17:26 INFO  : 'dow /home/dewsjoe/Desktop/projects_2022.1/projects_ldg/wspace_ldg_1/hello_world_a72/Debug/hello_world_a72.elf' command is executed.
17:17:27 INFO  : ' mwr 0xFD1A0300 0x380E; con' command is executed.
17:17:27 INFO  : ----------------XSDB Script----------------
connect -port 4351
----------------End of Script----------------

17:17:27 INFO  : Launch script is exported to file '/home/dewsjoe/Desktop/projects_2022.1/projects_ldg/wspace_ldg_1/hello_world_a72_system/_ide/scripts/debugger_hello_world_a72-default.tcl'
17:23:08 INFO  : Disconnected from the channel tcfchan#4.
17:23:29 INFO  : Stopping the emulator on project 'hello_world_a72' for configuration 'Debug'
17:23:29 INFO  : Stopping QEMU with command 'launch_emulator -kill-pid-file /home/dewsjoe/Desktop/projects_2022.1/projects_ldg/wspace_ldg_1/hello_world_a72/Debug/emulation.pid'
17:23:30 ERROR : [QEMU Process]: qemu-system-aarch64: 
17:23:30 ERROR : [QEMU Process]: terminating on signal 15 from pid 166412 ()

17:23:30 ERROR : [QEMU Process]: qemu-system-microblazeel: /ps_pmc_rp@0: Disconnected clk=413696880745 ns

17:23:30 ERROR : [QEMU Process]: 

17:23:34 INFO  : Emulator has terminated.
17:23:34 INFO  : Launching the emulator on project 'hello_world_a72' for configuration 'Debug'
17:23:35 INFO  : Invoking Prep Target: prep_target -pdi /home/dewsjoe/Desktop/projects_2022.1/projects_ldg/wspace_ldg_1/hello_world_a72/_ide/bootimage/resources/design_1_wrapper.pdi -boot-mode sd -platform /home/dewsjoe/Desktop/projects_2022.1/projects_ldg/wspace_ldg_1/vck190_platform/export/vck190_platform -target sw_emu -domain standalone_domain -skip-aie-binaries 
17:23:40 INFO  : Launching QEMU with command '/home/dewsjoe/Desktop/projects_2022.1/projects_ldg/wspace_ldg_1/hello_world_a72/Debug/launch_sw_emu.sh -add-env ENABLE_RDWR_DEBUG=true -add-env RDWR_DEBUG_PORT=10100 -pid-file /home/dewsjoe/Desktop/projects_2022.1/projects_ldg/wspace_ldg_1/hello_world_a72/Debug/emulation.pid'
17:23:43 ERROR : [QEMU Process]: qemu-system-aarch64: -chardev socket,path=./qemu-rport-_pmc@0,server=on,id=ps-pmc-rp: info: QEMU waiting for connection on: disconnected:unix:./qemu-rport-_pmc@0,server=on

17:23:46 ERROR : [QEMU Process]: qemu-system-aarch64: -chardev socket,id=pl-rp,host=127.0.0.1,port=7141,server=on: info: QEMU waiting for connection on: disconnected:tcp:127.0.0.1:7141,server=on

17:23:55 ERROR : [QEMU Process]: qemu-system-aarch64: warning: nic gem1@0 has no peer

17:23:55 INFO  : Emulator has started.
17:23:55 INFO  : Terminating XRT server used for debugging baremetal applications on QEMU.
17:23:56 INFO  : XRT server required for baremetal application debugging on QEMU has started successfully on port '4352'.
17:23:56 INFO  : XRT server is already running on tcf port '4352' and will not be started.
17:23:56 INFO  : 'connect -port 4352' command is executed.
17:23:56 INFO  : 'gdbremote connect 127.0.0.1:1137' command is executed.
17:23:56 INFO  : 'gdbremote connect 127.0.0.1:1140' command is executed.
17:23:56 INFO  : 'ta -set -filter {name =~ "Cortex-A72 #0"}' command is executed.
17:23:56 INFO  : 'ta -set -filter {name =~ "Cortex-A72 #0"}' command is executed.
17:23:59 INFO  : 'after 3000' command is executed.
17:23:59 INFO  : 'ta -set -filter {name =~ "PPU1"}; con' command is executed.
17:24:49 INFO  : 'after 50000' command is executed.
17:24:49 INFO  : 'ta -set -filter {name =~ "Cortex-A72 #0"}' command is executed.
17:24:50 INFO  : 'dow /home/dewsjoe/Desktop/projects_2022.1/projects_ldg/wspace_ldg_1/hello_world_a72/Debug/hello_world_a72.elf' command is executed.
17:24:50 INFO  : ' mwr 0xFD1A0300 0x380E; con' command is executed.
17:24:50 INFO  : ----------------XSDB Script----------------
connect -port 4352
----------------End of Script----------------

17:24:50 INFO  : Launch script is exported to file '/home/dewsjoe/Desktop/projects_2022.1/projects_ldg/wspace_ldg_1/hello_world_a72_system/_ide/scripts/debugger_hello_world_a72-default.tcl'
17:27:07 INFO  : Disconnected from the channel tcfchan#5.
17:27:10 INFO  : Stopping the emulator on project 'hello_world_a72' for configuration 'Debug'
17:27:10 INFO  : Stopping QEMU with command 'launch_emulator -kill-pid-file /home/dewsjoe/Desktop/projects_2022.1/projects_ldg/wspace_ldg_1/hello_world_a72/Debug/emulation.pid'
17:27:11 ERROR : [QEMU Process]: qemu-system-aarch64: 
17:27:11 ERROR : [QEMU Process]: terminating on signal 15 from pid 168295 ()
qemu-system-microblazeel: /ps_pmc_rp@0: Disconnected clk=191698462125 ns


17:27:15 INFO  : Emulator has terminated.
17:27:16 INFO  : Launching the emulator on project 'hello_world_a72' for configuration 'Debug'
17:27:16 INFO  : Invoking Prep Target: prep_target -pdi /home/dewsjoe/Desktop/projects_2022.1/projects_ldg/wspace_ldg_1/hello_world_a72/_ide/bootimage/resources/design_1_wrapper.pdi -boot-mode sd -platform /home/dewsjoe/Desktop/projects_2022.1/projects_ldg/wspace_ldg_1/vck190_platform/export/vck190_platform -target sw_emu -domain standalone_domain -skip-aie-binaries 
17:27:21 INFO  : Launching QEMU with command '/home/dewsjoe/Desktop/projects_2022.1/projects_ldg/wspace_ldg_1/hello_world_a72/Debug/launch_sw_emu.sh -add-env ENABLE_RDWR_DEBUG=true -add-env RDWR_DEBUG_PORT=10100 -pid-file /home/dewsjoe/Desktop/projects_2022.1/projects_ldg/wspace_ldg_1/hello_world_a72/Debug/emulation.pid'
17:27:24 ERROR : [QEMU Process]: qemu-system-aarch64: -chardev socket,path=./qemu-rport-_pmc@0,server=on,id=ps-pmc-rp: info: QEMU waiting for connection on: disconnected:unix:./qemu-rport-_pmc@0,server=on

17:27:27 ERROR : [QEMU Process]: qemu-system-aarch64: -chardev socket,id=pl-rp,host=127.0.0.1,port=8320,server=on: info: QEMU waiting for connection on: disconnected:tcp:127.0.0.1:8320,server=on

17:27:36 ERROR : [QEMU Process]: qemu-system-aarch64: warning: nic gem1@0 has no peer

17:27:36 INFO  : Emulator has started.
17:27:36 INFO  : Terminating XRT server used for debugging baremetal applications on QEMU.
17:27:37 INFO  : XRT server required for baremetal application debugging on QEMU has started successfully on port '4355'.
17:27:37 INFO  : XRT server is already running on tcf port '4355' and will not be started.
17:27:37 INFO  : 'connect -port 4355' command is executed.
17:27:37 INFO  : 'gdbremote connect 127.0.0.1:1137' command is executed.
17:27:37 INFO  : 'gdbremote connect 127.0.0.1:1140' command is executed.
17:27:37 INFO  : 'ta -set -filter {name =~ "Cortex-A72 #0"}' command is executed.
17:27:37 INFO  : 'ta -set -filter {name =~ "Cortex-A72 #0"}' command is executed.
17:27:40 INFO  : 'after 3000' command is executed.
17:27:41 INFO  : 'ta -set -filter {name =~ "PPU1"}; con' command is executed.
17:28:31 INFO  : 'after 50000' command is executed.
17:28:31 INFO  : 'ta -set -filter {name =~ "Cortex-A72 #0"}' command is executed.
17:28:31 INFO  : 'dow /home/dewsjoe/Desktop/projects_2022.1/projects_ldg/wspace_ldg_1/hello_world_a72/Debug/hello_world_a72.elf' command is executed.
17:28:31 INFO  : ' mwr 0xFD1A0300 0x380E; con' command is executed.
17:28:31 INFO  : ----------------XSDB Script----------------
connect -port 4355
----------------End of Script----------------

17:28:31 INFO  : Launch script is exported to file '/home/dewsjoe/Desktop/projects_2022.1/projects_ldg/wspace_ldg_1/hello_world_a72_system/_ide/scripts/debugger_hello_world_a72-default.tcl'
18:25:43 INFO  : Disconnected from the channel tcfchan#6.
18:26:40 INFO  : Stopping the emulator on project 'hello_world_a72' for configuration 'Debug'
18:26:41 INFO  : Stopping QEMU with command 'launch_emulator -kill-pid-file /home/dewsjoe/Desktop/projects_2022.1/projects_ldg/wspace_ldg_1/hello_world_a72/Debug/emulation.pid'
18:26:41 ERROR : [QEMU Process]: qemu-system-aarch64: terminating on signal 15 from pid 193557 ()

18:26:41 ERROR : [QEMU Process]: qemu-system-aarch64: /ps_pmc_rp@0: Disconnected clk=3490441866028 ns

qemu-system-microblazeel: /ps_pmc_rp@0: Disconnected clk=3540700447850 ns


18:26:46 INFO  : Emulator has terminated.
18:26:46 INFO  : Launching the emulator on project 'hello_world_a72' for configuration 'Debug'
18:26:46 INFO  : Invoking Prep Target: prep_target -pdi /home/dewsjoe/Desktop/projects_2022.1/projects_ldg/wspace_ldg_1/hello_world_a72/_ide/bootimage/resources/design_1_wrapper.pdi -boot-mode sd -platform /home/dewsjoe/Desktop/projects_2022.1/projects_ldg/wspace_ldg_1/vck190_platform/export/vck190_platform -target sw_emu -domain standalone_domain -skip-aie-binaries 
18:26:51 INFO  : Launching QEMU with command '/home/dewsjoe/Desktop/projects_2022.1/projects_ldg/wspace_ldg_1/hello_world_a72/Debug/launch_sw_emu.sh -add-env ENABLE_RDWR_DEBUG=true -add-env RDWR_DEBUG_PORT=10100 -pid-file /home/dewsjoe/Desktop/projects_2022.1/projects_ldg/wspace_ldg_1/hello_world_a72/Debug/emulation.pid'
18:26:54 ERROR : [QEMU Process]: qemu-system-aarch64: -chardev socket,path=./qemu-rport-_pmc@0,server=on,id=ps-pmc-rp: info: QEMU waiting for connection on: disconnected:unix:./qemu-rport-_pmc@0,server=on

18:26:57 ERROR : [QEMU Process]: qemu-system-aarch64: -chardev socket,id=pl-rp,host=127.0.0.1,port=7853,server=on: info: QEMU waiting for connection on: disconnected:tcp:127.0.0.1:7853,server=on

18:27:06 ERROR : [QEMU Process]: qemu-system-aarch64: warning: nic gem1@0 has no peer

18:27:06 INFO  : Emulator has started.
18:27:06 INFO  : Terminating XRT server used for debugging baremetal applications on QEMU.
18:27:07 INFO  : XRT server required for baremetal application debugging on QEMU has started successfully on port '4355'.
18:27:07 INFO  : XRT server is already running on tcf port '4355' and will not be started.
18:27:07 INFO  : 'connect -port 4355' command is executed.
18:27:07 INFO  : 'gdbremote connect 127.0.0.1:1137' command is executed.
18:27:07 INFO  : 'gdbremote connect 127.0.0.1:1140' command is executed.
18:27:07 INFO  : 'ta -set -filter {name =~ "Cortex-A72 #0"}' command is executed.
18:27:07 INFO  : 'ta -set -filter {name =~ "Cortex-A72 #0"}' command is executed.
18:27:10 INFO  : 'after 3000' command is executed.
18:27:10 INFO  : 'ta -set -filter {name =~ "PPU1"}; con' command is executed.
18:28:01 INFO  : 'after 50000' command is executed.
18:28:01 INFO  : 'ta -set -filter {name =~ "Cortex-A72 #0"}' command is executed.
18:28:01 INFO  : 'dow /home/dewsjoe/Desktop/projects_2022.1/projects_ldg/wspace_ldg_1/hello_world_a72/Debug/hello_world_a72.elf' command is executed.
18:28:01 INFO  : ' mwr 0xFD1A0300 0x380E; con' command is executed.
18:28:01 INFO  : ----------------XSDB Script----------------
connect -port 4355
----------------End of Script----------------

18:28:01 INFO  : Launch script is exported to file '/home/dewsjoe/Desktop/projects_2022.1/projects_ldg/wspace_ldg_1/hello_world_a72_system/_ide/scripts/debugger_hello_world_a72-default.tcl'
18:33:21 INFO  : Disconnected from the channel tcfchan#7.
18:33:28 INFO  : Stopping the emulator on project 'hello_world_a72' for configuration 'Debug'
18:33:28 INFO  : Stopping QEMU with command 'launch_emulator -kill-pid-file /home/dewsjoe/Desktop/projects_2022.1/projects_ldg/wspace_ldg_1/hello_world_a72/Debug/emulation.pid'
18:33:29 ERROR : [QEMU Process]: qemu-system-aarch64: terminating on signal 15 from pid 196751 ()
18:33:29 ERROR : [QEMU Process]: 
qemu-system-microblazeel: /ps_pmc_rp@0: Disconnected clk=378169194525 ns


18:33:33 INFO  : Emulator has terminated.
18:33:33 INFO  : Launching the emulator on project 'hello_world_a72' for configuration 'Debug'
18:33:33 INFO  : Invoking Prep Target: prep_target -pdi /home/dewsjoe/Desktop/projects_2022.1/projects_ldg/wspace_ldg_1/hello_world_a72/_ide/bootimage/resources/design_1_wrapper.pdi -boot-mode sd -platform /home/dewsjoe/Desktop/projects_2022.1/projects_ldg/wspace_ldg_1/vck190_platform/export/vck190_platform -target sw_emu -domain standalone_domain -skip-aie-binaries 
18:33:38 INFO  : Launching QEMU with command '/home/dewsjoe/Desktop/projects_2022.1/projects_ldg/wspace_ldg_1/hello_world_a72/Debug/launch_sw_emu.sh -add-env ENABLE_RDWR_DEBUG=true -add-env RDWR_DEBUG_PORT=10100 -pid-file /home/dewsjoe/Desktop/projects_2022.1/projects_ldg/wspace_ldg_1/hello_world_a72/Debug/emulation.pid'
18:33:41 ERROR : [QEMU Process]: qemu-system-aarch64: -chardev socket,path=./qemu-rport-_pmc@0,server=on,id=ps-pmc-rp: info: QEMU waiting for connection on: disconnected:unix:./qemu-rport-_pmc@0,server=on
18:33:41 ERROR : [QEMU Process]: 

18:33:44 ERROR : [QEMU Process]: qemu-system-aarch64: -chardev socket,id=pl-rp,host=127.0.0.1,port=7620,server=on: info: QEMU waiting for connection on: disconnected:tcp:127.0.0.1:7620,server=on

18:33:53 ERROR : [QEMU Process]: qemu-system-aarch64: warning: nic gem1@0 has no peer

18:33:54 INFO  : Emulator has started.
18:33:54 INFO  : Terminating XRT server used for debugging baremetal applications on QEMU.
18:33:55 INFO  : XRT server required for baremetal application debugging on QEMU has started successfully on port '4351'.
18:33:55 INFO  : XRT server is already running on tcf port '4351' and will not be started.
18:33:55 INFO  : 'connect -port 4351' command is executed.
18:33:55 INFO  : 'gdbremote connect 127.0.0.1:1137' command is executed.
18:33:55 INFO  : 'gdbremote connect 127.0.0.1:1140' command is executed.
18:33:55 INFO  : 'ta -set -filter {name =~ "Cortex-A72 #0"}' command is executed.
18:33:55 INFO  : 'ta -set -filter {name =~ "Cortex-A72 #0"}' command is executed.
18:33:58 INFO  : 'after 3000' command is executed.
18:33:58 INFO  : 'ta -set -filter {name =~ "PPU1"}; con' command is executed.
18:34:48 INFO  : 'after 50000' command is executed.
18:34:48 INFO  : 'ta -set -filter {name =~ "Cortex-A72 #0"}' command is executed.
18:34:48 INFO  : 'dow /home/dewsjoe/Desktop/projects_2022.1/projects_ldg/wspace_ldg_1/hello_world_a72/Debug/hello_world_a72.elf' command is executed.
18:34:48 INFO  : ' mwr 0xFD1A0300 0x380E; con' command is executed.
18:34:48 INFO  : ----------------XSDB Script----------------
connect -port 4351
----------------End of Script----------------

18:34:48 INFO  : Launch script is exported to file '/home/dewsjoe/Desktop/projects_2022.1/projects_ldg/wspace_ldg_1/hello_world_a72_system/_ide/scripts/debugger_hello_world_a72-default.tcl'
18:40:23 INFO  : Disconnected from the channel tcfchan#8.
18:40:26 INFO  : Stopping the emulator on project 'hello_world_a72' for configuration 'Debug'
18:40:26 INFO  : Stopping QEMU with command 'launch_emulator -kill-pid-file /home/dewsjoe/Desktop/projects_2022.1/projects_ldg/wspace_ldg_1/hello_world_a72/Debug/emulation.pid'
18:40:27 ERROR : [QEMU Process]: qemu-system-aarch64: terminating on signal 15 from pid 200039 ()
18:40:27 ERROR : [QEMU Process]: 
qemu-system-microblazeel: /ps_pmc_rp@0: Disconnected clk=389227748936 ns


18:40:31 INFO  : Emulator has terminated.
18:40:31 INFO  : Launching the emulator on project 'hello_world_a72' for configuration 'Debug'
18:40:32 INFO  : Invoking Prep Target: prep_target -pdi /home/dewsjoe/Desktop/projects_2022.1/projects_ldg/wspace_ldg_1/hello_world_a72/_ide/bootimage/resources/design_1_wrapper.pdi -boot-mode sd -platform /home/dewsjoe/Desktop/projects_2022.1/projects_ldg/wspace_ldg_1/vck190_platform/export/vck190_platform -target sw_emu -domain standalone_domain -skip-aie-binaries 
18:40:38 INFO  : Launching QEMU with command '/home/dewsjoe/Desktop/projects_2022.1/projects_ldg/wspace_ldg_1/hello_world_a72/Debug/launch_sw_emu.sh -add-env ENABLE_RDWR_DEBUG=true -add-env RDWR_DEBUG_PORT=10100 -pid-file /home/dewsjoe/Desktop/projects_2022.1/projects_ldg/wspace_ldg_1/hello_world_a72/Debug/emulation.pid'
18:40:40 ERROR : [QEMU Process]: qemu-system-aarch64: -chardev socket,path=./qemu-rport-_pmc@0,server=on,id=ps-pmc-rp: info: QEMU waiting for connection on: disconnected:unix:./qemu-rport-_pmc@0,server=on

18:40:43 ERROR : [QEMU Process]: qemu-system-aarch64: -chardev socket,id=pl-rp,host=127.0.0.1,port=9533,server=on: info: QEMU waiting for connection on: disconnected:tcp:127.0.0.1:9533,server=on

18:40:52 ERROR : [QEMU Process]: qemu-system-aarch64: warning: nic gem1@0 has no peer

18:40:53 INFO  : Emulator has started.
18:40:53 INFO  : Terminating XRT server used for debugging baremetal applications on QEMU.
18:40:54 INFO  : XRT server required for baremetal application debugging on QEMU has started successfully on port '4354'.
18:40:54 INFO  : XRT server is already running on tcf port '4354' and will not be started.
18:40:54 INFO  : 'connect -port 4354' command is executed.
18:40:54 INFO  : 'gdbremote connect 127.0.0.1:1137' command is executed.
18:40:54 INFO  : 'gdbremote connect 127.0.0.1:1140' command is executed.
18:40:54 INFO  : 'ta -set -filter {name =~ "Cortex-A72 #0"}' command is executed.
18:40:54 INFO  : 'ta -set -filter {name =~ "Cortex-A72 #0"}' command is executed.
18:40:57 INFO  : 'after 3000' command is executed.
18:40:57 INFO  : 'ta -set -filter {name =~ "PPU1"}; con' command is executed.
18:41:47 INFO  : 'after 50000' command is executed.
18:41:47 INFO  : 'ta -set -filter {name =~ "Cortex-A72 #0"}' command is executed.
18:41:47 INFO  : 'dow /home/dewsjoe/Desktop/projects_2022.1/projects_ldg/wspace_ldg_1/hello_world_a72/Debug/hello_world_a72.elf' command is executed.
18:41:47 INFO  : ' mwr 0xFD1A0300 0x380E; con' command is executed.
18:41:47 INFO  : ----------------XSDB Script----------------
connect -port 4354
----------------End of Script----------------

18:41:47 INFO  : Launch script is exported to file '/home/dewsjoe/Desktop/projects_2022.1/projects_ldg/wspace_ldg_1/hello_world_a72_system/_ide/scripts/debugger_hello_world_a72-default.tcl'
18:48:44 INFO  : Disconnected from the channel tcfchan#9.
18:48:48 INFO  : Stopping the emulator on project 'hello_world_a72' for configuration 'Debug'
18:48:48 INFO  : Stopping QEMU with command 'launch_emulator -kill-pid-file /home/dewsjoe/Desktop/projects_2022.1/projects_ldg/wspace_ldg_1/hello_world_a72/Debug/emulation.pid'
18:48:49 ERROR : [QEMU Process]: qemu-system-aarch64: terminating on signal 15 from pid 204005 ()

18:48:49 ERROR : [QEMU Process]: qemu-system-aarch64: ../git/util/oslib-posix.c:266: qemu_set_block: Assertion `f != -1' failed.
qemu-system-microblazeel: /ps_pmc_rp@0: Disconnected clk=471858086656 ns


18:48:53 INFO  : Emulator has terminated.
18:48:53 INFO  : Launching the emulator on project 'hello_world_a72' for configuration 'Debug'
18:48:53 INFO  : Invoking Prep Target: prep_target -pdi /home/dewsjoe/Desktop/projects_2022.1/projects_ldg/wspace_ldg_1/hello_world_a72/_ide/bootimage/resources/design_1_wrapper.pdi -boot-mode sd -platform /home/dewsjoe/Desktop/projects_2022.1/projects_ldg/wspace_ldg_1/vck190_platform/export/vck190_platform -target sw_emu -domain standalone_domain -skip-aie-binaries 
18:48:59 INFO  : Launching QEMU with command '/home/dewsjoe/Desktop/projects_2022.1/projects_ldg/wspace_ldg_1/hello_world_a72/Debug/launch_sw_emu.sh -add-env ENABLE_RDWR_DEBUG=true -add-env RDWR_DEBUG_PORT=10100 -pid-file /home/dewsjoe/Desktop/projects_2022.1/projects_ldg/wspace_ldg_1/hello_world_a72/Debug/emulation.pid'
18:49:01 ERROR : [QEMU Process]: qemu-system-aarch64: -chardev socket,path=./qemu-rport-_pmc@0,server=on,id=ps-pmc-rp: info: QEMU waiting for connection on: disconnected:unix:./qemu-rport-_pmc@0,server=on

18:49:04 ERROR : [QEMU Process]: qemu-system-aarch64: -chardev socket,id=pl-rp,host=127.0.0.1,port=8803,server=on: info: QEMU waiting for connection on: disconnected:tcp:127.0.0.1:8803,server=on

18:49:14 ERROR : [QEMU Process]: qemu-system-aarch64: warning: nic gem1@0 has no peer

18:49:14 INFO  : Emulator has started.
18:49:14 INFO  : Terminating XRT server used for debugging baremetal applications on QEMU.
18:49:15 INFO  : XRT server required for baremetal application debugging on QEMU has started successfully on port '4354'.
18:49:15 INFO  : XRT server is already running on tcf port '4354' and will not be started.
18:49:15 INFO  : 'connect -port 4354' command is executed.
18:49:15 INFO  : 'gdbremote connect 127.0.0.1:1137' command is executed.
18:49:15 INFO  : 'gdbremote connect 127.0.0.1:1140' command is executed.
18:49:15 INFO  : 'ta -set -filter {name =~ "Cortex-A72 #0"}' command is executed.
18:49:15 INFO  : 'ta -set -filter {name =~ "Cortex-A72 #0"}' command is executed.
18:49:18 INFO  : 'after 3000' command is executed.
18:49:18 INFO  : 'ta -set -filter {name =~ "PPU1"}; con' command is executed.
18:50:08 INFO  : 'after 50000' command is executed.
18:50:08 INFO  : 'ta -set -filter {name =~ "Cortex-A72 #0"}' command is executed.
18:50:08 INFO  : 'dow /home/dewsjoe/Desktop/projects_2022.1/projects_ldg/wspace_ldg_1/hello_world_a72/Debug/hello_world_a72.elf' command is executed.
18:50:08 INFO  : ' mwr 0xFD1A0300 0x380E; con' command is executed.
18:50:08 INFO  : ----------------XSDB Script----------------
connect -port 4354
----------------End of Script----------------

18:50:08 INFO  : Launch script is exported to file '/home/dewsjoe/Desktop/projects_2022.1/projects_ldg/wspace_ldg_1/hello_world_a72_system/_ide/scripts/debugger_hello_world_a72-default.tcl'
14:39:15 INFO  : Disconnected from the channel tcfchan#10.
14:39:18 INFO  : Stopping the emulator on project 'hello_world_a72' for configuration 'Debug'
14:39:19 INFO  : Stopping QEMU with command 'launch_emulator -kill-pid-file /home/dewsjoe/Desktop/projects_2022.1/projects_ldg/wspace_ldg_1/hello_world_a72/Debug/emulation.pid'
14:39:19 ERROR : [QEMU Process]: qemu-system-aarch64: terminating on signal 15 from pid 703076 ()

14:39:19 ERROR : [QEMU Process]: qemu-system-microblazeel: /ps_pmc_rp@0: Disconnected clk=71401322917751 ns


14:39:24 INFO  : Emulator has terminated.
14:39:24 INFO  : Launching the emulator on project 'hello_world_a72' for configuration 'Debug'
14:39:24 INFO  : Invoking Prep Target: prep_target -pdi /home/dewsjoe/Desktop/projects_2022.1/projects_ldg/wspace_ldg_1/hello_world_a72/_ide/bootimage/resources/design_1_wrapper.pdi -boot-mode sd -platform /home/dewsjoe/Desktop/projects_2022.1/projects_ldg/wspace_ldg_1/vck190_platform/export/vck190_platform -target sw_emu -domain standalone_domain -skip-aie-binaries 
14:39:29 INFO  : Launching QEMU with command '/home/dewsjoe/Desktop/projects_2022.1/projects_ldg/wspace_ldg_1/hello_world_a72/Debug/launch_sw_emu.sh -add-env ENABLE_RDWR_DEBUG=true -add-env RDWR_DEBUG_PORT=10100 -pid-file /home/dewsjoe/Desktop/projects_2022.1/projects_ldg/wspace_ldg_1/hello_world_a72/Debug/emulation.pid'
14:39:32 ERROR : [QEMU Process]: qemu-system-aarch64: -chardev socket,path=./qemu-rport-_pmc@0,server=on,id=ps-pmc-rp: info: QEMU waiting for connection on: disconnected:unix:./qemu-rport-_pmc@0,server=on

14:39:35 ERROR : [QEMU Process]: qemu-system-aarch64: -chardev socket,id=pl-rp,host=127.0.0.1,port=9228,server=on: info: QEMU waiting for connection on: disconnected:tcp:127.0.0.1:9228,server=on

14:39:45 ERROR : [QEMU Process]: qemu-system-aarch64: warning: nic gem1@0 has no peer

14:39:45 INFO  : Emulator has started.
14:39:45 INFO  : Terminating XRT server used for debugging baremetal applications on QEMU.
14:39:46 INFO  : XRT server required for baremetal application debugging on QEMU has started successfully on port '4351'.
14:39:46 INFO  : XRT server is already running on tcf port '4351' and will not be started.
14:39:46 INFO  : 'connect -port 4351' command is executed.
14:39:46 INFO  : 'gdbremote connect 127.0.0.1:1137' command is executed.
14:39:46 INFO  : 'gdbremote connect 127.0.0.1:1140' command is executed.
14:39:46 INFO  : 'ta -set -filter {name =~ "Cortex-A72 #0"}' command is executed.
14:39:46 INFO  : 'ta -set -filter {name =~ "Cortex-A72 #0"}' command is executed.
14:39:49 INFO  : 'after 3000' command is executed.
14:39:49 INFO  : 'ta -set -filter {name =~ "PPU1"}; con' command is executed.
14:40:39 INFO  : 'after 50000' command is executed.
14:40:39 INFO  : 'ta -set -filter {name =~ "Cortex-A72 #0"}' command is executed.
14:40:39 INFO  : 'dow /home/dewsjoe/Desktop/projects_2022.1/projects_ldg/wspace_ldg_1/hello_world_a72/Debug/hello_world_a72.elf' command is executed.
14:40:39 INFO  : ' mwr 0xFD1A0300 0x380E; con' command is executed.
14:40:39 INFO  : ----------------XSDB Script----------------
connect -port 4351
----------------End of Script----------------

14:40:39 INFO  : Launch script is exported to file '/home/dewsjoe/Desktop/projects_2022.1/projects_ldg/wspace_ldg_1/hello_world_a72_system/_ide/scripts/debugger_hello_world_a72-default.tcl'
17:34:36 INFO  : Disconnected from the channel tcfchan#11.
17:34:40 INFO  : Stopping the emulator on project 'hello_world_a72' for configuration 'Debug'
17:34:40 INFO  : Stopping QEMU with command 'launch_emulator -kill-pid-file /home/dewsjoe/Desktop/projects_2022.1/projects_ldg/wspace_ldg_1/hello_world_a72/Debug/emulation.pid'
17:34:41 ERROR : [QEMU Process]: qemu-system-aarch64: terminating on signal 15 from pid 1385008 ()

17:34:41 ERROR : [QEMU Process]: qemu-system-microblazeel: /ps_pmc_rp@0: Disconnected clk=96891613173133 ns


17:34:45 INFO  : Emulator has terminated.
17:34:45 INFO  : Launching the emulator on project 'hello_world_a72' for configuration 'Debug'
17:34:45 INFO  : Invoking Prep Target: prep_target -pdi /home/dewsjoe/Desktop/projects_2022.1/projects_ldg/wspace_ldg_1/hello_world_a72/_ide/bootimage/resources/design_1_wrapper.pdi -boot-mode sd -platform /home/dewsjoe/Desktop/projects_2022.1/projects_ldg/wspace_ldg_1/vck190_platform/export/vck190_platform -target sw_emu -domain standalone_domain -skip-aie-binaries 
17:34:51 INFO  : Launching QEMU with command '/home/dewsjoe/Desktop/projects_2022.1/projects_ldg/wspace_ldg_1/hello_world_a72/Debug/launch_sw_emu.sh -add-env ENABLE_RDWR_DEBUG=true -add-env RDWR_DEBUG_PORT=10100 -pid-file /home/dewsjoe/Desktop/projects_2022.1/projects_ldg/wspace_ldg_1/hello_world_a72/Debug/emulation.pid'
17:34:53 ERROR : [QEMU Process]: qemu-system-aarch64: -chardev socket,path=./qemu-rport-_pmc@0,server=on,id=ps-pmc-rp: info: QEMU waiting for connection on: disconnected:unix:./qemu-rport-_pmc@0,server=on
17:34:53 ERROR : [QEMU Process]: 

17:34:56 ERROR : [QEMU Process]: qemu-system-aarch64: -chardev socket,id=pl-rp,host=127.0.0.1,port=8411,server=on
17:34:56 ERROR : [QEMU Process]: : info: QEMU waiting for connection on: disconnected:tcp:127.0.0.1:8411,server=on

17:35:06 ERROR : [QEMU Process]: qemu-system-aarch64: warning: nic gem1@0 has no peer

17:35:06 INFO  : Emulator has started.
17:35:06 INFO  : Terminating XRT server used for debugging baremetal applications on QEMU.
17:35:07 INFO  : XRT server required for baremetal application debugging on QEMU has started successfully on port '4354'.
17:35:07 INFO  : XRT server is already running on tcf port '4354' and will not be started.
17:35:07 INFO  : 'connect -port 4354' command is executed.
17:35:07 INFO  : 'gdbremote connect 127.0.0.1:1137' command is executed.
17:35:07 INFO  : 'gdbremote connect 127.0.0.1:1140' command is executed.
17:35:07 INFO  : 'ta -set -filter {name =~ "Cortex-A72 #0"}' command is executed.
17:35:07 INFO  : 'ta -set -filter {name =~ "Cortex-A72 #0"}' command is executed.
17:35:10 INFO  : 'after 3000' command is executed.
17:35:10 INFO  : 'ta -set -filter {name =~ "PPU1"}; con' command is executed.
17:36:00 INFO  : 'after 50000' command is executed.
17:36:00 INFO  : 'ta -set -filter {name =~ "Cortex-A72 #0"}' command is executed.
17:36:00 INFO  : 'dow /home/dewsjoe/Desktop/projects_2022.1/projects_ldg/wspace_ldg_1/hello_world_a72/Debug/hello_world_a72.elf' command is executed.
17:36:01 INFO  : ' mwr 0xFD1A0300 0x380E; con' command is executed.
17:36:01 INFO  : ----------------XSDB Script----------------
connect -port 4354
----------------End of Script----------------

17:36:01 INFO  : Launch script is exported to file '/home/dewsjoe/Desktop/projects_2022.1/projects_ldg/wspace_ldg_1/hello_world_a72_system/_ide/scripts/debugger_hello_world_a72-default.tcl'
10:06:22 ERROR : [QEMU Process]: qemu: qemu_sem_post: Value too large for defined data type

10:06:22 ERROR : [QEMU Process]: qemu-system-microblazeel: 
10:06:22 ERROR : [QEMU Process]: /ps_pmc_rp@0: Disconnected clk=145871761975603 ns

/home/dewsjoe/Desktop/projects_2022.1/projects_ldg/wspace_ldg_1/hello_world_a72/Debug/emu_qemu_scripts/start_qemu.sh: line 6: 1385271 Aborted                 (core dumped) /media/dewsjoe/Data/Vitis_2022_1/Vitis/2022.1/data/emulation/qemu/qemu/sysroots/x86_64-petalinux-linux/usr/bin/qemu-system-aarch64 -M "arm-generic-fdt" -display "none" -serial "null" -serial "null" -serial "mon:stdio" -sync-quantum ""1000000000"" -boot "mode=5" -gdb tcp:127.0.0.1:1137 -S -hw-dtb /media/dewsjoe/Data/Vitis_2022_1/Vitis/2022.1/data/emulation/dtbs/versal/sw_emu/board-versal-ps-cosim-vitis-vck190.dtb -drive "file=/home/dewsjoe/Desktop/projects_2022.1/projects_ldg/wspace_ldg_1/hello_world_a72/Debug/sd_card.img,format=raw,if=sd,index=1" -net "nic,netdev=net0" -netdev "user,id=net0,hostfwd=tcp::9900-:1560" -display "none" -machine-path "." -chardev "socket,path=./qemu-rport-_pmc@0,server=on,id=ps-pmc-rp" -chardev "socket,id=pl-rp,host=127.0.0.1,port=8411,server=on"

