Copyright 1986-2022 Xilinx, Inc. All Rights Reserved.
---------------------------------------------------------------------------------------------
| Tool Version : Vivado v.2022.1 (lin64) Build 3526262 Mon Apr 18 15:47:01 MDT 2022
| Date         : Wed Feb 12 18:42:27 2025
| Host         : dewsjoe-HP-Z440-Workstation running 64-bit Ubuntu 22.04.5 LTS
| Command      : report_control_sets -verbose -file design_1_wrapper_control_sets_placed.rpt
| Design       : design_1_wrapper
| Device       : xcvc1902
---------------------------------------------------------------------------------------------

Control Set Information

Table of Contents
-----------------
1. Summary
2. Histogram
3. Flip-Flop Distribution
4. Detailed Control Set Information

1. Summary
----------

+----------------------------------------------------------+-------+
|                          Status                          | Count |
+----------------------------------------------------------+-------+
| Total control sets                                       |   127 |
|    Minimum number of control sets                        |   127 |
|    Addition due to synthesis replication                 |     0 |
|    Addition due to physical synthesis replication        |     0 |
| Unused register locations in slices containing registers |   207 |
+----------------------------------------------------------+-------+
* Control sets can be merged at opt_design using control_set_merge or merge_equivalent_drivers
** Run report_qor_suggestions for automated merging and remapping suggestions


2. Histogram
------------

+--------------------+-------+
|       Fanout       | Count |
+--------------------+-------+
| Total control sets |   127 |
| >= 0 to < 4        |    75 |
| >= 4 to < 6        |    12 |
| >= 6 to < 8        |    10 |
| >= 8 to < 10       |     8 |
| >= 10 to < 12      |     4 |
| >= 12 to < 14      |     1 |
| >= 14 to < 16      |     0 |
| >= 16              |    17 |
+--------------------+-------+
* Control sets can be remapped at either synth_design or opt_design


3. Flip-Flop Distribution
-------------------------

+--------------+-----------------------+------------------------+-----------------+--------------+
| Clock Enable | Synchronous Set/Reset | Asynchronous Set/Reset | Total Registers | Total Slices |
+--------------+-----------------------+------------------------+-----------------+--------------+
| No           | No                    | No                     |             121 |           32 |
| No           | No                    | Yes                    |              93 |           31 |
| No           | Yes                   | No                     |             177 |           85 |
| Yes          | No                    | No                     |             167 |           41 |
| Yes          | No                    | Yes                    |               0 |            0 |
| Yes          | Yes                   | No                     |             395 |           88 |
+--------------+-----------------------+------------------------+-----------------+--------------+


4. Detailed Control Set Information
-----------------------------------

+-------------------------------------------------------------+----------------------------------------------------------------------------------------------------------------------------------------------------------------------------+--------------------------------------------------------------------------------------------------------------------------------------------------------------------+------------------+----------------+--------------+
|                         Clock Signal                        |                                                                                Enable Signal                                                                               |                                                                          Set/Reset Signal                                                                          | Slice Load Count | Bel Load Count | Bels / Slice |
+-------------------------------------------------------------+----------------------------------------------------------------------------------------------------------------------------------------------------------------------------+--------------------------------------------------------------------------------------------------------------------------------------------------------------------+------------------+----------------+--------------+
|  design_1_i/clk_wizard_0/inst/clock_primitive_inst/clk_out1 | design_1_i/axi_smc/inst/switchboards/i_nodes/i_b_node/inst/inst_si_handler/gen_si_handler.gen_arbiter_rr_minimal_area.inst_arbiter/grant_i_reg[2]_1[0]                     |                                                                                                                                                                    |                1 |              1 |         1.00 |
|  design_1_i/clk_wizard_0/inst/clock_primitive_inst/clk_out1 |                                                                                                                                                                            | design_1_i/axi_smc/inst/switchboards/i_nodes/i_b_node/inst/s_sc_areset_pipe                                                                                        |                1 |              1 |         1.00 |
|  design_1_i/clk_wizard_0/inst/clock_primitive_inst/clk_out1 |                                                                                                                                                                            | design_1_i/axi_smc/inst/switchboards/i_nodes/i_aw_node/inst/s_sc_areset_pipe                                                                                       |                1 |              1 |         1.00 |
|  design_1_i/clk_wizard_0/inst/clock_primitive_inst/clk_out1 |                                                                                                                                                                            | design_1_i/axi_smc/inst/switchboards/i_nodes/i_r_node/inst/s_sc_areset_pipe                                                                                        |                1 |              1 |         1.00 |
|  design_1_i/clk_wizard_0/inst/clock_primitive_inst/clk_out1 |                                                                                                                                                                            | design_1_i/axi_smc/inst/switchboards/i_nodes/i_ar_node/inst/s_sc_areset_pipe                                                                                       |                1 |              1 |         1.00 |
|  design_1_i/clk_wizard_0/inst/clock_primitive_inst/clk_out1 |                                                                                                                                                                            | design_1_i/axi_smc/inst/switchboards/i_nodes/i_w_node/inst/s_sc_areset_pipe                                                                                        |                1 |              1 |         1.00 |
|  design_1_i/clk_wizard_0/inst/clock_primitive_inst/clk_out1 |                                                                                                                                                                            | design_1_i/axi_smc/inst/s00_nodes/s00_w_node/inst/s_sc_areset_pipe                                                                                                 |                1 |              1 |         1.00 |
|  design_1_i/clk_wizard_0/inst/clock_primitive_inst/clk_out1 |                                                                                                                                                                            | design_1_i/axi_smc/inst/s00_nodes/s00_r_node/inst/s_sc_areset_pipe                                                                                                 |                1 |              1 |         1.00 |
|  design_1_i/clk_wizard_0/inst/clock_primitive_inst/clk_out1 |                                                                                                                                                                            | design_1_i/axi_smc/inst/s00_nodes/s00_aw_node/inst/s_sc_areset_pipe                                                                                                |                1 |              1 |         1.00 |
|  design_1_i/clk_wizard_0/inst/clock_primitive_inst/clk_out1 |                                                                                                                                                                            | design_1_i/axi_smc/inst/s00_nodes/s00_b_node/inst/s_sc_areset_pipe                                                                                                 |                1 |              1 |         1.00 |
|  design_1_i/clk_wizard_0/inst/clock_primitive_inst/clk_out1 |                                                                                                                                                                            | design_1_i/axi_smc/inst/s00_nodes/s00_ar_node/inst/s_sc_areset_pipe                                                                                                |                1 |              1 |         1.00 |
|  design_1_i/clk_wizard_0/inst/clock_primitive_inst/clk_out1 |                                                                                                                                                                            | design_1_i/axi_smc/inst/m02_nodes/m02_w_node/inst/s_sc_areset_pipe                                                                                                 |                1 |              1 |         1.00 |
|  design_1_i/clk_wizard_0/inst/clock_primitive_inst/clk_out1 |                                                                                                                                                                            | design_1_i/axi_smc/inst/m00_nodes/m00_w_node/inst/s_sc_areset_pipe                                                                                                 |                1 |              1 |         1.00 |
|  design_1_i/clk_wizard_0/inst/clock_primitive_inst/clk_out1 |                                                                                                                                                                            | design_1_i/axi_smc/inst/m02_nodes/m02_r_node/inst/s_sc_areset_pipe                                                                                                 |                1 |              1 |         1.00 |
|  design_1_i/clk_wizard_0/inst/clock_primitive_inst/clk_out1 |                                                                                                                                                                            | design_1_i/axi_smc/inst/m02_nodes/m02_aw_node/inst/s_sc_areset_pipe                                                                                                |                1 |              1 |         1.00 |
|  design_1_i/clk_wizard_0/inst/clock_primitive_inst/clk_out1 |                                                                                                                                                                            | design_1_i/axi_smc/inst/m02_nodes/m02_ar_node/inst/s_sc_areset_pipe                                                                                                |                1 |              1 |         1.00 |
|  design_1_i/clk_wizard_0/inst/clock_primitive_inst/clk_out1 |                                                                                                                                                                            | design_1_i/axi_smc/inst/m00_nodes/m00_aw_node/inst/s_sc_areset_pipe                                                                                                |                1 |              1 |         1.00 |
|  design_1_i/clk_wizard_0/inst/clock_primitive_inst/clk_out1 |                                                                                                                                                                            | design_1_i/axi_smc/inst/m00_nodes/m00_r_node/inst/s_sc_areset_pipe                                                                                                 |                1 |              1 |         1.00 |
|  design_1_i/clk_wizard_0/inst/clock_primitive_inst/clk_out1 |                                                                                                                                                                            | design_1_i/axi_smc/inst/m00_nodes/m00_b_node/inst/s_sc_areset_pipe                                                                                                 |                1 |              1 |         1.00 |
|  design_1_i/clk_wizard_0/inst/clock_primitive_inst/clk_out1 |                                                                                                                                                                            | design_1_i/axi_smc/inst/m01_nodes/m01_w_node/inst/s_sc_areset_pipe                                                                                                 |                1 |              1 |         1.00 |
|  design_1_i/clk_wizard_0/inst/clock_primitive_inst/clk_out1 |                                                                                                                                                                            | design_1_i/axi_smc/inst/m01_nodes/m01_r_node/inst/s_sc_areset_pipe                                                                                                 |                1 |              1 |         1.00 |
|  design_1_i/clk_wizard_0/inst/clock_primitive_inst/clk_out1 |                                                                                                                                                                            | design_1_i/axi_smc/inst/m01_nodes/m01_aw_node/inst/s_sc_areset_pipe                                                                                                |                1 |              1 |         1.00 |
|  design_1_i/clk_wizard_0/inst/clock_primitive_inst/clk_out1 |                                                                                                                                                                            | design_1_i/axi_smc/inst/m01_nodes/m01_b_node/inst/s_sc_areset_pipe                                                                                                 |                1 |              1 |         1.00 |
|  design_1_i/clk_wizard_0/inst/clock_primitive_inst/clk_out1 |                                                                                                                                                                            | design_1_i/axi_smc/inst/m01_nodes/m01_ar_node/inst/s_sc_areset_pipe                                                                                                |                1 |              1 |         1.00 |
|  design_1_i/clk_wizard_0/inst/clock_primitive_inst/clk_out1 |                                                                                                                                                                            | design_1_i/axi_smc/inst/m00_nodes/m00_ar_node/inst/s_sc_areset_pipe                                                                                                |                1 |              1 |         1.00 |
|  design_1_i/clk_wizard_0/inst/clock_primitive_inst/clk_out1 |                                                                                                                                                                            | design_1_i/axi_smc/inst/m02_nodes/m02_b_node/inst/s_sc_areset_pipe                                                                                                 |                1 |              1 |         1.00 |
|  design_1_i/clk_wizard_0/inst/clock_primitive_inst/clk_out1 |                                                                                                                                                                            | design_1_i/axi_smc/inst/switchboards/i_nodes/i_r_node/inst/inst_mi_handler/areset_r                                                                                |                1 |              2 |         2.00 |
|  design_1_i/clk_wizard_0/inst/clock_primitive_inst/clk_out1 | design_1_i/axi_smc/inst/switchboards/i_nodes/i_b_node/inst/inst_mi_handler/gen_normal_area.gen_fi_regulator.inst_fi_regulator/allow_transfer_r_reg_2[0]                    | design_1_i/axi_smc/inst/switchboards/i_nodes/i_b_node/inst/inst_si_handler/areset_r                                                                                |                1 |              2 |         2.00 |
|  design_1_i/clk_wizard_0/inst/clock_primitive_inst/clk_out1 |                                                                                                                                                                            | design_1_i/axi_smc/inst/s00_entry_pipeline/s00_transaction_regulator/inst/areset                                                                                   |                1 |              2 |         2.00 |
|  design_1_i/clk_wizard_0/inst/clock_primitive_inst/clk_out1 | design_1_i/axi_smc/inst/switchboards/i_nodes/i_b_node/inst/inst_mi_handler/gen_normal_area.gen_fi_regulator.inst_fi_regulator/allow_transfer_r_reg_1[0]                    | design_1_i/axi_smc/inst/switchboards/i_nodes/i_b_node/inst/inst_si_handler/areset_r                                                                                |                1 |              2 |         2.00 |
|  design_1_i/clk_wizard_0/inst/clock_primitive_inst/clk_out1 |                                                                                                                                                                            | design_1_i/axi_smc/inst/switchboards/i_nodes/i_w_node/inst/inst_mi_handler/areset_r                                                                                |                1 |              2 |         2.00 |
|  design_1_i/clk_wizard_0/inst/clock_primitive_inst/clk_out1 | design_1_i/axi_uartlite_0/U0/AXI_LITE_IPIF_I/I_SLAVE_ATTACHMENT/bus2ip_addr_i[3]_i_1_n_0                                                                                   | design_1_i/axi_uartlite_0/U0/AXI_LITE_IPIF_I/I_SLAVE_ATTACHMENT/rst                                                                                                |                1 |              2 |         2.00 |
|  design_1_i/clk_wizard_0/inst/clock_primitive_inst/clk_out1 | design_1_i/axi_gpio_1/U0/AXI_LITE_IPIF_I/I_SLAVE_ATTACHMENT/is_read_i_1_n_0                                                                                                | design_1_i/axi_gpio_1/U0/AXI_LITE_IPIF_I/I_SLAVE_ATTACHMENT/SR[0]                                                                                                  |                1 |              2 |         2.00 |
|  design_1_i/clk_wizard_0/inst/clock_primitive_inst/clk_out1 | design_1_i/axi_gpio_1/U0/AXI_LITE_IPIF_I/I_SLAVE_ATTACHMENT/I_DECODER/E[0]                                                                                                 | design_1_i/axi_gpio_1/U0/AXI_LITE_IPIF_I/I_SLAVE_ATTACHMENT/SR[0]                                                                                                  |                1 |              2 |         2.00 |
|  design_1_i/clk_wizard_0/inst/clock_primitive_inst/clk_out1 | design_1_i/axi_gpio_0/U0/AXI_LITE_IPIF_I/I_SLAVE_ATTACHMENT/I_DECODER/E[0]                                                                                                 | design_1_i/axi_gpio_0/U0/AXI_LITE_IPIF_I/I_SLAVE_ATTACHMENT/SR[0]                                                                                                  |                1 |              2 |         2.00 |
|  design_1_i/clk_wizard_0/inst/clock_primitive_inst/clk_out1 | design_1_i/axi_gpio_0/U0/AXI_LITE_IPIF_I/I_SLAVE_ATTACHMENT/is_read_i_1_n_0                                                                                                | design_1_i/axi_gpio_0/U0/AXI_LITE_IPIF_I/I_SLAVE_ATTACHMENT/SR[0]                                                                                                  |                1 |              2 |         2.00 |
|  design_1_i/clk_wizard_0/inst/clock_primitive_inst/clk_out1 | design_1_i/axi_smc/inst/switchboards/i_nodes/i_r_node/inst/inst_mi_handler/gen_normal_area.gen_fi_regulator.inst_fi_regulator/allow_transfer_r_reg_2[0]                    | design_1_i/axi_smc/inst/switchboards/i_nodes/i_r_node/inst/inst_si_handler/areset_r                                                                                |                1 |              2 |         2.00 |
|  design_1_i/clk_wizard_0/inst/clock_primitive_inst/clk_out1 | design_1_i/axi_smc/inst/s00_entry_pipeline/s00_mmu/inst/aw_reg_stall/E[0]                                                                                                  | design_1_i/axi_smc/inst/s00_entry_pipeline/s00_mmu/inst/areset                                                                                                     |                2 |              2 |         1.00 |
|  design_1_i/clk_wizard_0/inst/clock_primitive_inst/clk_out1 | design_1_i/axi_smc/inst/switchboards/i_nodes/i_r_node/inst/inst_mi_handler/gen_normal_area.gen_fi_regulator.inst_fi_regulator/allow_transfer_r_reg_1[0]                    | design_1_i/axi_smc/inst/switchboards/i_nodes/i_r_node/inst/inst_si_handler/areset_r                                                                                |                1 |              2 |         2.00 |
|  design_1_i/clk_wizard_0/inst/clock_primitive_inst/clk_out1 | design_1_i/axi_smc/inst/s00_entry_pipeline/s00_mmu/inst/ar_reg_stall/E[0]                                                                                                  | design_1_i/axi_smc/inst/s00_entry_pipeline/s00_mmu/inst/areset                                                                                                     |                1 |              2 |         2.00 |
|  design_1_i/clk_wizard_0/inst/clock_primitive_inst/clk_out1 | design_1_i/axi_smc/inst/switchboards/i_nodes/i_r_node/inst/inst_mi_handler/gen_normal_area.gen_fi_regulator.inst_fi_regulator/E[0]                                         | design_1_i/axi_smc/inst/switchboards/i_nodes/i_r_node/inst/inst_si_handler/areset_r                                                                                |                1 |              2 |         2.00 |
|  design_1_i/clk_wizard_0/inst/clock_primitive_inst/clk_out1 | design_1_i/axi_smc/inst/s00_entry_pipeline/s00_si_converter/inst/gen_axilite_conv.axilite_conv_inst/m_r_pointer[1]_i_1_n_0                                                 | design_1_i/axi_smc/inst/s00_entry_pipeline/s00_si_converter/inst/areset                                                                                            |                1 |              2 |         2.00 |
|  design_1_i/clk_wizard_0/inst/clock_primitive_inst/clk_out1 | design_1_i/axi_smc/inst/s00_entry_pipeline/s00_si_converter/inst/gen_axilite_conv.axilite_conv_inst/r_state                                                                | design_1_i/axi_smc/inst/s00_entry_pipeline/s00_si_converter/inst/areset                                                                                            |                2 |              2 |         1.00 |
|  design_1_i/clk_wizard_0/inst/clock_primitive_inst/clk_out1 | design_1_i/axi_smc/inst/s00_entry_pipeline/s00_si_converter/inst/gen_axilite_conv.axilite_conv_inst/s_axi_rresp_i[1]_i_1_n_0                                               | design_1_i/axi_smc/inst/s00_entry_pipeline/s00_si_converter/inst/areset                                                                                            |                1 |              2 |         2.00 |
|  design_1_i/clk_wizard_0/inst/clock_primitive_inst/clk_out1 | design_1_i/axi_smc/inst/s00_entry_pipeline/s00_si_converter/inst/gen_axilite_conv.axilite_conv_inst/s_axi_bresp_i                                                          | design_1_i/axi_smc/inst/s00_entry_pipeline/s00_si_converter/inst/gen_axilite_conv.axilite_conv_inst/s_axi_bresp_i[1]_i_1_n_0                                       |                1 |              2 |         2.00 |
|  design_1_i/clk_wizard_0/inst/clock_primitive_inst/clk_out1 | design_1_i/axi_smc/inst/switchboards/i_nodes/i_b_node/inst/inst_mi_handler/gen_normal_area.gen_fi_regulator.inst_fi_regulator/E[0]                                         | design_1_i/axi_smc/inst/switchboards/i_nodes/i_b_node/inst/inst_si_handler/areset_r                                                                                |                1 |              2 |         2.00 |
|  design_1_i/clk_wizard_0/inst/clock_primitive_inst/clk_out1 |                                                                                                                                                                            | design_1_i/axi_smc/inst/switchboards/i_nodes/i_ar_node/inst/inst_mi_handler/areset_r                                                                               |                1 |              2 |         2.00 |
|  design_1_i/clk_wizard_0/inst/clock_primitive_inst/clk_out1 |                                                                                                                                                                            | design_1_i/axi_smc/inst/m00_exit_pipeline/m00_exit/inst/exit_inst/gen_w_cmd_reg.aresetn_d_reg_n_0_[0]                                                              |                1 |              2 |         2.00 |
|  design_1_i/clk_wizard_0/inst/clock_primitive_inst/clk_out1 |                                                                                                                                                                            | design_1_i/axi_smc/inst/m02_exit_pipeline/m02_exit/inst/areset                                                                                                     |                1 |              2 |         2.00 |
|  design_1_i/clk_wizard_0/inst/clock_primitive_inst/clk_out1 |                                                                                                                                                                            | design_1_i/axi_smc/inst/s00_entry_pipeline/s00_mmu/inst/gen_wroute_reg.wroute_split/m_ready_d[1]_i_1_n_0                                                           |                1 |              2 |         2.00 |
|  design_1_i/clk_wizard_0/inst/clock_primitive_inst/clk_out1 |                                                                                                                                                                            | design_1_i/axi_smc/inst/s00_entry_pipeline/s00_mmu/inst/areset_d                                                                                                   |                1 |              2 |         2.00 |
|  design_1_i/clk_wizard_0/inst/clock_primitive_inst/clk_out1 |                                                                                                                                                                            | design_1_i/axi_gpio_1/U0/gpio_core_1/Read_Reg_Rst__0                                                                                                               |                1 |              2 |         2.00 |
|  design_1_i/clk_wizard_0/inst/clock_primitive_inst/clk_out1 |                                                                                                                                                                            | design_1_i/axi_smc/inst/m01_exit_pipeline/m01_exit/inst/areset                                                                                                     |                1 |              2 |         2.00 |
|  design_1_i/clk_wizard_0/inst/clock_primitive_inst/clk_out1 |                                                                                                                                                                            | design_1_i/axi_smc/inst/s00_entry_pipeline/s00_transaction_regulator/inst/gen_endpoint.gen_w_singleorder.w_singleorder/gen_id_reg.aresetn_d_reg[0]_0               |                2 |              2 |         1.00 |
|  design_1_i/clk_wizard_0/inst/clock_primitive_inst/clk_out1 |                                                                                                                                                                            | design_1_i/axi_smc/inst/m02_exit_pipeline/m02_exit/inst/exit_inst/gen_w_cmd_reg.aresetn_d_reg_n_0_[0]                                                              |                1 |              2 |         2.00 |
|  design_1_i/clk_wizard_0/inst/clock_primitive_inst/clk_out1 |                                                                                                                                                                            | design_1_i/axi_smc/inst/m00_exit_pipeline/m00_exit/inst/areset                                                                                                     |                1 |              2 |         2.00 |
|  design_1_i/clk_wizard_0/inst/clock_primitive_inst/clk_out1 |                                                                                                                                                                            | design_1_i/axi_smc/inst/switchboards/i_nodes/i_aw_node/inst/inst_mi_handler/areset_r                                                                               |                1 |              2 |         2.00 |
|  design_1_i/clk_wizard_0/inst/clock_primitive_inst/clk_out1 |                                                                                                                                                                            | design_1_i/axi_smc/inst/m01_exit_pipeline/m01_exit/inst/exit_inst/gen_w_cmd_reg.aresetn_d_reg_n_0_[0]                                                              |                1 |              2 |         2.00 |
|  design_1_i/clk_wizard_0/inst/clock_primitive_inst/clk_out1 |                                                                                                                                                                            | design_1_i/axi_smc/inst/switchboards/i_nodes/i_b_node/inst/inst_mi_handler/areset_r                                                                                |                1 |              2 |         2.00 |
|  design_1_i/clk_wizard_0/inst/clock_primitive_inst/clk_out1 |                                                                                                                                                                            | design_1_i/axi_gpio_0/U0/gpio_core_1/Read_Reg_Rst__0                                                                                                               |                1 |              2 |         2.00 |
|  design_1_i/clk_wizard_0/inst/clock_primitive_inst/clk_out1 | design_1_i/axi_uartlite_0/U0/UARTLITE_CORE_I/UARTLITE_TX_I/mux_sel                                                                                                         | design_1_i/rst_versal_cips_0_295M/U0/interconnect_aresetn[0]                                                                                                       |                1 |              3 |         3.00 |
|  design_1_i/clk_wizard_0/inst/clock_primitive_inst/clk_out1 | design_1_i/axi_smc/inst/s00_entry_pipeline/s00_mmu/inst/aw_reg_stall/state                                                                                                 | design_1_i/axi_smc/inst/s00_entry_pipeline/s00_mmu/inst/areset                                                                                                     |                1 |              3 |         3.00 |
|  design_1_i/clk_wizard_0/inst/clock_primitive_inst/clk_out1 | design_1_i/axi_smc/inst/switchboards/i_nodes/i_b_node/inst/inst_si_handler/gen_si_handler.gen_request_counters.gen_req_counter[1].inst_req_counter/E[0]                    | design_1_i/axi_smc/inst/switchboards/i_nodes/i_b_node/inst/inst_si_handler/areset_r                                                                                |                1 |              3 |         3.00 |
|  design_1_i/clk_wizard_0/inst/clock_primitive_inst/clk_out1 | design_1_i/axi_smc/inst/s00_entry_pipeline/s00_si_converter/inst/gen_axilite_conv.axilite_conv_inst/aw_incr[2]_i_1_n_0                                                     | design_1_i/axi_smc/inst/s00_entry_pipeline/s00_si_converter/inst/areset                                                                                            |                2 |              3 |         1.50 |
|  design_1_i/clk_wizard_0/inst/clock_primitive_inst/clk_out1 | design_1_i/axi_smc/inst/switchboards/i_nodes/i_r_node/inst/inst_mi_handler/gen_normal_area.gen_fi_regulator.inst_fi_regulator/allow_transfer_r_reg_0                       | design_1_i/axi_smc/inst/switchboards/i_nodes/i_r_node/inst/inst_si_handler/gen_si_handler.gen_request_counters.gen_req_counter[2].inst_req_counter/areset_r_reg[0] |                2 |              3 |         1.50 |
|  design_1_i/clk_wizard_0/inst/clock_primitive_inst/clk_out1 | design_1_i/axi_smc/inst/s00_entry_pipeline/s00_mmu/inst/wroute_vacancy                                                                                                     |                                                                                                                                                                    |                1 |              3 |         3.00 |
|  design_1_i/clk_wizard_0/inst/clock_primitive_inst/clk_out1 | design_1_i/axi_smc/inst/s00_entry_pipeline/s00_mmu/inst/gen_endpoint.decerr_slave_inst/gen_axi.gen_write.write_cs                                                          | design_1_i/axi_smc/inst/s00_entry_pipeline/s00_mmu/inst/areset                                                                                                     |                2 |              3 |         1.50 |
|  design_1_i/clk_wizard_0/inst/clock_primitive_inst/clk_out1 | design_1_i/axi_smc/inst/s00_entry_pipeline/s00_mmu/inst/ar_reg_stall/state                                                                                                 | design_1_i/axi_smc/inst/s00_entry_pipeline/s00_mmu/inst/areset                                                                                                     |                1 |              3 |         3.00 |
|  design_1_i/clk_wizard_0/inst/clock_primitive_inst/clk_out1 | design_1_i/axi_gpio_0/U0/AXI_LITE_IPIF_I/I_SLAVE_ATTACHMENT/s_axi_rresp_i                                                                                                  | design_1_i/axi_gpio_0/U0/AXI_LITE_IPIF_I/I_SLAVE_ATTACHMENT/SR[0]                                                                                                  |                1 |              3 |         3.00 |
|  design_1_i/clk_wizard_0/inst/clock_primitive_inst/clk_out1 | design_1_i/axi_smc/inst/switchboards/i_nodes/i_b_node/inst/inst_mi_handler/gen_normal_area.gen_fi_regulator.inst_fi_regulator/allow_transfer_r_reg_0                       | design_1_i/axi_smc/inst/switchboards/i_nodes/i_b_node/inst/inst_si_handler/gen_si_handler.gen_request_counters.gen_req_counter[2].inst_req_counter/areset_r_reg[0] |                1 |              3 |         3.00 |
|  design_1_i/clk_wizard_0/inst/clock_primitive_inst/clk_out1 | design_1_i/axi_gpio_1/U0/AXI_LITE_IPIF_I/I_SLAVE_ATTACHMENT/s_axi_rresp_i                                                                                                  | design_1_i/axi_gpio_1/U0/AXI_LITE_IPIF_I/I_SLAVE_ATTACHMENT/SR[0]                                                                                                  |                1 |              3 |         3.00 |
|  design_1_i/clk_wizard_0/inst/clock_primitive_inst/clk_out1 |                                                                                                                                                                            | design_1_i/axi_smc/inst/switchboards/i_nodes/i_r_node/inst/inst_si_handler/areset_r                                                                                |                2 |              3 |         1.50 |
|  design_1_i/clk_wizard_0/inst/clock_primitive_inst/clk_out1 |                                                                                                                                                                            | design_1_i/axi_smc/inst/switchboards/i_nodes/i_b_node/inst/inst_si_handler/areset_r                                                                                |                2 |              3 |         1.50 |
|  design_1_i/clk_wizard_0/inst/clock_primitive_inst/clk_out1 | design_1_i/axi_smc/inst/switchboards/i_nodes/i_r_node/inst/inst_si_handler/gen_si_handler.gen_request_counters.gen_req_counter[1].inst_req_counter/E[0]                    | design_1_i/axi_smc/inst/switchboards/i_nodes/i_r_node/inst/inst_si_handler/areset_r                                                                                |                1 |              3 |         3.00 |
|  design_1_i/clk_wizard_0/inst/clock_primitive_inst/clk_out1 | design_1_i/axi_smc/inst/s00_entry_pipeline/s00_si_converter/inst/gen_axilite_conv.axilite_conv_inst/w_state                                                                | design_1_i/axi_smc/inst/s00_entry_pipeline/s00_si_converter/inst/areset                                                                                            |                1 |              3 |         3.00 |
|  design_1_i/clk_wizard_0/inst/clock_primitive_inst/clk_out1 | design_1_i/axi_smc/inst/s00_entry_pipeline/s00_si_converter/inst/gen_axilite_conv.axilite_conv_inst/w_pointer[3]_i_1_n_0                                                   | design_1_i/axi_smc/inst/s00_entry_pipeline/s00_si_converter/inst/areset                                                                                            |                1 |              4 |         4.00 |
|  design_1_i/clk_wizard_0/inst/clock_primitive_inst/clk_out1 |                                                                                                                                                                            | design_1_i/axi_smc/inst/clk_map/psr_aclk/U0/EXT_LPF/lpf_int                                                                                                        |                1 |              4 |         4.00 |
|  design_1_i/clk_wizard_0/inst/clock_primitive_inst/clk_out1 | design_1_i/axi_uartlite_0/U0/UARTLITE_CORE_I/BAUD_RATE_I/en_16x_Baud                                                                                                       |                                                                                                                                                                    |                1 |              4 |         4.00 |
|  design_1_i/clk_wizard_0/inst/clock_primitive_inst/clk_out1 | design_1_i/axi_smc/inst/s00_entry_pipeline/s00_si_converter/inst/gen_axilite_conv.axilite_conv_inst/s_r_pointer[3]_i_1_n_0                                                 | design_1_i/axi_smc/inst/s00_entry_pipeline/s00_si_converter/inst/areset                                                                                            |                1 |              4 |         4.00 |
|  design_1_i/clk_wizard_0/inst/clock_primitive_inst/clk_out1 |                                                                                                                                                                            | design_1_i/axi_gpio_1/U0/AXI_LITE_IPIF_I/I_SLAVE_ATTACHMENT/clear                                                                                                  |                1 |              4 |         4.00 |
|  design_1_i/clk_wizard_0/inst/clock_primitive_inst/clk_out1 |                                                                                                                                                                            | design_1_i/axi_gpio_0/U0/AXI_LITE_IPIF_I/I_SLAVE_ATTACHMENT/clear                                                                                                  |                1 |              4 |         4.00 |
|  design_1_i/clk_wizard_0/inst/clock_primitive_inst/clk_out1 | design_1_i/axi_uartlite_0/U0/AXI_LITE_IPIF_I/I_SLAVE_ATTACHMENT/start2                                                                                                     | design_1_i/axi_uartlite_0/U0/AXI_LITE_IPIF_I/I_SLAVE_ATTACHMENT/I_DECODER/cs_ce_clr                                                                                |                1 |              4 |         4.00 |
|  design_1_i/clk_wizard_0/inst/clock_primitive_inst/clk_out1 | design_1_i/axi_gpio_0/U0/AXI_LITE_IPIF_I/I_SLAVE_ATTACHMENT/start2                                                                                                         | design_1_i/axi_gpio_0/U0/AXI_LITE_IPIF_I/I_SLAVE_ATTACHMENT/I_DECODER/cs_ce_clr                                                                                    |                1 |              4 |         4.00 |
|  design_1_i/clk_wizard_0/inst/clock_primitive_inst/clk_out1 | design_1_i/axi_gpio_0/U0/AXI_LITE_IPIF_I/I_SLAVE_ATTACHMENT/bus2ip_addr_i[8]_i_1_n_0                                                                                       | design_1_i/axi_gpio_0/U0/AXI_LITE_IPIF_I/I_SLAVE_ATTACHMENT/SR[0]                                                                                                  |                2 |              4 |         2.00 |
|  design_1_i/clk_wizard_0/inst/clock_primitive_inst/clk_out1 | design_1_i/axi_gpio_1/U0/AXI_LITE_IPIF_I/I_SLAVE_ATTACHMENT/start2                                                                                                         | design_1_i/axi_gpio_1/U0/AXI_LITE_IPIF_I/I_SLAVE_ATTACHMENT/I_DECODER/cs_ce_clr                                                                                    |                1 |              4 |         4.00 |
|  design_1_i/clk_wizard_0/inst/clock_primitive_inst/clk_out1 | design_1_i/axi_gpio_1/U0/AXI_LITE_IPIF_I/I_SLAVE_ATTACHMENT/bus2ip_addr_i[8]_i_1_n_0                                                                                       | design_1_i/axi_gpio_1/U0/AXI_LITE_IPIF_I/I_SLAVE_ATTACHMENT/SR[0]                                                                                                  |                1 |              4 |         4.00 |
|  design_1_i/clk_wizard_0/inst/clock_primitive_inst/clk_out1 |                                                                                                                                                                            | design_1_i/rst_versal_cips_0_295M/U0/EXT_LPF/lpf_int                                                                                                               |                1 |              4 |         4.00 |
|  design_1_i/clk_wizard_0/inst/clock_primitive_inst/clk_out1 | design_1_i/axi_smc/inst/switchboards/i_nodes/i_ar_node/inst/inst_mi_handler/gen_normal_area.inst_fifo_node_payld/gen_reg_fifo.inst_reg_fifo/gen_single_rank.inst_cntr/E[0] |                                                                                                                                                                    |                3 |              6 |         2.00 |
|  design_1_i/clk_wizard_0/inst/clock_primitive_inst/clk_out1 | design_1_i/axi_smc/inst/switchboards/i_nodes/i_aw_node/inst/inst_mi_handler/gen_normal_area.inst_fifo_node_payld/gen_reg_fifo.inst_reg_fifo/gen_single_rank.inst_cntr/E[0] |                                                                                                                                                                    |                2 |              6 |         3.00 |
|  design_1_i/clk_wizard_0/inst/clock_primitive_inst/clk_out1 | design_1_i/axi_smc/inst/s00_entry_pipeline/s00_si_converter/inst/gen_axilite_conv.axilite_conv_inst/m_axi_arprot_i[2]_i_1_n_0                                              | design_1_i/axi_smc/inst/s00_entry_pipeline/s00_si_converter/inst/areset                                                                                            |                2 |              6 |         3.00 |
|  design_1_i/clk_wizard_0/inst/clock_primitive_inst/clk_out1 | design_1_i/rst_versal_cips_0_295M/U0/SEQ/seq_cnt_en                                                                                                                        | design_1_i/rst_versal_cips_0_295M/U0/SEQ/seq_clr                                                                                                                   |                1 |              6 |         6.00 |
|  design_1_i/clk_wizard_0/inst/clock_primitive_inst/clk_out1 | design_1_i/axi_smc/inst/clk_map/psr_aclk/U0/SEQ/seq_cnt_en                                                                                                                 | design_1_i/axi_smc/inst/clk_map/psr_aclk/U0/SEQ/seq_clr                                                                                                            |                1 |              6 |         6.00 |
|  design_1_i/clk_wizard_0/inst/clock_primitive_inst/clk_out1 |                                                                                                                                                                            | design_1_i/axi_uartlite_0/U0/UARTLITE_CORE_I/UARTLITE_TX_I/SRL_FIFO_I/I_SRL_FIFO_RBU_F/CNTR_INCR_DECR_ADDN_F_I/SS[0]                                               |                2 |              6 |         3.00 |
|  design_1_i/clk_wizard_0/inst/clock_primitive_inst/clk_out1 |                                                                                                                                                                            | design_1_i/axi_uartlite_0/U0/UARTLITE_CORE_I/UARTLITE_RX_I/SRL_FIFO_I/I_SRL_FIFO_RBU_F/CNTR_INCR_DECR_ADDN_F_I/SS[0]                                               |                2 |              6 |         3.00 |
|  design_1_i/clk_wizard_0/inst/clock_primitive_inst/clk_out1 | design_1_i/axi_smc/inst/s00_entry_pipeline/s00_si_converter/inst/gen_axilite_conv.axilite_conv_inst/w_size_mask[0]_i_1_n_0                                                 |                                                                                                                                                                    |                2 |              6 |         3.00 |
|  design_1_i/clk_wizard_0/inst/clock_primitive_inst/clk_out1 | design_1_i/axi_uartlite_0/U0/UARTLITE_CORE_I/BAUD_RATE_I/en_16x_Baud                                                                                                       | design_1_i/axi_uartlite_0/U0/UARTLITE_CORE_I/UARTLITE_RX_I/SERIAL_TO_PARALLEL[8].fifo_din[8]_i_1_n_0                                                               |                1 |              7 |         7.00 |
|  design_1_i/clk_wizard_0/inst/clock_primitive_inst/clk_out1 | design_1_i/axi_smc/inst/s00_entry_pipeline/s00_si_converter/inst/gen_axilite_conv.axilite_conv_inst/ar_addr_d[8]_i_1_n_0                                                   | design_1_i/axi_smc/inst/s00_entry_pipeline/s00_si_converter/inst/areset                                                                                            |                2 |              7 |         3.50 |
|  design_1_i/clk_wizard_0/inst/clock_primitive_inst/clk_out1 | design_1_i/axi_smc/inst/s00_entry_pipeline/s00_si_converter/inst/gen_axilite_conv.axilite_conv_inst/r_beats[7]_i_1_n_0                                                     | design_1_i/axi_smc/inst/s00_entry_pipeline/s00_si_converter/inst/areset                                                                                            |                2 |              8 |         4.00 |
|  design_1_i/clk_wizard_0/inst/clock_primitive_inst/clk_out1 | design_1_i/axi_uartlite_0/U0/UARTLITE_CORE_I/UARTLITE_RX_I/SRL_FIFO_I/I_SRL_FIFO_RBU_F/DYNSHREG_F_I/fifo_wr                                                                |                                                                                                                                                                    |                1 |              8 |         8.00 |
|  design_1_i/clk_wizard_0/inst/clock_primitive_inst/clk_out1 | design_1_i/axi_smc/inst/switchboards/i_nodes/i_w_node/inst/inst_mi_handler/gen_normal_area.inst_fifo_node_payld/gen_reg_fifo.inst_reg_fifo/gen_single_rank.inst_cntr/E[0]  |                                                                                                                                                                    |                2 |              8 |         4.00 |
|  design_1_i/clk_wizard_0/inst/clock_primitive_inst/clk_out1 | design_1_i/axi_smc/inst/s00_entry_pipeline/s00_mmu/inst/gen_endpoint.decerr_slave_inst/gen_axi.gen_read.read_cnt[7]_i_1_n_0                                                | design_1_i/axi_smc/inst/s00_entry_pipeline/s00_mmu/inst/areset                                                                                                     |                2 |              8 |         4.00 |
|  design_1_i/clk_wizard_0/inst/clock_primitive_inst/clk_out1 |                                                                                                                                                                            | design_1_i/axi_smc/inst/s00_entry_pipeline/s00_mmu/inst/areset                                                                                                     |                5 |              8 |         1.60 |
|  design_1_i/clk_wizard_0/inst/clock_primitive_inst/clk_out1 | design_1_i/axi_smc/inst/s00_entry_pipeline/s00_si_converter/inst/gen_axilite_conv.axilite_conv_inst/aw_addr[8]_i_1_n_0                                                     | design_1_i/axi_smc/inst/s00_entry_pipeline/s00_si_converter/inst/areset                                                                                            |                3 |              9 |         3.00 |
|  design_1_i/clk_wizard_0/inst/clock_primitive_inst/clk_out1 | design_1_i/axi_uartlite_0/U0/AXI_LITE_IPIF_I/I_SLAVE_ATTACHMENT/s_axi_rresp_i                                                                                              | design_1_i/axi_uartlite_0/U0/AXI_LITE_IPIF_I/I_SLAVE_ATTACHMENT/rst                                                                                                |                2 |              9 |         4.50 |
|  design_1_i/clk_wizard_0/inst/clock_primitive_inst/clk_out1 |                                                                                                                                                                            | design_1_i/axi_uartlite_0/U0/AXI_LITE_IPIF_I/I_SLAVE_ATTACHMENT/rst                                                                                                |                3 |              9 |         3.00 |
|  design_1_i/clk_wizard_0/inst/clock_primitive_inst/clk_out1 | design_1_i/axi_smc/inst/s00_entry_pipeline/s00_si_converter/inst/gen_axilite_conv.axilite_conv_inst/ar_cnt[9]_i_1_n_0                                                      | design_1_i/axi_smc/inst/s00_entry_pipeline/s00_si_converter/inst/areset                                                                                            |                6 |             10 |         1.67 |
|  design_1_i/clk_wizard_0/inst/clock_primitive_inst/clk_out1 | design_1_i/axi_smc/inst/s00_entry_pipeline/s00_si_converter/inst/gen_axilite_conv.axilite_conv_inst/w_cnt[10]_i_1_n_0                                                      | design_1_i/axi_smc/inst/s00_entry_pipeline/s00_si_converter/inst/areset                                                                                            |                3 |             11 |         3.67 |
|  design_1_i/clk_wizard_0/inst/clock_primitive_inst/clk_out1 | design_1_i/axi_smc/inst/s00_entry_pipeline/s00_si_converter/inst/gen_axilite_conv.axilite_conv_inst/r_cnt[10]_i_1_n_0                                                      | design_1_i/axi_smc/inst/s00_entry_pipeline/s00_si_converter/inst/areset                                                                                            |                7 |             11 |         1.57 |
|  design_1_i/clk_wizard_0/inst/clock_primitive_inst/clk_out1 | design_1_i/axi_smc/inst/s00_entry_pipeline/s00_si_converter/inst/gen_axilite_conv.axilite_conv_inst/b_cnt                                                                  | design_1_i/axi_smc/inst/s00_entry_pipeline/s00_si_converter/inst/gen_axilite_conv.axilite_conv_inst/b_cnt[10]_i_1_n_0                                              |                3 |             11 |         3.67 |
|  design_1_i/clk_wizard_0/inst/clock_primitive_inst/clk_out1 |                                                                                                                                                                            | design_1_i/axi_smc/inst/s00_entry_pipeline/s00_si_converter/inst/areset                                                                                            |                8 |             12 |         1.50 |
|  design_1_i/clk_wizard_0/inst/clock_primitive_inst/clk_out1 | design_1_i/axi_smc/inst/s00_entry_pipeline/s00_transaction_regulator/inst/gen_endpoint.gen_r_singleorder.r_singleorder/gen_id_reg.s_rid_i0                                 |                                                                                                                                                                    |                8 |             16 |         2.00 |
|  design_1_i/clk_wizard_0/inst/clock_primitive_inst/clk_out1 |                                                                                                                                                                            | design_1_i/axi_gpio_1/U0/AXI_LITE_IPIF_I/I_SLAVE_ATTACHMENT/SR[0]                                                                                                  |                5 |             16 |         3.20 |
|  design_1_i/clk_wizard_0/inst/clock_primitive_inst/clk_out1 | design_1_i/axi_smc/inst/s00_entry_pipeline/s00_transaction_regulator/inst/gen_endpoint.gen_w_singleorder.w_singleorder/gen_id_reg.s_rid_i0                                 |                                                                                                                                                                    |                5 |             16 |         3.20 |
|  design_1_i/clk_wizard_0/inst/clock_primitive_inst/clk_out1 | design_1_i/axi_smc/inst/s00_entry_pipeline/s00_mmu/inst/gen_endpoint.decerr_slave_inst/gen_axi.gen_read.s_axi_rid_i[15]_i_1_n_0                                            | design_1_i/axi_smc/inst/s00_entry_pipeline/s00_mmu/inst/areset                                                                                                     |                4 |             16 |         4.00 |
|  design_1_i/clk_wizard_0/inst/clock_primitive_inst/clk_out1 | design_1_i/axi_smc/inst/s00_entry_pipeline/s00_mmu/inst/gen_endpoint.decerr_slave_inst/gen_axi.gen_write.s_axi_bid_i[15]_i_1_n_0                                           | design_1_i/axi_smc/inst/s00_entry_pipeline/s00_mmu/inst/areset                                                                                                     |                7 |             16 |         2.29 |
|  design_1_i/clk_wizard_0/inst/clock_primitive_inst/clk_out1 |                                                                                                                                                                            | design_1_i/axi_gpio_0/U0/AXI_LITE_IPIF_I/I_SLAVE_ATTACHMENT/SR[0]                                                                                                  |                3 |             16 |         5.33 |
|  design_1_i/clk_wizard_0/inst/clock_primitive_inst/clk_out1 |                                                                                                                                                                            | design_1_i/rst_versal_cips_0_295M/U0/interconnect_aresetn[0]                                                                                                       |                6 |             23 |         3.83 |
|  design_1_i/clk_wizard_0/inst/clock_primitive_inst/clk_out1 | design_1_i/axi_uartlite_0/U0/UARTLITE_CORE_I/BAUD_RATE_I/en_16x_Baud                                                                                                       | design_1_i/rst_versal_cips_0_295M/U0/interconnect_aresetn[0]                                                                                                       |                4 |             28 |         7.00 |
|  design_1_i/clk_wizard_0/inst/clock_primitive_inst/clk_out1 | design_1_i/axi_smc/inst/s00_entry_pipeline/s00_mmu/inst/aw_reg_stall/m_vector_i[1136]_i_1__0_n_0                                                                           |                                                                                                                                                                    |               10 |             31 |         3.10 |
|  design_1_i/clk_wizard_0/inst/clock_primitive_inst/clk_out1 | design_1_i/axi_smc/inst/s00_entry_pipeline/s00_si_converter/inst/gen_axilite_conv.axilite_conv_inst/p_0_in__0[127]                                                         | design_1_i/axi_smc/inst/s00_entry_pipeline/s00_si_converter/inst/areset                                                                                            |               12 |             32 |         2.67 |
|  design_1_i/clk_wizard_0/inst/clock_primitive_inst/clk_out1 | design_1_i/axi_smc/inst/s00_entry_pipeline/s00_si_converter/inst/gen_axilite_conv.axilite_conv_inst/p_0_in__0[95]                                                          | design_1_i/axi_smc/inst/s00_entry_pipeline/s00_si_converter/inst/areset                                                                                            |               11 |             32 |         2.91 |
|  design_1_i/clk_wizard_0/inst/clock_primitive_inst/clk_out1 | design_1_i/axi_smc/inst/s00_entry_pipeline/s00_si_converter/inst/gen_axilite_conv.axilite_conv_inst/p_0_in__0[63]                                                          | design_1_i/axi_smc/inst/s00_entry_pipeline/s00_si_converter/inst/areset                                                                                            |               14 |             32 |         2.29 |
|  design_1_i/clk_wizard_0/inst/clock_primitive_inst/clk_out1 | design_1_i/axi_smc/inst/s00_entry_pipeline/s00_si_converter/inst/gen_axilite_conv.axilite_conv_inst/p_0_in__0[31]                                                          | design_1_i/axi_smc/inst/s00_entry_pipeline/s00_si_converter/inst/areset                                                                                            |                9 |             32 |         3.56 |
|  design_1_i/clk_wizard_0/inst/clock_primitive_inst/clk_out1 | design_1_i/axi_smc/inst/switchboards/i_nodes/i_r_node/inst/inst_si_handler/gen_si_handler.gen_arbiter_rr_minimal_area.inst_arbiter/grant_i_reg[2]_1[0]                     |                                                                                                                                                                    |               11 |             33 |         3.00 |
|  design_1_i/clk_wizard_0/inst/clock_primitive_inst/clk_out1 | design_1_i/axi_smc/inst/s00_entry_pipeline/s00_mmu/inst/ar_reg_stall/m_vector_i[1136]_i_1_n_0                                                                              |                                                                                                                                                                    |               19 |             39 |         2.05 |
|  design_1_i/clk_wizard_0/inst/clock_primitive_inst/clk_out1 |                                                                                                                                                                            | design_1_i/axi_smc/inst/clk_map/psr_aclk/U0/interconnect_aresetn[0]                                                                                                |               31 |             93 |         3.00 |
|  design_1_i/clk_wizard_0/inst/clock_primitive_inst/clk_out1 |                                                                                                                                                                            |                                                                                                                                                                    |               34 |            123 |         3.62 |
+-------------------------------------------------------------+----------------------------------------------------------------------------------------------------------------------------------------------------------------------------+--------------------------------------------------------------------------------------------------------------------------------------------------------------------+------------------+----------------+--------------+


