Copyright 1986-2022 Xilinx, Inc. All Rights Reserved.
---------------------------------------------------------------------------------------------------
| Tool Version      : Vivado v.2022.1 (lin64) Build 3526262 Mon Apr 18 15:47:01 MDT 2022
| Date              : Wed Feb 12 18:43:29 2025
| Host              : dewsjoe-HP-Z440-Workstation running 64-bit Ubuntu 22.04.5 LTS
| Command           : report_clock_utilization -file design_1_wrapper_clock_utilization_routed.rpt
| Design            : design_1_wrapper
| Device            : xcvc1902-vsva2197
| Speed File        : -2MP  PRODUCTION 2.08 2022-03-27
| Temperature Grade : E
| Design State      : Routed
| GCLK Deskew       : Off
---------------------------------------------------------------------------------------------------

Clock Utilization Report

Table of Contents
-----------------
1. Clock Primitive Utilization
2. Global Clock Resources
3. Global Clock Source Details
4. Local Clock Details
5. Clock Regions : Clock Primitives
6. Clock Regions : Load Primitives
7. Clock Regions : Global Clock Summary
8. Clock Regions : Routing Resource Utilization
9. Device Cell Placement Summary for Global Clock g0
10. Device Cell Placement Summary for Global Clock g1
11. Clock Region Cell Placement per Global Clock: Region X8Y0
12. Clock Region Cell Placement per Global Clock: Region X1Y1

1. Clock Primitive Utilization
------------------------------

+------------------+------+-----------+-----+--------------+--------+
| Type             | Used | Available | LOC | Clock Region | Pblock |
+------------------+------+-----------+-----+--------------+--------+
| (M)BUFGCE        |    1 |       296 |   0 |            0 |      0 |
| (M)BUFGCE_DIV    |    0 |        40 |   0 |            0 |      0 |
| (M)BUFGCTRL      |    0 |        80 |   0 |            0 |      0 |
| BUFG_FABRIC      |    0 |       384 |   0 |            0 |      0 |
| (M)BUFG_GT       |    0 |       168 |   0 |            0 |      0 |
| DPLL             |    0 |        25 |   0 |            0 |      0 |
|   DPLL (BUFGCE)  |    0 |        14 |   0 |            0 |      0 |
|   DPLL (BUFG_GT) |    0 |        11 |   0 |            0 |      0 |
| MMCM             |    1 |        12 |   0 |            0 |      0 |
| XPLL             |    3 |        24 |   3 |            0 |      2 |
+------------------+------+-----------+-----+--------------+--------+


2. Global Clock Resources
-------------------------

+-----------+-----------+-----------------+------------+--------------+--------------+------+-------------+-------------------+-------------------+-------------+-----------------+--------------+-------------------+----------------------------------------------------------------------------+------------------------------------------------------------+
| Global Id | Source Id | Driver Type/Pin | Constraint | Site         | Clock Region | Root | GCLK Deskew | Clock Delay Group | Load Clock Region | Clock Loads | Non-Clock Loads | Clock Period | Clock             | Driver Pin                                                                 | Net                                                        |
+-----------+-----------+-----------------+------------+--------------+--------------+------+-------------+-------------------+-------------------+-------------+-----------------+--------------+-------------------+----------------------------------------------------------------------------+------------------------------------------------------------+
| g0        | src0      | BUFGCE/O        | None       | BUFGCE_X8Y11 | X8Y0         | X1Y1 | Off         |                   |                 2 |         966 |               0 |        3.333 | clkout1_primitive | design_1_i/clk_wizard_0/inst/clock_primitive_inst/BUFG_clkout1_inst/O      | design_1_i/clk_wizard_0/inst/clock_primitive_inst/clk_out1 |
| g1        | src1      | BUFG_PS/O       | None       | BUFG_PS_X0Y6 | X1Y1         | X7Y1 | Off         | n/a               |                 1 |           0 |               1 |        3.380 | clk_pl_0          | design_1_i/versal_cips_0/inst/pspmc_0/inst/buffer_pl_clk_0.PL_CLK_0_BUFG/O | design_1_i/versal_cips_0/inst/pspmc_0/inst/pl0_ref_clk     |
+-----------+-----------+-----------------+------------+--------------+--------------+------+-------------+-------------------+-------------------+-------------+-----------------+--------------+-------------------+----------------------------------------------------------------------------+------------------------------------------------------------+
* Clock Loads column represents the clock pin loads (pin count). Internal cell leaf pins are not counted
** Non-Clock Loads column represents the non-clock pin loads (pin count)
*** In GCLK Deskew column, symbol '*' indicates non-default GCLK Deskew value using GCLK_DESKEW property on net


3. Global Clock Source Details
------------------------------

+-----------+-----------+-------------------+------------+-----------+--------------+-------------+-----------------+---------------------+-------------------+-----------------------------------------------------------------------+---------------------------------------------------------------------+
| Source Id | Global Id | Driver Type/Pin   | Constraint | Site      | Clock Region | Clock Loads | Non-Clock Loads | Source Clock Period | Source Clock      | Driver Pin                                                            | Net                                                                 |
+-----------+-----------+-------------------+------------+-----------+--------------+-------------+-----------------+---------------------+-------------------+-----------------------------------------------------------------------+---------------------------------------------------------------------+
| src0      | g0        | MMCME5/CLKOUT0    | None       | MMCM_X8Y0 | X8Y0         |           1 |               0 |               3.333 | clkout1_primitive | design_1_i/clk_wizard_0/inst/clock_primitive_inst/MMCME5_inst/CLKOUT0 | design_1_i/clk_wizard_0/inst/clock_primitive_inst/clkout1_primitive |
| src1      | g1        | PS9/PMCRCLKCLK[0] | PS9_X0Y0   | PS9_X0Y0  | X0Y1         |           1 |               0 |               3.380 | clk_pl_0          | design_1_i/versal_cips_0/inst/pspmc_0/inst/PS9_inst/PMCRCLKCLK[0]     | design_1_i/versal_cips_0/inst/pspmc_0/inst/pmc_pl_ref_clk[0]        |
+-----------+-----------+-------------------+------------+-----------+--------------+-------------+-----------------+---------------------+-------------------+-----------------------------------------------------------------------+---------------------------------------------------------------------+
* Clock Loads column represents the clock pin loads (pin count). Internal cell leaf pins are not counted
** Non-Clock Loads column represents the non-clock pin loads (pin count)


4. Local Clock Details
----------------------

+----------+-----------------------+------------+-----------------+--------------+-------------+-----------------+--------------+-------------------------+----------------------------------------------------------------------------------------------------------------------+-------------------------------------------------------------------------------------------------+
| Local Id | Driver Type/Pin       | Constraint | Site/BEL        | Clock Region | Clock Loads | Non-Clock Loads | Clock Period | Clock                   | Driver Pin                                                                                                           | Net                                                                                             |
+----------+-----------------------+------------+-----------------+--------------+-------------+-----------------+--------------+-------------------------+----------------------------------------------------------------------------------------------------------------------+-------------------------------------------------------------------------------------------------||
| 0        | XPLL/CLKOUT2          | XPLL_X2Y0  | XPLL_X2Y0/XPLL  | X1Y0         |          23 |               0 |        1.250 | bank1_xpll0_fifo_rd_clk | design_1_i/axi_noc_0/inst/MC0_ddrc/inst/noc_ddr4_phy/inst/u_xpll0_bank1/CLKOUT2                                      | design_1_i/axi_noc_0/inst/MC0_ddrc/inst/noc_ddr4_phy/inst/bank1_xpll0_fifo_rd_clk               - Static -
| 1        | XPHY/CLK_TO_LOWER     | XPHY_X2Y0  | XPHY_X2Y0/XPHY  | X0Y0         |           1 |               0 |              |                         | design_1_i/axi_noc_0/inst/MC0_ddrc/inst/noc_ddr4_phy/inst/BANK_WRAPPER_INST0/NIBBLE[2].UNISIM.I_XPHY/CLK_TO_LOWER    | design_1_i/axi_noc_0/inst/MC0_ddrc/inst/noc_ddr4_phy/inst/BANK_WRAPPER_INST0/CLK_TO_LOWER[2]    - Static -
| 2        | XPHY/CLK_TO_LOWER     | XPHY_X3Y0  | XPHY_X3Y0/XPHY  | X0Y0         |           1 |               0 |              |                         | design_1_i/axi_noc_0/inst/MC0_ddrc/inst/noc_ddr4_phy/inst/BANK_WRAPPER_INST0/NIBBLE[3].UNISIM.I_XPHY/CLK_TO_LOWER    | design_1_i/axi_noc_0/inst/MC0_ddrc/inst/noc_ddr4_phy/inst/BANK_WRAPPER_INST0/CLK_TO_LOWER[3]    - Static -
| 3        | XPHY/CLK_TO_LOWER     | XPHY_X5Y0  | XPHY_X5Y0/XPHY  | X0Y0         |           1 |               0 |              |                         | design_1_i/axi_noc_0/inst/MC0_ddrc/inst/noc_ddr4_phy/inst/BANK_WRAPPER_INST0/NIBBLE[4].UNISIM.I_XPHY/CLK_TO_LOWER    | design_1_i/axi_noc_0/inst/MC0_ddrc/inst/noc_ddr4_phy/inst/BANK_WRAPPER_INST0/CLK_TO_LOWER[4]    - Static -
| 4        | XPHY/CLK_TO_LOWER     | XPHY_X6Y0  | XPHY_X6Y0/XPHY  | X0Y0         |           1 |               0 |              |                         | design_1_i/axi_noc_0/inst/MC0_ddrc/inst/noc_ddr4_phy/inst/BANK_WRAPPER_INST0/NIBBLE[5].UNISIM.I_XPHY/CLK_TO_LOWER    | design_1_i/axi_noc_0/inst/MC0_ddrc/inst/noc_ddr4_phy/inst/BANK_WRAPPER_INST0/CLK_TO_LOWER[5]    - Static -
| 5        | XPHY/CLK_TO_UPPER     | XPHY_X2Y0  | XPHY_X2Y0/XPHY  | X0Y0         |           1 |               0 |              |                         | design_1_i/axi_noc_0/inst/MC0_ddrc/inst/noc_ddr4_phy/inst/BANK_WRAPPER_INST0/NIBBLE[2].UNISIM.I_XPHY/CLK_TO_UPPER    | design_1_i/axi_noc_0/inst/MC0_ddrc/inst/noc_ddr4_phy/inst/BANK_WRAPPER_INST0/CLK_TO_UPPER[2]    - Static -
| 6        | XPHY/CLK_TO_UPPER     | XPHY_X3Y0  | XPHY_X3Y0/XPHY  | X0Y0         |           1 |               0 |              |                         | design_1_i/axi_noc_0/inst/MC0_ddrc/inst/noc_ddr4_phy/inst/BANK_WRAPPER_INST0/NIBBLE[3].UNISIM.I_XPHY/CLK_TO_UPPER    | design_1_i/axi_noc_0/inst/MC0_ddrc/inst/noc_ddr4_phy/inst/BANK_WRAPPER_INST0/CLK_TO_UPPER[3]    - Static -
| 7        | XPHY/CLK_TO_UPPER     | XPHY_X5Y0  | XPHY_X5Y0/XPHY  | X0Y0         |           1 |               0 |              |                         | design_1_i/axi_noc_0/inst/MC0_ddrc/inst/noc_ddr4_phy/inst/BANK_WRAPPER_INST0/NIBBLE[4].UNISIM.I_XPHY/CLK_TO_UPPER    | design_1_i/axi_noc_0/inst/MC0_ddrc/inst/noc_ddr4_phy/inst/BANK_WRAPPER_INST0/CLK_TO_UPPER[4]    - Static -
| 8        | XPHY/CLK_TO_UPPER     | XPHY_X6Y0  | XPHY_X6Y0/XPHY  | X0Y0         |           1 |               0 |              |                         | design_1_i/axi_noc_0/inst/MC0_ddrc/inst/noc_ddr4_phy/inst/BANK_WRAPPER_INST0/NIBBLE[5].UNISIM.I_XPHY/CLK_TO_UPPER    | design_1_i/axi_noc_0/inst/MC0_ddrc/inst/noc_ddr4_phy/inst/BANK_WRAPPER_INST0/CLK_TO_UPPER[5]    - Static -
| 9        | XPHY/NCLK_NIBBLE_OUT  | XPHY_X0Y0  | XPHY_X0Y0/XPHY  | X0Y0         |           1 |               0 |              |                         | design_1_i/axi_noc_0/inst/MC0_ddrc/inst/noc_ddr4_phy/inst/BANK_WRAPPER_INST0/NIBBLE[0].UNISIM.I_XPHY/NCLK_NIBBLE_OUT | design_1_i/axi_noc_0/inst/MC0_ddrc/inst/noc_ddr4_phy/inst/BANK_WRAPPER_INST0/NCLK_NIBBLE_OUT[0] - Static -
| 10       | XPHY/NCLK_NIBBLE_OUT  | XPHY_X1Y0  | XPHY_X1Y0/XPHY  | X0Y0         |           1 |               0 |              |                         | design_1_i/axi_noc_0/inst/MC0_ddrc/inst/noc_ddr4_phy/inst/BANK_WRAPPER_INST0/NIBBLE[1].UNISIM.I_XPHY/NCLK_NIBBLE_OUT | design_1_i/axi_noc_0/inst/MC0_ddrc/inst/noc_ddr4_phy/inst/BANK_WRAPPER_INST0/NCLK_NIBBLE_OUT[1] - Static -
| 11       | XPHY/NCLK_NIBBLE_OUT  | XPHY_X2Y0  | XPHY_X2Y0/XPHY  | X0Y0         |           1 |               0 |              |                         | design_1_i/axi_noc_0/inst/MC0_ddrc/inst/noc_ddr4_phy/inst/BANK_WRAPPER_INST0/NIBBLE[2].UNISIM.I_XPHY/NCLK_NIBBLE_OUT | design_1_i/axi_noc_0/inst/MC0_ddrc/inst/noc_ddr4_phy/inst/BANK_WRAPPER_INST0/NCLK_NIBBLE_OUT[2] - Static -
| 12       | XPHY/NCLK_NIBBLE_OUT  | XPHY_X3Y0  | XPHY_X3Y0/XPHY  | X0Y0         |           1 |               0 |              |                         | design_1_i/axi_noc_0/inst/MC0_ddrc/inst/noc_ddr4_phy/inst/BANK_WRAPPER_INST0/NIBBLE[3].UNISIM.I_XPHY/NCLK_NIBBLE_OUT | design_1_i/axi_noc_0/inst/MC0_ddrc/inst/noc_ddr4_phy/inst/BANK_WRAPPER_INST0/NCLK_NIBBLE_OUT[3] - Static -
| 13       | XPHY/NCLK_NIBBLE_OUT  | XPHY_X5Y0  | XPHY_X5Y0/XPHY  | X0Y0         |           1 |               0 |              |                         | design_1_i/axi_noc_0/inst/MC0_ddrc/inst/noc_ddr4_phy/inst/BANK_WRAPPER_INST0/NIBBLE[4].UNISIM.I_XPHY/NCLK_NIBBLE_OUT | design_1_i/axi_noc_0/inst/MC0_ddrc/inst/noc_ddr4_phy/inst/BANK_WRAPPER_INST0/NCLK_NIBBLE_OUT[4] - Static -
| 14       | XPHY/NCLK_NIBBLE_OUT  | XPHY_X6Y0  | XPHY_X6Y0/XPHY  | X0Y0         |           1 |               0 |              |                         | design_1_i/axi_noc_0/inst/MC0_ddrc/inst/noc_ddr4_phy/inst/BANK_WRAPPER_INST0/NIBBLE[5].UNISIM.I_XPHY/NCLK_NIBBLE_OUT | design_1_i/axi_noc_0/inst/MC0_ddrc/inst/noc_ddr4_phy/inst/BANK_WRAPPER_INST0/NCLK_NIBBLE_OUT[5] - Static -
| 15       | XPHY/NCLK_NIBBLE_OUT  | XPHY_X7Y0  | XPHY_X7Y0/XPHY  | X0Y0         |           1 |               0 |              |                         | design_1_i/axi_noc_0/inst/MC0_ddrc/inst/noc_ddr4_phy/inst/BANK_WRAPPER_INST0/NIBBLE[6].UNISIM.I_XPHY/NCLK_NIBBLE_OUT | design_1_i/axi_noc_0/inst/MC0_ddrc/inst/noc_ddr4_phy/inst/BANK_WRAPPER_INST0/NCLK_NIBBLE_OUT[6] - Static -
| 16       | XPHY/NCLK_NIBBLE_OUT  | XPHY_X8Y0  | XPHY_X8Y0/XPHY  | X0Y0         |           1 |               0 |              |                         | design_1_i/axi_noc_0/inst/MC0_ddrc/inst/noc_ddr4_phy/inst/BANK_WRAPPER_INST0/NIBBLE[7].UNISIM.I_XPHY/NCLK_NIBBLE_OUT | design_1_i/axi_noc_0/inst/MC0_ddrc/inst/noc_ddr4_phy/inst/BANK_WRAPPER_INST0/NCLK_NIBBLE_OUT[7] - Static -
| 17       | XPHY/PCLK_NIBBLE_OUT  | XPHY_X0Y0  | XPHY_X0Y0/XPHY  | X0Y0         |           1 |               0 |              |                         | design_1_i/axi_noc_0/inst/MC0_ddrc/inst/noc_ddr4_phy/inst/BANK_WRAPPER_INST0/NIBBLE[0].UNISIM.I_XPHY/PCLK_NIBBLE_OUT | design_1_i/axi_noc_0/inst/MC0_ddrc/inst/noc_ddr4_phy/inst/BANK_WRAPPER_INST0/PCLK_NIBBLE_OUT[0] - Static -
| 18       | XPHY/PCLK_NIBBLE_OUT  | XPHY_X1Y0  | XPHY_X1Y0/XPHY  | X0Y0         |           1 |               0 |              |                         | design_1_i/axi_noc_0/inst/MC0_ddrc/inst/noc_ddr4_phy/inst/BANK_WRAPPER_INST0/NIBBLE[1].UNISIM.I_XPHY/PCLK_NIBBLE_OUT | design_1_i/axi_noc_0/inst/MC0_ddrc/inst/noc_ddr4_phy/inst/BANK_WRAPPER_INST0/PCLK_NIBBLE_OUT[1] - Static -
| 19       | XPHY/PCLK_NIBBLE_OUT  | XPHY_X2Y0  | XPHY_X2Y0/XPHY  | X0Y0         |           1 |               0 |              |                         | design_1_i/axi_noc_0/inst/MC0_ddrc/inst/noc_ddr4_phy/inst/BANK_WRAPPER_INST0/NIBBLE[2].UNISIM.I_XPHY/PCLK_NIBBLE_OUT | design_1_i/axi_noc_0/inst/MC0_ddrc/inst/noc_ddr4_phy/inst/BANK_WRAPPER_INST0/PCLK_NIBBLE_OUT[2] - Static -
| 20       | XPHY/PCLK_NIBBLE_OUT  | XPHY_X3Y0  | XPHY_X3Y0/XPHY  | X0Y0         |           1 |               0 |              |                         | design_1_i/axi_noc_0/inst/MC0_ddrc/inst/noc_ddr4_phy/inst/BANK_WRAPPER_INST0/NIBBLE[3].UNISIM.I_XPHY/PCLK_NIBBLE_OUT | design_1_i/axi_noc_0/inst/MC0_ddrc/inst/noc_ddr4_phy/inst/BANK_WRAPPER_INST0/PCLK_NIBBLE_OUT[3] - Static -
| 21       | XPHY/PCLK_NIBBLE_OUT  | XPHY_X5Y0  | XPHY_X5Y0/XPHY  | X0Y0         |           1 |               0 |              |                         | design_1_i/axi_noc_0/inst/MC0_ddrc/inst/noc_ddr4_phy/inst/BANK_WRAPPER_INST0/NIBBLE[4].UNISIM.I_XPHY/PCLK_NIBBLE_OUT | design_1_i/axi_noc_0/inst/MC0_ddrc/inst/noc_ddr4_phy/inst/BANK_WRAPPER_INST0/PCLK_NIBBLE_OUT[4] - Static -
| 22       | XPHY/PCLK_NIBBLE_OUT  | XPHY_X6Y0  | XPHY_X6Y0/XPHY  | X0Y0         |           1 |               0 |              |                         | design_1_i/axi_noc_0/inst/MC0_ddrc/inst/noc_ddr4_phy/inst/BANK_WRAPPER_INST0/NIBBLE[5].UNISIM.I_XPHY/PCLK_NIBBLE_OUT | design_1_i/axi_noc_0/inst/MC0_ddrc/inst/noc_ddr4_phy/inst/BANK_WRAPPER_INST0/PCLK_NIBBLE_OUT[5] - Static -
| 23       | XPHY/PCLK_NIBBLE_OUT  | XPHY_X7Y0  | XPHY_X7Y0/XPHY  | X0Y0         |           1 |               0 |              |                         | design_1_i/axi_noc_0/inst/MC0_ddrc/inst/noc_ddr4_phy/inst/BANK_WRAPPER_INST0/NIBBLE[6].UNISIM.I_XPHY/PCLK_NIBBLE_OUT | design_1_i/axi_noc_0/inst/MC0_ddrc/inst/noc_ddr4_phy/inst/BANK_WRAPPER_INST0/PCLK_NIBBLE_OUT[6] - Static -
| 24       | XPHY/PCLK_NIBBLE_OUT  | XPHY_X8Y0  | XPHY_X8Y0/XPHY  | X0Y0         |           1 |               0 |              |                         | design_1_i/axi_noc_0/inst/MC0_ddrc/inst/noc_ddr4_phy/inst/BANK_WRAPPER_INST0/NIBBLE[7].UNISIM.I_XPHY/PCLK_NIBBLE_OUT | design_1_i/axi_noc_0/inst/MC0_ddrc/inst/noc_ddr4_phy/inst/BANK_WRAPPER_INST0/PCLK_NIBBLE_OUT[7] - Static -
| 25       | XPHY/CLK_TO_LOWER     | XPHY_X11Y0 | XPHY_X11Y0/XPHY | X1Y0         |           1 |               0 |              |                         | design_1_i/axi_noc_0/inst/MC0_ddrc/inst/noc_ddr4_phy/inst/BANK_WRAPPER_INST1/NIBBLE[2].UNISIM.I_XPHY/CLK_TO_LOWER    | design_1_i/axi_noc_0/inst/MC0_ddrc/inst/noc_ddr4_phy/inst/BANK_WRAPPER_INST1/CLK_TO_LOWER[2]    - Static -
| 26       | XPHY/CLK_TO_LOWER     | XPHY_X12Y0 | XPHY_X12Y0/XPHY | X1Y0         |           1 |               0 |              |                         | design_1_i/axi_noc_0/inst/MC0_ddrc/inst/noc_ddr4_phy/inst/BANK_WRAPPER_INST1/NIBBLE[3].UNISIM.I_XPHY/CLK_TO_LOWER    | design_1_i/axi_noc_0/inst/MC0_ddrc/inst/noc_ddr4_phy/inst/BANK_WRAPPER_INST1/CLK_TO_LOWER[3]    - Static -
| 27       | XPHY/CLK_TO_LOWER     | XPHY_X14Y0 | XPHY_X14Y0/XPHY | X1Y0         |           1 |               0 |              |                         | design_1_i/axi_noc_0/inst/MC0_ddrc/inst/noc_ddr4_phy/inst/BANK_WRAPPER_INST1/NIBBLE[4].UNISIM.I_XPHY/CLK_TO_LOWER    | design_1_i/axi_noc_0/inst/MC0_ddrc/inst/noc_ddr4_phy/inst/BANK_WRAPPER_INST1/CLK_TO_LOWER[4]    - Static -
| 28       | XPHY/CLK_TO_LOWER     | XPHY_X15Y0 | XPHY_X15Y0/XPHY | X1Y0         |           1 |               0 |              |                         | design_1_i/axi_noc_0/inst/MC0_ddrc/inst/noc_ddr4_phy/inst/BANK_WRAPPER_INST1/NIBBLE[5].UNISIM.I_XPHY/CLK_TO_LOWER    | design_1_i/axi_noc_0/inst/MC0_ddrc/inst/noc_ddr4_phy/inst/BANK_WRAPPER_INST1/CLK_TO_LOWER[5]    - Static -
| 29       | XPHY/CLK_TO_LOWER     | XPHY_X16Y0 | XPHY_X16Y0/XPHY | X1Y0         |           1 |               0 |              |                         | design_1_i/axi_noc_0/inst/MC0_ddrc/inst/noc_ddr4_phy/inst/BANK_WRAPPER_INST1/NIBBLE[6].UNISIM.I_XPHY/CLK_TO_LOWER    | design_1_i/axi_noc_0/inst/MC0_ddrc/inst/noc_ddr4_phy/inst/BANK_WRAPPER_INST1/CLK_TO_LOWER[6]    - Static -
| 30       | XPHY/CLK_TO_UPPER     | XPHY_X11Y0 | XPHY_X11Y0/XPHY | X1Y0         |           1 |               0 |              |                         | design_1_i/axi_noc_0/inst/MC0_ddrc/inst/noc_ddr4_phy/inst/BANK_WRAPPER_INST1/NIBBLE[2].UNISIM.I_XPHY/CLK_TO_UPPER    | design_1_i/axi_noc_0/inst/MC0_ddrc/inst/noc_ddr4_phy/inst/BANK_WRAPPER_INST1/CLK_TO_UPPER[2]    - Static -
| 31       | XPHY/CLK_TO_UPPER     | XPHY_X12Y0 | XPHY_X12Y0/XPHY | X1Y0         |           1 |               0 |              |                         | design_1_i/axi_noc_0/inst/MC0_ddrc/inst/noc_ddr4_phy/inst/BANK_WRAPPER_INST1/NIBBLE[3].UNISIM.I_XPHY/CLK_TO_UPPER    | design_1_i/axi_noc_0/inst/MC0_ddrc/inst/noc_ddr4_phy/inst/BANK_WRAPPER_INST1/CLK_TO_UPPER[3]    - Static -
| 32       | XPHY/CLK_TO_UPPER     | XPHY_X14Y0 | XPHY_X14Y0/XPHY | X1Y0         |           1 |               0 |              |                         | design_1_i/axi_noc_0/inst/MC0_ddrc/inst/noc_ddr4_phy/inst/BANK_WRAPPER_INST1/NIBBLE[4].UNISIM.I_XPHY/CLK_TO_UPPER    | design_1_i/axi_noc_0/inst/MC0_ddrc/inst/noc_ddr4_phy/inst/BANK_WRAPPER_INST1/CLK_TO_UPPER[4]    - Static -
| 33       | XPHY/CLK_TO_UPPER     | XPHY_X15Y0 | XPHY_X15Y0/XPHY | X1Y0         |           1 |               0 |              |                         | design_1_i/axi_noc_0/inst/MC0_ddrc/inst/noc_ddr4_phy/inst/BANK_WRAPPER_INST1/NIBBLE[5].UNISIM.I_XPHY/CLK_TO_UPPER    | design_1_i/axi_noc_0/inst/MC0_ddrc/inst/noc_ddr4_phy/inst/BANK_WRAPPER_INST1/CLK_TO_UPPER[5]    - Static -
| 34       | XPHY/NCLK_NIBBLE_OUT  | XPHY_X9Y0  | XPHY_X9Y0/XPHY  | X1Y0         |           1 |               0 |              |                         | design_1_i/axi_noc_0/inst/MC0_ddrc/inst/noc_ddr4_phy/inst/BANK_WRAPPER_INST1/NIBBLE[0].UNISIM.I_XPHY/NCLK_NIBBLE_OUT | design_1_i/axi_noc_0/inst/MC0_ddrc/inst/noc_ddr4_phy/inst/BANK_WRAPPER_INST1/NCLK_NIBBLE_OUT[0] - Static -
| 35       | XPHY/NCLK_NIBBLE_OUT  | XPHY_X10Y0 | XPHY_X10Y0/XPHY | X1Y0         |           1 |               0 |              |                         | design_1_i/axi_noc_0/inst/MC0_ddrc/inst/noc_ddr4_phy/inst/BANK_WRAPPER_INST1/NIBBLE[1].UNISIM.I_XPHY/NCLK_NIBBLE_OUT | design_1_i/axi_noc_0/inst/MC0_ddrc/inst/noc_ddr4_phy/inst/BANK_WRAPPER_INST1/NCLK_NIBBLE_OUT[1] - Static -
| 36       | XPHY/NCLK_NIBBLE_OUT  | XPHY_X11Y0 | XPHY_X11Y0/XPHY | X1Y0         |           1 |               0 |              |                         | design_1_i/axi_noc_0/inst/MC0_ddrc/inst/noc_ddr4_phy/inst/BANK_WRAPPER_INST1/NIBBLE[2].UNISIM.I_XPHY/NCLK_NIBBLE_OUT | design_1_i/axi_noc_0/inst/MC0_ddrc/inst/noc_ddr4_phy/inst/BANK_WRAPPER_INST1/NCLK_NIBBLE_OUT[2] - Static -
| 37       | XPHY/NCLK_NIBBLE_OUT  | XPHY_X12Y0 | XPHY_X12Y0/XPHY | X1Y0         |           1 |               0 |              |                         | design_1_i/axi_noc_0/inst/MC0_ddrc/inst/noc_ddr4_phy/inst/BANK_WRAPPER_INST1/NIBBLE[3].UNISIM.I_XPHY/NCLK_NIBBLE_OUT | design_1_i/axi_noc_0/inst/MC0_ddrc/inst/noc_ddr4_phy/inst/BANK_WRAPPER_INST1/NCLK_NIBBLE_OUT[3] - Static -
| 38       | XPHY/NCLK_NIBBLE_OUT  | XPHY_X14Y0 | XPHY_X14Y0/XPHY | X1Y0         |           1 |               0 |              |                         | design_1_i/axi_noc_0/inst/MC0_ddrc/inst/noc_ddr4_phy/inst/BANK_WRAPPER_INST1/NIBBLE[4].UNISIM.I_XPHY/NCLK_NIBBLE_OUT | design_1_i/axi_noc_0/inst/MC0_ddrc/inst/noc_ddr4_phy/inst/BANK_WRAPPER_INST1/NCLK_NIBBLE_OUT[4] - Static -
| 39       | XPHY/NCLK_NIBBLE_OUT  | XPHY_X15Y0 | XPHY_X15Y0/XPHY | X1Y0         |           1 |               0 |              |                         | design_1_i/axi_noc_0/inst/MC0_ddrc/inst/noc_ddr4_phy/inst/BANK_WRAPPER_INST1/NIBBLE[5].UNISIM.I_XPHY/NCLK_NIBBLE_OUT | design_1_i/axi_noc_0/inst/MC0_ddrc/inst/noc_ddr4_phy/inst/BANK_WRAPPER_INST1/NCLK_NIBBLE_OUT[5] - Static -
| 40       | XPHY/NCLK_NIBBLE_OUT  | XPHY_X16Y0 | XPHY_X16Y0/XPHY | X1Y0         |           1 |               0 |              |                         | design_1_i/axi_noc_0/inst/MC0_ddrc/inst/noc_ddr4_phy/inst/BANK_WRAPPER_INST1/NIBBLE[6].UNISIM.I_XPHY/NCLK_NIBBLE_OUT | design_1_i/axi_noc_0/inst/MC0_ddrc/inst/noc_ddr4_phy/inst/BANK_WRAPPER_INST1/NCLK_NIBBLE_OUT[6] - Static -
| 41       | XPHY/NCLK_NIBBLE_OUT  | XPHY_X17Y0 | XPHY_X17Y0/XPHY | X1Y0         |           1 |               0 |              |                         | design_1_i/axi_noc_0/inst/MC0_ddrc/inst/noc_ddr4_phy/inst/BANK_WRAPPER_INST1/NIBBLE[7].UNISIM.I_XPHY/NCLK_NIBBLE_OUT | design_1_i/axi_noc_0/inst/MC0_ddrc/inst/noc_ddr4_phy/inst/BANK_WRAPPER_INST1/NCLK_NIBBLE_OUT[7] - Static -
| 42       | XPHY/PCLK_NIBBLE_OUT  | XPHY_X9Y0  | XPHY_X9Y0/XPHY  | X1Y0         |           1 |               0 |              |                         | design_1_i/axi_noc_0/inst/MC0_ddrc/inst/noc_ddr4_phy/inst/BANK_WRAPPER_INST1/NIBBLE[0].UNISIM.I_XPHY/PCLK_NIBBLE_OUT | design_1_i/axi_noc_0/inst/MC0_ddrc/inst/noc_ddr4_phy/inst/BANK_WRAPPER_INST1/PCLK_NIBBLE_OUT[0] - Static -
| 43       | XPHY/PCLK_NIBBLE_OUT  | XPHY_X10Y0 | XPHY_X10Y0/XPHY | X1Y0         |           1 |               0 |              |                         | design_1_i/axi_noc_0/inst/MC0_ddrc/inst/noc_ddr4_phy/inst/BANK_WRAPPER_INST1/NIBBLE[1].UNISIM.I_XPHY/PCLK_NIBBLE_OUT | design_1_i/axi_noc_0/inst/MC0_ddrc/inst/noc_ddr4_phy/inst/BANK_WRAPPER_INST1/PCLK_NIBBLE_OUT[1] - Static -
| 44       | XPHY/PCLK_NIBBLE_OUT  | XPHY_X11Y0 | XPHY_X11Y0/XPHY | X1Y0         |           1 |               0 |              |                         | design_1_i/axi_noc_0/inst/MC0_ddrc/inst/noc_ddr4_phy/inst/BANK_WRAPPER_INST1/NIBBLE[2].UNISIM.I_XPHY/PCLK_NIBBLE_OUT | design_1_i/axi_noc_0/inst/MC0_ddrc/inst/noc_ddr4_phy/inst/BANK_WRAPPER_INST1/PCLK_NIBBLE_OUT[2] - Static -
| 45       | XPHY/PCLK_NIBBLE_OUT  | XPHY_X12Y0 | XPHY_X12Y0/XPHY | X1Y0         |           1 |               0 |              |                         | design_1_i/axi_noc_0/inst/MC0_ddrc/inst/noc_ddr4_phy/inst/BANK_WRAPPER_INST1/NIBBLE[3].UNISIM.I_XPHY/PCLK_NIBBLE_OUT | design_1_i/axi_noc_0/inst/MC0_ddrc/inst/noc_ddr4_phy/inst/BANK_WRAPPER_INST1/PCLK_NIBBLE_OUT[3] - Static -
| 46       | XPHY/PCLK_NIBBLE_OUT  | XPHY_X14Y0 | XPHY_X14Y0/XPHY | X1Y0         |           1 |               0 |              |                         | design_1_i/axi_noc_0/inst/MC0_ddrc/inst/noc_ddr4_phy/inst/BANK_WRAPPER_INST1/NIBBLE[4].UNISIM.I_XPHY/PCLK_NIBBLE_OUT | design_1_i/axi_noc_0/inst/MC0_ddrc/inst/noc_ddr4_phy/inst/BANK_WRAPPER_INST1/PCLK_NIBBLE_OUT[4] - Static -
| 47       | XPHY/PCLK_NIBBLE_OUT  | XPHY_X15Y0 | XPHY_X15Y0/XPHY | X1Y0         |           1 |               0 |              |                         | design_1_i/axi_noc_0/inst/MC0_ddrc/inst/noc_ddr4_phy/inst/BANK_WRAPPER_INST1/NIBBLE[5].UNISIM.I_XPHY/PCLK_NIBBLE_OUT | design_1_i/axi_noc_0/inst/MC0_ddrc/inst/noc_ddr4_phy/inst/BANK_WRAPPER_INST1/PCLK_NIBBLE_OUT[5] - Static -
| 48       | XPHY/PCLK_NIBBLE_OUT  | XPHY_X16Y0 | XPHY_X16Y0/XPHY | X1Y0         |           1 |               0 |              |                         | design_1_i/axi_noc_0/inst/MC0_ddrc/inst/noc_ddr4_phy/inst/BANK_WRAPPER_INST1/NIBBLE[6].UNISIM.I_XPHY/PCLK_NIBBLE_OUT | design_1_i/axi_noc_0/inst/MC0_ddrc/inst/noc_ddr4_phy/inst/BANK_WRAPPER_INST1/PCLK_NIBBLE_OUT[6] - Static -
| 49       | XPHY/PCLK_NIBBLE_OUT  | XPHY_X17Y0 | XPHY_X17Y0/XPHY | X1Y0         |           1 |               0 |              |                         | design_1_i/axi_noc_0/inst/MC0_ddrc/inst/noc_ddr4_phy/inst/BANK_WRAPPER_INST1/NIBBLE[7].UNISIM.I_XPHY/PCLK_NIBBLE_OUT | design_1_i/axi_noc_0/inst/MC0_ddrc/inst/noc_ddr4_phy/inst/BANK_WRAPPER_INST1/PCLK_NIBBLE_OUT[7] - Static -
| 50       | XPHY/CLK_TO_LOWER     | XPHY_X23Y0 | XPHY_X23Y0/XPHY | X2Y0         |           1 |               0 |              |                         | design_1_i/axi_noc_0/inst/MC0_ddrc/inst/noc_ddr4_phy/inst/BANK_WRAPPER_INST2/NIBBLE[4].UNISIM.I_XPHY/CLK_TO_LOWER    | design_1_i/axi_noc_0/inst/MC0_ddrc/inst/noc_ddr4_phy/inst/BANK_WRAPPER_INST2/CLK_TO_LOWER[4]    - Static -
| 51       | XPHY/CLK_TO_LOWER     | XPHY_X24Y0 | XPHY_X24Y0/XPHY | X2Y0         |           1 |               0 |              |                         | design_1_i/axi_noc_0/inst/MC0_ddrc/inst/noc_ddr4_phy/inst/BANK_WRAPPER_INST2/NIBBLE[5].UNISIM.I_XPHY/CLK_TO_LOWER    | design_1_i/axi_noc_0/inst/MC0_ddrc/inst/noc_ddr4_phy/inst/BANK_WRAPPER_INST2/CLK_TO_LOWER[5]    - Static -
| 52       | XPHY/CLK_TO_UPPER     | XPHY_X20Y0 | XPHY_X20Y0/XPHY | X2Y0         |           1 |               0 |              |                         | design_1_i/axi_noc_0/inst/MC0_ddrc/inst/noc_ddr4_phy/inst/BANK_WRAPPER_INST2/NIBBLE[2].UNISIM.I_XPHY/CLK_TO_UPPER    | design_1_i/axi_noc_0/inst/MC0_ddrc/inst/noc_ddr4_phy/inst/BANK_WRAPPER_INST2/CLK_TO_UPPER[2]    - Static -
| 53       | XPHY/CLK_TO_UPPER     | XPHY_X21Y0 | XPHY_X21Y0/XPHY | X2Y0         |           1 |               0 |              |                         | design_1_i/axi_noc_0/inst/MC0_ddrc/inst/noc_ddr4_phy/inst/BANK_WRAPPER_INST2/NIBBLE[3].UNISIM.I_XPHY/CLK_TO_UPPER    | design_1_i/axi_noc_0/inst/MC0_ddrc/inst/noc_ddr4_phy/inst/BANK_WRAPPER_INST2/CLK_TO_UPPER[3]    - Static -
| 54       | XPHY/CLK_TO_UPPER     | XPHY_X23Y0 | XPHY_X23Y0/XPHY | X2Y0         |           1 |               0 |              |                         | design_1_i/axi_noc_0/inst/MC0_ddrc/inst/noc_ddr4_phy/inst/BANK_WRAPPER_INST2/NIBBLE[4].UNISIM.I_XPHY/CLK_TO_UPPER    | design_1_i/axi_noc_0/inst/MC0_ddrc/inst/noc_ddr4_phy/inst/BANK_WRAPPER_INST2/CLK_TO_UPPER[4]    - Static -
| 55       | XPHY/CLK_TO_UPPER     | XPHY_X24Y0 | XPHY_X24Y0/XPHY | X2Y0         |           1 |               0 |              |                         | design_1_i/axi_noc_0/inst/MC0_ddrc/inst/noc_ddr4_phy/inst/BANK_WRAPPER_INST2/NIBBLE[5].UNISIM.I_XPHY/CLK_TO_UPPER    | design_1_i/axi_noc_0/inst/MC0_ddrc/inst/noc_ddr4_phy/inst/BANK_WRAPPER_INST2/CLK_TO_UPPER[5]    - Static -
| 56       | XPHY/NCLK_NIBBLE_OUT  | XPHY_X20Y0 | XPHY_X20Y0/XPHY | X2Y0         |           1 |               0 |              |                         | design_1_i/axi_noc_0/inst/MC0_ddrc/inst/noc_ddr4_phy/inst/BANK_WRAPPER_INST2/NIBBLE[2].UNISIM.I_XPHY/NCLK_NIBBLE_OUT | design_1_i/axi_noc_0/inst/MC0_ddrc/inst/noc_ddr4_phy/inst/BANK_WRAPPER_INST2/NCLK_NIBBLE_OUT[2] - Static -
| 57       | XPHY/NCLK_NIBBLE_OUT  | XPHY_X21Y0 | XPHY_X21Y0/XPHY | X2Y0         |           1 |               0 |              |                         | design_1_i/axi_noc_0/inst/MC0_ddrc/inst/noc_ddr4_phy/inst/BANK_WRAPPER_INST2/NIBBLE[3].UNISIM.I_XPHY/NCLK_NIBBLE_OUT | design_1_i/axi_noc_0/inst/MC0_ddrc/inst/noc_ddr4_phy/inst/BANK_WRAPPER_INST2/NCLK_NIBBLE_OUT[3] - Static -
| 58       | XPHY/NCLK_NIBBLE_OUT  | XPHY_X23Y0 | XPHY_X23Y0/XPHY | X2Y0         |           1 |               0 |              |                         | design_1_i/axi_noc_0/inst/MC0_ddrc/inst/noc_ddr4_phy/inst/BANK_WRAPPER_INST2/NIBBLE[4].UNISIM.I_XPHY/NCLK_NIBBLE_OUT | design_1_i/axi_noc_0/inst/MC0_ddrc/inst/noc_ddr4_phy/inst/BANK_WRAPPER_INST2/NCLK_NIBBLE_OUT[4] - Static -
| 59       | XPHY/NCLK_NIBBLE_OUT  | XPHY_X24Y0 | XPHY_X24Y0/XPHY | X2Y0         |           1 |               0 |              |                         | design_1_i/axi_noc_0/inst/MC0_ddrc/inst/noc_ddr4_phy/inst/BANK_WRAPPER_INST2/NIBBLE[5].UNISIM.I_XPHY/NCLK_NIBBLE_OUT | design_1_i/axi_noc_0/inst/MC0_ddrc/inst/noc_ddr4_phy/inst/BANK_WRAPPER_INST2/NCLK_NIBBLE_OUT[5] - Static -
| 60       | XPHY/NCLK_NIBBLE_OUT  | XPHY_X25Y0 | XPHY_X25Y0/XPHY | X2Y0         |           1 |               0 |              |                         | design_1_i/axi_noc_0/inst/MC0_ddrc/inst/noc_ddr4_phy/inst/BANK_WRAPPER_INST2/NIBBLE[6].UNISIM.I_XPHY/NCLK_NIBBLE_OUT | design_1_i/axi_noc_0/inst/MC0_ddrc/inst/noc_ddr4_phy/inst/BANK_WRAPPER_INST2/NCLK_NIBBLE_OUT[6] - Static -
| 61       | XPHY/NCLK_NIBBLE_OUT  | XPHY_X26Y0 | XPHY_X26Y0/XPHY | X2Y0         |           1 |               0 |              |                         | design_1_i/axi_noc_0/inst/MC0_ddrc/inst/noc_ddr4_phy/inst/BANK_WRAPPER_INST2/NIBBLE[7].UNISIM.I_XPHY/NCLK_NIBBLE_OUT | design_1_i/axi_noc_0/inst/MC0_ddrc/inst/noc_ddr4_phy/inst/BANK_WRAPPER_INST2/NCLK_NIBBLE_OUT[7] - Static -
| 62       | XPHY/PCLK_NIBBLE_OUT  | XPHY_X20Y0 | XPHY_X20Y0/XPHY | X2Y0         |           1 |               0 |              |                         | design_1_i/axi_noc_0/inst/MC0_ddrc/inst/noc_ddr4_phy/inst/BANK_WRAPPER_INST2/NIBBLE[2].UNISIM.I_XPHY/PCLK_NIBBLE_OUT | design_1_i/axi_noc_0/inst/MC0_ddrc/inst/noc_ddr4_phy/inst/BANK_WRAPPER_INST2/PCLK_NIBBLE_OUT[2] - Static -
| 63       | XPHY/PCLK_NIBBLE_OUT  | XPHY_X21Y0 | XPHY_X21Y0/XPHY | X2Y0         |           1 |               0 |              |                         | design_1_i/axi_noc_0/inst/MC0_ddrc/inst/noc_ddr4_phy/inst/BANK_WRAPPER_INST2/NIBBLE[3].UNISIM.I_XPHY/PCLK_NIBBLE_OUT | design_1_i/axi_noc_0/inst/MC0_ddrc/inst/noc_ddr4_phy/inst/BANK_WRAPPER_INST2/PCLK_NIBBLE_OUT[3] - Static -
| 64       | XPHY/PCLK_NIBBLE_OUT  | XPHY_X23Y0 | XPHY_X23Y0/XPHY | X2Y0         |           1 |               0 |              |                         | design_1_i/axi_noc_0/inst/MC0_ddrc/inst/noc_ddr4_phy/inst/BANK_WRAPPER_INST2/NIBBLE[4].UNISIM.I_XPHY/PCLK_NIBBLE_OUT | design_1_i/axi_noc_0/inst/MC0_ddrc/inst/noc_ddr4_phy/inst/BANK_WRAPPER_INST2/PCLK_NIBBLE_OUT[4] - Static -
| 65       | XPHY/PCLK_NIBBLE_OUT  | XPHY_X24Y0 | XPHY_X24Y0/XPHY | X2Y0         |           1 |               0 |              |                         | design_1_i/axi_noc_0/inst/MC0_ddrc/inst/noc_ddr4_phy/inst/BANK_WRAPPER_INST2/NIBBLE[5].UNISIM.I_XPHY/PCLK_NIBBLE_OUT | design_1_i/axi_noc_0/inst/MC0_ddrc/inst/noc_ddr4_phy/inst/BANK_WRAPPER_INST2/PCLK_NIBBLE_OUT[5] - Static -
| 66       | XPHY/PCLK_NIBBLE_OUT  | XPHY_X25Y0 | XPHY_X25Y0/XPHY | X2Y0         |           1 |               0 |              |                         | design_1_i/axi_noc_0/inst/MC0_ddrc/inst/noc_ddr4_phy/inst/BANK_WRAPPER_INST2/NIBBLE[6].UNISIM.I_XPHY/PCLK_NIBBLE_OUT | design_1_i/axi_noc_0/inst/MC0_ddrc/inst/noc_ddr4_phy/inst/BANK_WRAPPER_INST2/PCLK_NIBBLE_OUT[6] - Static -
| 67       | XPHY/PCLK_NIBBLE_OUT  | XPHY_X26Y0 | XPHY_X26Y0/XPHY | X2Y0         |           1 |               0 |              |                         | design_1_i/axi_noc_0/inst/MC0_ddrc/inst/noc_ddr4_phy/inst/BANK_WRAPPER_INST2/NIBBLE[7].UNISIM.I_XPHY/PCLK_NIBBLE_OUT | design_1_i/axi_noc_0/inst/MC0_ddrc/inst/noc_ddr4_phy/inst/BANK_WRAPPER_INST2/PCLK_NIBBLE_OUT[7] - Static -
| 68       | XPLL/CLKOUT1          | XPLL_X2Y0  | XPLL_X2Y0/XPLL  | X1Y0         |           1 |               0 |        1.250 | mc_clk_xpll             | design_1_i/axi_noc_0/inst/MC0_ddrc/inst/noc_ddr4_phy/inst/u_xpll0_bank1/CLKOUT1                                      | design_1_i/axi_noc_0/inst/MC0_ddrc/inst/noc_ddr4_phy/inst/mc_clk_xpll                           - Static -
| 69       | PS9/PSPSNOCNCIAXI0CLK | PS9_X0Y0   | PS9_X0Y0/PS9    | X0Y1         |           1 |               0 |              |                         | design_1_i/versal_cips_0/inst/pspmc_0/inst/PS9_inst/PSPSNOCNCIAXI0CLK                                                | design_1_i/versal_cips_0/inst/pspmc_0/inst/fpd_axi_noc_axi0_clk                                 - Static -
| 70       | PS9/PSPSNOCNCIAXI1CLK | PS9_X0Y0   | PS9_X0Y0/PS9    | X0Y1         |           1 |               0 |              |                         | design_1_i/versal_cips_0/inst/pspmc_0/inst/PS9_inst/PSPSNOCNCIAXI1CLK                                                | design_1_i/versal_cips_0/inst/pspmc_0/inst/fpd_axi_noc_axi1_clk                                 - Static -
| 71       | PS9/PSPSNOCCCIAXI0CLK | PS9_X0Y0   | PS9_X0Y0/PS9    | X0Y1         |           1 |               0 |              |                         | design_1_i/versal_cips_0/inst/pspmc_0/inst/PS9_inst/PSPSNOCCCIAXI0CLK                                                | design_1_i/versal_cips_0/inst/pspmc_0/inst/fpd_cci_noc_axi0_clk                                 - Static -
| 72       | PS9/PSPSNOCCCIAXI1CLK | PS9_X0Y0   | PS9_X0Y0/PS9    | X0Y1         |           1 |               0 |              |                         | design_1_i/versal_cips_0/inst/pspmc_0/inst/PS9_inst/PSPSNOCCCIAXI1CLK                                                | design_1_i/versal_cips_0/inst/pspmc_0/inst/fpd_cci_noc_axi1_clk                                 - Static -
| 73       | PS9/PSPSNOCCCIAXI2CLK | PS9_X0Y0   | PS9_X0Y0/PS9    | X0Y1         |           1 |               0 |              |                         | design_1_i/versal_cips_0/inst/pspmc_0/inst/PS9_inst/PSPSNOCCCIAXI2CLK                                                | design_1_i/versal_cips_0/inst/pspmc_0/inst/fpd_cci_noc_axi2_clk                                 - Static -
| 74       | PS9/PSPSNOCCCIAXI3CLK | PS9_X0Y0   | PS9_X0Y0/PS9    | X0Y1         |           1 |               0 |              |                         | design_1_i/versal_cips_0/inst/pspmc_0/inst/PS9_inst/PSPSNOCCCIAXI3CLK                                                | design_1_i/versal_cips_0/inst/pspmc_0/inst/fpd_cci_noc_axi3_clk                                 - Static -
| 75       | PS9/PSPSNOCRPUAXI0CLK | PS9_X0Y0   | PS9_X0Y0/PS9    | X0Y1         |           1 |               0 |              |                         | design_1_i/versal_cips_0/inst/pspmc_0/inst/PS9_inst/PSPSNOCRPUAXI0CLK                                                | design_1_i/versal_cips_0/inst/pspmc_0/inst/lpd_axi_noc_clk                                      - Static -
| 76       | PS9/PSPMCNOCAXI0CLK   | PS9_X0Y0   | PS9_X0Y0/PS9    | X0Y1         |           1 |               0 |              |                         | design_1_i/versal_cips_0/inst/pspmc_0/inst/PS9_inst/PSPMCNOCAXI0CLK                                                  | design_1_i/versal_cips_0/inst/pspmc_0/inst/pmc_axi_noc_axi0_clk                                 - Static -
+----------+-----------------------+------------+-----------------+--------------+-------------+-----------------+--------------+-------------------------+----------------------------------------------------------------------------------------------------------------------+-------------------------------------------------------------------------------------------------||
* Local Clocks in this context represents only clocks driven by non-global buffers
** Clock Loads column represents the clock pin loads (pin count). Internal cell leaf pins are not counted
*** Non-Clock Loads column represents the non-clock pin loads (pin count)


5. Clock Regions : Clock Primitives
-----------------------------------

+-------------------+---------------+---------------+---------------+---------------+---------------+---------------+---------------+---------------+---------------+
|                   |  Global Clock |   (M)BUFGCE   | (M)BUFGCE_DIV |  (M)BUFGCTRL  |   (M)BUFG_GT  |      MMCM     | DPLL (non-GT) |   DPLL (GT)   |      XPLL     |
+-------------------+-------+-------+-------+-------+-------+-------+-------+-------+-------+-------+-------+-------+-------+-------+-------+-------+-------+-------+
| Clock Region Name | Used  | Avail | Used  | Avail | Used  | Avail | Used  | Avail | Used  | Avail | Used  | Avail | Used  | Avail | Used  | Avail | Used  | Avail |
+-------------------+-------+-------+-------+-------+-------+-------+-------+-------+-------+-------+-------+-------+-------+-------+-------+-------+-------+-------+
| X0Y0              |     0 |    24 |     0 |    24 |     0 |     4 |     0 |     8 |     0 |     0 |     0 |     1 |     0 |     1 |     0 |     1 |     0 |     2 |
| X1Y0              |     0 |    24 |     0 |    24 |     0 |     4 |     0 |     8 |     0 |     0 |     0 |     1 |     0 |     1 |     0 |     1 |     0 |     2 |
| X2Y0              |     0 |    24 |     0 |    24 |     0 |     4 |     0 |     8 |     0 |     0 |     0 |     1 |     0 |     1 |     0 |     1 |     0 |     2 |
| X3Y0              |     0 |    24 |     0 |    24 |     0 |     4 |     0 |     8 |     0 |     0 |     0 |     1 |     0 |     1 |     0 |     1 |     0 |     2 |
| X4Y0              |     0 |    24 |     0 |    24 |     0 |     4 |     0 |     8 |     0 |     0 |     0 |     1 |     0 |     1 |     0 |     1 |     0 |     2 |
| X5Y0              |     0 |    24 |     0 |    24 |     0 |     4 |     0 |     8 |     0 |     0 |     0 |     1 |     0 |     1 |     0 |     1 |     0 |     2 |
| X6Y0              |     0 |    24 |     0 |    24 |     0 |     4 |     0 |     8 |     0 |     0 |     0 |     1 |     0 |     1 |     0 |     1 |     0 |     2 |
| X7Y0              |     0 |    24 |     0 |    24 |     0 |     4 |     0 |     8 |     0 |     0 |     0 |     1 |     0 |     1 |     0 |     1 |     0 |     2 |
| X8Y0              |     1 |    24 |     1 |    24 |     0 |     4 |     0 |     8 |     0 |     0 |     1 |     1 |     0 |     1 |     0 |     1 |     0 |     2 |
| X9Y0              |     0 |    24 |     0 |    24 |     0 |     4 |     0 |     8 |     0 |     0 |     0 |     1 |     0 |     1 |     0 |     1 |     0 |     2 |
| X10Y0             |     0 |    24 |     0 |    24 |     0 |     4 |     0 |     8 |     0 |     0 |     0 |     1 |     0 |     1 |     0 |     1 |     0 |     2 |
| X11Y0             |     0 |    24 |     0 |    24 |     0 |     4 |     0 |     8 |     0 |     0 |     0 |     1 |     0 |     1 |     0 |     1 |     0 |     2 |
| X0Y1              |     0 |     0 |     0 |     0 |     0 |     0 |     0 |     0 |     0 |     0 |     0 |     0 |     0 |     0 |     0 |     0 |     0 |     0 |
| X1Y1              |     1 |    24 |     0 |     0 |     0 |     0 |     0 |     0 |     0 |     0 |     0 |     0 |     0 |     0 |     0 |     0 |     0 |     0 |
| X2Y1              |     0 |    24 |     0 |     0 |     0 |     0 |     0 |     0 |     0 |     0 |     0 |     0 |     0 |     0 |     0 |     0 |     0 |     0 |
| X3Y1              |     0 |    24 |     0 |     0 |     0 |     0 |     0 |     0 |     0 |     0 |     0 |     0 |     0 |     0 |     0 |     0 |     0 |     0 |
| X4Y1              |     0 |    24 |     0 |     0 |     0 |     0 |     0 |     0 |     0 |     0 |     0 |     0 |     0 |     0 |     0 |     0 |     0 |     0 |
| X5Y1              |     0 |    24 |     0 |     0 |     0 |     0 |     0 |     0 |     0 |     0 |     0 |     0 |     0 |     0 |     0 |     0 |     0 |     0 |
| X6Y1              |     0 |    24 |     0 |     0 |     0 |     0 |     0 |     0 |     0 |     0 |     0 |     0 |     0 |     0 |     0 |     0 |     0 |     0 |
| X7Y1              |     0 |    24 |     0 |     0 |     0 |     0 |     0 |     0 |     0 |     0 |     0 |     0 |     0 |     0 |     0 |     0 |     0 |     0 |
| X8Y1              |     0 |    24 |     0 |     0 |     0 |     0 |     0 |     0 |     0 |     0 |     0 |     0 |     0 |     0 |     0 |     0 |     0 |     0 |
| X9Y1              |     0 |    24 |     0 |     0 |     0 |     0 |     0 |     0 |     0 |    24 |     0 |     0 |     0 |     2 |     0 |     2 |     0 |     0 |
| X0Y2              |     0 |    24 |     0 |     0 |     0 |     0 |     0 |     0 |     0 |    24 |     0 |     0 |     0 |     1 |     0 |     1 |     0 |     0 |
| X1Y2              |     0 |    24 |     0 |     0 |     0 |     0 |     0 |     0 |     0 |     0 |     0 |     0 |     0 |     0 |     0 |     0 |     0 |     0 |
| X2Y2              |     0 |    24 |     0 |     0 |     0 |     0 |     0 |     0 |     0 |     0 |     0 |     0 |     0 |     0 |     0 |     0 |     0 |     0 |
| X3Y2              |     0 |    24 |     0 |     0 |     0 |     0 |     0 |     0 |     0 |     0 |     0 |     0 |     0 |     0 |     0 |     0 |     0 |     0 |
| X4Y2              |     0 |    24 |     0 |     0 |     0 |     0 |     0 |     0 |     0 |     0 |     0 |     0 |     0 |     0 |     0 |     0 |     0 |     0 |
| X5Y2              |     0 |    24 |     0 |     0 |     0 |     0 |     0 |     0 |     0 |     0 |     0 |     0 |     0 |     0 |     0 |     0 |     0 |     0 |
| X6Y2              |     0 |    24 |     0 |     0 |     0 |     0 |     0 |     0 |     0 |     0 |     0 |     0 |     0 |     0 |     0 |     0 |     0 |     0 |
| X7Y2              |     0 |    24 |     0 |     0 |     0 |     0 |     0 |     0 |     0 |     0 |     0 |     0 |     0 |     0 |     0 |     0 |     0 |     0 |
| X8Y2              |     0 |    24 |     0 |     0 |     0 |     0 |     0 |     0 |     0 |     0 |     0 |     0 |     0 |     0 |     0 |     0 |     0 |     0 |
| X9Y2              |     0 |    24 |     0 |     0 |     0 |     0 |     0 |     0 |     0 |    24 |     0 |     0 |     0 |     2 |     0 |     2 |     0 |     0 |
| X0Y3              |     0 |    24 |     0 |     0 |     0 |     0 |     0 |     0 |     0 |    24 |     0 |     0 |     0 |     2 |     0 |     2 |     0 |     0 |
| X1Y3              |     0 |    24 |     0 |     0 |     0 |     0 |     0 |     0 |     0 |     0 |     0 |     0 |     0 |     0 |     0 |     0 |     0 |     0 |
| X2Y3              |     0 |    24 |     0 |     0 |     0 |     0 |     0 |     0 |     0 |     0 |     0 |     0 |     0 |     0 |     0 |     0 |     0 |     0 |
| X3Y3              |     0 |    24 |     0 |     0 |     0 |     0 |     0 |     0 |     0 |     0 |     0 |     0 |     0 |     0 |     0 |     0 |     0 |     0 |
| X4Y3              |     0 |    24 |     0 |     0 |     0 |     0 |     0 |     0 |     0 |     0 |     0 |     0 |     0 |     0 |     0 |     0 |     0 |     0 |
| X5Y3              |     0 |    24 |     0 |     0 |     0 |     0 |     0 |     0 |     0 |     0 |     0 |     0 |     0 |     0 |     0 |     0 |     0 |     0 |
| X6Y3              |     0 |    24 |     0 |     0 |     0 |     0 |     0 |     0 |     0 |     0 |     0 |     0 |     0 |     0 |     0 |     0 |     0 |     0 |
| X7Y3              |     0 |    24 |     0 |     0 |     0 |     0 |     0 |     0 |     0 |     0 |     0 |     0 |     0 |     0 |     0 |     0 |     0 |     0 |
| X8Y3              |     0 |    24 |     0 |     0 |     0 |     0 |     0 |     0 |     0 |     0 |     0 |     0 |     0 |     0 |     0 |     0 |     0 |     0 |
| X9Y3              |     0 |    24 |     0 |     0 |     0 |     0 |     0 |     0 |     0 |    24 |     0 |     0 |     0 |     2 |     0 |     2 |     0 |     0 |
| X0Y4              |     0 |    24 |     0 |     4 |     0 |     0 |     0 |     0 |     0 |    24 |     0 |     0 |     0 |     2 |     0 |     2 |     0 |     0 |
| X1Y4              |     0 |    24 |     0 |     0 |     0 |     0 |     0 |     0 |     0 |     0 |     0 |     0 |     0 |     0 |     0 |     0 |     0 |     0 |
| X2Y4              |     0 |    24 |     0 |     0 |     0 |     0 |     0 |     0 |     0 |     0 |     0 |     0 |     0 |     0 |     0 |     0 |     0 |     0 |
| X3Y4              |     0 |    24 |     0 |     0 |     0 |     0 |     0 |     0 |     0 |     0 |     0 |     0 |     0 |     0 |     0 |     0 |     0 |     0 |
| X4Y4              |     0 |    24 |     0 |     0 |     0 |     0 |     0 |     0 |     0 |     0 |     0 |     0 |     0 |     0 |     0 |     0 |     0 |     0 |
| X5Y4              |     0 |    24 |     0 |     0 |     0 |     0 |     0 |     0 |     0 |     0 |     0 |     0 |     0 |     0 |     0 |     0 |     0 |     0 |
| X6Y4              |     0 |    24 |     0 |     0 |     0 |     0 |     0 |     0 |     0 |     0 |     0 |     0 |     0 |     0 |     0 |     0 |     0 |     0 |
| X7Y4              |     0 |    24 |     0 |     0 |     0 |     0 |     0 |     0 |     0 |     0 |     0 |     0 |     0 |     0 |     0 |     0 |     0 |     0 |
| X8Y4              |     0 |    24 |     0 |     0 |     0 |     0 |     0 |     0 |     0 |     0 |     0 |     0 |     0 |     0 |     0 |     0 |     0 |     0 |
| X9Y4              |     0 |    24 |     0 |     4 |     0 |     0 |     0 |     0 |     0 |    24 |     0 |     0 |     0 |     2 |     0 |     2 |     0 |     0 |
| X0Y5              |     0 |    24 |     0 |     0 |     0 |     0 |     0 |     0 |     0 |     0 |     0 |     0 |     0 |     0 |     0 |     0 |     0 |     0 |
| X1Y5              |     0 |    24 |     0 |     0 |     0 |     0 |     0 |     0 |     0 |     0 |     0 |     0 |     0 |     0 |     0 |     0 |     0 |     0 |
| X2Y5              |     0 |    24 |     0 |     0 |     0 |     0 |     0 |     0 |     0 |     0 |     0 |     0 |     0 |     0 |     0 |     0 |     0 |     0 |
| X3Y5              |     0 |    24 |     0 |     0 |     0 |     0 |     0 |     0 |     0 |     0 |     0 |     0 |     0 |     0 |     0 |     0 |     0 |     0 |
| X4Y5              |     0 |    24 |     0 |     0 |     0 |     0 |     0 |     0 |     0 |     0 |     0 |     0 |     0 |     0 |     0 |     0 |     0 |     0 |
| X5Y5              |     0 |    24 |     0 |     0 |     0 |     0 |     0 |     0 |     0 |     0 |     0 |     0 |     0 |     0 |     0 |     0 |     0 |     0 |
| X6Y5              |     0 |    24 |     0 |     0 |     0 |     0 |     0 |     0 |     0 |     0 |     0 |     0 |     0 |     0 |     0 |     0 |     0 |     0 |
| X7Y5              |     0 |    24 |     0 |     0 |     0 |     0 |     0 |     0 |     0 |     0 |     0 |     0 |     0 |     0 |     0 |     0 |     0 |     0 |
| X8Y5              |     0 |    24 |     0 |     0 |     0 |     0 |     0 |     0 |     0 |     0 |     0 |     0 |     0 |     0 |     0 |     0 |     0 |     0 |
| X9Y5              |     0 |    24 |     0 |     0 |     0 |     0 |     0 |     0 |     0 |     0 |     0 |     0 |     0 |     0 |     0 |     0 |     0 |     0 |
| X10Y5             |     0 |    24 |     0 |     0 |     0 |     0 |     0 |     0 |     0 |     0 |     0 |     0 |     0 |     0 |     0 |     0 |     0 |     0 |
| X11Y5             |     0 |     0 |     0 |     0 |     0 |     0 |     0 |     0 |     0 |     0 |     0 |     0 |     0 |     0 |     0 |     0 |     0 |     0 |
+-------------------+-------+-------+-------+-------+-------+-------+-------+-------+-------+-------+-------+-------+-------+-------+-------+-------+-------+-------+
* Global Clock column represents track count; while other columns represents cell counts


6. Clock Regions : Load Primitives
----------------------------------

+-------------------+------------------+------------------+------------------+------------------+------------------+------------------+------------------+------------------+------------------+
|                   |   Global Clock   |        FF        |      LUTRAM      |  Block RAM (18K) |       URAM       |        DSP       |        GT        |      HARD IP     |        NOC       |
+-------------------+--------+---------+--------+---------+--------+---------+--------+---------+--------+---------+--------+---------+--------+---------+--------+---------+--------+---------+
| Clock Region Name | Used   | Avail   | Used   | Avail   | Used   | Avail   | Used   | Avail   | Used   | Avail   | Used   | Avail   | Used   | Avail   | Used   | Avail   | Used   | Avail   |
+-------------------+--------+---------+--------+---------+--------+---------+--------+---------+--------+---------+--------+---------+--------+---------+--------+---------+--------+---------+
| X0Y0              |      0 |      24 |      0 |       0 |      0 |       0 |      0 |       0 |      0 |       0 |      0 |       0 |      0 |       0 |      0 |       0 |      0 |       0 |
| X1Y0              |      0 |      24 |      0 |       0 |      0 |       0 |      0 |       0 |      0 |       0 |      0 |       0 |      0 |       0 |      0 |       0 |      0 |       0 |
| X2Y0              |      0 |      24 |      0 |       0 |      0 |       0 |      0 |       0 |      0 |       0 |      0 |       0 |      0 |       0 |      0 |       0 |      0 |       0 |
| X3Y0              |      0 |      24 |      0 |       0 |      0 |       0 |      0 |       0 |      0 |       0 |      0 |       0 |      0 |       0 |      0 |       0 |      0 |       0 |
| X4Y0              |      0 |      24 |      0 |       0 |      0 |       0 |      0 |       0 |      0 |       0 |      0 |       0 |      0 |       0 |      0 |       0 |      0 |       0 |
| X5Y0              |      0 |      24 |      0 |       0 |      0 |       0 |      0 |       0 |      0 |       0 |      0 |       0 |      0 |       0 |      0 |       0 |      0 |       0 |
| X6Y0              |      0 |      24 |      0 |       0 |      0 |       0 |      0 |       0 |      0 |       0 |      0 |       0 |      0 |       0 |      0 |       0 |      0 |       0 |
| X7Y0              |      0 |      24 |      0 |       0 |      0 |       0 |      0 |       0 |      0 |       0 |      0 |       0 |      0 |       0 |      0 |       0 |      0 |       0 |
| X8Y0              |      1 |      24 |      0 |       0 |      0 |       0 |      0 |       0 |      0 |       0 |      0 |       0 |      0 |       0 |      0 |       0 |      0 |       0 |
| X9Y0              |      0 |      24 |      0 |       0 |      0 |       0 |      0 |       0 |      0 |       0 |      0 |       0 |      0 |       0 |      0 |       0 |      0 |       0 |
| X10Y0             |      0 |      24 |      0 |       0 |      0 |       0 |      0 |       0 |      0 |       0 |      0 |       0 |      0 |       0 |      0 |       0 |      0 |       0 |
| X11Y0             |      0 |      24 |      0 |       0 |      0 |       0 |      0 |       0 |      0 |       0 |      0 |       0 |      0 |       0 |      0 |       0 |      0 |       0 |
| X0Y1              |      0 |       0 |      0 |       0 |      0 |       0 |      0 |       0 |      0 |       0 |      0 |       0 |      0 |       0 |      0 |       0 |      0 |       0 |
| X1Y1              |      1 |      24 |    953 |   52992 |     12 |   13248 |      0 |      48 |      0 |      24 |      0 |       0 |      0 |       0 |      0 |       0 |      0 |       4 |
| X2Y1              |      0 |      24 |      0 |   58880 |      0 |   14720 |      0 |      48 |      0 |       0 |      0 |     138 |      0 |       0 |      0 |       0 |      0 |       0 |
| X3Y1              |      0 |      24 |      0 |   47104 |      0 |   11776 |      0 |      96 |      0 |      24 |      0 |     138 |      0 |       0 |      0 |       0 |      0 |       4 |
| X4Y1              |      0 |      24 |      0 |   58880 |      0 |   14720 |      0 |      48 |      0 |       0 |      0 |     138 |      0 |       0 |      0 |       0 |      0 |       0 |
| X5Y1              |      0 |      24 |      0 |   47104 |      0 |   11776 |      0 |      96 |      0 |      24 |      0 |     138 |      0 |       0 |      0 |       0 |      0 |       4 |
| X6Y1              |      0 |      24 |      0 |   58880 |      0 |   14720 |      0 |      48 |      0 |       0 |      0 |     138 |      0 |       0 |      0 |       0 |      0 |       0 |
| X7Y1              |      0 |      24 |      0 |   47104 |      0 |   11776 |      0 |      96 |      0 |      24 |      0 |     138 |      0 |       0 |      0 |       0 |      0 |       4 |
| X8Y1              |      0 |      24 |      0 |   58880 |      0 |   14720 |      0 |      48 |      0 |       0 |      0 |       0 |      0 |       0 |      0 |       0 |      0 |       0 |
| X9Y1              |      0 |      24 |      0 |   41216 |      0 |   10304 |      0 |       0 |      0 |      24 |      0 |       0 |      0 |       6 |      0 |       0 |      0 |       0 |
| X0Y2              |      0 |      24 |      0 |   21504 |      0 |    5376 |      0 |      24 |      0 |       0 |      0 |       0 |      0 |       3 |      0 |       0 |      0 |       0 |
| X1Y2              |      0 |      24 |      0 |   64512 |      0 |   16128 |      0 |      48 |      0 |      36 |      0 |       0 |      0 |       0 |      0 |       0 |      0 |       4 |
| X2Y2              |      0 |      24 |      0 |   61440 |      0 |   15360 |      0 |      48 |      0 |       0 |      0 |     144 |      0 |       0 |      0 |       0 |      0 |       0 |
| X3Y2              |      0 |      24 |      0 |   49152 |      0 |   12288 |      0 |      96 |      0 |      24 |      0 |     144 |      0 |       0 |      0 |       0 |      0 |       4 |
| X4Y2              |      0 |      24 |      0 |   61440 |      0 |   15360 |      0 |      48 |      0 |       0 |      0 |     144 |      0 |       0 |      0 |       0 |      0 |       0 |
| X5Y2              |      0 |      24 |      0 |   49152 |      0 |   12288 |      0 |      96 |      0 |      24 |      0 |     144 |      0 |       0 |      0 |       0 |      0 |       4 |
| X6Y2              |      0 |      24 |      0 |   61440 |      0 |   15360 |      0 |      48 |      0 |       0 |      0 |     144 |      0 |       0 |      0 |       0 |      0 |       0 |
| X7Y2              |      0 |      24 |      0 |   49152 |      0 |   12288 |      0 |      96 |      0 |      24 |      0 |     144 |      0 |       0 |      0 |       0 |      0 |       4 |
| X8Y2              |      0 |      24 |      0 |   61440 |      0 |   15360 |      0 |      48 |      0 |       0 |      0 |       0 |      0 |       0 |      0 |       0 |      0 |       0 |
| X9Y2              |      0 |      24 |      0 |   43008 |      0 |   10752 |      0 |       0 |      0 |      24 |      0 |       0 |      0 |       6 |      0 |       1 |      0 |       0 |
| X0Y3              |      0 |      24 |      0 |   43008 |      0 |   10752 |      0 |      48 |      0 |       0 |      0 |       0 |      0 |       6 |      0 |       2 |      0 |       0 |
| X1Y3              |      0 |      24 |      0 |   73728 |      0 |   18432 |      0 |      48 |      0 |      48 |      0 |       0 |      0 |       0 |      0 |       0 |      0 |       4 |
| X2Y3              |      0 |      24 |      0 |   61440 |      0 |   15360 |      0 |      48 |      0 |       0 |      0 |     144 |      0 |       0 |      0 |       0 |      0 |       0 |
| X3Y3              |      0 |      24 |      0 |   49152 |      0 |   12288 |      0 |      96 |      0 |      24 |      0 |     144 |      0 |       0 |      0 |       0 |      0 |       4 |
| X4Y3              |      0 |      24 |      0 |   61440 |      0 |   15360 |      0 |      48 |      0 |       0 |      0 |     144 |      0 |       0 |      0 |       0 |      0 |       0 |
| X5Y3              |      0 |      24 |      0 |   49152 |      0 |   12288 |      0 |      96 |      0 |      24 |      0 |     144 |      0 |       0 |      0 |       0 |      0 |       4 |
| X6Y3              |      0 |      24 |      0 |   61440 |      0 |   15360 |      0 |      48 |      0 |       0 |      0 |     144 |      0 |       0 |      0 |       0 |      0 |       0 |
| X7Y3              |      0 |      24 |      0 |   49152 |      0 |   12288 |      0 |      96 |      0 |      24 |      0 |     144 |      0 |       0 |      0 |       0 |      0 |       4 |
| X8Y3              |      0 |      24 |      0 |   61440 |      0 |   15360 |      0 |      48 |      0 |       0 |      0 |       0 |      0 |       0 |      0 |       0 |      0 |       0 |
| X9Y3              |      0 |      24 |      0 |   43008 |      0 |   10752 |      0 |       0 |      0 |      24 |      0 |       0 |      0 |       6 |      0 |       1 |      0 |       0 |
| X0Y4              |      0 |      24 |      0 |   19712 |      0 |    4928 |      0 |      22 |      0 |       0 |      0 |       0 |      0 |       3 |      0 |       0 |      0 |       0 |
| X1Y4              |      0 |      24 |      0 |   33792 |      0 |    8448 |      0 |      24 |      0 |      23 |      0 |       0 |      0 |       0 |      0 |       0 |      0 |       2 |
| X2Y4              |      0 |      24 |      0 |   28160 |      0 |    7040 |      0 |      22 |      0 |       0 |      0 |      66 |      0 |       0 |      0 |       0 |      0 |       0 |
| X3Y4              |      0 |      24 |      0 |   22528 |      0 |    5632 |      0 |      48 |      0 |      11 |      0 |      66 |      0 |       0 |      0 |       0 |      0 |       2 |
| X4Y4              |      0 |      24 |      0 |   28160 |      0 |    7040 |      0 |      22 |      0 |       0 |      0 |      66 |      0 |       0 |      0 |       0 |      0 |       0 |
| X5Y4              |      0 |      24 |      0 |   22528 |      0 |    5632 |      0 |      48 |      0 |      11 |      0 |      66 |      0 |       0 |      0 |       0 |      0 |       2 |
| X6Y4              |      0 |      24 |      0 |   28160 |      0 |    7040 |      0 |      22 |      0 |       0 |      0 |      66 |      0 |       0 |      0 |       0 |      0 |       0 |
| X7Y4              |      0 |      24 |      0 |   22528 |      0 |    5632 |      0 |      48 |      0 |      11 |      0 |      66 |      0 |       0 |      0 |       0 |      0 |       2 |
| X8Y4              |      0 |      24 |      0 |   28160 |      0 |    7040 |      0 |      22 |      0 |       0 |      0 |       0 |      0 |       0 |      0 |       0 |      0 |       0 |
| X9Y4              |      0 |      24 |      0 |   19712 |      0 |    4928 |      0 |       0 |      0 |      11 |      0 |       0 |      0 |       3 |      0 |       0 |      0 |       0 |
| X0Y5              |      0 |      24 |      0 |       0 |      0 |       0 |      0 |       0 |      0 |       0 |      0 |       0 |      0 |       0 |      0 |       0 |      0 |       0 |
| X1Y5              |      0 |      24 |      0 |       0 |      0 |       0 |      0 |       0 |      0 |       0 |      0 |       0 |      0 |       0 |      0 |       0 |      0 |       0 |
| X2Y5              |      0 |      24 |      0 |       0 |      0 |       0 |      0 |       0 |      0 |       0 |      0 |       0 |      0 |       0 |      0 |       0 |      0 |       0 |
| X3Y5              |      0 |      24 |      0 |       0 |      0 |       0 |      0 |       0 |      0 |       0 |      0 |       0 |      0 |       0 |      0 |       0 |      0 |       0 |
| X4Y5              |      0 |      24 |      0 |       0 |      0 |       0 |      0 |       0 |      0 |       0 |      0 |       0 |      0 |       0 |      0 |       0 |      0 |       0 |
| X5Y5              |      0 |      24 |      0 |       0 |      0 |       0 |      0 |       0 |      0 |       0 |      0 |       0 |      0 |       0 |      0 |       0 |      0 |       0 |
| X6Y5              |      0 |      24 |      0 |       0 |      0 |       0 |      0 |       0 |      0 |       0 |      0 |       0 |      0 |       0 |      0 |       0 |      0 |       0 |
| X7Y5              |      0 |      24 |      0 |       0 |      0 |       0 |      0 |       0 |      0 |       0 |      0 |       0 |      0 |       0 |      0 |       0 |      0 |       0 |
| X8Y5              |      0 |      24 |      0 |       0 |      0 |       0 |      0 |       0 |      0 |       0 |      0 |       0 |      0 |       0 |      0 |       0 |      0 |       0 |
| X9Y5              |      0 |      24 |      0 |       0 |      0 |       0 |      0 |       0 |      0 |       0 |      0 |       0 |      0 |       0 |      0 |       0 |      0 |       0 |
| X10Y5             |      0 |      24 |      0 |       0 |      0 |       0 |      0 |       0 |      0 |       0 |      0 |       0 |      0 |       0 |      0 |       0 |      0 |       0 |
| X11Y5             |      0 |       0 |      0 |       0 |      0 |       0 |      0 |       0 |      0 |       0 |      0 |       0 |      0 |       0 |      0 |       0 |      0 |       0 |
+-------------------+--------+---------+--------+---------+--------+---------+--------+---------+--------+---------+--------+---------+--------+---------+--------+---------+--------+---------+
* Global Clock column represents track count; while other columns represents cell counts


7. Clock Regions : Global Clock Summary
---------------------------------------

All Modules
+----+----+----+----+----+----+----+----+----+----+----+-----+-----+
|    | X0 | X1 | X2 | X3 | X4 | X5 | X6 | X7 | X8 | X9 | X10 | X11 |
+----+----+----+----+----+----+----+----+----+----+----+-----+-----+
| Y5 |  0 |  0 |  0 |  0 |  0 |  0 |  0 |  0 |  0 |  0 |   0 |   0 |
| Y4 |  0 |  0 |  0 |  0 |  0 |  0 |  0 |  0 |  0 |  0 |   0 |   0 |
| Y3 |  0 |  0 |  0 |  0 |  0 |  0 |  0 |  0 |  0 |  0 |   0 |   0 |
| Y2 |  0 |  0 |  0 |  0 |  0 |  0 |  0 |  0 |  0 |  0 |   0 |   0 |
| Y1 |  0 |  1 |  0 |  0 |  0 |  0 |  0 |  0 |  0 |  0 |   0 |   0 |
| Y0 |  0 |  0 |  0 |  0 |  0 |  0 |  0 |  0 |  2 |  0 |   0 |   0 |
+----+----+----+----+----+----+----+----+----+----+----+-----+-----+


8. Clock Regions : Routing Resource Utilization
-----------------------------------------------

All Modules
+-------------------+----------------------+----------------------+----------------------+----------------------+
|                   |        HROUTES       |        HDISTRS       |        VROUTES       |        VDISTRS       |
+-------------------+------+-------+-------+------+-------+-------+------+-------+-------+------+-------+-------+
| Clock Region Name | Used | Avail | Util% | Used | Avail | Util% | Used | Avail | Util% | Used | Avail | Util% |
+-------------------+------+-------+-------+------+-------+-------+------+-------+-------+------+-------+-------+
| X0Y0              |    0 |    24 |  0.00 |    0 |    24 |  0.00 |    0 |     0 |  0.00 |    0 |     0 |  0.00 |
| X1Y0              |    0 |    24 |  0.00 |    0 |    24 |  0.00 |    0 |     0 |  0.00 |    0 |     0 |  0.00 |
| X2Y0              |    0 |    24 |  0.00 |    0 |    24 |  0.00 |    0 |     0 |  0.00 |    0 |     0 |  0.00 |
| X3Y0              |    1 |    24 |  4.17 |    0 |    24 |  0.00 |    0 |     0 |  0.00 |    0 |     0 |  0.00 |
| X4Y0              |    1 |    24 |  4.17 |    0 |    24 |  0.00 |    0 |     0 |  0.00 |    0 |     0 |  0.00 |
| X5Y0              |    1 |    24 |  4.17 |    0 |    24 |  0.00 |    0 |     0 |  0.00 |    0 |     0 |  0.00 |
| X6Y0              |    1 |    24 |  4.17 |    0 |    24 |  0.00 |    0 |     0 |  0.00 |    0 |     0 |  0.00 |
| X7Y0              |    1 |    24 |  4.17 |    0 |    24 |  0.00 |    0 |     0 |  0.00 |    0 |     0 |  0.00 |
| X8Y0              |    1 |    24 |  4.17 |    1 |    24 |  4.17 |    0 |     0 |  0.00 |    0 |     0 |  0.00 |
| X9Y0              |    0 |    24 |  0.00 |    0 |    24 |  0.00 |    0 |     0 |  0.00 |    0 |     0 |  0.00 |
| X10Y0             |    0 |    24 |  0.00 |    0 |    24 |  0.00 |    0 |     0 |  0.00 |    0 |     0 |  0.00 |
| X11Y0             |    0 |    24 |  0.00 |    0 |    24 |  0.00 |    0 |     0 |  0.00 |    0 |     0 |  0.00 |
| X0Y1              |    0 |     0 |  0.00 |    0 |     0 |  0.00 |    0 |     0 |  0.00 |    0 |     0 |  0.00 |
| X1Y1              |    0 |     0 |  0.00 |    1 |    24 |  4.17 |    1 |    24 |  4.17 |    1 |    24 |  4.17 |
| X2Y1              |    1 |    12 |  8.33 |    0 |    24 |  0.00 |    0 |     0 |  0.00 |    0 |     0 |  0.00 |
| X3Y1              |    1 |    12 |  8.33 |    0 |    24 |  0.00 |    0 |    24 |  0.00 |    0 |    24 |  0.00 |
| X4Y1              |    1 |    12 |  8.33 |    0 |    24 |  0.00 |    0 |     0 |  0.00 |    0 |     0 |  0.00 |
| X5Y1              |    1 |    12 |  8.33 |    0 |    24 |  0.00 |    0 |    24 |  0.00 |    0 |    24 |  0.00 |
| X6Y1              |    1 |    12 |  8.33 |    0 |    24 |  0.00 |    0 |     0 |  0.00 |    0 |     0 |  0.00 |
| X7Y1              |    1 |    12 |  8.33 |    0 |    24 |  0.00 |    1 |    24 |  4.17 |    0 |    24 |  0.00 |
| X8Y1              |    0 |    12 |  0.00 |    0 |    24 |  0.00 |    0 |     0 |  0.00 |    0 |     0 |  0.00 |
| X9Y1              |    0 |    12 |  0.00 |    0 |    24 |  0.00 |    0 |    24 |  0.00 |    0 |    24 |  0.00 |
| X0Y2              |    0 |    12 |  0.00 |    0 |    24 |  0.00 |    0 |    24 |  0.00 |    0 |    24 |  0.00 |
| X1Y2              |    0 |    12 |  0.00 |    0 |    24 |  0.00 |    0 |    24 |  0.00 |    0 |    24 |  0.00 |
| X2Y2              |    0 |    12 |  0.00 |    0 |    24 |  0.00 |    0 |     0 |  0.00 |    0 |     0 |  0.00 |
| X3Y2              |    0 |    12 |  0.00 |    0 |    24 |  0.00 |    0 |    24 |  0.00 |    0 |    24 |  0.00 |
| X4Y2              |    0 |    12 |  0.00 |    0 |    24 |  0.00 |    0 |     0 |  0.00 |    0 |     0 |  0.00 |
| X5Y2              |    0 |    12 |  0.00 |    0 |    24 |  0.00 |    0 |    24 |  0.00 |    0 |    24 |  0.00 |
| X6Y2              |    0 |    12 |  0.00 |    0 |    24 |  0.00 |    0 |     0 |  0.00 |    0 |     0 |  0.00 |
| X7Y2              |    0 |    12 |  0.00 |    0 |    24 |  0.00 |    0 |    24 |  0.00 |    0 |    24 |  0.00 |
| X8Y2              |    0 |    12 |  0.00 |    0 |    24 |  0.00 |    0 |     0 |  0.00 |    0 |     0 |  0.00 |
| X9Y2              |    0 |    12 |  0.00 |    0 |    24 |  0.00 |    0 |    24 |  0.00 |    0 |    24 |  0.00 |
| X0Y3              |    0 |    12 |  0.00 |    0 |    24 |  0.00 |    0 |    24 |  0.00 |    0 |    24 |  0.00 |
| X1Y3              |    0 |    12 |  0.00 |    0 |    24 |  0.00 |    0 |    24 |  0.00 |    0 |    24 |  0.00 |
| X2Y3              |    0 |    12 |  0.00 |    0 |    24 |  0.00 |    0 |     0 |  0.00 |    0 |     0 |  0.00 |
| X3Y3              |    0 |    12 |  0.00 |    0 |    24 |  0.00 |    0 |    24 |  0.00 |    0 |    24 |  0.00 |
| X4Y3              |    0 |    12 |  0.00 |    0 |    24 |  0.00 |    0 |     0 |  0.00 |    0 |     0 |  0.00 |
| X5Y3              |    0 |    12 |  0.00 |    0 |    24 |  0.00 |    0 |    24 |  0.00 |    0 |    24 |  0.00 |
| X6Y3              |    0 |    12 |  0.00 |    0 |    24 |  0.00 |    0 |     0 |  0.00 |    0 |     0 |  0.00 |
| X7Y3              |    0 |    12 |  0.00 |    0 |    24 |  0.00 |    0 |    24 |  0.00 |    0 |    24 |  0.00 |
| X8Y3              |    0 |    12 |  0.00 |    0 |    24 |  0.00 |    0 |     0 |  0.00 |    0 |     0 |  0.00 |
| X9Y3              |    0 |    12 |  0.00 |    0 |    24 |  0.00 |    0 |    24 |  0.00 |    0 |    24 |  0.00 |
| X0Y4              |    0 |    12 |  0.00 |    0 |    24 |  0.00 |    0 |    24 |  0.00 |    0 |    24 |  0.00 |
| X1Y4              |    0 |    12 |  0.00 |    0 |    24 |  0.00 |    0 |    24 |  0.00 |    0 |    24 |  0.00 |
| X2Y4              |    0 |    12 |  0.00 |    0 |    24 |  0.00 |    0 |     0 |  0.00 |    0 |     0 |  0.00 |
| X3Y4              |    0 |    12 |  0.00 |    0 |    24 |  0.00 |    0 |    24 |  0.00 |    0 |    24 |  0.00 |
| X4Y4              |    0 |    12 |  0.00 |    0 |    24 |  0.00 |    0 |     0 |  0.00 |    0 |     0 |  0.00 |
| X5Y4              |    0 |    12 |  0.00 |    0 |    24 |  0.00 |    0 |    24 |  0.00 |    0 |    24 |  0.00 |
| X6Y4              |    0 |    12 |  0.00 |    0 |    24 |  0.00 |    0 |     0 |  0.00 |    0 |     0 |  0.00 |
| X7Y4              |    0 |    12 |  0.00 |    0 |    24 |  0.00 |    0 |    24 |  0.00 |    0 |    24 |  0.00 |
| X8Y4              |    0 |    12 |  0.00 |    0 |    24 |  0.00 |    0 |     0 |  0.00 |    0 |     0 |  0.00 |
| X9Y4              |    0 |    12 |  0.00 |    0 |    24 |  0.00 |    0 |    24 |  0.00 |    0 |    24 |  0.00 |
| X0Y5              |    0 |     0 |  0.00 |    0 |    24 |  0.00 |    0 |     0 |  0.00 |    0 |     0 |  0.00 |
| X1Y5              |    0 |     0 |  0.00 |    0 |    24 |  0.00 |    0 |     0 |  0.00 |    0 |     0 |  0.00 |
| X2Y5              |    0 |     0 |  0.00 |    0 |    24 |  0.00 |    0 |     0 |  0.00 |    0 |     0 |  0.00 |
| X3Y5              |    0 |     0 |  0.00 |    0 |    24 |  0.00 |    0 |     0 |  0.00 |    0 |     0 |  0.00 |
| X4Y5              |    0 |     0 |  0.00 |    0 |    24 |  0.00 |    0 |     0 |  0.00 |    0 |     0 |  0.00 |
| X5Y5              |    0 |     0 |  0.00 |    0 |    24 |  0.00 |    0 |     0 |  0.00 |    0 |     0 |  0.00 |
| X6Y5              |    0 |     0 |  0.00 |    0 |    24 |  0.00 |    0 |     0 |  0.00 |    0 |     0 |  0.00 |
| X7Y5              |    0 |     0 |  0.00 |    0 |    24 |  0.00 |    0 |     0 |  0.00 |    0 |     0 |  0.00 |
| X8Y5              |    0 |     0 |  0.00 |    0 |    24 |  0.00 |    0 |     0 |  0.00 |    0 |     0 |  0.00 |
| X9Y5              |    0 |     0 |  0.00 |    0 |    24 |  0.00 |    0 |     0 |  0.00 |    0 |     0 |  0.00 |
| X10Y5             |    0 |     0 |  0.00 |    0 |    24 |  0.00 |    0 |     0 |  0.00 |    0 |     0 |  0.00 |
| X11Y5             |    0 |     0 |  0.00 |    0 |     0 |  0.00 |    0 |     0 |  0.00 |    0 |     0 |  0.00 |
+-------------------+------+-------+-------+------+-------+-------+------+-------+-------+------+-------+-------+


9. Device Cell Placement Summary for Global Clock g0
----------------------------------------------------

+-----------+-----------------+-------------------+-------------------+-------------+---------------+----------+-------------+----------+----------------+----------+------------------------------------------------------------+
| Global Id | Driver Type/Pin | Driver Region (D) | Clock             | Period (ns) | Waveform (ns) | Root (R) | Slice Loads | IO Loads | Clocking Loads | GT Loads | Net                                                        |
+-----------+-----------------+-------------------+-------------------+-------------+---------------+----------+-------------+----------+----------------+----------+------------------------------------------------------------+
| g0        | BUFGCE/O        | X8Y0              | clkout1_primitive |       3.333 | {0.000 1.667} | X1Y1     |         966 |        0 |              0 |        0 | design_1_i/clk_wizard_0/inst/clock_primitive_inst/clk_out1 |
+-----------+-----------------+-------------------+-------------------+-------------+---------------+----------+-------------+----------+----------------+----------+------------------------------------------------------------+
* Slice Loads column represents load cell count of all cell types other than IO, GT and clock resources
** IO Loads column represents load cell count of IO types
*** Clocking Loads column represents load cell count that are clock resources (global clock buffer, MMCM, PLL, etc)
**** GT Loads column represents load cell count of GT types


+----+----+---------+----+----+----+----+----+----+--------+----+-----+-----+
|    | X0 | X1      | X2 | X3 | X4 | X5 | X6 | X7 | X8     | X9 | X10 | X11 |
+----+----+---------+----+----+----+----+----+----+--------+----+-----+-----+
| Y5 |  0 |       0 |  0 |  0 |  0 |  0 |  0 |  0 |      0 |  0 |   0 |   0 |
| Y4 |  0 |       0 |  0 |  0 |  0 |  0 |  0 |  0 |      0 |  0 |   0 |   0 |
| Y3 |  0 |       0 |  0 |  0 |  0 |  0 |  0 |  0 |      0 |  0 |   0 |   0 |
| Y2 |  0 |       0 |  0 |  0 |  0 |  0 |  0 |  0 |      0 |  0 |   0 |   0 |
| Y1 |  1 | (R) 965 |  0 |  0 |  0 |  0 |  0 |  0 |      0 |  0 |   0 |   0 |
| Y0 |  0 |       0 |  0 |  0 |  0 |  0 |  0 |  0 |  (D) 0 |  0 |   0 |   0 |
+----+----+---------+----+----+----+----+----+----+--------+----+-----+-----+


10. Device Cell Placement Summary for Global Clock g1
-----------------------------------------------------

+-----------+-----------------+-------------------+----------+-------------+---------------+----------+-------------+----------+----------------+----------+--------------------------------------------------------+
| Global Id | Driver Type/Pin | Driver Region (D) | Clock    | Period (ns) | Waveform (ns) | Root (R) | Slice Loads | IO Loads | Clocking Loads | GT Loads | Net                                                    |
+-----------+-----------------+-------------------+----------+-------------+---------------+----------+-------------+----------+----------------+----------+--------------------------------------------------------+
| g1        | BUFG_PS/O       | X1Y1              | clk_pl_0 |       3.380 | {0.000 1.690} | X7Y1     |           0 |        0 |              1 |        0 | design_1_i/versal_cips_0/inst/pspmc_0/inst/pl0_ref_clk |
+-----------+-----------------+-------------------+----------+-------------+---------------+----------+-------------+----------+----------------+----------+--------------------------------------------------------+
* Slice Loads column represents load cell count of all cell types other than IO, GT and clock resources
** IO Loads column represents load cell count of IO types
*** Clocking Loads column represents load cell count that are clock resources (global clock buffer, MMCM, PLL, etc)
**** GT Loads column represents load cell count of GT types


+----+----+--------+----+----+----+----+----+-------+----+----+-----+-----+
|    | X0 | X1     | X2 | X3 | X4 | X5 | X6 | X7    | X8 | X9 | X10 | X11 |
+----+----+--------+----+----+----+----+----+-------+----+----+-----+-----+
| Y5 |  0 |      0 |  0 |  0 |  0 |  0 |  0 |     0 |  0 |  0 |   0 |   0 |
| Y4 |  0 |      0 |  0 |  0 |  0 |  0 |  0 |     0 |  0 |  0 |   0 |   0 |
| Y3 |  0 |      0 |  0 |  0 |  0 |  0 |  0 |     0 |  0 |  0 |   0 |   0 |
| Y2 |  0 |      0 |  0 |  0 |  0 |  0 |  0 |     0 |  0 |  0 |   0 |   0 |
| Y1 |  0 |  (D) 0 |  0 |  0 |  0 |  0 |  0 | (R) 0 |  0 |  0 |   0 |   0 |
| Y0 |  0 |      0 |  0 |  0 |  0 |  0 |  0 |     0 |  1 |  0 |   0 |   0 |
+----+----+--------+----+----+----+----+----+-------+----+----+-----+-----+


11. Clock Region Cell Placement per Global Clock: Region X8Y0
-------------------------------------------------------------

+-----------+-------+-----------------+------------+-------------+-----------------+----+-------------+------+------+-----+----+------+-----+---------+------------------------------------------------------------+
| Global Id | Track | Driver Type/Pin | Constraint | Clock Loads | Non-Clock Loads | FF | Memory LUTs | RAMB | URAM | DSP | GT | MMCM | NOC | Hard IP | Net                                                        |
+-----------+-------+-----------------+------------+-------------+-----------------+----+-------------+------+------+-----+----+------+-----+---------+------------------------------------------------------------+
| g0+       | 11    | BUFGCE/O        | None       |           0 |               0 |  0 |           0 |    0 |    0 |   0 |  0 |    0 |   0 |       0 | design_1_i/clk_wizard_0/inst/clock_primitive_inst/clk_out1 |
| g1        | 23    | BUFG_PS/O       | None       |           0 |               1 |  0 |           0 |    0 |    0 |   0 |  0 |    1 |   0 |       0 | design_1_i/versal_cips_0/inst/pspmc_0/inst/pl0_ref_clk     |
+-----------+-------+-----------------+------------+-------------+-----------------+----+-------------+------+------+-----+----+------+-----+---------+------------------------------------------------------------+
* Clock Loads column represents the clock pin loads (pin count). Internal cell leaf pins are not counted
** Non-Clock Loads column represents the non-clock pin loads (pin count)
*** Columns FF, LUTRAM, RAMB through 'Hard IP' represents load cell counts
**** In Global Id column, sympbol '+' indicates that global clock was used only to route through the clock region.


12. Clock Region Cell Placement per Global Clock: Region X1Y1
-------------------------------------------------------------

+-----------+-------+-----------------+------------+-------------+-----------------+-----+-------------+------+------+-----+----+------+-----+---------+------------------------------------------------------------+
| Global Id | Track | Driver Type/Pin | Constraint | Clock Loads | Non-Clock Loads | FF  | Memory LUTs | RAMB | URAM | DSP | GT | MMCM | NOC | Hard IP | Net                                                        |
+-----------+-------+-----------------+------------+-------------+-----------------+-----+-------------+------+------+-----+----+------+-----+---------+------------------------------------------------------------+
| g0        | 11    | BUFGCE/O        | None       |         965 |               0 | 953 |          12 |    0 |    0 |   0 |  0 |    0 |   0 |       0 | design_1_i/clk_wizard_0/inst/clock_primitive_inst/clk_out1 |
+-----------+-------+-----------------+------------+-------------+-----------------+-----+-------------+------+------+-----+----+------+-----+---------+------------------------------------------------------------+
* Clock Loads column represents the clock pin loads (pin count). Internal cell leaf pins are not counted
** Non-Clock Loads column represents the non-clock pin loads (pin count)
*** Columns FF, LUTRAM, RAMB through 'Hard IP' represents load cell counts


