
*** Running vivado
    with args -log design_1_wrapper.vdi -applog -m64 -product Vivado -messageDb vivado.pb -mode batch -source design_1_wrapper.tcl -notrace


****** Vivado v2022.1 (64-bit)
  **** SW Build 3526262 on Mon Apr 18 15:47:01 MDT 2022
  **** IP Build 3524634 on Mon Apr 18 20:55:01 MDT 2022
    ** Copyright 1986-2022 Xilinx, Inc. All Rights Reserved.

source design_1_wrapper.tcl -notrace
INFO: [IP_Flow 19-234] Refreshing IP repositories
INFO: [IP_Flow 19-1704] No user IP repositories specified
INFO: [IP_Flow 19-2313] Loaded Vivado IP repository '/media/dewsjoe/Data/Vitis_2022_1/Vivado/2022.1/data/ip'.
add_files: Time (s): cpu = 00:00:07 ; elapsed = 00:00:07 . Memory (MB): peak = 2690.984 ; gain = 0.000 ; free physical = 12975 ; free virtual = 17718
Command: link_design -top design_1_wrapper -part xcvc1902-vsva2197-2MP-e-S
Design is defaulting to srcset: sources_1
Design is defaulting to constrset: constrs_1
INFO: [Device 21-403] Loading part xcvc1902-vsva2197-2MP-e-S
INFO: [Project 1-454] Reading design checkpoint '/home/dewsjoe/Desktop/projects_2022.1/projects_ldg/project_3/project_3.gen/sources_1/bd/design_1/ip/design_1_axi_gpio_0_0/design_1_axi_gpio_0_0.dcp' for cell 'design_1_i/axi_gpio_0'
INFO: [Project 1-454] Reading design checkpoint '/home/dewsjoe/Desktop/projects_2022.1/projects_ldg/project_3/project_3.gen/sources_1/bd/design_1/ip/design_1_axi_gpio_1_0/design_1_axi_gpio_1_0.dcp' for cell 'design_1_i/axi_gpio_1'
INFO: [Project 1-454] Reading design checkpoint '/home/dewsjoe/Desktop/projects_2022.1/projects_ldg/project_3/project_3.gen/sources_1/bd/design_1/ip/design_1_axi_noc_0_0/design_1_axi_noc_0_0.dcp' for cell 'design_1_i/axi_noc_0'
INFO: [Project 1-454] Reading design checkpoint '/home/dewsjoe/Desktop/projects_2022.1/projects_ldg/project_3/project_3.gen/sources_1/bd/design_1/ip/design_1_axi_smc_0/design_1_axi_smc_0.dcp' for cell 'design_1_i/axi_smc'
INFO: [Project 1-454] Reading design checkpoint '/home/dewsjoe/Desktop/projects_2022.1/projects_ldg/project_3/project_3.gen/sources_1/bd/design_1/ip/design_1_axi_uartlite_0_0/design_1_axi_uartlite_0_0.dcp' for cell 'design_1_i/axi_uartlite_0'
INFO: [Project 1-454] Reading design checkpoint '/home/dewsjoe/Desktop/projects_2022.1/projects_ldg/project_3/project_3.gen/sources_1/bd/design_1/ip/design_1_clk_wizard_0_0/design_1_clk_wizard_0_0.dcp' for cell 'design_1_i/clk_wizard_0'
INFO: [Project 1-454] Reading design checkpoint '/home/dewsjoe/Desktop/projects_2022.1/projects_ldg/project_3/project_3.gen/sources_1/bd/design_1/ip/design_1_rst_versal_cips_0_295M_0/design_1_rst_versal_cips_0_295M_0.dcp' for cell 'design_1_i/rst_versal_cips_0_295M'
Netlist sorting complete. Time (s): cpu = 00:00:00.29 ; elapsed = 00:00:00.29 . Memory (MB): peak = 2690.984 ; gain = 0.000 ; free physical = 12543 ; free virtual = 17287
INFO: [Netlist 29-17] Analyzing 5 Unisim elements for replacement
INFO: [Netlist 29-28] Unisim Transformation completed in 0 CPU seconds
INFO: [Project 1-479] Netlist was created with Vivado 2022.1
INFO: [Constraints 18-6359] No Clock Expansion Window constraints config file entry for device xcvc1902.  GCLK Deskew mode will be Off and cannot be enabled via GCLK_DESKEW override.
INFO: [Constraints 18-5720] The default GCLK Deskew mode is Off.
INFO: [Project 1-570] Preparing netlist for logic optimization
Reading NOC Solution File '/home/dewsjoe/Desktop/projects_2022.1/projects_ldg/project_3/project_3.runs/synth_1/design_1_wrapper/design_1_wrapper.ncr'
Reading Traffic File '/home/dewsjoe/Desktop/projects_2022.1/projects_ldg/project_3/project_3.gen/sources_1/bd/design_1/nsln/design_1.nts' for cell 'design_1_i'
INFO: [Ipconfig 75-709] Read and Merge Traffic Stats:  Before Read: 0 insts (0 INI), 0 paths (0 INI). Read In: 9 insts (0 INI), 8 paths (0 INI). After Merge: 9 insts (0 INI), 8 paths (0 INI). Noc Frequency: 1000 0 error slaves
Reading NOC Solution File '/home/dewsjoe/Desktop/projects_2022.1/projects_ldg/project_3/project_3.gen/sources_1/bd/design_1/nsln/design_1.ncr' for cell 'design_1_i'
INFO: [Constraints 18-5243] Reading ELF File '/home/dewsjoe/Desktop/projects_2022.1/projects_ldg/project_3/project_3.gen/sources_1/bd/design_1/ip/design_1_axi_noc_0_0/bd_0/ip/ip_9/ip_0/bd_8be5_MC0_ddrc_0_phy_ddrmc.elf' for cell 'design_1_i/axi_noc_0/inst/MC0_ddrc/inst/noc_ddr4_phy/inst/u_ddrmc_main'
Parsing XDC File [/home/dewsjoe/Desktop/projects_2022.1/projects_ldg/project_3/project_3.gen/sources_1/bd/design_1/ip/design_1_axi_noc_0_0/design_1_axi_noc_0_0.xdc] for cell 'design_1_i/axi_noc_0/inst'
Finished Parsing XDC File [/home/dewsjoe/Desktop/projects_2022.1/projects_ldg/project_3/project_3.gen/sources_1/bd/design_1/ip/design_1_axi_noc_0_0/design_1_axi_noc_0_0.xdc] for cell 'design_1_i/axi_noc_0/inst'
Parsing XDC File [/home/dewsjoe/Desktop/projects_2022.1/projects_ldg/project_3/project_3.gen/sources_1/bd/design_1/ip/design_1_clk_wizard_0_0/design_1_clk_wizard_0_0.xdc] for cell 'design_1_i/clk_wizard_0/inst'
Finished Parsing XDC File [/home/dewsjoe/Desktop/projects_2022.1/projects_ldg/project_3/project_3.gen/sources_1/bd/design_1/ip/design_1_clk_wizard_0_0/design_1_clk_wizard_0_0.xdc] for cell 'design_1_i/clk_wizard_0/inst'
Parsing XDC File [/home/dewsjoe/Desktop/projects_2022.1/projects_ldg/project_3/project_3.gen/sources_1/bd/design_1/ip/design_1_clk_wizard_0_0/design_1_clk_wizard_0_0_board.xdc] for cell 'design_1_i/clk_wizard_0/inst'
Finished Parsing XDC File [/home/dewsjoe/Desktop/projects_2022.1/projects_ldg/project_3/project_3.gen/sources_1/bd/design_1/ip/design_1_clk_wizard_0_0/design_1_clk_wizard_0_0_board.xdc] for cell 'design_1_i/clk_wizard_0/inst'
Parsing XDC File [/home/dewsjoe/Desktop/projects_2022.1/projects_ldg/project_3/project_3.gen/sources_1/bd/design_1/ip/design_1_rst_versal_cips_0_295M_0/design_1_rst_versal_cips_0_295M_0.xdc] for cell 'design_1_i/rst_versal_cips_0_295M/U0'
Finished Parsing XDC File [/home/dewsjoe/Desktop/projects_2022.1/projects_ldg/project_3/project_3.gen/sources_1/bd/design_1/ip/design_1_rst_versal_cips_0_295M_0/design_1_rst_versal_cips_0_295M_0.xdc] for cell 'design_1_i/rst_versal_cips_0_295M/U0'
Parsing XDC File [/home/dewsjoe/Desktop/projects_2022.1/projects_ldg/project_3/project_3.gen/sources_1/bd/design_1/ip/design_1_rst_versal_cips_0_295M_0/design_1_rst_versal_cips_0_295M_0_board.xdc] for cell 'design_1_i/rst_versal_cips_0_295M/U0'
Finished Parsing XDC File [/home/dewsjoe/Desktop/projects_2022.1/projects_ldg/project_3/project_3.gen/sources_1/bd/design_1/ip/design_1_rst_versal_cips_0_295M_0/design_1_rst_versal_cips_0_295M_0_board.xdc] for cell 'design_1_i/rst_versal_cips_0_295M/U0'
Parsing XDC File [/home/dewsjoe/Desktop/projects_2022.1/projects_ldg/project_3/project_3.gen/sources_1/bd/design_1/ip/design_1_axi_smc_0/bd_0/ip/ip_1/bd_afc3_psr_aclk_0.xdc] for cell 'design_1_i/axi_smc/inst/clk_map/psr_aclk/U0'
Finished Parsing XDC File [/home/dewsjoe/Desktop/projects_2022.1/projects_ldg/project_3/project_3.gen/sources_1/bd/design_1/ip/design_1_axi_smc_0/bd_0/ip/ip_1/bd_afc3_psr_aclk_0.xdc] for cell 'design_1_i/axi_smc/inst/clk_map/psr_aclk/U0'
Parsing XDC File [/home/dewsjoe/Desktop/projects_2022.1/projects_ldg/project_3/project_3.gen/sources_1/bd/design_1/ip/design_1_axi_smc_0/bd_0/ip/ip_1/bd_afc3_psr_aclk_0_board.xdc] for cell 'design_1_i/axi_smc/inst/clk_map/psr_aclk/U0'
Finished Parsing XDC File [/home/dewsjoe/Desktop/projects_2022.1/projects_ldg/project_3/project_3.gen/sources_1/bd/design_1/ip/design_1_axi_smc_0/bd_0/ip/ip_1/bd_afc3_psr_aclk_0_board.xdc] for cell 'design_1_i/axi_smc/inst/clk_map/psr_aclk/U0'
Parsing XDC File [/home/dewsjoe/Desktop/projects_2022.1/projects_ldg/project_3/project_3.gen/sources_1/bd/design_1/ip/design_1_axi_uartlite_0_0/design_1_axi_uartlite_0_0.xdc] for cell 'design_1_i/axi_uartlite_0/U0'
Finished Parsing XDC File [/home/dewsjoe/Desktop/projects_2022.1/projects_ldg/project_3/project_3.gen/sources_1/bd/design_1/ip/design_1_axi_uartlite_0_0/design_1_axi_uartlite_0_0.xdc] for cell 'design_1_i/axi_uartlite_0/U0'
Parsing XDC File [/home/dewsjoe/Desktop/projects_2022.1/projects_ldg/project_3/project_3.gen/sources_1/bd/design_1/ip/design_1_axi_uartlite_0_0/design_1_axi_uartlite_0_0_board.xdc] for cell 'design_1_i/axi_uartlite_0/U0'
CRITICAL WARNING: [Netlist 29-160] Cannot set property 'BOARD_PIN', because the property does not exist for objects of type 'pin'. [/home/dewsjoe/Desktop/projects_2022.1/projects_ldg/project_3/project_3.gen/sources_1/bd/design_1/ip/design_1_axi_uartlite_0_0/design_1_axi_uartlite_0_0_board.xdc:3]
Resolution: Modify the set_property command to apply the property on the correct object type. Since the property is being applied as a scoped constraint, ensure the proper connectivity of the object port objects can be translated into pin objects. This could be due to the insertion of IO Buffers between the top level terminal and cell pin. If the goal is to apply constraints that will migrate to top level ports it is required that IO Buffers manually be instanced.
CRITICAL WARNING: [Netlist 29-160] Cannot set property 'BOARD_PIN', because the property does not exist for objects of type 'pin'. [/home/dewsjoe/Desktop/projects_2022.1/projects_ldg/project_3/project_3.gen/sources_1/bd/design_1/ip/design_1_axi_uartlite_0_0/design_1_axi_uartlite_0_0_board.xdc:4]
Resolution: Modify the set_property command to apply the property on the correct object type. Since the property is being applied as a scoped constraint, ensure the proper connectivity of the object port objects can be translated into pin objects. This could be due to the insertion of IO Buffers between the top level terminal and cell pin. If the goal is to apply constraints that will migrate to top level ports it is required that IO Buffers manually be instanced.
Finished Parsing XDC File [/home/dewsjoe/Desktop/projects_2022.1/projects_ldg/project_3/project_3.gen/sources_1/bd/design_1/ip/design_1_axi_uartlite_0_0/design_1_axi_uartlite_0_0_board.xdc] for cell 'design_1_i/axi_uartlite_0/U0'
Parsing XDC File [/home/dewsjoe/Desktop/projects_2022.1/projects_ldg/project_3/project_3.gen/sources_1/bd/design_1/ip/design_1_axi_gpio_1_0/design_1_axi_gpio_1_0.xdc] for cell 'design_1_i/axi_gpio_1/U0'
Finished Parsing XDC File [/home/dewsjoe/Desktop/projects_2022.1/projects_ldg/project_3/project_3.gen/sources_1/bd/design_1/ip/design_1_axi_gpio_1_0/design_1_axi_gpio_1_0.xdc] for cell 'design_1_i/axi_gpio_1/U0'
Parsing XDC File [/home/dewsjoe/Desktop/projects_2022.1/projects_ldg/project_3/project_3.gen/sources_1/bd/design_1/ip/design_1_axi_gpio_1_0/design_1_axi_gpio_1_0_board.xdc] for cell 'design_1_i/axi_gpio_1/U0'
Finished Parsing XDC File [/home/dewsjoe/Desktop/projects_2022.1/projects_ldg/project_3/project_3.gen/sources_1/bd/design_1/ip/design_1_axi_gpio_1_0/design_1_axi_gpio_1_0_board.xdc] for cell 'design_1_i/axi_gpio_1/U0'
Parsing XDC File [/home/dewsjoe/Desktop/projects_2022.1/projects_ldg/project_3/project_3.gen/sources_1/bd/design_1/ip/design_1_axi_gpio_0_0/design_1_axi_gpio_0_0.xdc] for cell 'design_1_i/axi_gpio_0/U0'
Finished Parsing XDC File [/home/dewsjoe/Desktop/projects_2022.1/projects_ldg/project_3/project_3.gen/sources_1/bd/design_1/ip/design_1_axi_gpio_0_0/design_1_axi_gpio_0_0.xdc] for cell 'design_1_i/axi_gpio_0/U0'
Parsing XDC File [/home/dewsjoe/Desktop/projects_2022.1/projects_ldg/project_3/project_3.gen/sources_1/bd/design_1/ip/design_1_axi_gpio_0_0/design_1_axi_gpio_0_0_board.xdc] for cell 'design_1_i/axi_gpio_0/U0'
Finished Parsing XDC File [/home/dewsjoe/Desktop/projects_2022.1/projects_ldg/project_3/project_3.gen/sources_1/bd/design_1/ip/design_1_axi_gpio_0_0/design_1_axi_gpio_0_0_board.xdc] for cell 'design_1_i/axi_gpio_0/U0'
Parsing XDC File [/home/dewsjoe/Desktop/projects_2022.1/projects_ldg/project_3/project_3.gen/sources_1/bd/design_1/ip/design_1_versal_cips_0_0/bd_0/ip/ip_0/bd_70da_pspmc_0_0.xdc] for cell 'design_1_i/versal_cips_0/inst/pspmc_0/inst'
Finished Parsing XDC File [/home/dewsjoe/Desktop/projects_2022.1/projects_ldg/project_3/project_3.gen/sources_1/bd/design_1/ip/design_1_versal_cips_0_0/bd_0/ip/ip_0/bd_70da_pspmc_0_0.xdc] for cell 'design_1_i/versal_cips_0/inst/pspmc_0/inst'
Parsing XDC File [/home/dewsjoe/Desktop/projects_2022.1/projects_ldg/project_3/project_3.gen/sources_1/bd/design_1/ip/design_1_axi_noc_0_0/design_1_axi_noc_0_0_board.xdc] for cell 'design_1_i/axi_noc_0/inst'
Finished Parsing XDC File [/home/dewsjoe/Desktop/projects_2022.1/projects_ldg/project_3/project_3.gen/sources_1/bd/design_1/ip/design_1_axi_noc_0_0/design_1_axi_noc_0_0_board.xdc] for cell 'design_1_i/axi_noc_0/inst'
Parsing XDC File [/home/dewsjoe/Desktop/projects_2022.1/projects_ldg/project_3/project_3.gen/sources_1/bd/design_1/ip/design_1_axi_noc_0_0/bd_0/ip/ip_9/hdl/par/bd_8be5_MC0_ddrc_0_ip.xdc] for cell 'design_1_i/axi_noc_0/inst/MC0_ddrc/inst'
Finished Parsing XDC File [/home/dewsjoe/Desktop/projects_2022.1/projects_ldg/project_3/project_3.gen/sources_1/bd/design_1/ip/design_1_axi_noc_0_0/bd_0/ip/ip_9/hdl/par/bd_8be5_MC0_ddrc_0_ip.xdc] for cell 'design_1_i/axi_noc_0/inst/MC0_ddrc/inst'
Parsing XDC File [/home/dewsjoe/Desktop/projects_2022.1/projects_ldg/project_3/project_3.gen/sources_1/bd/design_1/ip/design_1_axi_noc_0_0/bd_0/ip/ip_8/xdc/bd_8be5_S04_AXI_rpu_0.xdc] for cell 'design_1_i/axi_noc_0/inst/S04_AXI_rpu/bd_8be5_S04_AXI_rpu_0_top_INST'
Finished Parsing XDC File [/home/dewsjoe/Desktop/projects_2022.1/projects_ldg/project_3/project_3.gen/sources_1/bd/design_1/ip/design_1_axi_noc_0_0/bd_0/ip/ip_8/xdc/bd_8be5_S04_AXI_rpu_0.xdc] for cell 'design_1_i/axi_noc_0/inst/S04_AXI_rpu/bd_8be5_S04_AXI_rpu_0_top_INST'
Parsing XDC File [/home/dewsjoe/Desktop/projects_2022.1/projects_ldg/project_3/project_3.gen/sources_1/bd/design_1/ip/design_1_axi_noc_0_0/bd_0/ip/ip_7/xdc/bd_8be5_S05_AXI_nmu_0.xdc] for cell 'design_1_i/axi_noc_0/inst/S05_AXI_nmu/bd_8be5_S05_AXI_nmu_0_top_INST'
Finished Parsing XDC File [/home/dewsjoe/Desktop/projects_2022.1/projects_ldg/project_3/project_3.gen/sources_1/bd/design_1/ip/design_1_axi_noc_0_0/bd_0/ip/ip_7/xdc/bd_8be5_S05_AXI_nmu_0.xdc] for cell 'design_1_i/axi_noc_0/inst/S05_AXI_nmu/bd_8be5_S05_AXI_nmu_0_top_INST'
Parsing XDC File [/home/dewsjoe/Desktop/projects_2022.1/projects_ldg/project_3/project_3.gen/sources_1/bd/design_1/ip/design_1_axi_noc_0_0/bd_0/ip/ip_6/xdc/bd_8be5_S03_AXI_nmu_0.xdc] for cell 'design_1_i/axi_noc_0/inst/S03_AXI_nmu/bd_8be5_S03_AXI_nmu_0_top_INST'
Finished Parsing XDC File [/home/dewsjoe/Desktop/projects_2022.1/projects_ldg/project_3/project_3.gen/sources_1/bd/design_1/ip/design_1_axi_noc_0_0/bd_0/ip/ip_6/xdc/bd_8be5_S03_AXI_nmu_0.xdc] for cell 'design_1_i/axi_noc_0/inst/S03_AXI_nmu/bd_8be5_S03_AXI_nmu_0_top_INST'
Parsing XDC File [/home/dewsjoe/Desktop/projects_2022.1/projects_ldg/project_3/project_3.gen/sources_1/bd/design_1/ip/design_1_axi_noc_0_0/bd_0/ip/ip_5/xdc/bd_8be5_S07_AXI_nmu_0.xdc] for cell 'design_1_i/axi_noc_0/inst/S07_AXI_nmu/bd_8be5_S07_AXI_nmu_0_top_INST'
Finished Parsing XDC File [/home/dewsjoe/Desktop/projects_2022.1/projects_ldg/project_3/project_3.gen/sources_1/bd/design_1/ip/design_1_axi_noc_0_0/bd_0/ip/ip_5/xdc/bd_8be5_S07_AXI_nmu_0.xdc] for cell 'design_1_i/axi_noc_0/inst/S07_AXI_nmu/bd_8be5_S07_AXI_nmu_0_top_INST'
Parsing XDC File [/home/dewsjoe/Desktop/projects_2022.1/projects_ldg/project_3/project_3.gen/sources_1/bd/design_1/ip/design_1_axi_noc_0_0/bd_0/ip/ip_4/xdc/bd_8be5_S02_AXI_nmu_0.xdc] for cell 'design_1_i/axi_noc_0/inst/S02_AXI_nmu/bd_8be5_S02_AXI_nmu_0_top_INST'
Finished Parsing XDC File [/home/dewsjoe/Desktop/projects_2022.1/projects_ldg/project_3/project_3.gen/sources_1/bd/design_1/ip/design_1_axi_noc_0_0/bd_0/ip/ip_4/xdc/bd_8be5_S02_AXI_nmu_0.xdc] for cell 'design_1_i/axi_noc_0/inst/S02_AXI_nmu/bd_8be5_S02_AXI_nmu_0_top_INST'
Parsing XDC File [/home/dewsjoe/Desktop/projects_2022.1/projects_ldg/project_3/project_3.gen/sources_1/bd/design_1/ip/design_1_axi_noc_0_0/bd_0/ip/ip_3/xdc/bd_8be5_S00_AXI_nmu_0.xdc] for cell 'design_1_i/axi_noc_0/inst/S00_AXI_nmu/bd_8be5_S00_AXI_nmu_0_top_INST'
Finished Parsing XDC File [/home/dewsjoe/Desktop/projects_2022.1/projects_ldg/project_3/project_3.gen/sources_1/bd/design_1/ip/design_1_axi_noc_0_0/bd_0/ip/ip_3/xdc/bd_8be5_S00_AXI_nmu_0.xdc] for cell 'design_1_i/axi_noc_0/inst/S00_AXI_nmu/bd_8be5_S00_AXI_nmu_0_top_INST'
Parsing XDC File [/home/dewsjoe/Desktop/projects_2022.1/projects_ldg/project_3/project_3.gen/sources_1/bd/design_1/ip/design_1_axi_noc_0_0/bd_0/ip/ip_2/xdc/bd_8be5_S06_AXI_nmu_0.xdc] for cell 'design_1_i/axi_noc_0/inst/S06_AXI_nmu/bd_8be5_S06_AXI_nmu_0_top_INST'
Finished Parsing XDC File [/home/dewsjoe/Desktop/projects_2022.1/projects_ldg/project_3/project_3.gen/sources_1/bd/design_1/ip/design_1_axi_noc_0_0/bd_0/ip/ip_2/xdc/bd_8be5_S06_AXI_nmu_0.xdc] for cell 'design_1_i/axi_noc_0/inst/S06_AXI_nmu/bd_8be5_S06_AXI_nmu_0_top_INST'
Parsing XDC File [/home/dewsjoe/Desktop/projects_2022.1/projects_ldg/project_3/project_3.gen/sources_1/bd/design_1/ip/design_1_axi_noc_0_0/bd_0/ip/ip_0/xdc/bd_8be5_S01_AXI_nmu_0.xdc] for cell 'design_1_i/axi_noc_0/inst/S01_AXI_nmu/bd_8be5_S01_AXI_nmu_0_top_INST'
Finished Parsing XDC File [/home/dewsjoe/Desktop/projects_2022.1/projects_ldg/project_3/project_3.gen/sources_1/bd/design_1/ip/design_1_axi_noc_0_0/bd_0/ip/ip_0/xdc/bd_8be5_S01_AXI_nmu_0.xdc] for cell 'design_1_i/axi_noc_0/inst/S01_AXI_nmu/bd_8be5_S01_AXI_nmu_0_top_INST'
Parsing XDC File [/home/dewsjoe/Desktop/projects_2022.1/projects_ldg/project_3/project_3.gen/sources_1/bd/design_1/ip/design_1_versal_cips_0_0/bd_0/ip/ip_0/pspmc_v1_2/constraints/usr_constraints.xdc] for cell 'design_1_i/versal_cips_0/inst/pspmc_0/inst'
Finished Parsing XDC File [/home/dewsjoe/Desktop/projects_2022.1/projects_ldg/project_3/project_3.gen/sources_1/bd/design_1/ip/design_1_versal_cips_0_0/bd_0/ip/ip_0/pspmc_v1_2/constraints/usr_constraints.xdc] for cell 'design_1_i/versal_cips_0/inst/pspmc_0/inst'
Parsing XDC File [/home/dewsjoe/Desktop/projects_2022.1/projects_ldg/project_3/project_3.srcs/constrs_1/new/pl_gpio_uart_constrain.xdc]
INFO: [Timing 38-35] Done setting XDC timing constraints. [/home/dewsjoe/Desktop/projects_2022.1/projects_ldg/project_3/project_3.srcs/constrs_1/new/pl_gpio_uart_constrain.xdc:4]
INFO: [Timing 38-2] Deriving generated clocks [/home/dewsjoe/Desktop/projects_2022.1/projects_ldg/project_3/project_3.srcs/constrs_1/new/pl_gpio_uart_constrain.xdc:4]
get_clocks: Time (s): cpu = 00:00:24 ; elapsed = 00:00:26 . Memory (MB): peak = 4282.207 ; gain = 1264.141 ; free physical = 11410 ; free virtual = 16160
WARNING: [Vivado 12-584] No ports matched 'Dout_0'. [/home/dewsjoe/Desktop/projects_2022.1/projects_ldg/project_3/project_3.srcs/constrs_1/new/pl_gpio_uart_constrain.xdc:19]
CRITICAL WARNING: [Common 17-55] 'set_property' expects at least one object. [/home/dewsjoe/Desktop/projects_2022.1/projects_ldg/project_3/project_3.srcs/constrs_1/new/pl_gpio_uart_constrain.xdc:19]
Resolution: If [get_<value>] was used to populate the object, check to make sure this command returns at least one valid object.
WARNING: [Vivado 12-584] No ports matched 'Dout_0'. [/home/dewsjoe/Desktop/projects_2022.1/projects_ldg/project_3/project_3.srcs/constrs_1/new/pl_gpio_uart_constrain.xdc:20]
CRITICAL WARNING: [Common 17-55] 'set_property' expects at least one object. [/home/dewsjoe/Desktop/projects_2022.1/projects_ldg/project_3/project_3.srcs/constrs_1/new/pl_gpio_uart_constrain.xdc:20]
Resolution: If [get_<value>] was used to populate the object, check to make sure this command returns at least one valid object.
WARNING: [Vivado 12-584] No ports matched 'Dout_1'. [/home/dewsjoe/Desktop/projects_2022.1/projects_ldg/project_3/project_3.srcs/constrs_1/new/pl_gpio_uart_constrain.xdc:22]
CRITICAL WARNING: [Common 17-55] 'set_property' expects at least one object. [/home/dewsjoe/Desktop/projects_2022.1/projects_ldg/project_3/project_3.srcs/constrs_1/new/pl_gpio_uart_constrain.xdc:22]
Resolution: If [get_<value>] was used to populate the object, check to make sure this command returns at least one valid object.
WARNING: [Vivado 12-584] No ports matched 'Dout_1'. [/home/dewsjoe/Desktop/projects_2022.1/projects_ldg/project_3/project_3.srcs/constrs_1/new/pl_gpio_uart_constrain.xdc:23]
CRITICAL WARNING: [Common 17-55] 'set_property' expects at least one object. [/home/dewsjoe/Desktop/projects_2022.1/projects_ldg/project_3/project_3.srcs/constrs_1/new/pl_gpio_uart_constrain.xdc:23]
Resolution: If [get_<value>] was used to populate the object, check to make sure this command returns at least one valid object.
WARNING: [Vivado 12-584] No ports matched 'Dout_2'. [/home/dewsjoe/Desktop/projects_2022.1/projects_ldg/project_3/project_3.srcs/constrs_1/new/pl_gpio_uart_constrain.xdc:25]
CRITICAL WARNING: [Common 17-55] 'set_property' expects at least one object. [/home/dewsjoe/Desktop/projects_2022.1/projects_ldg/project_3/project_3.srcs/constrs_1/new/pl_gpio_uart_constrain.xdc:25]
Resolution: If [get_<value>] was used to populate the object, check to make sure this command returns at least one valid object.
WARNING: [Vivado 12-584] No ports matched 'Dout_2'. [/home/dewsjoe/Desktop/projects_2022.1/projects_ldg/project_3/project_3.srcs/constrs_1/new/pl_gpio_uart_constrain.xdc:26]
CRITICAL WARNING: [Common 17-55] 'set_property' expects at least one object. [/home/dewsjoe/Desktop/projects_2022.1/projects_ldg/project_3/project_3.srcs/constrs_1/new/pl_gpio_uart_constrain.xdc:26]
Resolution: If [get_<value>] was used to populate the object, check to make sure this command returns at least one valid object.
WARNING: [Vivado 12-584] No ports matched 'Dout_3'. [/home/dewsjoe/Desktop/projects_2022.1/projects_ldg/project_3/project_3.srcs/constrs_1/new/pl_gpio_uart_constrain.xdc:28]
CRITICAL WARNING: [Common 17-55] 'set_property' expects at least one object. [/home/dewsjoe/Desktop/projects_2022.1/projects_ldg/project_3/project_3.srcs/constrs_1/new/pl_gpio_uart_constrain.xdc:28]
Resolution: If [get_<value>] was used to populate the object, check to make sure this command returns at least one valid object.
WARNING: [Vivado 12-584] No ports matched 'Dout_3'. [/home/dewsjoe/Desktop/projects_2022.1/projects_ldg/project_3/project_3.srcs/constrs_1/new/pl_gpio_uart_constrain.xdc:29]
CRITICAL WARNING: [Common 17-55] 'set_property' expects at least one object. [/home/dewsjoe/Desktop/projects_2022.1/projects_ldg/project_3/project_3.srcs/constrs_1/new/pl_gpio_uart_constrain.xdc:29]
Resolution: If [get_<value>] was used to populate the object, check to make sure this command returns at least one valid object.
Finished Parsing XDC File [/home/dewsjoe/Desktop/projects_2022.1/projects_ldg/project_3/project_3.srcs/constrs_1/new/pl_gpio_uart_constrain.xdc]
INFO: [Project 1-1714] 56 XPM XDC files have been applied to the design.
INFO: [Opt 31-138] Pushed 0 inverter(s) to 0 load pin(s).
Netlist sorting complete. Time (s): cpu = 00:00:00 ; elapsed = 00:00:00 . Memory (MB): peak = 4282.207 ; gain = 0.000 ; free physical = 11445 ; free virtual = 16200
INFO: [Project 1-111] Unisim Transformation Summary:
  A total of 3 instances were transformed.
  LUT6_2 => LUT6_2 (LUT5, LUT6): 3 instances

24 Infos, 8 Warnings, 10 Critical Warnings and 0 Errors encountered.
link_design completed successfully
link_design: Time (s): cpu = 00:00:44 ; elapsed = 00:00:48 . Memory (MB): peak = 4282.207 ; gain = 1591.223 ; free physical = 11445 ; free virtual = 16200
Command: opt_design
Attempting to get a license for feature 'Implementation' and/or device 'xcvc1902'
INFO: [Common 17-349] Got license for feature 'Implementation' and/or device 'xcvc1902'
INFO: [Common 17-1540] The version limit for your license is '2023.11' and has expired for new software. A version limit expiration means that, although you may be able to continue to use the current version of tools or IP with this license, you will not be eligible for new releases.
Running DRC as a precondition to command opt_design

Starting DRC Task
INFO: [DRC 23-27] Running DRC with 8 threads
INFO: [Project 1-461] DRC finished with 0 Errors
INFO: [Project 1-462] Please refer to the DRC report (report_drc) for more information.

Time (s): cpu = 00:00:02 ; elapsed = 00:00:00.68 . Memory (MB): peak = 4354.242 ; gain = 64.031 ; free physical = 11464 ; free virtual = 16220

Starting Cache Timing Information Task
INFO: [Timing 38-35] Done setting XDC timing constraints.
Ending Cache Timing Information Task | Checksum: 1819c538c

Time (s): cpu = 00:00:01 ; elapsed = 00:00:00.75 . Memory (MB): peak = 4354.242 ; gain = 0.000 ; free physical = 11470 ; free virtual = 16226

Starting Logic Optimization Task

Phase 1 Generate And Synthesize MIG/Advanced IO Wizard Cores
INFO: [IP_Flow 19-5647] Added synthesis output to IP cache for IP bd_8be5_MC0_ddrc_0_phy, cache-ID = 6c3ecb7bb530ac8f
Netlist sorting complete. Time (s): cpu = 00:00:00 ; elapsed = 00:00:00 . Memory (MB): peak = 4399.734 ; gain = 0.000 ; free physical = 11307 ; free virtual = 16087
Phase 1 Generate And Synthesize MIG/Advanced IO Wizard Cores | Checksum: 19df590c7

Time (s): cpu = 00:01:54 ; elapsed = 00:01:59 . Memory (MB): peak = 4399.734 ; gain = 45.492 ; free physical = 11307 ; free virtual = 16087

Phase 2 Retarget
INFO: [Opt 31-1287] Pulled Inverter design_1_i/axi_smc/inst/s00_entry_pipeline/s00_mmu/inst/aw_reg_stall/gen_wroute_reg.wroute_i[2]_i_1 into driver instance design_1_i/axi_smc/inst/s00_entry_pipeline/s00_mmu/inst/aw_reg_stall/m_axi_awuser[2]_INST_0_i_1, which resulted in an inversion of 4 pins
INFO: [Opt 31-138] Pushed 68 inverter(s) to 256 load pin(s).
INFO: [Opt 31-49] Retargeted 0 cell(s).
Phase 2 Retarget | Checksum: 1704631cc

Time (s): cpu = 00:01:55 ; elapsed = 00:01:59 . Memory (MB): peak = 4399.734 ; gain = 45.492 ; free physical = 11305 ; free virtual = 16084
INFO: [Opt 31-389] Phase Retarget created 28 cells and removed 97 cells
INFO: [Opt 31-1021] In phase Retarget, 75 netlist objects are constrained preventing optimization. Please run opt_design with -debug_log to get more detail. 

Phase 3 Constant propagation
INFO: [Opt 31-138] Pushed 0 inverter(s) to 0 load pin(s).
Phase 3 Constant propagation | Checksum: 1e1b2d147

Time (s): cpu = 00:01:55 ; elapsed = 00:01:59 . Memory (MB): peak = 4399.734 ; gain = 45.492 ; free physical = 11305 ; free virtual = 16084
INFO: [Opt 31-389] Phase Constant propagation created 2 cells and removed 6 cells
INFO: [Opt 31-1021] In phase Constant propagation, 100 netlist objects are constrained preventing optimization. Please run opt_design with -debug_log to get more detail. 

Phase 4 Sweep
Phase 4 Sweep | Checksum: 167068ead

Time (s): cpu = 00:01:57 ; elapsed = 00:02:01 . Memory (MB): peak = 4399.734 ; gain = 45.492 ; free physical = 11322 ; free virtual = 16102
INFO: [Opt 31-389] Phase Sweep created 0 cells and removed 263 cells
INFO: [Opt 31-1021] In phase Sweep, 796 netlist objects are constrained preventing optimization. Please run opt_design with -debug_log to get more detail. 

Phase 5 BUFG optimization
INFO: [Opt 31-1077] Phase BUFG optimization inserted 0 global clock buffer(s) for CLOCK_LOW_FANOUT.
INFO: [Opt 31-274] Optimized connectivity to 1 cascaded buffer cells
Phase 5 BUFG optimization | Checksum: fa572edb

Time (s): cpu = 00:02:00 ; elapsed = 00:02:04 . Memory (MB): peak = 4399.734 ; gain = 45.492 ; free physical = 11340 ; free virtual = 16120
INFO: [Opt 31-662] Phase BUFG optimization created 0 cells of which 0 are BUFGs and removed 1 cells.

Phase 6 Shift Register Optimization
INFO: [Opt 31-1064] SRL Remap converted 0 SRLs to 0 registers and converted 0 registers of register chains to 0 SRLs
Phase 6 Shift Register Optimization | Checksum: fa572edb

Time (s): cpu = 00:02:00 ; elapsed = 00:02:04 . Memory (MB): peak = 4399.734 ; gain = 45.492 ; free physical = 11340 ; free virtual = 16120
INFO: [Opt 31-389] Phase Shift Register Optimization created 0 cells and removed 0 cells

Phase 7 Post Processing Netlist
Phase 7 Post Processing Netlist | Checksum: 1e1f5e4d1

Time (s): cpu = 00:02:00 ; elapsed = 00:02:04 . Memory (MB): peak = 4399.734 ; gain = 45.492 ; free physical = 11340 ; free virtual = 16120
INFO: [Opt 31-389] Phase Post Processing Netlist created 0 cells and removed 0 cells
INFO: [Opt 31-1021] In phase Post Processing Netlist, 111 netlist objects are constrained preventing optimization. Please run opt_design with -debug_log to get more detail. 
Opt_design Change Summary
=========================


-------------------------------------------------------------------------------------------------------------------------
|  Phase                        |  #Cells created  |  #Cells Removed  |  #Constrained objects preventing optimizations  |
-------------------------------------------------------------------------------------------------------------------------
|  Retarget                     |              28  |              97  |                                             75  |
|  Constant propagation         |               2  |               6  |                                            100  |
|  Sweep                        |               0  |             263  |                                            796  |
|  BUFG optimization            |               0  |               1  |                                              0  |
|  Shift Register Optimization  |               0  |               0  |                                              0  |
|  Post Processing Netlist      |               0  |               0  |                                            111  |
-------------------------------------------------------------------------------------------------------------------------



Starting Connectivity Check Task

Time (s): cpu = 00:00:00.02 ; elapsed = 00:00:00.01 . Memory (MB): peak = 4399.734 ; gain = 0.000 ; free physical = 11362 ; free virtual = 16142
Ending Logic Optimization Task | Checksum: 120be70ac

Time (s): cpu = 00:02:02 ; elapsed = 00:02:06 . Memory (MB): peak = 4399.734 ; gain = 45.492 ; free physical = 11362 ; free virtual = 16142

Starting Final Cleanup Task
Ending Final Cleanup Task | Checksum: 120be70ac

Time (s): cpu = 00:00:00.01 ; elapsed = 00:00:00.01 . Memory (MB): peak = 4399.734 ; gain = 0.000 ; free physical = 11362 ; free virtual = 16142

Starting Netlist Obfuscation Task
Netlist sorting complete. Time (s): cpu = 00:00:00.01 ; elapsed = 00:00:00 . Memory (MB): peak = 4399.734 ; gain = 0.000 ; free physical = 11362 ; free virtual = 16142
Ending Netlist Obfuscation Task | Checksum: 120be70ac

Time (s): cpu = 00:00:00.02 ; elapsed = 00:00:00.02 . Memory (MB): peak = 4399.734 ; gain = 0.000 ; free physical = 11362 ; free virtual = 16142
INFO: [Common 17-83] Releasing license: Implementation
54 Infos, 8 Warnings, 10 Critical Warnings and 0 Errors encountered.
opt_design completed successfully
opt_design: Time (s): cpu = 00:02:10 ; elapsed = 00:02:12 . Memory (MB): peak = 4399.734 ; gain = 117.527 ; free physical = 11362 ; free virtual = 16142
INFO: [Timing 38-480] Writing timing data to binary archive.
Writing XDEF routing.
Writing XDEF routing logical nets.
Writing XDEF routing special nets.
Write XDEF Complete: Time (s): cpu = 00:00:01 ; elapsed = 00:00:00.32 . Memory (MB): peak = 4447.758 ; gain = 40.020 ; free physical = 11295 ; free virtual = 16091
INFO: [Common 17-1381] The checkpoint '/home/dewsjoe/Desktop/projects_2022.1/projects_ldg/project_3/project_3.runs/impl_1/design_1_wrapper_opt.dcp' has been generated.
INFO: [runtcl-4] Executing : report_drc -file design_1_wrapper_drc_opted.rpt -pb design_1_wrapper_drc_opted.pb -rpx design_1_wrapper_drc_opted.rpx
Command: report_drc -file design_1_wrapper_drc_opted.rpt -pb design_1_wrapper_drc_opted.pb -rpx design_1_wrapper_drc_opted.rpx
INFO: [IP_Flow 19-1839] IP Catalog is up to date.
INFO: [Timing 38-35] Done setting XDC timing constraints.
INFO: [DRC 23-27] Running DRC with 8 threads
INFO: [Vivado_Tcl 2-168] The results of DRC are in file /home/dewsjoe/Desktop/projects_2022.1/projects_ldg/project_3/project_3.runs/impl_1/design_1_wrapper_drc_opted.rpt.
report_drc completed successfully
report_drc: Time (s): cpu = 00:00:34 ; elapsed = 00:00:27 . Memory (MB): peak = 5251.188 ; gain = 803.430 ; free physical = 10538 ; free virtual = 15361
Command: place_design
Attempting to get a license for feature 'Implementation' and/or device 'xcvc1902'
INFO: [Common 17-349] Got license for feature 'Implementation' and/or device 'xcvc1902'
INFO: [Common 17-1540] The version limit for your license is '2023.11' and has expired for new software. A version limit expiration means that, although you may be able to continue to use the current version of tools or IP with this license, you will not be eligible for new releases.
INFO: [DRC 23-27] Running DRC with 8 threads
INFO: [Vivado_Tcl 4-198] DRC finished with 0 Errors
INFO: [Vivado_Tcl 4-199] Please refer to the DRC report (report_drc) for more information.
Running DRC as a precondition to command place_design
INFO: [DRC 23-27] Running DRC with 8 threads
INFO: [Vivado_Tcl 4-198] DRC finished with 0 Errors
INFO: [Vivado_Tcl 4-199] Please refer to the DRC report (report_drc) for more information.

Starting Placer Task
INFO: [Place 30-611] Multithreading enabled for place_design using a maximum of 8 CPUs

Phase 1 Placer Initialization

Phase 1.1 Placer Initialization Netlist Sorting
Netlist sorting complete. Time (s): cpu = 00:00:00.04 ; elapsed = 00:00:00.04 . Memory (MB): peak = 5251.188 ; gain = 0.000 ; free physical = 10683 ; free virtual = 15507
Phase 1.1 Placer Initialization Netlist Sorting | Checksum: ae959a4d

Time (s): cpu = 00:00:00.06 ; elapsed = 00:00:00.06 . Memory (MB): peak = 5251.188 ; gain = 0.000 ; free physical = 10683 ; free virtual = 15507
Netlist sorting complete. Time (s): cpu = 00:00:00 ; elapsed = 00:00:00.01 . Memory (MB): peak = 5251.188 ; gain = 0.000 ; free physical = 10682 ; free virtual = 15506

Phase 1.2 IO Placement/ Clock Placement/ Build Placer Device
Phase 1.2 IO Placement/ Clock Placement/ Build Placer Device | Checksum: 28949127

Time (s): cpu = 00:00:24 ; elapsed = 00:00:22 . Memory (MB): peak = 5251.188 ; gain = 0.000 ; free physical = 10710 ; free virtual = 15534

Phase 1.3 Build Placer Netlist Model
Phase 1.3 Build Placer Netlist Model | Checksum: a5e0966a

Time (s): cpu = 00:00:28 ; elapsed = 00:00:24 . Memory (MB): peak = 5257.441 ; gain = 6.254 ; free physical = 10503 ; free virtual = 15329

Phase 1.4 Constrain Clocks/Macros
Phase 1.4 Constrain Clocks/Macros | Checksum: a5e0966a

Time (s): cpu = 00:00:28 ; elapsed = 00:00:24 . Memory (MB): peak = 5257.441 ; gain = 6.254 ; free physical = 10503 ; free virtual = 15329
Phase 1 Placer Initialization | Checksum: a5e0966a

Time (s): cpu = 00:00:28 ; elapsed = 00:00:24 . Memory (MB): peak = 5257.441 ; gain = 6.254 ; free physical = 10496 ; free virtual = 15322

Phase 2 Global Placement

Phase 2.1 Floorplanning

Phase 2.1.1 Partition Driven Placement

Phase 2.1.1.1 PBP: Partition Driven Placement
Phase 2.1.1.1 PBP: Partition Driven Placement | Checksum: 8b32b480

Time (s): cpu = 00:00:29 ; elapsed = 00:00:25 . Memory (MB): peak = 5257.441 ; gain = 6.254 ; free physical = 10673 ; free virtual = 15500

Phase 2.1.1.2 PBP: Clock Region Placement
Netlist sorting complete. Time (s): cpu = 00:00:00 ; elapsed = 00:00:00 . Memory (MB): peak = 5257.441 ; gain = 0.000 ; free physical = 10670 ; free virtual = 15498
Phase 2.1.1.2 PBP: Clock Region Placement | Checksum: 8b32b480

Time (s): cpu = 00:00:30 ; elapsed = 00:00:26 . Memory (MB): peak = 5257.441 ; gain = 6.254 ; free physical = 10670 ; free virtual = 15498

Phase 2.1.1.3 PBP: Compute Congestion
Phase 2.1.1.3 PBP: Compute Congestion | Checksum: 8b32b480

Time (s): cpu = 00:00:50 ; elapsed = 00:00:32 . Memory (MB): peak = 5432.668 ; gain = 181.480 ; free physical = 9970 ; free virtual = 15002

Phase 2.1.1.4 PBP: UpdateTiming
Phase 2.1.1.4 PBP: UpdateTiming | Checksum: 11432c755

Time (s): cpu = 00:00:50 ; elapsed = 00:00:32 . Memory (MB): peak = 5464.684 ; gain = 213.496 ; free physical = 9962 ; free virtual = 14995

Phase 2.1.1.5 PBP: Add part constraints
Phase 2.1.1.5 PBP: Add part constraints | Checksum: 11432c755

Time (s): cpu = 00:00:50 ; elapsed = 00:00:32 . Memory (MB): peak = 5464.684 ; gain = 213.496 ; free physical = 9962 ; free virtual = 14995
Phase 2.1.1 Partition Driven Placement | Checksum: 11432c755

Time (s): cpu = 00:00:50 ; elapsed = 00:00:32 . Memory (MB): peak = 5464.684 ; gain = 213.496 ; free physical = 9964 ; free virtual = 14997
Phase 2.1 Floorplanning | Checksum: 3cc4f1f9

Time (s): cpu = 00:00:51 ; elapsed = 00:00:33 . Memory (MB): peak = 5464.684 ; gain = 213.496 ; free physical = 9835 ; free virtual = 14868

Phase 2.2 Update Timing before SLR Path Opt
Phase 2.2 Update Timing before SLR Path Opt | Checksum: 3cc4f1f9

Time (s): cpu = 00:00:51 ; elapsed = 00:00:33 . Memory (MB): peak = 5464.684 ; gain = 213.496 ; free physical = 9835 ; free virtual = 14868

Phase 2.3 Post-Processing in Floorplanning
Phase 2.3 Post-Processing in Floorplanning | Checksum: 3cc4f1f9

Time (s): cpu = 00:00:51 ; elapsed = 00:00:33 . Memory (MB): peak = 5464.684 ; gain = 213.496 ; free physical = 9835 ; free virtual = 14868

Phase 2.4 Global Placement Core

Phase 2.4.1 Physical Synthesis In Placer
INFO: [Physopt 32-1035] Found 30 LUTNM shape to break, 40 LUT instances to create LUTNM shape
INFO: [Physopt 32-1044] Break lutnm for timing: one critical 23, two critical 7, total 30, new lutff created 8
INFO: [Physopt 32-1138] End 1 Pass. Optimized 45 nets or LUTs. Breaked 30 LUTs, combined 15 existing LUTs and moved 0 existing LUT
INFO: [Physopt 32-69] No nets found for rewiring optimization.
INFO: [Physopt 32-661] Optimized 0 net.  Re-placed 0 instance.
INFO: [Physopt 32-775] End 1 Pass. Optimized 0 net or cell. Created 0 new cell, deleted 0 existing cell and moved 0 existing cell
INFO: [Physopt 32-65] No nets found for high-fanout optimization.
INFO: [Physopt 32-232] Optimized 0 net. Created 0 new instance.
INFO: [Physopt 32-775] End 1 Pass. Optimized 0 net or cell. Created 0 new cell, deleted 0 existing cell and moved 0 existing cell
INFO: [Physopt 32-456] No candidate cells for DSP register optimization found in the design.
INFO: [Physopt 32-775] End 2 Pass. Optimized 0 net or cell. Created 0 new cell, deleted 0 existing cell and moved 0 existing cell
INFO: [Physopt 32-1123] No candidate cells found for Shift Register to Pipeline optimization
INFO: [Physopt 32-775] End 1 Pass. Optimized 0 net or cell. Created 0 new cell, deleted 0 existing cell and moved 0 existing cell
INFO: [Physopt 32-677] No candidate cells for Shift Register optimization found in the design
INFO: [Physopt 32-775] End 1 Pass. Optimized 0 net or cell. Created 0 new cell, deleted 0 existing cell and moved 0 existing cell
INFO: [Physopt 32-526] No candidate cells for BRAM register optimization found in the design
INFO: [Physopt 32-775] End 1 Pass. Optimized 0 net or cell. Created 0 new cell, deleted 0 existing cell and moved 0 existing cell
INFO: [Physopt 32-846] No candidate cells for URAM register optimization found in the design
INFO: [Physopt 32-775] End 2 Pass. Optimized 0 net or cell. Created 0 new cell, deleted 0 existing cell and moved 0 existing cell
INFO: [Physopt 32-949] No candidate nets found for dynamic/static region interface net replication
INFO: [Physopt 32-775] End 1 Pass. Optimized 0 net or cell. Created 0 new cell, deleted 0 existing cell and moved 0 existing cell
Netlist sorting complete. Time (s): cpu = 00:00:00 ; elapsed = 00:00:00 . Memory (MB): peak = 5615.379 ; gain = 0.000 ; free physical = 9926 ; free virtual = 14962
Netlist sorting complete. Time (s): cpu = 00:00:00 ; elapsed = 00:00:00 . Memory (MB): peak = 5615.379 ; gain = 0.000 ; free physical = 9926 ; free virtual = 14962

Summary of Physical Synthesis Optimizations
============================================


-----------------------------------------------------------------------------------------------------------------------------------------------------------
|  Optimization                                     |  Added Cells  |  Removed Cells  |  Optimized Cells/Nets  |  Dont Touch  |  Iterations  |  Elapsed   |
-----------------------------------------------------------------------------------------------------------------------------------------------------------
|  LUT Combining                                    |           30  |             15  |                    45  |           0  |           1  |  00:00:00  |
|  Retime                                           |            0  |              0  |                     0  |           0  |           1  |  00:00:00  |
|  Equivalent Driver Rewiring                       |            0  |              0  |                     0  |           0  |           1  |  00:00:00  |
|  Very High Fanout                                 |            0  |              0  |                     0  |           0  |           1  |  00:00:00  |
|  DSP Register                                     |            0  |              0  |                     0  |           0  |           1  |  00:00:00  |
|  Shift Register to Pipeline                       |            0  |              0  |                     0  |           0  |           1  |  00:00:00  |
|  Shift Register                                   |            0  |              0  |                     0  |           0  |           1  |  00:00:00  |
|  BRAM Register                                    |            0  |              0  |                     0  |           0  |           1  |  00:00:00  |
|  URAM Register                                    |            0  |              0  |                     0  |           0  |           1  |  00:00:00  |
|  Dynamic/Static Region Interface Net Replication  |            0  |              0  |                     0  |           0  |           1  |  00:00:00  |
|  Total                                            |           30  |             15  |                    45  |           0  |          10  |  00:00:00  |
-----------------------------------------------------------------------------------------------------------------------------------------------------------


Phase 2.4.1 Physical Synthesis In Placer | Checksum: 10bd62a47

Time (s): cpu = 00:01:19 ; elapsed = 00:00:43 . Memory (MB): peak = 5615.379 ; gain = 364.191 ; free physical = 9927 ; free virtual = 14963
Phase 2.4 Global Placement Core | Checksum: 14be9f7f6

Time (s): cpu = 00:01:40 ; elapsed = 00:00:50 . Memory (MB): peak = 5615.379 ; gain = 364.191 ; free physical = 9809 ; free virtual = 14845
Phase 2 Global Placement | Checksum: 12ad6cb70

Time (s): cpu = 00:01:40 ; elapsed = 00:00:50 . Memory (MB): peak = 5615.379 ; gain = 364.191 ; free physical = 9820 ; free virtual = 14856

Phase 3 Detail Placement

Phase 3.1 Commit Multi Column Macros
Phase 3.1 Commit Multi Column Macros | Checksum: a26e761a

Time (s): cpu = 00:02:02 ; elapsed = 00:00:56 . Memory (MB): peak = 5615.379 ; gain = 364.191 ; free physical = 9835 ; free virtual = 14872

Phase 3.2 Commit Most Macros & LUTRAMs
Phase 3.2 Commit Most Macros & LUTRAMs | Checksum: 1cb0dfe18

Time (s): cpu = 00:02:02 ; elapsed = 00:00:57 . Memory (MB): peak = 5615.379 ; gain = 364.191 ; free physical = 9867 ; free virtual = 14904

Phase 3.3 Small Shape DP

Phase 3.3.1 Small Shape Clustering
Phase 3.3.1 Small Shape Clustering | Checksum: 14100cc4d

Time (s): cpu = 00:02:04 ; elapsed = 00:00:58 . Memory (MB): peak = 5615.379 ; gain = 364.191 ; free physical = 9732 ; free virtual = 14769

Phase 3.3.2 Flow Legalize Slice Clusters
Phase 3.3.2 Flow Legalize Slice Clusters | Checksum: 15e7d2bc1

Time (s): cpu = 00:02:04 ; elapsed = 00:00:58 . Memory (MB): peak = 5615.379 ; gain = 364.191 ; free physical = 9743 ; free virtual = 14779

Phase 3.3.3 Slice Area Swap

Phase 3.3.3.1 Slice Area Swap Initial
Phase 3.3.3.1 Slice Area Swap Initial | Checksum: 1d62da232

Time (s): cpu = 00:02:05 ; elapsed = 00:00:59 . Memory (MB): peak = 5615.379 ; gain = 364.191 ; free physical = 9774 ; free virtual = 14811
Phase 3.3.3 Slice Area Swap | Checksum: 1d62da232

Time (s): cpu = 00:02:05 ; elapsed = 00:00:59 . Memory (MB): peak = 5615.379 ; gain = 364.191 ; free physical = 9774 ; free virtual = 14811
Phase 3.3 Small Shape DP | Checksum: 106a85f61

Time (s): cpu = 00:02:06 ; elapsed = 00:00:59 . Memory (MB): peak = 5615.379 ; gain = 364.191 ; free physical = 9801 ; free virtual = 14838

Phase 3.4 Optimize BEL assignments
Phase 3.4 Optimize BEL assignments | Checksum: eb11274a

Time (s): cpu = 00:02:12 ; elapsed = 00:01:03 . Memory (MB): peak = 5615.379 ; gain = 364.191 ; free physical = 9931 ; free virtual = 14968

Phase 3.5 Pipeline Register Optimization
Phase 3.5 Pipeline Register Optimization | Checksum: 111f8f8df

Time (s): cpu = 00:02:12 ; elapsed = 00:01:03 . Memory (MB): peak = 5615.379 ; gain = 364.191 ; free physical = 9931 ; free virtual = 14968

Phase 3.6 Fast Optimization
Phase 3.6 Fast Optimization | Checksum: 151f21547

Time (s): cpu = 00:02:15 ; elapsed = 00:01:05 . Memory (MB): peak = 5615.379 ; gain = 364.191 ; free physical = 9980 ; free virtual = 15017
Phase 3 Detail Placement | Checksum: 151f21547

Time (s): cpu = 00:02:15 ; elapsed = 00:01:05 . Memory (MB): peak = 5615.379 ; gain = 364.191 ; free physical = 9980 ; free virtual = 15017

Phase 4 Post Placement Optimization and Clean-Up

Phase 4.1 Post Commit Optimization
INFO: [Timing 38-35] Done setting XDC timing constraints.
Netlist sorting complete. Time (s): cpu = 00:00:00 ; elapsed = 00:00:00 . Memory (MB): peak = 5620.508 ; gain = 0.000 ; free physical = 9924 ; free virtual = 14960

Phase 4.1.1 Post Placement Optimization
Post Placement Optimization Initialization | Checksum: b648c374

Phase 4.1.1.1 BUFG Insertion

Starting Physical Synthesis Task

Phase 1 Physical Synthesis Initialization
INFO: [Physopt 32-721] Multithreading enabled for phys_opt_design using a maximum of 8 CPUs
INFO: [Physopt 32-619] Estimated Timing Summary | WNS=0.031 | TNS=0.000 |
Phase 1 Physical Synthesis Initialization | Checksum: d4f8efd7

Time (s): cpu = 00:00:03 ; elapsed = 00:00:03 . Memory (MB): peak = 5620.508 ; gain = 0.000 ; free physical = 10015 ; free virtual = 15052
INFO: [Place 46-56] BUFG insertion identified 0 candidate nets. Inserted BUFG: 0, Replicated BUFG Driver: 0, Skipped due to Placement/Routing Conflicts: 0, Skipped due to Timing Degradation: 0, Skipped due to Illegal Netlist: 0.
Ending Physical Synthesis Task | Checksum: 11fb80873

Time (s): cpu = 00:00:03 ; elapsed = 00:00:03 . Memory (MB): peak = 5620.508 ; gain = 0.000 ; free physical = 10015 ; free virtual = 15052
Phase 4.1.1.1 BUFG Insertion | Checksum: b648c374

Time (s): cpu = 00:02:43 ; elapsed = 00:01:16 . Memory (MB): peak = 5620.508 ; gain = 369.320 ; free physical = 10029 ; free virtual = 15066

Phase 4.1.1.2 Post Placement Timing Optimization
INFO: [Place 30-746] Post Placement Timing Summary WNS=0.189. For the most accurate timing information please run report_timing.
Phase 4.1.1.2 Post Placement Timing Optimization | Checksum: 1b4c7c4f3

Time (s): cpu = 00:03:16 ; elapsed = 00:01:49 . Memory (MB): peak = 5620.508 ; gain = 369.320 ; free physical = 10235 ; free virtual = 15272

Time (s): cpu = 00:03:16 ; elapsed = 00:01:49 . Memory (MB): peak = 5620.508 ; gain = 369.320 ; free physical = 10235 ; free virtual = 15272
Phase 4.1 Post Commit Optimization | Checksum: 1b4c7c4f3

Time (s): cpu = 00:03:16 ; elapsed = 00:01:49 . Memory (MB): peak = 5620.508 ; gain = 369.320 ; free physical = 10235 ; free virtual = 15272
Netlist sorting complete. Time (s): cpu = 00:00:00 ; elapsed = 00:00:00 . Memory (MB): peak = 5681.445 ; gain = 0.000 ; free physical = 9979 ; free virtual = 15017

Phase 4.2 Post Placement Cleanup
Phase 4.2 Post Placement Cleanup | Checksum: 25cb91134

Time (s): cpu = 00:03:39 ; elapsed = 00:01:59 . Memory (MB): peak = 5681.445 ; gain = 430.258 ; free physical = 9995 ; free virtual = 15033

Phase 4.3 Placer Reporting

Phase 4.3.1 Print Estimated Congestion
INFO: [Place 30-612] Post-Placement Estimated Congestion 
 ________________________________________________________________________
|           | Global Congestion | Long Congestion   | Short Congestion  |
| Direction | Region Size       | Region Size       | Region Size       |
|___________|___________________|___________________|___________________|
|      North|              16x16|              16x16|              16x16|
|___________|___________________|___________________|___________________|
|      South|                8x8|              16x16|              16x16|
|___________|___________________|___________________|___________________|
|       East|                4x4|                8x8|                8x8|
|___________|___________________|___________________|___________________|
|       West|              16x16|                8x8|                4x4|
|___________|___________________|___________________|___________________|

Phase 4.3.1 Print Estimated Congestion | Checksum: 25cb91134

Time (s): cpu = 00:03:39 ; elapsed = 00:01:59 . Memory (MB): peak = 5681.445 ; gain = 430.258 ; free physical = 9995 ; free virtual = 15033
Phase 4.3 Placer Reporting | Checksum: 25cb91134

Time (s): cpu = 00:03:39 ; elapsed = 00:01:59 . Memory (MB): peak = 5681.445 ; gain = 430.258 ; free physical = 9995 ; free virtual = 15033

Phase 4.4 Final Placement Cleanup
Netlist sorting complete. Time (s): cpu = 00:00:00 ; elapsed = 00:00:00 . Memory (MB): peak = 5681.445 ; gain = 0.000 ; free physical = 9995 ; free virtual = 15033

Time (s): cpu = 00:03:39 ; elapsed = 00:01:59 . Memory (MB): peak = 5681.445 ; gain = 430.258 ; free physical = 9995 ; free virtual = 15033
Phase 4 Post Placement Optimization and Clean-Up | Checksum: 2ac6f8d1e

Time (s): cpu = 00:03:39 ; elapsed = 00:01:59 . Memory (MB): peak = 5681.445 ; gain = 430.258 ; free physical = 9995 ; free virtual = 15033
Ending Placer Task | Checksum: 1ae38bf49

Time (s): cpu = 00:03:39 ; elapsed = 00:01:59 . Memory (MB): peak = 5681.445 ; gain = 430.258 ; free physical = 9995 ; free virtual = 15033
INFO: [Common 17-83] Releasing license: Implementation
98 Infos, 8 Warnings, 10 Critical Warnings and 0 Errors encountered.
place_design completed successfully
place_design: Time (s): cpu = 00:03:52 ; elapsed = 00:02:09 . Memory (MB): peak = 5681.445 ; gain = 430.258 ; free physical = 10269 ; free virtual = 15307
INFO: [Timing 38-480] Writing timing data to binary archive.
Writing XDEF routing.
Writing XDEF routing logical nets.
Writing XDEF routing special nets.
Write XDEF Complete: Time (s): cpu = 00:00:02 ; elapsed = 00:00:00.45 . Memory (MB): peak = 5697.453 ; gain = 8.004 ; free physical = 10299 ; free virtual = 15358
INFO: [Common 17-1381] The checkpoint '/home/dewsjoe/Desktop/projects_2022.1/projects_ldg/project_3/project_3.runs/impl_1/design_1_wrapper_placed.dcp' has been generated.
INFO: [runtcl-4] Executing : report_io -file design_1_wrapper_io_placed.rpt
report_io: Time (s): cpu = 00:00:00.52 ; elapsed = 00:00:00.73 . Memory (MB): peak = 5705.457 ; gain = 0.000 ; free physical = 10268 ; free virtual = 15314
INFO: [runtcl-4] Executing : report_utilization -file design_1_wrapper_utilization_placed.rpt -pb design_1_wrapper_utilization_placed.pb
INFO: [runtcl-4] Executing : report_control_sets -verbose -file design_1_wrapper_control_sets_placed.rpt
report_control_sets: Time (s): cpu = 00:00:00.05 ; elapsed = 00:00:00.21 . Memory (MB): peak = 5705.457 ; gain = 0.000 ; free physical = 10274 ; free virtual = 15321
Command: phys_opt_design
Attempting to get a license for feature 'Implementation' and/or device 'xcvc1902'
INFO: [Common 17-349] Got license for feature 'Implementation' and/or device 'xcvc1902'
INFO: [Common 17-1540] The version limit for your license is '2023.11' and has expired for new software. A version limit expiration means that, although you may be able to continue to use the current version of tools or IP with this license, you will not be eligible for new releases.
INFO: [Vivado_Tcl 4-383] Design worst setup slack (WNS) is greater than or equal to 0.000 ns. Skipping all physical synthesis optimizations.
INFO: [Vivado_Tcl 4-232] No setup violation found. The netlist was not modified.
INFO: [Common 17-83] Releasing license: Implementation
108 Infos, 8 Warnings, 10 Critical Warnings and 0 Errors encountered.
phys_opt_design completed successfully
INFO: [Timing 38-480] Writing timing data to binary archive.
Writing XDEF routing.
Writing XDEF routing logical nets.
Writing XDEF routing special nets.
Write XDEF Complete: Time (s): cpu = 00:00:02 ; elapsed = 00:00:00.47 . Memory (MB): peak = 5705.457 ; gain = 0.000 ; free physical = 10314 ; free virtual = 15382
INFO: [Common 17-1381] The checkpoint '/home/dewsjoe/Desktop/projects_2022.1/projects_ldg/project_3/project_3.runs/impl_1/design_1_wrapper_physopt.dcp' has been generated.
Command: route_design
Attempting to get a license for feature 'Implementation' and/or device 'xcvc1902'
INFO: [Common 17-349] Got license for feature 'Implementation' and/or device 'xcvc1902'
INFO: [Common 17-1540] The version limit for your license is '2023.11' and has expired for new software. A version limit expiration means that, although you may be able to continue to use the current version of tools or IP with this license, you will not be eligible for new releases.
INFO: [DRC 23-27] Running DRC with 8 threads
INFO: [Vivado_Tcl 4-198] DRC finished with 0 Errors
INFO: [Vivado_Tcl 4-199] Please refer to the DRC report (report_drc) for more information.
Running DRC as a precondition to command route_design
INFO: [DRC 23-27] Running DRC with 8 threads
INFO: [Vivado_Tcl 4-198] DRC finished with 0 Errors
INFO: [Vivado_Tcl 4-199] Please refer to the DRC report (report_drc) for more information.


Starting Routing Task
INFO: [Route 35-254] Multithreading enabled for route_design using a maximum of 8 CPUs

Phase 1 Build RT Design
Checksum: PlaceDB: 82eb2923 ConstDB: 0 ShapeSum: 835c49e5 RouteDB: a7f14c41
INFO: [DRC 23-27] Running DRC with 8 threads
Nodegraph reading from file.  Time (s): cpu = 00:00:02 ; elapsed = 00:00:02 . Memory (MB): peak = 5713.461 ; gain = 0.000 ; free physical = 9931 ; free virtual = 15002
Post Restoration Checksum: NetGraph: ed0570d7 NumContArr: 3b1465de Constraints: 4b20c68f Timing: 0
Phase 1 Build RT Design | Checksum: 1733a9d44

Time (s): cpu = 00:00:25 ; elapsed = 00:00:23 . Memory (MB): peak = 5713.461 ; gain = 0.000 ; free physical = 9926 ; free virtual = 14998

Phase 2 Router Initialization

Phase 2.1 Fix Topology Constraints
Phase 2.1 Fix Topology Constraints | Checksum: 1733a9d44

Time (s): cpu = 00:00:25 ; elapsed = 00:00:24 . Memory (MB): peak = 5713.461 ; gain = 0.000 ; free physical = 9840 ; free virtual = 14912

Phase 2.2 Pre Route Cleanup
Phase 2.2 Pre Route Cleanup | Checksum: 1733a9d44

Time (s): cpu = 00:00:25 ; elapsed = 00:00:24 . Memory (MB): peak = 5713.461 ; gain = 0.000 ; free physical = 9840 ; free virtual = 14912

Phase 2.3 Global Clock Net Routing
 Number of Nodes with overlaps = 0
Phase 2.3 Global Clock Net Routing | Checksum: 149a87e29

Time (s): cpu = 00:00:27 ; elapsed = 00:00:24 . Memory (MB): peak = 5808.145 ; gain = 94.684 ; free physical = 9691 ; free virtual = 14763

Phase 2.4 Update Timing
Phase 2.4 Update Timing | Checksum: 1b2a1d105

Time (s): cpu = 00:00:29 ; elapsed = 00:00:25 . Memory (MB): peak = 5808.145 ; gain = 94.684 ; free physical = 9703 ; free virtual = 14775
INFO: [Route 35-416] Intermediate Timing Summary | WNS=0.295  | TNS=0.000  | WHS=0.038  | THS=0.000  |


Router Utilization Summary
  Global Vertical Routing Utilization    = 0 %
  Global Horizontal Routing Utilization  = 0 %
  Routable Net Status*
  *Does not include unroutable nets such as driverless and loadless.
  Run report_route_status for detailed report.
  Number of Failed Nets               = 4843
    (Failed Nets is the sum of unrouted and partially routed nets)
  Number of Unrouted Nets             = 3468
  Number of Partially Routed Nets     = 1375
  Number of Node Overlaps             = 0

Phase 2 Router Initialization | Checksum: 237730ad8

Time (s): cpu = 00:00:32 ; elapsed = 00:00:26 . Memory (MB): peak = 5808.145 ; gain = 94.684 ; free physical = 9624 ; free virtual = 14696

Phase 3 Initial Routing

Phase 3.1 Global Routing

Phase 3.1.1 SLL Assignment
Phase 3.1.1 SLL Assignment | Checksum: 237730ad8

Time (s): cpu = 00:00:32 ; elapsed = 00:00:26 . Memory (MB): peak = 5808.145 ; gain = 94.684 ; free physical = 9624 ; free virtual = 14696
Phase 3.1 Global Routing | Checksum: 237730ad8

Time (s): cpu = 00:00:32 ; elapsed = 00:00:26 . Memory (MB): peak = 5808.145 ; gain = 94.684 ; free physical = 9624 ; free virtual = 14696
Phase 3 Initial Routing | Checksum: 11f4443a6

Time (s): cpu = 00:00:38 ; elapsed = 00:00:28 . Memory (MB): peak = 5808.145 ; gain = 94.684 ; free physical = 9650 ; free virtual = 14723

Phase 4 Rip-up And Reroute

Phase 4.1 Global Iteration 0
 Number of Nodes with overlaps = 254
 Number of Nodes with overlaps = 10
 Number of Nodes with overlaps = 1
 Number of Nodes with overlaps = 1
 Number of Nodes with overlaps = 1
 Number of Nodes with overlaps = 0
INFO: [Route 35-416] Intermediate Timing Summary | WNS=0.175  | TNS=0.000  | WHS=0.038  | THS=0.000  |

Phase 4.1 Global Iteration 0 | Checksum: 16d13c71d

Time (s): cpu = 00:00:48 ; elapsed = 00:00:32 . Memory (MB): peak = 5815.152 ; gain = 101.691 ; free physical = 9673 ; free virtual = 14745

Phase 4.2 Additional Iteration for Hold
Phase 4.2 Additional Iteration for Hold | Checksum: 17a7f3c24

Time (s): cpu = 00:00:48 ; elapsed = 00:00:32 . Memory (MB): peak = 5815.152 ; gain = 101.691 ; free physical = 9685 ; free virtual = 14757
Phase 4 Rip-up And Reroute | Checksum: 17a7f3c24

Time (s): cpu = 00:00:48 ; elapsed = 00:00:32 . Memory (MB): peak = 5815.152 ; gain = 101.691 ; free physical = 9685 ; free virtual = 14757

Phase 5 Delay and Skew Optimization

Phase 5.1 Delay CleanUp
Phase 5.1 Delay CleanUp | Checksum: 17a7f3c24

Time (s): cpu = 00:00:48 ; elapsed = 00:00:32 . Memory (MB): peak = 5815.152 ; gain = 101.691 ; free physical = 9685 ; free virtual = 14757

Phase 5.2 Clock Skew Optimization
Phase 5.2 Clock Skew Optimization | Checksum: 17a7f3c24

Time (s): cpu = 00:00:48 ; elapsed = 00:00:32 . Memory (MB): peak = 5815.152 ; gain = 101.691 ; free physical = 9685 ; free virtual = 14757
Phase 5 Delay and Skew Optimization | Checksum: 17a7f3c24

Time (s): cpu = 00:00:48 ; elapsed = 00:00:32 . Memory (MB): peak = 5815.152 ; gain = 101.691 ; free physical = 9685 ; free virtual = 14757

Phase 6 Post Hold Fix

Phase 6.1 Hold Fix Iter

Phase 6.1.1 Update Timing
Phase 6.1.1 Update Timing | Checksum: 1c468e8eb

Time (s): cpu = 00:00:50 ; elapsed = 00:00:33 . Memory (MB): peak = 5815.152 ; gain = 101.691 ; free physical = 9684 ; free virtual = 14757
INFO: [Route 35-416] Intermediate Timing Summary | WNS=0.175  | TNS=0.000  | WHS=0.038  | THS=0.000  |

Phase 6.1 Hold Fix Iter | Checksum: 1c468e8eb

Time (s): cpu = 00:00:50 ; elapsed = 00:00:33 . Memory (MB): peak = 5815.152 ; gain = 101.691 ; free physical = 9684 ; free virtual = 14757
Phase 6 Post Hold Fix | Checksum: 1c468e8eb

Time (s): cpu = 00:00:50 ; elapsed = 00:00:33 . Memory (MB): peak = 5815.152 ; gain = 101.691 ; free physical = 9684 ; free virtual = 14757

Phase 7 Route finalize

Router Utilization Summary
  Global Vertical Routing Utilization    = 0.0197914 %
  Global Horizontal Routing Utilization  = 0.0192953 %
  Routable Net Status*
  *Does not include unroutable nets such as driverless and loadless.
  Run report_route_status for detailed report.
  Number of Failed Nets               = 0
    (Failed Nets is the sum of unrouted and partially routed nets)
  Number of Unrouted Nets             = 0
  Number of Partially Routed Nets     = 0
  Number of Node Overlaps             = 0

Phase 7 Route finalize | Checksum: 17f6566a5

Time (s): cpu = 00:00:51 ; elapsed = 00:00:34 . Memory (MB): peak = 5815.152 ; gain = 101.691 ; free physical = 9693 ; free virtual = 14766

Phase 8 Verifying routed nets

 Verification completed successfully
Phase 8 Verifying routed nets | Checksum: 17f6566a5

Time (s): cpu = 00:00:51 ; elapsed = 00:00:34 . Memory (MB): peak = 5815.152 ; gain = 101.691 ; free physical = 9693 ; free virtual = 14766

Phase 9 Depositing Routes
Phase 9 Depositing Routes | Checksum: 1b3819c50

Time (s): cpu = 00:00:52 ; elapsed = 00:00:34 . Memory (MB): peak = 5815.152 ; gain = 101.691 ; free physical = 9705 ; free virtual = 14777

Phase 10 Post Router Timing
INFO: [Route 35-57] Estimated Timing Summary | WNS=0.175  | TNS=0.000  | WHS=0.038  | THS=0.000  |

INFO: [Route 35-327] The final timing numbers are based on the router estimated timing analysis. For a complete and accurate timing signoff, please run report_timing_summary.
Phase 10 Post Router Timing | Checksum: 1b3819c50

Time (s): cpu = 00:00:53 ; elapsed = 00:00:34 . Memory (MB): peak = 5815.152 ; gain = 101.691 ; free physical = 9712 ; free virtual = 14784
INFO: [DRC 23-27] Running DRC with 8 threads
INFO: [Route 35-16] Router Completed Successfully

Time (s): cpu = 00:00:55 ; elapsed = 00:00:35 . Memory (MB): peak = 5815.152 ; gain = 101.691 ; free physical = 9845 ; free virtual = 14917

Routing Is Done.
INFO: [Common 17-83] Releasing license: Implementation
128 Infos, 8 Warnings, 10 Critical Warnings and 0 Errors encountered.
route_design completed successfully
route_design: Time (s): cpu = 00:01:01 ; elapsed = 00:00:39 . Memory (MB): peak = 5815.152 ; gain = 109.695 ; free physical = 9845 ; free virtual = 14917
INFO: [Timing 38-480] Writing timing data to binary archive.
Writing XDEF routing.
Writing XDEF routing logical nets.
Writing XDEF routing special nets.
Write XDEF Complete: Time (s): cpu = 00:00:02 ; elapsed = 00:00:00.5 . Memory (MB): peak = 5815.152 ; gain = 0.000 ; free physical = 9830 ; free virtual = 14924
INFO: [Common 17-1381] The checkpoint '/home/dewsjoe/Desktop/projects_2022.1/projects_ldg/project_3/project_3.runs/impl_1/design_1_wrapper_routed.dcp' has been generated.
INFO: [runtcl-4] Executing : report_drc -file design_1_wrapper_drc_routed.rpt -pb design_1_wrapper_drc_routed.pb -rpx design_1_wrapper_drc_routed.rpx
Command: report_drc -file design_1_wrapper_drc_routed.rpt -pb design_1_wrapper_drc_routed.pb -rpx design_1_wrapper_drc_routed.rpx
INFO: [IP_Flow 19-1839] IP Catalog is up to date.
INFO: [DRC 23-27] Running DRC with 8 threads
INFO: [Vivado_Tcl 2-168] The results of DRC are in file /home/dewsjoe/Desktop/projects_2022.1/projects_ldg/project_3/project_3.runs/impl_1/design_1_wrapper_drc_routed.rpt.
report_drc completed successfully
INFO: [runtcl-4] Executing : report_methodology -file design_1_wrapper_methodology_drc_routed.rpt -pb design_1_wrapper_methodology_drc_routed.pb -rpx design_1_wrapper_methodology_drc_routed.rpx
Command: report_methodology -file design_1_wrapper_methodology_drc_routed.rpt -pb design_1_wrapper_methodology_drc_routed.pb -rpx design_1_wrapper_methodology_drc_routed.rpx
INFO: [Timing 38-35] Done setting XDC timing constraints.
INFO: [DRC 23-133] Running Methodology with 8 threads
INFO: [Vivado_Tcl 2-1520] The results of Report Methodology are in file /home/dewsjoe/Desktop/projects_2022.1/projects_ldg/project_3/project_3.runs/impl_1/design_1_wrapper_methodology_drc_routed.rpt.
report_methodology completed successfully
INFO: [runtcl-4] Executing : report_power -file design_1_wrapper_power_routed.rpt -pb design_1_wrapper_power_summary_routed.pb -rpx design_1_wrapper_power_routed.rpx
Command: report_power -file design_1_wrapper_power_routed.rpt -pb design_1_wrapper_power_summary_routed.pb -rpx design_1_wrapper_power_routed.rpx
INFO: [Power 33-23] Power model is not available for IO_VREF[0].I_VREF
INFO: [Power 33-23] Power model is not available for u_ddrmc_riu
INFO: [Timing 38-35] Done setting XDC timing constraints.
Running Vector-less Activity Propagation...

Finished Running Vector-less Activity Propagation
142 Infos, 8 Warnings, 10 Critical Warnings and 0 Errors encountered.
report_power completed successfully
report_power: Time (s): cpu = 00:00:10 ; elapsed = 00:00:06 . Memory (MB): peak = 5910.820 ; gain = 16.008 ; free physical = 9755 ; free virtual = 14857
INFO: [runtcl-4] Executing : report_route_status -file design_1_wrapper_route_status.rpt -pb design_1_wrapper_route_status.pb
INFO: [runtcl-4] Executing : report_timing_summary -max_paths 10 -report_unconstrained -file design_1_wrapper_timing_summary_routed.rpt -pb design_1_wrapper_timing_summary_routed.pb -rpx design_1_wrapper_timing_summary_routed.rpx -warn_on_violation 
INFO: [Timing 38-91] UpdateTimingParams: Speed grade: -2MP, Temperature grade: E, Delay Type: min_max.
INFO: [Timing 38-191] Multithreading enabled for timing update using a maximum of 8 CPUs
INFO: [runtcl-4] Executing : report_incremental_reuse -file design_1_wrapper_incremental_reuse_routed.rpt
INFO: [Vivado_Tcl 4-1062] Incremental flow is disabled. No incremental reuse Info to report.
INFO: [runtcl-4] Executing : report_clock_utilization -file design_1_wrapper_clock_utilization_routed.rpt
INFO: [runtcl-4] Executing : report_bus_skew -warn_on_violation -file design_1_wrapper_bus_skew_routed.rpt -pb design_1_wrapper_bus_skew_routed.pb -rpx design_1_wrapper_bus_skew_routed.rpx
INFO: [Timing 38-91] UpdateTimingParams: Speed grade: -2MP, Temperature grade: E, Delay Type: min_max.
INFO: [Timing 38-191] Multithreading enabled for timing update using a maximum of 8 CPUs
Command: write_device_image -force -file design_1_wrapper.pdi
Attempting to get a license for feature 'Implementation' and/or device 'xcvc1902'
INFO: [Common 17-349] Got license for feature 'Implementation' and/or device 'xcvc1902'
INFO: [Common 17-1540] The version limit for your license is '2023.11' and has expired for new software. A version limit expiration means that, although you may be able to continue to use the current version of tools or IP with this license, you will not be eligible for new releases.
Running DRC as a precondition to command write_device_image
INFO: [IP_Flow 19-1839] IP Catalog is up to date.
INFO: [DRC 23-27] Running DRC with 8 threads
WARNING: [DRC RTSTAT-10] No routable loads: 20 net(s) have no routable loads. The problem bus(es) and/or net(s) are design_1_i/axi_smc/inst/m02_nodes/m02_r_node/inst/mi_handler_m_sc_areset_pipe, design_1_i/axi_smc/inst/m02_nodes/m02_w_node/inst/mi_handler_m_sc_areset_pipe, design_1_i/axi_smc/inst/s00_nodes/s00_b_node/inst/mi_handler_m_sc_areset_pipe, design_1_i/axi_smc/inst/m01_nodes/m01_w_node/inst/mi_handler_m_sc_areset_pipe, design_1_i/axi_smc/inst/m02_nodes/m02_ar_node/inst/mi_handler_m_sc_areset_pipe, design_1_i/axi_smc/inst/s00_nodes/s00_aw_node/inst/mi_handler_m_sc_areset_pipe, design_1_i/axi_smc/inst/m00_nodes/m00_aw_node/inst/mi_handler_m_sc_areset_pipe, design_1_i/axi_smc/inst/m01_nodes/m01_ar_node/inst/mi_handler_m_sc_areset_pipe, design_1_i/axi_smc/inst/m00_nodes/m00_b_node/inst/mi_handler_m_sc_areset_pipe, design_1_i/axi_smc/inst/m02_nodes/m02_b_node/inst/mi_handler_m_sc_areset_pipe, design_1_i/axi_smc/inst/s00_nodes/s00_r_node/inst/mi_handler_m_sc_areset_pipe, design_1_i/axi_smc/inst/m00_nodes/m00_ar_node/inst/mi_handler_m_sc_areset_pipe, design_1_i/axi_smc/inst/s00_nodes/s00_ar_node/inst/mi_handler_m_sc_areset_pipe, design_1_i/axi_smc/inst/m02_nodes/m02_aw_node/inst/mi_handler_m_sc_areset_pipe, design_1_i/axi_smc/inst/s00_nodes/s00_w_node/inst/mi_handler_m_sc_areset_pipe... and (the first 15 of 20 listed).
INFO: [Vivado 12-3199] DRC finished with 0 Errors, 1 Warnings
INFO: [Vivado 12-3200] Please refer to the DRC report (report_drc) for more information.
Integrating Hard IP ELF/MEM with the PDI.
INFO: [Constraints 18-5160] Reading Static MEM File '_mem_tmp.mem' for cell 'design_1_i/axi_noc_0/inst/MC0_ddrc/inst/noc_ddr4_phy/inst/u_ddrmc_main'
Generating PS PMC files.
Loading data files...
Loading site data...
Loading route data...
Processing options...
Creating bitmap...
INFO: [Bitstream 40-812] Reading NPI Startup sequence definitions
INFO: [Bitstream 40-811] Reading NPI Shutdown sequence definitions
INFO: [Bitstream 40-810] Reading NPI Preconfig sequence definitions
Creating bitstream...
INFO: [Bitstream 40-283] Bitstream size = 6057600 bits
Writing CDO partition ./design_1_wrapper.rcdo...
Writing NPI partition ./design_1_wrapper.rnpi...
Generating bif file design_1_wrapper.bif for base design.

Generating CIPS Files... 
INFO: [Hsi 55-2053] elapsed time for repository (/media/dewsjoe/Data/Vitis_2022_1/Vivado/2022.1/data/embeddedsw) loading 0 seconds
/media/dewsjoe/Data/Vitis_2022_1/Vivado/2022.1/gnu/microblaze/lin
WARNING: CONFIG.C_PSS_REF_CLK_FREQ not found. Using default value for XPAR_PSU_PSS_REF_CLK_FREQ_HZ.
Running Make include in versal_cips_0_pspmc_0_psv_pmc_0/libsrc/cframe_v1_3/src
Running Make include in versal_cips_0_pspmc_0_psv_pmc_0/libsrc/cfupmc_v1_4/src
Running Make include in versal_cips_0_pspmc_0_psv_pmc_0/libsrc/coresightps_dcc_v1_8/src
Running Make include in versal_cips_0_pspmc_0_psv_pmc_0/libsrc/cpu_v2_15/src
Running Make include in versal_cips_0_pspmc_0_psv_pmc_0/libsrc/csudma_v1_11/src
Running Make include in versal_cips_0_pspmc_0_psv_pmc_0/libsrc/ddrpsv_v1_4/src
Running Make include in versal_cips_0_pspmc_0_psv_pmc_0/libsrc/emacps_v3_16/src
Running Make include in versal_cips_0_pspmc_0_psv_pmc_0/libsrc/iomodule_v2_13/src
Running Make include in versal_cips_0_pspmc_0_psv_pmc_0/libsrc/ipipsu_v2_11/src
Running Make include in versal_cips_0_pspmc_0_psv_pmc_0/libsrc/pmonpsv_v2_1/src
Running Make include in versal_cips_0_pspmc_0_psv_pmc_0/libsrc/qspipsu_v1_15/src
Running Make include in versal_cips_0_pspmc_0_psv_pmc_0/libsrc/rtcpsu_v1_11/src
Running Make include in versal_cips_0_pspmc_0_psv_pmc_0/libsrc/sdps_v3_14/src
Running Make include in versal_cips_0_pspmc_0_psv_pmc_0/libsrc/standalone_v7_7/src
Running Make include in versal_cips_0_pspmc_0_psv_pmc_0/libsrc/sysmonpsv_v3_0/src
Running Make include in versal_cips_0_pspmc_0_psv_pmc_0/libsrc/trngpsv_v1_1/src
Running Make include in versal_cips_0_pspmc_0_psv_pmc_0/libsrc/uartlite_v3_7/src
Running Make include in versal_cips_0_pspmc_0_psv_pmc_0/libsrc/uartpsv_v1_6/src
Running Make include in versal_cips_0_pspmc_0_psv_pmc_0/libsrc/xilffs_v4_7/src
Running Make include in versal_cips_0_pspmc_0_psv_pmc_0/libsrc/xilloader_v1_6/src
Running Make include in versal_cips_0_pspmc_0_psv_pmc_0/libsrc/xilnvm_v2_5/src
Running Make include in versal_cips_0_pspmc_0_psv_pmc_0/libsrc/xilpdi_v1_5/src
Running Make include in versal_cips_0_pspmc_0_psv_pmc_0/libsrc/xilplmi_v1_6/src
Running Make include in versal_cips_0_pspmc_0_psv_pmc_0/libsrc/xilpm_v4_0/src
Include files for this library have already been copied.
Running Make include in versal_cips_0_pspmc_0_psv_pmc_0/libsrc/xilpuf_v1_5/src
Running Make include in versal_cips_0_pspmc_0_psv_pmc_0/libsrc/xilsecure_v4_7/src
Running Make include in versal_cips_0_pspmc_0_psv_pmc_0/libsrc/xilsem_v1_5/src
Include files for this library have already been copied.
Running Make include in versal_cips_0_pspmc_0_psv_pmc_0/libsrc/zdma_v1_14/src
Running Make libs in versal_cips_0_pspmc_0_psv_pmc_0/libsrc/xilpm_v4_0/src
Compiling XilPM Library
Running Make libs in versal_cips_0_pspmc_0_psv_pmc_0/libsrc/xilpuf_v1_5/src
Compiling XilPuf Library
Running Make libs in versal_cips_0_pspmc_0_psv_pmc_0/libsrc/xilplmi_v1_6/src
Compiling XilPLMI Library
Running Make libs in versal_cips_0_pspmc_0_psv_pmc_0/libsrc/xilsem_v1_5/src
Running Make libs in versal_cips_0_pspmc_0_psv_pmc_0/libsrc/xilnvm_v2_5/src
Compiling XilNvm Library
Running Make libs in versal_cips_0_pspmc_0_psv_pmc_0/libsrc/xilloader_v1_6/src
Compiling XilLoader Library
Running Make libs in versal_cips_0_pspmc_0_psv_pmc_0/libsrc/xilsecure_v4_7/src
Compiling XilSecure Library
Running Make libs in versal_cips_0_pspmc_0_psv_pmc_0/libsrc/xilpdi_v1_5/src
Compiling Xilpdi Library
Finished building libraries sequentially.
Running Make include in versal_cips_0_pspmc_0_psv_pmc_0/libsrc/cframe_v1_3/src
Running Make include in versal_cips_0_pspmc_0_psv_pmc_0/libsrc/cfupmc_v1_4/src
Running Make include in versal_cips_0_pspmc_0_psv_pmc_0/libsrc/cpu_v2_15/src
Running Make include in versal_cips_0_pspmc_0_psv_pmc_0/libsrc/coresightps_dcc_v1_8/src
Running Make include in versal_cips_0_pspmc_0_psv_pmc_0/libsrc/csudma_v1_11/src
Running Make include in versal_cips_0_pspmc_0_psv_pmc_0/libsrc/ddrpsv_v1_4/src
Running Make include in versal_cips_0_pspmc_0_psv_pmc_0/libsrc/iomodule_v2_13/src
Running Make include in versal_cips_0_pspmc_0_psv_pmc_0/libsrc/emacps_v3_16/src
Running Make include in versal_cips_0_pspmc_0_psv_pmc_0/libsrc/pmonpsv_v2_1/src
Running Make include in versal_cips_0_pspmc_0_psv_pmc_0/libsrc/ipipsu_v2_11/src
Running Make include in versal_cips_0_pspmc_0_psv_pmc_0/libsrc/qspipsu_v1_15/src
Running Make include in versal_cips_0_pspmc_0_psv_pmc_0/libsrc/rtcpsu_v1_11/src
Running Make include in versal_cips_0_pspmc_0_psv_pmc_0/libsrc/sdps_v3_14/src
Running Make include in versal_cips_0_pspmc_0_psv_pmc_0/libsrc/standalone_v7_7/src
Running Make include in versal_cips_0_pspmc_0_psv_pmc_0/libsrc/trngpsv_v1_1/src
Running Make include in versal_cips_0_pspmc_0_psv_pmc_0/libsrc/sysmonpsv_v3_0/src
Running Make include in versal_cips_0_pspmc_0_psv_pmc_0/libsrc/uartlite_v3_7/src
Running Make include in versal_cips_0_pspmc_0_psv_pmc_0/libsrc/uartpsv_v1_6/src
Running Make include in versal_cips_0_pspmc_0_psv_pmc_0/libsrc/xilffs_v4_7/src
Running Make include in versal_cips_0_pspmc_0_psv_pmc_0/libsrc/xilloader_v1_6/src
Running Make include in versal_cips_0_pspmc_0_psv_pmc_0/libsrc/xilnvm_v2_5/src
Running Make include in versal_cips_0_pspmc_0_psv_pmc_0/libsrc/xilpdi_v1_5/src
Running Make include in versal_cips_0_pspmc_0_psv_pmc_0/libsrc/xilplmi_v1_6/src
Running Make include in versal_cips_0_pspmc_0_psv_pmc_0/libsrc/xilpm_v4_0/src
Running Make include in versal_cips_0_pspmc_0_psv_pmc_0/libsrc/xilpuf_v1_5/src
Running Make include in versal_cips_0_pspmc_0_psv_pmc_0/libsrc/xilsecure_v4_7/src
Running Make include in versal_cips_0_pspmc_0_psv_pmc_0/libsrc/xilsem_v1_5/src
Running Make include in versal_cips_0_pspmc_0_psv_pmc_0/libsrc/zdma_v1_14/src
Include files for this library have already been copied.
Include files for this library have already been copied.
Running Make libs in versal_cips_0_pspmc_0_psv_pmc_0/libsrc/cframe_v1_3/src
Running Make libs in versal_cips_0_pspmc_0_psv_pmc_0/libsrc/cfupmc_v1_4/src
Running Make libs in versal_cips_0_pspmc_0_psv_pmc_0/libsrc/coresightps_dcc_v1_8/src
Running Make libs in versal_cips_0_pspmc_0_psv_pmc_0/libsrc/cpu_v2_15/src
Running Make libs in versal_cips_0_pspmc_0_psv_pmc_0/libsrc/csudma_v1_11/src
Running Make libs in versal_cips_0_pspmc_0_psv_pmc_0/libsrc/ddrpsv_v1_4/src
Running Make libs in versal_cips_0_pspmc_0_psv_pmc_0/libsrc/emacps_v3_16/src
Running Make libs in versal_cips_0_pspmc_0_psv_pmc_0/libsrc/iomodule_v2_13/src
Running Make libs in versal_cips_0_pspmc_0_psv_pmc_0/libsrc/ipipsu_v2_11/src
Running Make libs in versal_cips_0_pspmc_0_psv_pmc_0/libsrc/pmonpsv_v2_1/src
xcoresightpsdcc.c:39:2: warning: #warning "The driver is supported only for ARM architecture" [-Wcpp]
   39 | #warning "The driver is supported only for ARM architecture"
      |  ^~~~~~~
Running Make libs in versal_cips_0_pspmc_0_psv_pmc_0/libsrc/qspipsu_v1_15/src
Running Make libs in versal_cips_0_pspmc_0_psv_pmc_0/libsrc/rtcpsu_v1_11/src
In file included from xiomodule_g.c:16:
../../../include/xparameters.h:1041:67: warning: conversion from 'long long unsigned int' to 'unsigned int' changes value from '18446744073709551615' to '4294967295' [-Woverflow]
 1041 | #define XPAR_VERSAL_CIPS_0_PSPMC_0_PSV_PMC_IOMODULE_0_IO_BASEADDR 0xFFFFFFFFFFFFFFFFU
      |                                                                   ^~~~~~~~~~~~~~~~~~~
xiomodule_g.c:30:17: note: in expansion of macro 'XPAR_VERSAL_CIPS_0_PSPMC_0_PSV_PMC_IOMODULE_0_IO_BASEADDR'
   30 |                 XPAR_VERSAL_CIPS_0_PSPMC_0_PSV_PMC_IOMODULE_0_IO_BASEADDR,
      |                 ^~~~~~~~~~~~~~~~~~~~~~~~~~~~~~~~~~~~~~~~~~~~~~~~~~~~~~~~~
Running Make libs in versal_cips_0_pspmc_0_psv_pmc_0/libsrc/sdps_v3_14/src
Running Make libs in versal_cips_0_pspmc_0_psv_pmc_0/libsrc/standalone_v7_7/src
Running Make libs in versal_cips_0_pspmc_0_psv_pmc_0/libsrc/sysmonpsv_v3_0/src
Compiling xsysmonpsv
Running Make libs in versal_cips_0_pspmc_0_psv_pmc_0/libsrc/trngpsv_v1_1/src
Running Make libs in versal_cips_0_pspmc_0_psv_pmc_0/libsrc/uartlite_v3_7/src
Running Make libs in versal_cips_0_pspmc_0_psv_pmc_0/libsrc/uartpsv_v1_6/src
microblaze_sleep.c:73:9: note: '#pragma message: For the sleep routines, assembly instructions are used'
   73 | #pragma message ("For the sleep routines, assembly instructions are used")
      |         ^~~~~~~
Running Make libs in versal_cips_0_pspmc_0_psv_pmc_0/libsrc/xilffs_v4_7/src
Running Make libs in versal_cips_0_pspmc_0_psv_pmc_0/libsrc/zdma_v1_14/src
DEBUG NON_LTO_OBJECTS is ../../../lib/microblaze_interrupt_handler.o
Finished building libraries parallelly.
/media/dewsjoe/Data/Vitis_2022_1/Vivado/2022.1/gnu/microblaze/lin/x86_64-oesdk-linux/usr/bin/microblaze-xilinx-elf/microblaze-xilinx-elf-ar.real: creating versal_cips_0_pspmc_0_psv_pmc_0/lib/libxil.a
Finished building libraries
INFO: [Project 1-1179] Generating design_1_wrapper.bif file ...
Running bootgen.
Found bootgen at /media/dewsjoe/Data/Vitis_2022_1/Vivado/2022.1/bin/bootgen
Running '/media/dewsjoe/Data/Vitis_2022_1/Vivado/2022.1/bin/bootgen -arch versal -image design_1_wrapper.bif -w -o ./design_1_wrapper.pdi'


****** Xilinx Bootgen v2022.1
  **** Build date : Apr 18 2022-16:09:43
    ** Copyright 1986-2022 Xilinx, Inc. All Rights Reserved.


[INFO]   : Bootimage generated successfully

Bootgen Completed Successfully.
INFO: [Vivado 12-1842] Bitgen Completed Successfully.
INFO: [Common 17-83] Releasing license: Implementation
167 Infos, 9 Warnings, 10 Critical Warnings and 0 Errors encountered.
write_device_image completed successfully
write_device_image: Time (s): cpu = 00:03:05 ; elapsed = 00:03:01 . Memory (MB): peak = 7402.660 ; gain = 1403.797 ; free physical = 9572 ; free virtual = 14743
INFO: [Common 17-206] Exiting Vivado at Wed Feb 12 18:46:37 2025...
