
*** Running vivado
    with args -log design_1_rst_versal_cips_0_295M_0.vds -m64 -product Vivado -mode batch -messageDb vivado.pb -notrace -source design_1_rst_versal_cips_0_295M_0.tcl


****** Vivado v2022.1 (64-bit)
  **** SW Build 3526262 on Mon Apr 18 15:47:01 MDT 2022
  **** IP Build 3524634 on Mon Apr 18 20:55:01 MDT 2022
    ** Copyright 1986-2022 Xilinx, Inc. All Rights Reserved.

source design_1_rst_versal_cips_0_295M_0.tcl -notrace
create_project: Time (s): cpu = 00:00:06 ; elapsed = 00:00:06 . Memory (MB): peak = 2692.957 ; gain = 5.961 ; free physical = 5661 ; free virtual = 15293
Command: synth_design -top design_1_rst_versal_cips_0_295M_0 -part xcvc1902-vsva2197-2MP-e-S -incremental_mode off -mode out_of_context
Starting synth_design
Attempting to get a license for feature 'Synthesis' and/or device 'xcvc1902'
INFO: [Common 17-349] Got license for feature 'Synthesis' and/or device 'xcvc1902'
INFO: [Common 17-1540] The version limit for your license is '2023.11' and has expired for new software. A version limit expiration means that, although you may be able to continue to use the current version of tools or IP with this license, you will not be eligible for new releases.
INFO: [Device 21-403] Loading part xcvc1902-vsva2197-2MP-e-S
INFO: [Synth 8-7079] Multithreading enabled for synth_design using a maximum of 4 processes.
INFO: [Synth 8-7078] Launching helper process for spawning children vivado processes
INFO: [Synth 8-7075] Helper process launched with PID 3141654
WARNING: [Synth 8-9501] generate block is allowed only inside loop and conditional generate in SystemVerilog mode [/media/dewsjoe/Data/Vitis_2022_1/Vivado/2022.1/data/ip/xpm/xpm_fifo/hdl/xpm_fifo.sv:4023]
---------------------------------------------------------------------------------
Starting RTL Elaboration : Time (s): cpu = 00:00:07 ; elapsed = 00:00:09 . Memory (MB): peak = 2893.789 ; gain = 192.828 ; free physical = 2561 ; free virtual = 7270
---------------------------------------------------------------------------------
INFO: [Synth 8-638] synthesizing module 'design_1_rst_versal_cips_0_295M_0' [/home/dewsjoe/Desktop/projects_2022.1/projects_ldg/project_3/project_3.gen/sources_1/bd/design_1/ip/design_1_rst_versal_cips_0_295M_0/synth/design_1_rst_versal_cips_0_295M_0.vhd:74]
	Parameter C_FAMILY bound to: versal - type: string 
	Parameter C_EXT_RST_WIDTH bound to: 4 - type: integer 
	Parameter C_AUX_RST_WIDTH bound to: 4 - type: integer 
	Parameter C_EXT_RESET_HIGH bound to: 1'b0 
	Parameter C_AUX_RESET_HIGH bound to: 1'b0 
	Parameter C_NUM_BUS_RST bound to: 1 - type: integer 
	Parameter C_NUM_PERP_RST bound to: 1 - type: integer 
	Parameter C_NUM_INTERCONNECT_ARESETN bound to: 1 - type: integer 
	Parameter C_NUM_PERP_ARESETN bound to: 1 - type: integer 
INFO: [Synth 8-3491] module 'proc_sys_reset' declared at '/home/dewsjoe/Desktop/projects_2022.1/projects_ldg/project_3/project_3.gen/sources_1/bd/design_1/ipshared/8842/hdl/proc_sys_reset_v5_0_vh_rfs.vhd:1264' bound to instance 'U0' of component 'proc_sys_reset' [/home/dewsjoe/Desktop/projects_2022.1/projects_ldg/project_3/project_3.gen/sources_1/bd/design_1/ip/design_1_rst_versal_cips_0_295M_0/synth/design_1_rst_versal_cips_0_295M_0.vhd:129]
INFO: [Synth 8-638] synthesizing module 'proc_sys_reset' [/home/dewsjoe/Desktop/projects_2022.1/projects_ldg/project_3/project_3.gen/sources_1/bd/design_1/ipshared/8842/hdl/proc_sys_reset_v5_0_vh_rfs.vhd:1323]
	Parameter INIT bound to: 1'b1 
INFO: [Synth 8-113] binding component instance 'FDRE_inst' to cell 'FDRE' [/home/dewsjoe/Desktop/projects_2022.1/projects_ldg/project_3/project_3.gen/sources_1/bd/design_1/ipshared/8842/hdl/proc_sys_reset_v5_0_vh_rfs.vhd:1392]
	Parameter INIT bound to: 1'b1 
INFO: [Synth 8-113] binding component instance 'FDRE_BSR' to cell 'FDRE' [/home/dewsjoe/Desktop/projects_2022.1/projects_ldg/project_3/project_3.gen/sources_1/bd/design_1/ipshared/8842/hdl/proc_sys_reset_v5_0_vh_rfs.vhd:1408]
	Parameter INIT bound to: 1'b0 
INFO: [Synth 8-113] binding component instance 'FDRE_BSR_N' to cell 'FDRE' [/home/dewsjoe/Desktop/projects_2022.1/projects_ldg/project_3/project_3.gen/sources_1/bd/design_1/ipshared/8842/hdl/proc_sys_reset_v5_0_vh_rfs.vhd:1434]
	Parameter INIT bound to: 1'b1 
INFO: [Synth 8-113] binding component instance 'FDRE_PER' to cell 'FDRE' [/home/dewsjoe/Desktop/projects_2022.1/projects_ldg/project_3/project_3.gen/sources_1/bd/design_1/ipshared/8842/hdl/proc_sys_reset_v5_0_vh_rfs.vhd:1457]
	Parameter INIT bound to: 1'b0 
INFO: [Synth 8-113] binding component instance 'FDRE_PER_N' to cell 'FDRE' [/home/dewsjoe/Desktop/projects_2022.1/projects_ldg/project_3/project_3.gen/sources_1/bd/design_1/ipshared/8842/hdl/proc_sys_reset_v5_0_vh_rfs.vhd:1481]
INFO: [Synth 8-638] synthesizing module 'lpf' [/home/dewsjoe/Desktop/projects_2022.1/projects_ldg/project_3/project_3.gen/sources_1/bd/design_1/ipshared/8842/hdl/proc_sys_reset_v5_0_vh_rfs.vhd:816]
INFO: [Synth 8-3491] module 'SRL16' declared at '/media/dewsjoe/Data/Vitis_2022_1/Vivado/2022.1/scripts/rt/data/unisim_comp.v:105982' bound to instance 'POR_SRL_I' of component 'SRL16' [/home/dewsjoe/Desktop/projects_2022.1/projects_ldg/project_3/project_3.gen/sources_1/bd/design_1/ipshared/8842/hdl/proc_sys_reset_v5_0_vh_rfs.vhd:868]
INFO: [Synth 8-6157] synthesizing module 'SRL16' [/media/dewsjoe/Data/Vitis_2022_1/Vivado/2022.1/scripts/rt/data/unisim_comp.v:105982]
INFO: [Synth 8-6155] done synthesizing module 'SRL16' (0#1) [/media/dewsjoe/Data/Vitis_2022_1/Vivado/2022.1/scripts/rt/data/unisim_comp.v:105982]
INFO: [Synth 8-638] synthesizing module 'cdc_sync' [/home/dewsjoe/Desktop/projects_2022.1/projects_ldg/project_3/project_3.gen/sources_1/bd/design_1/ipshared/ef1e/hdl/lib_cdc_v1_0_rfs.vhd:106]
	Parameter INIT bound to: 1'b0 
INFO: [Synth 8-113] binding component instance 'CROSS_PLEVEL_IN2SCNDRY_IN_cdc_to' to cell 'FDR' [/home/dewsjoe/Desktop/projects_2022.1/projects_ldg/project_3/project_3.gen/sources_1/bd/design_1/ipshared/ef1e/hdl/lib_cdc_v1_0_rfs.vhd:514]
	Parameter INIT bound to: 1'b0 
INFO: [Synth 8-113] binding component instance 'CROSS_PLEVEL_IN2SCNDRY_s_level_out_d2' to cell 'FDR' [/home/dewsjoe/Desktop/projects_2022.1/projects_ldg/project_3/project_3.gen/sources_1/bd/design_1/ipshared/ef1e/hdl/lib_cdc_v1_0_rfs.vhd:545]
	Parameter INIT bound to: 1'b0 
INFO: [Synth 8-113] binding component instance 'CROSS_PLEVEL_IN2SCNDRY_s_level_out_d3' to cell 'FDR' [/home/dewsjoe/Desktop/projects_2022.1/projects_ldg/project_3/project_3.gen/sources_1/bd/design_1/ipshared/ef1e/hdl/lib_cdc_v1_0_rfs.vhd:554]
	Parameter INIT bound to: 1'b0 
INFO: [Synth 8-113] binding component instance 'CROSS_PLEVEL_IN2SCNDRY_s_level_out_d4' to cell 'FDR' [/home/dewsjoe/Desktop/projects_2022.1/projects_ldg/project_3/project_3.gen/sources_1/bd/design_1/ipshared/ef1e/hdl/lib_cdc_v1_0_rfs.vhd:564]
	Parameter INIT bound to: 1'b0 
INFO: [Synth 8-113] binding component instance 'CROSS_PLEVEL_IN2SCNDRY_s_level_out_d5' to cell 'FDR' [/home/dewsjoe/Desktop/projects_2022.1/projects_ldg/project_3/project_3.gen/sources_1/bd/design_1/ipshared/ef1e/hdl/lib_cdc_v1_0_rfs.vhd:574]
	Parameter INIT bound to: 1'b0 
INFO: [Synth 8-113] binding component instance 'CROSS_PLEVEL_IN2SCNDRY_s_level_out_d6' to cell 'FDR' [/home/dewsjoe/Desktop/projects_2022.1/projects_ldg/project_3/project_3.gen/sources_1/bd/design_1/ipshared/ef1e/hdl/lib_cdc_v1_0_rfs.vhd:584]
INFO: [Synth 8-256] done synthesizing module 'cdc_sync' (0#1) [/home/dewsjoe/Desktop/projects_2022.1/projects_ldg/project_3/project_3.gen/sources_1/bd/design_1/ipshared/ef1e/hdl/lib_cdc_v1_0_rfs.vhd:106]
INFO: [Synth 8-256] done synthesizing module 'lpf' (0#1) [/home/dewsjoe/Desktop/projects_2022.1/projects_ldg/project_3/project_3.gen/sources_1/bd/design_1/ipshared/8842/hdl/proc_sys_reset_v5_0_vh_rfs.vhd:816]
INFO: [Synth 8-638] synthesizing module 'sequence_psr' [/home/dewsjoe/Desktop/projects_2022.1/projects_ldg/project_3/project_3.gen/sources_1/bd/design_1/ipshared/8842/hdl/proc_sys_reset_v5_0_vh_rfs.vhd:301]
INFO: [Synth 8-638] synthesizing module 'upcnt_n' [/home/dewsjoe/Desktop/projects_2022.1/projects_ldg/project_3/project_3.gen/sources_1/bd/design_1/ipshared/8842/hdl/proc_sys_reset_v5_0_vh_rfs.vhd:125]
INFO: [Synth 8-256] done synthesizing module 'upcnt_n' (0#1) [/home/dewsjoe/Desktop/projects_2022.1/projects_ldg/project_3/project_3.gen/sources_1/bd/design_1/ipshared/8842/hdl/proc_sys_reset_v5_0_vh_rfs.vhd:125]
INFO: [Synth 8-256] done synthesizing module 'sequence_psr' (0#1) [/home/dewsjoe/Desktop/projects_2022.1/projects_ldg/project_3/project_3.gen/sources_1/bd/design_1/ipshared/8842/hdl/proc_sys_reset_v5_0_vh_rfs.vhd:301]
INFO: [Synth 8-256] done synthesizing module 'proc_sys_reset' (0#1) [/home/dewsjoe/Desktop/projects_2022.1/projects_ldg/project_3/project_3.gen/sources_1/bd/design_1/ipshared/8842/hdl/proc_sys_reset_v5_0_vh_rfs.vhd:1323]
INFO: [Synth 8-256] done synthesizing module 'design_1_rst_versal_cips_0_295M_0' (0#1) [/home/dewsjoe/Desktop/projects_2022.1/projects_ldg/project_3/project_3.gen/sources_1/bd/design_1/ip/design_1_rst_versal_cips_0_295M_0/synth/design_1_rst_versal_cips_0_295M_0.vhd:74]
WARNING: [Synth 8-7129] Port prmry_aclk in module cdc_sync is either unconnected or has no load
WARNING: [Synth 8-7129] Port prmry_resetn in module cdc_sync is either unconnected or has no load
WARNING: [Synth 8-7129] Port prmry_vect_in[1] in module cdc_sync is either unconnected or has no load
WARNING: [Synth 8-7129] Port prmry_vect_in[0] in module cdc_sync is either unconnected or has no load
WARNING: [Synth 8-7129] Port scndry_resetn in module cdc_sync is either unconnected or has no load
---------------------------------------------------------------------------------
Finished RTL Elaboration : Time (s): cpu = 00:00:09 ; elapsed = 00:00:12 . Memory (MB): peak = 2960.727 ; gain = 259.766 ; free physical = 3679 ; free virtual = 8506
---------------------------------------------------------------------------------
---------------------------------------------------------------------------------
Start Handling Custom Attributes
---------------------------------------------------------------------------------
---------------------------------------------------------------------------------
Finished Handling Custom Attributes : Time (s): cpu = 00:00:10 ; elapsed = 00:00:12 . Memory (MB): peak = 2978.539 ; gain = 277.578 ; free physical = 3884 ; free virtual = 8713
---------------------------------------------------------------------------------
---------------------------------------------------------------------------------
Finished RTL Optimization Phase 1 : Time (s): cpu = 00:00:10 ; elapsed = 00:00:12 . Memory (MB): peak = 2978.539 ; gain = 277.578 ; free physical = 3884 ; free virtual = 8713
---------------------------------------------------------------------------------
Netlist sorting complete. Time (s): cpu = 00:00:00 ; elapsed = 00:00:00 . Memory (MB): peak = 2984.477 ; gain = 0.000 ; free physical = 3936 ; free virtual = 8787
INFO: [Netlist 29-17] Analyzing 13 Unisim elements for replacement
INFO: [Netlist 29-28] Unisim Transformation completed in 0 CPU seconds
INFO: [Constraints 18-6359] No Clock Expansion Window constraints config file entry for device xcvc1902.  GCLK Deskew mode will be Off and cannot be enabled via GCLK_DESKEW override.
INFO: [Constraints 18-5720] The default GCLK Deskew mode is Off.
INFO: [Project 1-570] Preparing netlist for logic optimization

Processing XDC Constraints
Initializing timing engine
Parsing XDC File [/home/dewsjoe/Desktop/projects_2022.1/projects_ldg/project_3/project_3.gen/sources_1/bd/design_1/ip/design_1_rst_versal_cips_0_295M_0/design_1_rst_versal_cips_0_295M_0_ooc.xdc] for cell 'U0'
create_clock: Time (s): cpu = 00:00:06 ; elapsed = 00:00:06 . Memory (MB): peak = 3194.250 ; gain = 12.906 ; free physical = 3586 ; free virtual = 8508
Finished Parsing XDC File [/home/dewsjoe/Desktop/projects_2022.1/projects_ldg/project_3/project_3.gen/sources_1/bd/design_1/ip/design_1_rst_versal_cips_0_295M_0/design_1_rst_versal_cips_0_295M_0_ooc.xdc] for cell 'U0'
Parsing XDC File [/home/dewsjoe/Desktop/projects_2022.1/projects_ldg/project_3/project_3.gen/sources_1/bd/design_1/ip/design_1_rst_versal_cips_0_295M_0/design_1_rst_versal_cips_0_295M_0_board.xdc] for cell 'U0'
Finished Parsing XDC File [/home/dewsjoe/Desktop/projects_2022.1/projects_ldg/project_3/project_3.gen/sources_1/bd/design_1/ip/design_1_rst_versal_cips_0_295M_0/design_1_rst_versal_cips_0_295M_0_board.xdc] for cell 'U0'
Parsing XDC File [/home/dewsjoe/Desktop/projects_2022.1/projects_ldg/project_3/project_3.gen/sources_1/bd/design_1/ip/design_1_rst_versal_cips_0_295M_0/design_1_rst_versal_cips_0_295M_0.xdc] for cell 'U0'
Finished Parsing XDC File [/home/dewsjoe/Desktop/projects_2022.1/projects_ldg/project_3/project_3.gen/sources_1/bd/design_1/ip/design_1_rst_versal_cips_0_295M_0/design_1_rst_versal_cips_0_295M_0.xdc] for cell 'U0'
Parsing XDC File [/home/dewsjoe/Desktop/projects_2022.1/projects_ldg/project_3/project_3.runs/design_1_rst_versal_cips_0_295M_0_synth_1/dont_touch.xdc]
Finished Parsing XDC File [/home/dewsjoe/Desktop/projects_2022.1/projects_ldg/project_3/project_3.runs/design_1_rst_versal_cips_0_295M_0_synth_1/dont_touch.xdc]
Completed Processing XDC Constraints

Netlist sorting complete. Time (s): cpu = 00:00:00 ; elapsed = 00:00:00 . Memory (MB): peak = 3194.250 ; gain = 0.000 ; free physical = 3586 ; free virtual = 8508
INFO: [Project 1-111] Unisim Transformation Summary:
  A total of 13 instances were transformed.
  FDR => FDRE: 12 instances
  SRL16 => SRL16E: 1 instance 

Constraint Validation Runtime : Time (s): cpu = 00:00:00.02 ; elapsed = 00:00:00.02 . Memory (MB): peak = 3194.250 ; gain = 0.000 ; free physical = 3594 ; free virtual = 8515
INFO: [Designutils 20-5008] Incremental synthesis strategy off
---------------------------------------------------------------------------------
Finished Constraint Validation : Time (s): cpu = 00:00:23 ; elapsed = 00:00:26 . Memory (MB): peak = 3194.250 ; gain = 493.289 ; free physical = 3886 ; free virtual = 8814
---------------------------------------------------------------------------------
---------------------------------------------------------------------------------
Start Loading Part and Timing Information
---------------------------------------------------------------------------------
Loading part: xcvc1902-vsva2197-2MP-e-S
INFO: [Synth 8-6742] Reading net delay rules and data
---------------------------------------------------------------------------------
Finished Loading Part and Timing Information : Time (s): cpu = 00:00:23 ; elapsed = 00:00:26 . Memory (MB): peak = 3194.250 ; gain = 493.289 ; free physical = 3883 ; free virtual = 8811
---------------------------------------------------------------------------------
---------------------------------------------------------------------------------
Start Applying 'set_property' XDC Constraints
---------------------------------------------------------------------------------
Applied set_property KEEP_HIERARCHY = SOFT for U0. (constraint file  /home/dewsjoe/Desktop/projects_2022.1/projects_ldg/project_3/project_3.runs/design_1_rst_versal_cips_0_295M_0_synth_1/dont_touch.xdc, line 9).
---------------------------------------------------------------------------------
Finished applying 'set_property' XDC Constraints : Time (s): cpu = 00:00:23 ; elapsed = 00:00:26 . Memory (MB): peak = 3194.250 ; gain = 493.289 ; free physical = 3881 ; free virtual = 8809
---------------------------------------------------------------------------------
---------------------------------------------------------------------------------
Finished RTL Optimization Phase 2 : Time (s): cpu = 00:00:24 ; elapsed = 00:00:26 . Memory (MB): peak = 3194.250 ; gain = 493.289 ; free physical = 3867 ; free virtual = 8798
---------------------------------------------------------------------------------
---------------------------------------------------------------------------------
Start RTL Component Statistics 
---------------------------------------------------------------------------------
Detailed RTL Component Info : 
+---Adders : 
	   2 Input    6 Bit       Adders := 1     
+---Registers : 
	                6 Bit    Registers := 1     
	                3 Bit    Registers := 3     
	                1 Bit    Registers := 8     
+---Muxes : 
	   2 Input    6 Bit        Muxes := 1     
	   2 Input    1 Bit        Muxes := 1     
---------------------------------------------------------------------------------
Finished RTL Component Statistics 
---------------------------------------------------------------------------------
---------------------------------------------------------------------------------
Start Part Resource Summary
---------------------------------------------------------------------------------
Part Resources:
DSPs: 3936 (col length:164)
BRAMs: 1934 (col length: RAMB18 168 RAMB36 84)
---------------------------------------------------------------------------------
Finished Part Resource Summary
---------------------------------------------------------------------------------
---------------------------------------------------------------------------------
Start Cross Boundary and Area Optimization
---------------------------------------------------------------------------------
WARNING: [Synth 8-7080] Parallel synthesis criteria is not met
WARNING: [Synth 8-3332] Sequential element (EXT_LPF/ACTIVE_LOW_EXT.ACT_LO_EXT/GENERATE_LEVEL_P_S_CDC.SINGLE_BIT.CROSS_PLEVEL_IN2SCNDRY_s_level_out_d5) is unused and will be removed from module proc_sys_reset.
WARNING: [Synth 8-3332] Sequential element (EXT_LPF/ACTIVE_LOW_EXT.ACT_LO_EXT/GENERATE_LEVEL_P_S_CDC.SINGLE_BIT.CROSS_PLEVEL_IN2SCNDRY_s_level_out_d6) is unused and will be removed from module proc_sys_reset.
WARNING: [Synth 8-3332] Sequential element (EXT_LPF/ACTIVE_LOW_AUX.ACT_LO_AUX/GENERATE_LEVEL_P_S_CDC.SINGLE_BIT.CROSS_PLEVEL_IN2SCNDRY_s_level_out_d5) is unused and will be removed from module proc_sys_reset.
WARNING: [Synth 8-3332] Sequential element (EXT_LPF/ACTIVE_LOW_AUX.ACT_LO_AUX/GENERATE_LEVEL_P_S_CDC.SINGLE_BIT.CROSS_PLEVEL_IN2SCNDRY_s_level_out_d6) is unused and will be removed from module proc_sys_reset.
---------------------------------------------------------------------------------
Finished Cross Boundary and Area Optimization : Time (s): cpu = 00:00:25 ; elapsed = 00:00:28 . Memory (MB): peak = 3194.250 ; gain = 493.289 ; free physical = 3887 ; free virtual = 8836
---------------------------------------------------------------------------------
---------------------------------------------------------------------------------
Start Applying XDC Timing Constraints
---------------------------------------------------------------------------------
---------------------------------------------------------------------------------
Finished Applying XDC Timing Constraints : Time (s): cpu = 00:00:52 ; elapsed = 00:00:58 . Memory (MB): peak = 3858.477 ; gain = 1157.516 ; free physical = 399 ; free virtual = 5487
---------------------------------------------------------------------------------
---------------------------------------------------------------------------------
Start Timing Optimization
---------------------------------------------------------------------------------
---------------------------------------------------------------------------------
Finished Timing Optimization : Time (s): cpu = 00:00:52 ; elapsed = 00:00:58 . Memory (MB): peak = 3858.477 ; gain = 1157.516 ; free physical = 410 ; free virtual = 5487
---------------------------------------------------------------------------------
---------------------------------------------------------------------------------
Start Technology Mapping
---------------------------------------------------------------------------------
INFO: [Synth 8-5816] Retiming module `proc_sys_reset`
   Worst Slack before retiming is 1369 and worst slack after retiming is 1369
   Numbers of local forward move = 0, and local backward move = 0


INFO: [Synth 8-5816] Retiming module `proc_sys_reset' done


INFO: [Synth 8-5816] Retiming module `design_1_rst_versal_cips_0_295M_0`
   Worst Slack before retiming is 1369 and worst slack after retiming is 1369
   Numbers of local forward move = 0, and local backward move = 0


INFO: [Synth 8-5816] Retiming module `design_1_rst_versal_cips_0_295M_0' done


---------------------------------------------------------------------------------
Finished Technology Mapping : Time (s): cpu = 00:00:52 ; elapsed = 00:00:59 . Memory (MB): peak = 3886.523 ; gain = 1185.562 ; free physical = 442 ; free virtual = 5464
---------------------------------------------------------------------------------
---------------------------------------------------------------------------------
Start IO Insertion
---------------------------------------------------------------------------------
---------------------------------------------------------------------------------
Start Flattening Before IO Insertion
---------------------------------------------------------------------------------
---------------------------------------------------------------------------------
Finished Flattening Before IO Insertion
---------------------------------------------------------------------------------
---------------------------------------------------------------------------------
Start Final Netlist Cleanup
---------------------------------------------------------------------------------
---------------------------------------------------------------------------------
Finished Final Netlist Cleanup
---------------------------------------------------------------------------------
---------------------------------------------------------------------------------
Finished IO Insertion : Time (s): cpu = 00:00:56 ; elapsed = 00:01:02 . Memory (MB): peak = 3886.523 ; gain = 1185.562 ; free physical = 411 ; free virtual = 4931
---------------------------------------------------------------------------------
---------------------------------------------------------------------------------
Start Renaming Generated Instances
---------------------------------------------------------------------------------
---------------------------------------------------------------------------------
Finished Renaming Generated Instances : Time (s): cpu = 00:00:56 ; elapsed = 00:01:02 . Memory (MB): peak = 3886.523 ; gain = 1185.562 ; free physical = 411 ; free virtual = 4931
---------------------------------------------------------------------------------
---------------------------------------------------------------------------------
Start Rebuilding User Hierarchy
---------------------------------------------------------------------------------
---------------------------------------------------------------------------------
Finished Rebuilding User Hierarchy : Time (s): cpu = 00:00:56 ; elapsed = 00:01:02 . Memory (MB): peak = 3886.523 ; gain = 1185.562 ; free physical = 411 ; free virtual = 4931
---------------------------------------------------------------------------------
---------------------------------------------------------------------------------
Start Renaming Generated Ports
---------------------------------------------------------------------------------
---------------------------------------------------------------------------------
Finished Renaming Generated Ports : Time (s): cpu = 00:00:56 ; elapsed = 00:01:02 . Memory (MB): peak = 3886.523 ; gain = 1185.562 ; free physical = 411 ; free virtual = 4931
---------------------------------------------------------------------------------
---------------------------------------------------------------------------------
Start Handling Custom Attributes
---------------------------------------------------------------------------------
---------------------------------------------------------------------------------
Finished Handling Custom Attributes : Time (s): cpu = 00:00:56 ; elapsed = 00:01:02 . Memory (MB): peak = 3886.523 ; gain = 1185.562 ; free physical = 411 ; free virtual = 4931
---------------------------------------------------------------------------------
---------------------------------------------------------------------------------
Start Renaming Generated Nets
---------------------------------------------------------------------------------
---------------------------------------------------------------------------------
Finished Renaming Generated Nets : Time (s): cpu = 00:00:56 ; elapsed = 00:01:02 . Memory (MB): peak = 3886.523 ; gain = 1185.562 ; free physical = 411 ; free virtual = 4931
---------------------------------------------------------------------------------
---------------------------------------------------------------------------------
Start ROM, RAM, DSP, Shift Register and Retiming Reporting
---------------------------------------------------------------------------------
---------------------------------------------------------------------------------
Finished ROM, RAM, DSP, Shift Register and Retiming Reporting
---------------------------------------------------------------------------------
---------------------------------------------------------------------------------
Start Writing Synthesis Report
---------------------------------------------------------------------------------

Report BlackBoxes: 
+-+--------------+----------+
| |BlackBox name |Instances |
+-+--------------+----------+
+-+--------------+----------+

Report Cell Usage: 
+------+------+------+
|      |Cell  |Count |
+------+------+------+
|1     |LUT1  |     5|
|2     |LUT2  |     9|
|3     |LUT3  |     1|
|4     |LUT4  |     6|
|5     |LUT5  |     3|
|6     |LUT6  |     1|
|7     |SRL16 |     1|
|8     |FDR   |     8|
|9     |FDRE  |    28|
|10    |FDSE  |     4|
+------+------+------+
---------------------------------------------------------------------------------
Finished Writing Synthesis Report : Time (s): cpu = 00:00:56 ; elapsed = 00:01:02 . Memory (MB): peak = 3886.523 ; gain = 1185.562 ; free physical = 411 ; free virtual = 4931
---------------------------------------------------------------------------------
Synthesis finished with 0 errors, 0 critical warnings and 5 warnings.
Synthesis Optimization Runtime : Time (s): cpu = 00:00:47 ; elapsed = 00:00:54 . Memory (MB): peak = 3886.523 ; gain = 969.852 ; free physical = 441 ; free virtual = 4961
Synthesis Optimization Complete : Time (s): cpu = 00:00:56 ; elapsed = 00:01:02 . Memory (MB): peak = 3886.531 ; gain = 1185.562 ; free physical = 441 ; free virtual = 4961
INFO: [Project 1-571] Translating synthesized netlist
Netlist sorting complete. Time (s): cpu = 00:00:00 ; elapsed = 00:00:00 . Memory (MB): peak = 3886.531 ; gain = 0.000 ; free physical = 441 ; free virtual = 4961
INFO: [Netlist 29-17] Analyzing 9 Unisim elements for replacement
INFO: [Netlist 29-28] Unisim Transformation completed in 0 CPU seconds
INFO: [Constraints 18-6359] No Clock Expansion Window constraints config file entry for device xcvc1902.  GCLK Deskew mode will be Off and cannot be enabled via GCLK_DESKEW override.
INFO: [Constraints 18-5720] The default GCLK Deskew mode is Off.
INFO: [Project 1-570] Preparing netlist for logic optimization
INFO: [Opt 31-138] Pushed 0 inverter(s) to 0 load pin(s).
Netlist sorting complete. Time (s): cpu = 00:00:00 ; elapsed = 00:00:00 . Memory (MB): peak = 3952.258 ; gain = 0.000 ; free physical = 358 ; free virtual = 4705
INFO: [Project 1-111] Unisim Transformation Summary:
  A total of 9 instances were transformed.
  FDR => FDRE: 8 instances
  SRL16 => SRL16E: 1 instance 

Synth Design complete, checksum: dda6c6e5
INFO: [Common 17-83] Releasing license: Synthesis
54 Infos, 11 Warnings, 0 Critical Warnings and 0 Errors encountered.
synth_design completed successfully
synth_design: Time (s): cpu = 00:01:13 ; elapsed = 00:01:14 . Memory (MB): peak = 3952.258 ; gain = 1259.301 ; free physical = 423 ; free virtual = 4771
INFO: [Common 17-1381] The checkpoint '/home/dewsjoe/Desktop/projects_2022.1/projects_ldg/project_3/project_3.runs/design_1_rst_versal_cips_0_295M_0_synth_1/design_1_rst_versal_cips_0_295M_0.dcp' has been generated.
INFO: [Coretcl 2-1648] Added synthesis output to IP cache for IP design_1_rst_versal_cips_0_295M_0, cache-ID = 17249409ce9c6f14
INFO: [Coretcl 2-1174] Renamed 6 cell refs.
INFO: [Common 17-1381] The checkpoint '/home/dewsjoe/Desktop/projects_2022.1/projects_ldg/project_3/project_3.runs/design_1_rst_versal_cips_0_295M_0_synth_1/design_1_rst_versal_cips_0_295M_0.dcp' has been generated.
INFO: [runtcl-4] Executing : report_utilization -file design_1_rst_versal_cips_0_295M_0_utilization_synth.rpt -pb design_1_rst_versal_cips_0_295M_0_utilization_synth.pb
INFO: [Common 17-206] Exiting Vivado at Wed Feb 12 18:30:09 2025...
