#-----------------------------------------------------------
# Vivado v2023.2 (64-bit)
# SW Build 4029153 on Fri Oct 13 20:13:54 MDT 2023
# IP Build 4028589 on Sat Oct 14 00:45:43 MDT 2023
# SharedData Build 4025554 on Tue Oct 10 17:18:54 MDT 2023
# Start of session at: Thu Oct  3 12:23:56 2024
# Process ID: 3796635
# Current directory: /home/epics/adi_2022_R2_master/hdl-master/projects/ad9081_fmca_ebz/vck190
# Command line: vivado
# Log file: /home/epics/adi_2022_R2_master/hdl-master/projects/ad9081_fmca_ebz/vck190/vivado.log
# Journal file: /home/epics/adi_2022_R2_master/hdl-master/projects/ad9081_fmca_ebz/vck190/vivado.jou
# Running On: epics-X9DAi, OS: Linux, CPU Frequency: 1712.903 MHz, CPU Physical cores: 16, Host memory: 135131 MB
#-----------------------------------------------------------
start_gui
WARNING: [Board 49-26] cannot add Board Part xilinx.com:ac701:part0:1.4 available at /home/epics/Vivado/2023.2/data/xhub/boards/XilinxBoardStore/boards/Xilinx/ac701/1.4/board.xml as part xc7a200tfbg676-2 specified in board_part file is either invalid or not available
WARNING: [Board 49-26] cannot add Board Part xilinx.com:k24c:part0:1.0 available at /home/epics/Vivado/2023.2/data/xhub/boards/XilinxBoardStore/boards/Xilinx/k24c/1.0/board.xml as part xck24-ubva530-2lv-c specified in board_part file is either invalid or not available
WARNING: [Board 49-26] cannot add Board Part xilinx.com:k24i:part0:1.0 available at /home/epics/Vivado/2023.2/data/xhub/boards/XilinxBoardStore/boards/Xilinx/k24i/1.0/board.xml as part xck24-ubva530-2lvi-i specified in board_part file is either invalid or not available
WARNING: [Board 49-26] cannot add Board Part xilinx.com:k26c:part0:1.2 available at /home/epics/Vivado/2023.2/data/xhub/boards/XilinxBoardStore/boards/Xilinx/k26c/1.2/board.xml as part xck26-sfvc784-2lv-c specified in board_part file is either invalid or not available
WARNING: [Board 49-26] cannot add Board Part xilinx.com:k26c:part0:1.3 available at /home/epics/Vivado/2023.2/data/xhub/boards/XilinxBoardStore/boards/Xilinx/k26c/1.3/board.xml as part xck26-sfvc784-2lv-c specified in board_part file is either invalid or not available
WARNING: [Board 49-26] cannot add Board Part xilinx.com:k26c:part0:1.4 available at /home/epics/Vivado/2023.2/data/xhub/boards/XilinxBoardStore/boards/Xilinx/k26c/1.4/board.xml as part xck26-sfvc784-2lv-c specified in board_part file is either invalid or not available
WARNING: [Board 49-26] cannot add Board Part xilinx.com:k26i:part0:1.2 available at /home/epics/Vivado/2023.2/data/xhub/boards/XilinxBoardStore/boards/Xilinx/k26i/1.2/board.xml as part xck26-sfvc784-2lvi-i specified in board_part file is either invalid or not available
WARNING: [Board 49-26] cannot add Board Part xilinx.com:k26i:part0:1.3 available at /home/epics/Vivado/2023.2/data/xhub/boards/XilinxBoardStore/boards/Xilinx/k26i/1.3/board.xml as part xck26-sfvc784-2lvi-i specified in board_part file is either invalid or not available
WARNING: [Board 49-26] cannot add Board Part xilinx.com:k26i:part0:1.4 available at /home/epics/Vivado/2023.2/data/xhub/boards/XilinxBoardStore/boards/Xilinx/k26i/1.4/board.xml as part xck26-sfvc784-2lvi-i specified in board_part file is either invalid or not available
WARNING: [Board 49-26] cannot add Board Part xilinx.com:kc705:part0:1.6 available at /home/epics/Vivado/2023.2/data/xhub/boards/XilinxBoardStore/boards/Xilinx/kc705/1.6/board.xml as part xc7k325tffg900-2 specified in board_part file is either invalid or not available
WARNING: [Board 49-26] cannot add Board Part xilinx.com:kcu105:part0:1.6 available at /home/epics/Vivado/2023.2/data/xhub/boards/XilinxBoardStore/boards/Xilinx/kcu105/1.6/board.xml as part xcku040-ffva1156-2-e specified in board_part file is either invalid or not available
WARNING: [Board 49-26] cannot add Board Part xilinx.com:kcu105:part0:1.7 available at /home/epics/Vivado/2023.2/data/xhub/boards/XilinxBoardStore/boards/Xilinx/kcu105/1.7/board.xml as part xcku040-ffva1156-2-e specified in board_part file is either invalid or not available
WARNING: [Board 49-26] cannot add Board Part xilinx.com:kcu116:part0:1.4 available at /home/epics/Vivado/2023.2/data/xhub/boards/XilinxBoardStore/boards/Xilinx/kcu116/1.4/board.xml as part xcku5p-ffvb676-2-e specified in board_part file is either invalid or not available
WARNING: [Board 49-26] cannot add Board Part xilinx.com:kcu116:part0:1.5 available at /home/epics/Vivado/2023.2/data/xhub/boards/XilinxBoardStore/boards/Xilinx/kcu116/1.5/board.xml as part xcku5p-ffvb676-2-e specified in board_part file is either invalid or not available
WARNING: [Board 49-26] cannot add Board Part xilinx.com:kcu1500:part0:1.2 available at /home/epics/Vivado/2023.2/data/xhub/boards/XilinxBoardStore/boards/Xilinx/kcu1500/1.2/board.xml as part xcku115-flvb2104-2-e specified in board_part file is either invalid or not available
WARNING: [Board 49-26] cannot add Board Part xilinx.com:kd240_som:part0:1.0 available at /home/epics/Vivado/2023.2/data/xhub/boards/XilinxBoardStore/boards/Xilinx/kd240_som/1.0/board.xml as part xck24-ubva530-2lv-c specified in board_part file is either invalid or not available
WARNING: [Board 49-26] cannot add Board Part xilinx.com:kr260_som:part0:1.0 available at /home/epics/Vivado/2023.2/data/xhub/boards/XilinxBoardStore/boards/Xilinx/kr260_som/1.0/board.xml as part xck26-sfvc784-2lv-c specified in board_part file is either invalid or not available
WARNING: [Board 49-26] cannot add Board Part xilinx.com:kr260_som:part0:1.1 available at /home/epics/Vivado/2023.2/data/xhub/boards/XilinxBoardStore/boards/Xilinx/kr260_som/1.1/board.xml as part xck26-sfvc784-2lv-c specified in board_part file is either invalid or not available
WARNING: [Board 49-26] cannot add Board Part xilinx.com:kv260_som:part0:1.2 available at /home/epics/Vivado/2023.2/data/xhub/boards/XilinxBoardStore/boards/Xilinx/kv260_som/1.2/board.xml as part xck26-sfvc784-2lv-c specified in board_part file is either invalid or not available
WARNING: [Board 49-26] cannot add Board Part xilinx.com:kv260_som:part0:1.3 available at /home/epics/Vivado/2023.2/data/xhub/boards/XilinxBoardStore/boards/Xilinx/kv260_som/1.3/board.xml as part xck26-sfvc784-2lv-c specified in board_part file is either invalid or not available
WARNING: [Board 49-26] cannot add Board Part xilinx.com:kv260_som:part0:1.4 available at /home/epics/Vivado/2023.2/data/xhub/boards/XilinxBoardStore/boards/Xilinx/kv260_som/1.4/board.xml as part xck26-sfvc784-2lv-c specified in board_part file is either invalid or not available
WARNING: [Board 49-26] cannot add Board Part xilinx.com:sp701:part0:1.0 available at /home/epics/Vivado/2023.2/data/xhub/boards/XilinxBoardStore/boards/Xilinx/sp701/1.0/board.xml as part xc7s100fgga676-2 specified in board_part file is either invalid or not available
WARNING: [Board 49-26] cannot add Board Part xilinx.com:sp701:part0:1.1 available at /home/epics/Vivado/2023.2/data/xhub/boards/XilinxBoardStore/boards/Xilinx/sp701/1.1/board.xml as part xc7s100fgga676-2 specified in board_part file is either invalid or not available
WARNING: [Board 49-26] cannot add Board Part xilinx.com:vc707:part0:1.4 available at /home/epics/Vivado/2023.2/data/xhub/boards/XilinxBoardStore/boards/Xilinx/vc707/1.4/board.xml as part xc7vx485tffg1761-2 specified in board_part file is either invalid or not available
WARNING: [Board 49-26] cannot add Board Part xilinx.com:vc709:part0:1.8 available at /home/epics/Vivado/2023.2/data/xhub/boards/XilinxBoardStore/boards/Xilinx/vc709/1.8/board.xml as part xc7vx690tffg1761-2 specified in board_part file is either invalid or not available
WARNING: [Board 49-26] cannot add Board Part xilinx.com:vcu108:part0:1.6 available at /home/epics/Vivado/2023.2/data/xhub/boards/XilinxBoardStore/boards/Xilinx/vcu108/1.6/board.xml as part xcvu095-ffva2104-2-e specified in board_part file is either invalid or not available
WARNING: [Board 49-26] cannot add Board Part xilinx.com:vcu108:part0:1.7 available at /home/epics/Vivado/2023.2/data/xhub/boards/XilinxBoardStore/boards/Xilinx/vcu108/1.7/board.xml as part xcvu095-ffva2104-2-e specified in board_part file is either invalid or not available
WARNING: [Board 49-26] cannot add Board Part xilinx.com:vcu110:part0:1.4 available at /home/epics/Vivado/2023.2/data/xhub/boards/XilinxBoardStore/boards/Xilinx/vcu110/1.4/board.xml as part xcvu190-flgc2104-2-e specified in board_part file is either invalid or not available
WARNING: [Board 49-26] cannot add Board Part xilinx.com:vcu118:part0:2.0 available at /home/epics/Vivado/2023.2/data/xhub/boards/XilinxBoardStore/boards/Xilinx/vcu118/2.0/board.xml as part xcvu9p-flga2104-2l-e specified in board_part file is either invalid or not available
WARNING: [Board 49-26] cannot add Board Part xilinx.com:vcu118:part0:2.3 available at /home/epics/Vivado/2023.2/data/xhub/boards/XilinxBoardStore/boards/Xilinx/vcu118/2.3/board.xml as part xcvu9p-flga2104-2l-e specified in board_part file is either invalid or not available
WARNING: [Board 49-26] cannot add Board Part xilinx.com:vcu118:part0:2.4 available at /home/epics/Vivado/2023.2/data/xhub/boards/XilinxBoardStore/boards/Xilinx/vcu118/2.4/board.xml as part xcvu9p-flga2104-2l-e specified in board_part file is either invalid or not available
WARNING: [Board 49-26] cannot add Board Part xilinx.com:vcu128:part0:1.0 available at /home/epics/Vivado/2023.2/data/xhub/boards/XilinxBoardStore/boards/Xilinx/vcu128/production/1.0/board.xml as part xcvu37p-fsvh2892-2l-e specified in board_part file is either invalid or not available
WARNING: [Board 49-26] cannot add Board Part xilinx.com:vcu129:part0:1.0 available at /home/epics/Vivado/2023.2/data/xhub/boards/XilinxBoardStore/boards/Xilinx/vcu129/production/1.0/board.xml as part xcvu29p-fsga2577-2l-e specified in board_part file is either invalid or not available
WARNING: [Board 49-26] cannot add Board Part xilinx.com:vcu1525:part0:1.3 available at /home/epics/Vivado/2023.2/data/xhub/boards/XilinxBoardStore/boards/Xilinx/vcu1525/1.3/board.xml as part xcvu9p-fsgd2104-2l-e specified in board_part file is either invalid or not available
WARNING: [Board 49-26] cannot add Board Part xilinx.com:vek280:part0:1.0 available at /home/epics/Vivado/2023.2/data/xhub/boards/XilinxBoardStore/boards/Xilinx/vek280/production/1.0/board.xml as part xcve2802-vsvh1760-2mp-e-s specified in board_part file is either invalid or not available
WARNING: [Board 49-26] cannot add Board Part xilinx.com:vek280_es:part0:1.0 available at /home/epics/Vivado/2023.2/data/xhub/boards/XilinxBoardStore/boards/Xilinx/vek280/es/rev_a/1.0/board.xml as part xcve2802-vsvh1760-2lp-e-s-es1 specified in board_part file is either invalid or not available
WARNING: [Board 49-26] cannot add Board Part xilinx.com:vek280_es:part0:1.1 available at /home/epics/Vivado/2023.2/data/xhub/boards/XilinxBoardStore/boards/Xilinx/vek280/es/rev_a/1.1/board.xml as part xcve2802-vsvh1760-2lp-e-s-es1 specified in board_part file is either invalid or not available
WARNING: [Board 49-26] cannot add Board Part xilinx.com:vek280_es_revb:part0:1.0 available at /home/epics/Vivado/2023.2/data/xhub/boards/XilinxBoardStore/boards/Xilinx/vek280/es/rev_b/1.0/board.xml as part xcve2802-vsvh1760-2mp-e-s-es1 specified in board_part file is either invalid or not available
WARNING: [Board 49-26] cannot add Board Part xilinx.com:vek280_es_revb:part0:1.1 available at /home/epics/Vivado/2023.2/data/xhub/boards/XilinxBoardStore/boards/Xilinx/vek280/es/rev_b/1.1/board.xml as part xcve2802-vsvh1760-2mp-e-s-es1 specified in board_part file is either invalid or not available
WARNING: [Board 49-26] cannot add Board Part xilinx.com:vermeo_t1_mpsoc:part0:1.0 available at /home/epics/Vivado/2023.2/data/xhub/boards/XilinxBoardStore/boards/Xilinx/vermeo_t1_mpsoc/1.0/board.xml as part xczu19eg-ffvd1760-2l-e specified in board_part file is either invalid or not available
WARNING: [Board 49-26] cannot add Board Part xilinx.com:vermeo_t1_rfsoc:part0:1.0 available at /home/epics/Vivado/2023.2/data/xhub/boards/XilinxBoardStore/boards/Xilinx/vermeo_t1_rfsoc/1.0/board.xml as part xczu21dr-ffvd1156-2l-e specified in board_part file is either invalid or not available
WARNING: [Board 49-26] cannot add Board Part xilinx.com:vhk158:part0:1.0 available at /home/epics/Vivado/2023.2/data/xhub/boards/XilinxBoardStore/boards/Xilinx/vhk158/production/1.0/board.xml as part xcvh1582-vsva3697-2mp-e-s specified in board_part file is either invalid or not available
WARNING: [Board 49-26] cannot add Board Part xilinx.com:vhk158:part0:1.1 available at /home/epics/Vivado/2023.2/data/xhub/boards/XilinxBoardStore/boards/Xilinx/vhk158/production/1.1/board.xml as part xcvh1582-vsva3697-2mp-e-s specified in board_part file is either invalid or not available
WARNING: [Board 49-26] cannot add Board Part xilinx.com:vhk158_es:part0:1.0 available at /home/epics/Vivado/2023.2/data/xhub/boards/XilinxBoardStore/boards/Xilinx/vhk158/es/1.0/board.xml as part xcvh1582-vsva3697-2mp-e-s-es1 specified in board_part file is either invalid or not available
WARNING: [Board 49-26] cannot add Board Part xilinx.com:vhk158_es:part0:1.1 available at /home/epics/Vivado/2023.2/data/xhub/boards/XilinxBoardStore/boards/Xilinx/vhk158/es/1.1/board.xml as part xcvh1582-vsva3697-2mp-e-s-es1 specified in board_part file is either invalid or not available
WARNING: [Board 49-26] cannot add Board Part xilinx.com:vmk180:part0:2.2 available at /home/epics/Vivado/2023.2/data/xhub/boards/XilinxBoardStore/boards/Xilinx/vmk180/production/2.2/board.xml as part xcvm1802-vsva2197-2mp-e-s specified in board_part file is either invalid or not available
WARNING: [Board 49-26] cannot add Board Part xilinx.com:vmk180:part0:3.0 available at /home/epics/Vivado/2023.2/data/xhub/boards/XilinxBoardStore/boards/Xilinx/vmk180/production/3.0/board.xml as part xcvm1802-vsva2197-2mp-e-s specified in board_part file is either invalid or not available
WARNING: [Board 49-26] cannot add Board Part xilinx.com:vmk180:part0:3.1 available at /home/epics/Vivado/2023.2/data/xhub/boards/XilinxBoardStore/boards/Xilinx/vmk180/production/3.1/board.xml as part xcvm1802-vsva2197-2mp-e-s specified in board_part file is either invalid or not available
WARNING: [Board 49-26] cannot add Board Part xilinx.com:vmk180:part0:3.2 available at /home/epics/Vivado/2023.2/data/xhub/boards/XilinxBoardStore/boards/Xilinx/vmk180/production/3.2/board.xml as part xcvm1802-vsva2197-2mp-e-s specified in board_part file is either invalid or not available
WARNING: [Board 49-26] cannot add Board Part xilinx.com:vmk180_newl:part0:1.0 available at /home/epics/Vivado/2023.2/data/xhub/boards/XilinxBoardStore/boards/Xilinx/vmk180_newl/production/1.0/board.xml as part xcvm1802-vsva2197-2mp-e-s specified in board_part file is either invalid or not available
WARNING: [Board 49-26] cannot add Board Part xilinx.com:vmk180_newl:part0:1.1 available at /home/epics/Vivado/2023.2/data/xhub/boards/XilinxBoardStore/boards/Xilinx/vmk180_newl/production/1.1/board.xml as part xcvm1802-vsva2197-2mp-e-s specified in board_part file is either invalid or not available
WARNING: [Board 49-26] cannot add Board Part xilinx.com:vpk120:part0:1.0 available at /home/epics/Vivado/2023.2/data/xhub/boards/XilinxBoardStore/boards/Xilinx/vpk120/production/1.0/board.xml as part xcvp1202-vsva2785-2mp-e-s specified in board_part file is either invalid or not available
WARNING: [Board 49-26] cannot add Board Part xilinx.com:vpk120:part0:1.1 available at /home/epics/Vivado/2023.2/data/xhub/boards/XilinxBoardStore/boards/Xilinx/vpk120/production/1.1/board.xml as part xcvp1202-vsva2785-2mp-e-s specified in board_part file is either invalid or not available
WARNING: [Board 49-26] cannot add Board Part xilinx.com:vpk120:part0:1.2 available at /home/epics/Vivado/2023.2/data/xhub/boards/XilinxBoardStore/boards/Xilinx/vpk120/production/1.2/board.xml as part xcvp1202-vsva2785-2mp-e-s specified in board_part file is either invalid or not available
WARNING: [Board 49-26] cannot add Board Part xilinx.com:vpk180:part0:1.0 available at /home/epics/Vivado/2023.2/data/xhub/boards/XilinxBoardStore/boards/Xilinx/vpk180/production/1.0/board.xml as part xcvp1802-lsvc4072-2mp-e-s specified in board_part file is either invalid or not available
WARNING: [Board 49-26] cannot add Board Part xilinx.com:vpk180:part0:1.1 available at /home/epics/Vivado/2023.2/data/xhub/boards/XilinxBoardStore/boards/Xilinx/vpk180/production/1.1/board.xml as part xcvp1802-lsvc4072-2mp-e-s specified in board_part file is either invalid or not available
WARNING: [Board 49-26] cannot add Board Part xilinx.com:zc702:part0:1.4 available at /home/epics/Vivado/2023.2/data/xhub/boards/XilinxBoardStore/boards/Xilinx/zc702/1.4/board.xml as part xc7z020clg484-1 specified in board_part file is either invalid or not available
WARNING: [Board 49-26] cannot add Board Part xilinx.com:zc706:part0:1.4 available at /home/epics/Vivado/2023.2/data/xhub/boards/XilinxBoardStore/boards/Xilinx/zc706/1.4/board.xml as part xc7z045ffg900-2 specified in board_part file is either invalid or not available
WARNING: [Board 49-26] cannot add Board Part xilinx.com:zcu102:part0:3.3 available at /home/epics/Vivado/2023.2/data/xhub/boards/XilinxBoardStore/boards/Xilinx/zcu102/3.3/board.xml as part xczu9eg-ffvb1156-2-e specified in board_part file is either invalid or not available
WARNING: [Board 49-26] cannot add Board Part xilinx.com:zcu102:part0:3.4 available at /home/epics/Vivado/2023.2/data/xhub/boards/XilinxBoardStore/boards/Xilinx/zcu102/3.4/board.xml as part xczu9eg-ffvb1156-2-e specified in board_part file is either invalid or not available
WARNING: [Board 49-26] cannot add Board Part xilinx.com:zcu104:part0:1.1 available at /home/epics/Vivado/2023.2/data/xhub/boards/XilinxBoardStore/boards/Xilinx/zcu104/1.1/board.xml as part xczu7ev-ffvc1156-2-e specified in board_part file is either invalid or not available
WARNING: [Board 49-26] cannot add Board Part xilinx.com:zcu106:part0:2.4 available at /home/epics/Vivado/2023.2/data/xhub/boards/XilinxBoardStore/boards/Xilinx/zcu106/2.4/board.xml as part xczu7ev-ffvc1156-2-e specified in board_part file is either invalid or not available
WARNING: [Board 49-26] cannot add Board Part xilinx.com:zcu106:part0:2.5 available at /home/epics/Vivado/2023.2/data/xhub/boards/XilinxBoardStore/boards/Xilinx/zcu106/2.5/board.xml as part xczu7ev-ffvc1156-2-e specified in board_part file is either invalid or not available
WARNING: [Board 49-26] cannot add Board Part xilinx.com:zcu106:part0:2.6 available at /home/epics/Vivado/2023.2/data/xhub/boards/XilinxBoardStore/boards/Xilinx/zcu106/2.6/board.xml as part xczu7ev-ffvc1156-2-e specified in board_part file is either invalid or not available
WARNING: [Board 49-26] cannot add Board Part xilinx.com:zcu111:part0:1.2 available at /home/epics/Vivado/2023.2/data/xhub/boards/XilinxBoardStore/boards/Xilinx/zcu111/1.2/board.xml as part xczu28dr-ffvg1517-2-e specified in board_part file is either invalid or not available
WARNING: [Board 49-26] cannot add Board Part xilinx.com:zcu111:part0:1.3 available at /home/epics/Vivado/2023.2/data/xhub/boards/XilinxBoardStore/boards/Xilinx/zcu111/1.3/board.xml as part xczu28dr-ffvg1517-2-e specified in board_part file is either invalid or not available
WARNING: [Board 49-26] cannot add Board Part xilinx.com:zcu111:part0:1.4 available at /home/epics/Vivado/2023.2/data/xhub/boards/XilinxBoardStore/boards/Xilinx/zcu111/1.4/board.xml as part xczu28dr-ffvg1517-2-e specified in board_part file is either invalid or not available
WARNING: [Board 49-26] cannot add Board Part xilinx.com:zcu1275:part0:1.0 available at /home/epics/Vivado/2023.2/data/xhub/boards/XilinxBoardStore/boards/Xilinx/zcu1275/1.0/board.xml as part xczu29dr-ffvf1760-2-e specified in board_part file is either invalid or not available
WARNING: [Board 49-26] cannot add Board Part xilinx.com:zcu1285:part0:1.0 available at /home/epics/Vivado/2023.2/data/xhub/boards/XilinxBoardStore/boards/Xilinx/zcu1285/1.0/board.xml as part xczu39dr-ffvf1760-2-i specified in board_part file is either invalid or not available
WARNING: [Board 49-26] cannot add Board Part xilinx.com:zcu208:part0:2.0 available at /home/epics/Vivado/2023.2/data/xhub/boards/XilinxBoardStore/boards/Xilinx/zcu208/production/2.0/board.xml as part xczu48dr-fsvg1517-2-e specified in board_part file is either invalid or not available
WARNING: [Board 49-26] cannot add Board Part xilinx.com:zcu208ld:part0:2.0 available at /home/epics/Vivado/2023.2/data/xhub/boards/XilinxBoardStore/boards/Xilinx/zcu208ld/production/2.0/board.xml as part xczu58dr-fsvg1517-2-i specified in board_part file is either invalid or not available
WARNING: [Board 49-26] cannot add Board Part xilinx.com:zcu216:part0:2.0 available at /home/epics/Vivado/2023.2/data/xhub/boards/XilinxBoardStore/boards/Xilinx/zcu216/production/2.0/board.xml as part xczu49dr-ffvf1760-2-e specified in board_part file is either invalid or not available
WARNING: [Board 49-26] cannot add Board Part xilinx.com:zcu216ld:part0:2.0 available at /home/epics/Vivado/2023.2/data/xhub/boards/XilinxBoardStore/boards/Xilinx/zcu216ld/production/2.0/board.xml as part xczu59dr-ffvf1760-2-i specified in board_part file is either invalid or not available
WARNING: [Board 49-26] cannot add Board Part xilinx.com:zcu670:part0:2.0 available at /home/epics/Vivado/2023.2/data/xhub/boards/XilinxBoardStore/boards/Xilinx/zcu670/2.0/board.xml as part xczu67dr-fsve1156-2-i specified in board_part file is either invalid or not available
WARNING: [Board 49-26] cannot add Board Part xilinx.com:zcu670ld:part0:1.0 available at /home/epics/Vivado/2023.2/data/xhub/boards/XilinxBoardStore/boards/Xilinx/zcu670ld/1.0/board.xml as part xczu57dr-fsve1156-2-i specified in board_part file is either invalid or not available
open_project -read_only /home/epics/adi_2022_R2_master/hdl-master/projects/ad9081_fmca_ebz/vck190/ad9081_fmca_ebz_vck190.xpr
Scanning sources...
Finished scanning sources
INFO: [IP_Flow 19-234] Refreshing IP repositories
INFO: [IP_Flow 19-1700] Loaded user IP repository '/home/epics/adi_2022_R2_master/hdl-master/library'.
INFO: [IP_Flow 19-2313] Loaded Vivado IP repository '/home/epics/Vivado/2023.2/data/ip'.
WARNING: [BD 41-1663] The design 'system.bd' cannot be modified due to following reason(s):
* Project is read-only. Please run 'save_project_as' before making any change to the bd-design. 

WARNING: [BD 41-1661] One or more IPs have been locked in the design 'system.bd'. Please run report_ip_status for more details and recommendations on how to fix this issue.
List of locked IPs:
system_upack_reset_sources_0
system_upack_rst_logic_0
system_cpack_reset_sources_0
system_rx_do_rstout_logic_0
system_axi_mxfe_tx_dma_0
system_storage_unit_1
system_i_data_offload_1
system_enable_slice_1_0
system_enable_slice_0_1
system_data_slice_1_0
system_util_reduced_logic_0_0
system_enable_slice_0_0
system_valid_slice_1_0
system_adc_tpl_core_0
system_data_slice_4_0
system_valid_slice_0_1
system_data_slice_0_0
system_tx_adapt_1_0
system_xlconcat_iloresetdone_0
system_slice_ch0_0
system_data_slice_2_0
system_valid_slice_7_1
system_rx_axi_0
system_util_reduced_logic_iloresetdone_0
system_rom_sys_0_0
system_rx_0
system_GND_1_0
system_slice_ch1_0
system_axi_gpio_0
system_util_mxfe_upack_0
system_valid_slice_0_0
system_data_slice_3_0
system_VCC_1_0
system_sys_350m_rstgen_0
system_xlconcat_0_0
system_bufg_gt_rx_0_0
system_axi_noc_0_0
system_sys_cips_0
system_valid_slice_4_0
system_data_slice_7_0
system_valid_slice_3_1
system_sys_rstgen_0
system_enable_slice_2_0
system_util_reduced_logic_cplllock_0
system_enable_slice_1_1
system_axi_sysid_0_0
system_tx_adapt_0_0
system_enable_slice_7_1
system_axi_cpu_interconnect_0
system_gt_quad_base_0_0
system_gt_bridge_ip_0_0
system_enable_slice_4_0
system_enable_slice_3_1
system_bufg_gt_tx_0_0
system_rx_adapt_0_0
system_cpack_rst_logic_0
system_valid_slice_7_0
system_valid_slice_6_1
system_xlconcat_cplllock_0
system_rx_adapt_1_0
system_valid_slice_2_0
system_data_slice_5_0
system_valid_slice_1_1
system_enable_slice_3_0
system_manual_sync_or_0
system_enable_slice_2_1
system_valid_slice_3_0
system_data_slice_6_0
system_valid_slice_2_1
system_tx_0
system_enable_slice_4_1
system_valid_slice_5_0
system_valid_slice_4_1
system_tx_device_clk_rstgen_0
system_enable_slice_6_0
system_enable_slice_5_1
system_valid_slice_6_0
system_i_data_offload_0
system_valid_slice_5_1
system_enable_slice_7_0
system_xlconcat_ch_0
system_rx_device_clk_rstgen_0
system_enable_slice_6_1
system_util_mxfe_cpack_0
system_storage_unit_0
system_axi_mxfe_rx_dma_0
system_enable_slice_5_0
system_dac_tpl_core_0
system_tx_axi_0
system_data_concat0_0

WARNING: [Project 1-229] Project 'ad9081_fmca_ebz_vck190.xpr' is read-only and therefore could not be upgraded for this version of Vivado.  Use 'File | Save Project As...' if you wish to save an upgraded copy.
open_project: Time (s): cpu = 00:00:28 ; elapsed = 00:00:21 . Memory (MB): peak = 8556.938 ; gain = 933.977 ; free physical = 68901 ; free virtual = 115327
open_bd_design {/home/epics/adi_2022_R2_master/hdl-master/projects/ad9081_fmca_ebz/vck190/ad9081_fmca_ebz_vck190.srcs/sources_1/bd/system/system.bd}
Reading block design file </home/epics/adi_2022_R2_master/hdl-master/projects/ad9081_fmca_ebz/vck190/ad9081_fmca_ebz_vck190.srcs/sources_1/bd/system/system.bd>...
Adding component instance block -- xilinx.com:ip:versal_cips:3.1 - sys_cips
Adding component instance block -- xilinx.com:ip:axi_noc:1.0 - axi_noc_0
Adding component instance block -- xilinx.com:ip:proc_sys_reset:5.0 - sys_rstgen
Adding component instance block -- xilinx.com:ip:proc_sys_reset:5.0 - sys_350m_rstgen
Adding component instance block -- xilinx.com:ip:axi_gpio:2.0 - axi_gpio
Adding component instance block -- xilinx.com:ip:smartconnect:1.0 - axi_cpu_interconnect
Adding component instance block -- xilinx.com:ip:xlconstant:1.1 - GND_1
Adding component instance block -- xilinx.com:ip:xlconstant:1.1 - VCC_1
Adding component instance block -- analog.com:user:axi_sysid:1.0 - axi_sysid_0
Adding component instance block -- analog.com:user:sysid_rom:1.0 - rom_sys_0
Adding component instance block -- xilinx.com:ip:gt_bridge_ip:1.1 - gt_bridge_ip_0
Adding component instance block -- xilinx.com:ip:gt_quad_base:1.1 - gt_quad_base_0
Adding component instance block -- xilinx.com:ip:bufg_gt:1.0 - bufg_gt_rx_0
Adding component instance block -- xilinx.com:ip:bufg_gt:1.0 - bufg_gt_tx_0
Adding component instance block -- analog.com:user:jesd204_versal_gt_adapter_rx:1.0 - rx_adapt_0
Adding component instance block -- analog.com:user:jesd204_versal_gt_adapter_rx:1.0 - rx_adapt_1
Adding component instance block -- analog.com:user:jesd204_versal_gt_adapter_tx:1.0 - tx_adapt_0
Adding component instance block -- analog.com:user:jesd204_versal_gt_adapter_tx:1.0 - tx_adapt_1
Adding component instance block -- xilinx.com:ip:xlconcat:2.1 - xlconcat_0
Adding component instance block -- xilinx.com:ip:util_reduced_logic:2.0 - util_reduced_logic_0
Adding component instance block -- xilinx.com:ip:xlconcat:2.1 - xlconcat_iloresetdone
Adding component instance block -- xilinx.com:ip:util_reduced_logic:2.0 - util_reduced_logic_iloresetdone
Adding component instance block -- xilinx.com:ip:xlconcat:2.1 - xlconcat_cplllock
Adding component instance block -- xilinx.com:ip:util_reduced_logic:2.0 - util_reduced_logic_cplllock
Adding component instance block -- xilinx.com:ip:xlconcat:2.1 - xlconcat_ch
Adding component instance block -- xilinx.com:ip:xlslice:1.0 - slice_ch0
Adding component instance block -- xilinx.com:ip:xlslice:1.0 - slice_ch1
Adding component instance block -- xilinx.com:ip:proc_sys_reset:5.0 - rx_device_clk_rstgen
Adding component instance block -- analog.com:user:axi_jesd204_rx:1.0 - rx_axi
Adding component instance block -- analog.com:user:jesd204_rx:1.0 - rx
Adding component instance block -- analog.com:user:ad_ip_jesd204_tpl_adc:1.0 - adc_tpl_core
Adding component instance block -- xilinx.com:ip:xlslice:1.0 - data_slice_0
Adding component instance block -- xilinx.com:ip:xlslice:1.0 - enable_slice_0
Adding component instance block -- xilinx.com:ip:xlslice:1.0 - valid_slice_0
Adding component instance block -- xilinx.com:ip:xlslice:1.0 - data_slice_1
Adding component instance block -- xilinx.com:ip:xlslice:1.0 - enable_slice_1
Adding component instance block -- xilinx.com:ip:xlslice:1.0 - valid_slice_1
Adding component instance block -- xilinx.com:ip:xlslice:1.0 - data_slice_2
Adding component instance block -- xilinx.com:ip:xlslice:1.0 - enable_slice_2
Adding component instance block -- xilinx.com:ip:xlslice:1.0 - valid_slice_2
Adding component instance block -- xilinx.com:ip:xlslice:1.0 - data_slice_3
Adding component instance block -- xilinx.com:ip:xlslice:1.0 - enable_slice_3
Adding component instance block -- xilinx.com:ip:xlslice:1.0 - valid_slice_3
Adding component instance block -- xilinx.com:ip:xlslice:1.0 - data_slice_4
Adding component instance block -- xilinx.com:ip:xlslice:1.0 - enable_slice_4
Adding component instance block -- xilinx.com:ip:xlslice:1.0 - valid_slice_4
Adding component instance block -- xilinx.com:ip:xlslice:1.0 - data_slice_5
Adding component instance block -- xilinx.com:ip:xlslice:1.0 - enable_slice_5
Adding component instance block -- xilinx.com:ip:xlslice:1.0 - valid_slice_5
Adding component instance block -- xilinx.com:ip:xlslice:1.0 - data_slice_6
Adding component instance block -- xilinx.com:ip:xlslice:1.0 - enable_slice_6
Adding component instance block -- xilinx.com:ip:xlslice:1.0 - valid_slice_6
Adding component instance block -- xilinx.com:ip:xlslice:1.0 - data_slice_7
Adding component instance block -- xilinx.com:ip:xlslice:1.0 - enable_slice_7
Adding component instance block -- xilinx.com:ip:xlslice:1.0 - valid_slice_7
Adding component instance block -- analog.com:user:util_cpack2:1.0 - util_mxfe_cpack
Adding component instance block -- analog.com:user:data_offload:1.0 - i_data_offload
Adding component instance block -- analog.com:user:util_do_ram:1.0 - storage_unit
Adding component instance block -- analog.com:user:axi_dmac:1.0 - axi_mxfe_rx_dma
Adding component instance block -- xilinx.com:ip:proc_sys_reset:5.0 - tx_device_clk_rstgen
Adding component instance block -- analog.com:user:axi_jesd204_tx:1.0 - tx_axi
Adding component instance block -- analog.com:user:jesd204_tx:1.0 - tx
Adding component instance block -- analog.com:user:ad_ip_jesd204_tpl_dac:1.0 - dac_tpl_core
Adding component instance block -- xilinx.com:ip:xlconcat:2.1 - data_concat0
Adding component instance block -- xilinx.com:ip:xlslice:1.0 - enable_slice_0
Adding component instance block -- xilinx.com:ip:xlslice:1.0 - valid_slice_0
Adding component instance block -- xilinx.com:ip:xlslice:1.0 - enable_slice_1
Adding component instance block -- xilinx.com:ip:xlslice:1.0 - valid_slice_1
Adding component instance block -- xilinx.com:ip:xlslice:1.0 - enable_slice_2
Adding component instance block -- xilinx.com:ip:xlslice:1.0 - valid_slice_2
Adding component instance block -- xilinx.com:ip:xlslice:1.0 - enable_slice_3
Adding component instance block -- xilinx.com:ip:xlslice:1.0 - valid_slice_3
Adding component instance block -- xilinx.com:ip:xlslice:1.0 - enable_slice_4
Adding component instance block -- xilinx.com:ip:xlslice:1.0 - valid_slice_4
Adding component instance block -- xilinx.com:ip:xlslice:1.0 - enable_slice_5
Adding component instance block -- xilinx.com:ip:xlslice:1.0 - valid_slice_5
Adding component instance block -- xilinx.com:ip:xlslice:1.0 - enable_slice_6
Adding component instance block -- xilinx.com:ip:xlslice:1.0 - valid_slice_6
Adding component instance block -- xilinx.com:ip:xlslice:1.0 - enable_slice_7
Adding component instance block -- xilinx.com:ip:xlslice:1.0 - valid_slice_7
Adding component instance block -- analog.com:user:util_upack2:1.0 - util_mxfe_upack
Adding component instance block -- analog.com:user:data_offload:1.0 - i_data_offload
Adding component instance block -- analog.com:user:util_do_ram:1.0 - storage_unit
Adding component instance block -- analog.com:user:axi_dmac:1.0 - axi_mxfe_tx_dma
Adding component instance block -- xilinx.com:ip:util_vector_logic:2.0 - manual_sync_or
Adding component instance block -- xilinx.com:ip:util_reduced_logic:2.0 - cpack_rst_logic
Adding component instance block -- xilinx.com:ip:util_vector_logic:2.0 - rx_do_rstout_logic
Adding component instance block -- xilinx.com:ip:xlconcat:2.1 - cpack_reset_sources
Adding component instance block -- xilinx.com:ip:util_reduced_logic:2.0 - upack_rst_logic
Adding component instance block -- xilinx.com:ip:xlconcat:2.1 - upack_reset_sources
Excluding slave segment /axi_noc_0/S06_AXI/C0_DDR_LOW1 from address space /axi_mxfe_rx_dma/m_dest_axi.
Excluding slave segment /axi_noc_0/S07_AXI/C0_DDR_LOW1 from address space /axi_mxfe_tx_dma/m_src_axi.
Successfully read diagram <system> from block design file </home/epics/adi_2022_R2_master/hdl-master/projects/ad9081_fmca_ebz/vck190/ad9081_fmca_ebz_vck190.srcs/sources_1/bd/system/system.bd>
WARNING: [BD 41-705] Could not load assignment of slave segment '/pspmc_0/ADMA_CH0/psv_adma_0' into address space '/pspmc_0/psv_cortexa72_0'
WARNING: [BD 41-705] Could not load assignment of slave segment '/pspmc_0/ADMA_CH1/psv_adma_1' into address space '/pspmc_0/psv_cortexa72_0'
WARNING: [BD 41-705] Could not load assignment of slave segment '/pspmc_0/ADMA_CH2/psv_adma_2' into address space '/pspmc_0/psv_cortexa72_0'
WARNING: [BD 41-705] Could not load assignment of slave segment '/pspmc_0/ADMA_CH3/psv_adma_3' into address space '/pspmc_0/psv_cortexa72_0'
WARNING: [BD 41-705] Could not load assignment of slave segment '/pspmc_0/ADMA_CH4/psv_adma_4' into address space '/pspmc_0/psv_cortexa72_0'
WARNING: [BD 41-705] Could not load assignment of slave segment '/pspmc_0/ADMA_CH5/psv_adma_5' into address space '/pspmc_0/psv_cortexa72_0'
WARNING: [BD 41-705] Could not load assignment of slave segment '/pspmc_0/ADMA_CH6/psv_adma_6' into address space '/pspmc_0/psv_cortexa72_0'
WARNING: [BD 41-705] Could not load assignment of slave segment '/pspmc_0/ADMA_CH7/psv_adma_7' into address space '/pspmc_0/psv_cortexa72_0'
WARNING: [BD 41-705] Could not load assignment of slave segment '/pspmc_0/AES_INT/psv_pmc_aes' into address space '/pspmc_0/psv_cortexa72_0'
WARNING: [BD 41-705] Could not load assignment of slave segment '/pspmc_0/APU_GIC/psv_acpu_gic' into address space '/pspmc_0/psv_cortexa72_0'
WARNING: [BD 41-705] Could not load assignment of slave segment '/pspmc_0/BBRAM_CTRL_INT/psv_pmc_bbram_ctrl' into address space '/pspmc_0/psv_cortexa72_0'
WARNING: [BD 41-705] Could not load assignment of slave segment '/pspmc_0/CANFD1/psv_canfd_1' into address space '/pspmc_0/psv_cortexa72_0'
WARNING: [BD 41-705] Could not load assignment of slave segment '/pspmc_0/CFRAME0_REG_INT/psv_pmc_cfi_cframe_0' into address space '/pspmc_0/psv_cortexa72_0'
WARNING: [BD 41-705] Could not load assignment of slave segment '/pspmc_0/CFU_APB_INT/psv_pmc_cfu_apb_0' into address space '/pspmc_0/psv_cortexa72_0'
WARNING: [BD 41-705] Could not load assignment of slave segment '/pspmc_0/CPM/psv_cpm' into address space '/pspmc_0/psv_cortexa72_0'
WARNING: [BD 41-705] Could not load assignment of slave segment '/pspmc_0/CRF/psv_crf_0' into address space '/pspmc_0/psv_cortexa72_0'
WARNING: [BD 41-705] Could not load assignment of slave segment '/pspmc_0/CRL/psv_crl_0' into address space '/pspmc_0/psv_cortexa72_0'
WARNING: [BD 41-705] Could not load assignment of slave segment '/pspmc_0/CRP_INT/psv_crp_0' into address space '/pspmc_0/psv_cortexa72_0'
WARNING: [BD 41-705] Could not load assignment of slave segment '/pspmc_0/CoreSight_FPD_ATM_INT/psv_coresight_fpd_atm' into address space '/pspmc_0/psv_cortexa72_0'
WARNING: [BD 41-705] Could not load assignment of slave segment '/pspmc_0/CoreSight_FPD_STM_INT/psv_coresight_fpd_stm' into address space '/pspmc_0/psv_cortexa72_0'
WARNING: [BD 41-705] Could not load assignment of slave segment '/pspmc_0/CoreSight_LPD_ATM_INT/psv_coresight_lpd_atm' into address space '/pspmc_0/psv_cortexa72_0'
WARNING: [BD 41-705] Could not load assignment of slave segment '/pspmc_0/CoreSight_PMC_ROM_INT/psv_coresight_0' into address space '/pspmc_0/psv_cortexa72_0'
WARNING: [BD 41-705] Could not load assignment of slave segment '/pspmc_0/ECDSA_RSA_INT/psv_pmc_rsa' into address space '/pspmc_0/psv_cortexa72_0'
WARNING: [BD 41-705] Could not load assignment of slave segment '/pspmc_0/EFUSE_CACHE_INT/psv_pmc_efuse_cache' into address space '/pspmc_0/psv_cortexa72_0'
WARNING: [BD 41-705] Could not load assignment of slave segment '/pspmc_0/EFUSE_CTRL_INT/psv_pmc_efuse_ctrl' into address space '/pspmc_0/psv_cortexa72_0'
WARNING: [BD 41-705] Could not load assignment of slave segment '/pspmc_0/FPD_AFIFM0/psv_fpd_afi_0' into address space '/pspmc_0/psv_cortexa72_0'
WARNING: [BD 41-705] Could not load assignment of slave segment '/pspmc_0/FPD_AFIFM2/psv_fpd_afi_2' into address space '/pspmc_0/psv_cortexa72_0'
WARNING: [BD 41-705] Could not load assignment of slave segment '/pspmc_0/FPD_APU/psv_apu_0' into address space '/pspmc_0/psv_cortexa72_0'
WARNING: [BD 41-705] Could not load assignment of slave segment '/pspmc_0/FPD_GPCCI/psv_fpd_cci_0' into address space '/pspmc_0/psv_cortexa72_0'
WARNING: [BD 41-705] Could not load assignment of slave segment '/pspmc_0/FPD_GPV/psv_fpd_gpv_0' into address space '/pspmc_0/psv_cortexa72_0'
WARNING: [BD 41-705] Could not load assignment of slave segment '/pspmc_0/FPD_MAINCCI/psv_fpd_maincci_0' into address space '/pspmc_0/psv_cortexa72_0'
WARNING: [BD 41-705] Could not load assignment of slave segment '/pspmc_0/FPD_SLAVE_XMPU/psv_fpd_slave_xmpu_0' into address space '/pspmc_0/psv_cortexa72_0'
WARNING: [BD 41-705] Could not load assignment of slave segment '/pspmc_0/FPD_SLCR_SECURE/psv_fpd_slcr_secure_0' into address space '/pspmc_0/psv_cortexa72_0'
WARNING: [BD 41-705] Could not load assignment of slave segment '/pspmc_0/FPD_SLCR/psv_fpd_slcr_0' into address space '/pspmc_0/psv_cortexa72_0'
WARNING: [BD 41-705] Could not load assignment of slave segment '/pspmc_0/FPD_SMMUTCU/psv_fpd_smmutcu_0' into address space '/pspmc_0/psv_cortexa72_0'
WARNING: [BD 41-705] Could not load assignment of slave segment '/pspmc_0/FPD_SMMU/psv_fpd_smmu_0' into address space '/pspmc_0/psv_cortexa72_0'
WARNING: [BD 41-705] Could not load assignment of slave segment '/pspmc_0/GEM0/psv_ethernet_0' into address space '/pspmc_0/psv_cortexa72_0'
WARNING: [BD 41-705] Could not load assignment of slave segment '/pspmc_0/GEM1/psv_ethernet_1' into address space '/pspmc_0/psv_cortexa72_0'
WARNING: [BD 41-705] Could not load assignment of slave segment '/pspmc_0/IOU_SCNTRS/psv_scntrs_0' into address space '/pspmc_0/psv_cortexa72_0'
WARNING: [BD 41-705] Could not load assignment of slave segment '/pspmc_0/IOU_SCNTR/psv_scntr_0' into address space '/pspmc_0/psv_cortexa72_0'
WARNING: [BD 41-705] Could not load assignment of slave segment '/pspmc_0/IPI_0/psv_ipi_0' into address space '/pspmc_0/psv_cortexa72_0'
WARNING: [BD 41-705] Could not load assignment of slave segment '/pspmc_0/IPI_1/psv_ipi_1' into address space '/pspmc_0/psv_cortexa72_0'
WARNING: [BD 41-705] Could not load assignment of slave segment '/pspmc_0/IPI_2/psv_ipi_2' into address space '/pspmc_0/psv_cortexa72_0'
WARNING: [BD 41-705] Could not load assignment of slave segment '/pspmc_0/IPI_3/psv_ipi_3' into address space '/pspmc_0/psv_cortexa72_0'
WARNING: [BD 41-705] Could not load assignment of slave segment '/pspmc_0/IPI_4/psv_ipi_4' into address space '/pspmc_0/psv_cortexa72_0'
WARNING: [BD 41-705] Could not load assignment of slave segment '/pspmc_0/IPI_5/psv_ipi_5' into address space '/pspmc_0/psv_cortexa72_0'
WARNING: [BD 41-705] Could not load assignment of slave segment '/pspmc_0/IPI_6/psv_ipi_6' into address space '/pspmc_0/psv_cortexa72_0'
WARNING: [BD 41-705] Could not load assignment of slave segment '/pspmc_0/LPD_AFIFM4/psv_lpd_afi_0' into address space '/pspmc_0/psv_cortexa72_0'
WARNING: [BD 41-705] Could not load assignment of slave segment '/pspmc_0/LPD_IOU_SECURE_SLCR/psv_lpd_iou_secure_slcr_0' into address space '/pspmc_0/psv_cortexa72_0'
WARNING: [BD 41-705] Could not load assignment of slave segment '/pspmc_0/LPD_IOU_SLCR/psv_lpd_iou_slcr_0' into address space '/pspmc_0/psv_cortexa72_0'
WARNING: [BD 41-705] Could not load assignment of slave segment '/pspmc_0/LPD_SLCR_SECURE/psv_lpd_slcr_secure_0' into address space '/pspmc_0/psv_cortexa72_0'
WARNING: [BD 41-705] Could not load assignment of slave segment '/pspmc_0/LPD_SLCR/psv_lpd_slcr_0' into address space '/pspmc_0/psv_cortexa72_0'
WARNING: [BD 41-705] Could not load assignment of slave segment '/pspmc_0/LPD_XPPU/psv_lpd_xppu_0' into address space '/pspmc_0/psv_cortexa72_0'
WARNING: [BD 41-705] Could not load assignment of slave segment '/pspmc_0/OCM_MEM/psv_ocm_ram_0' into address space '/pspmc_0/psv_cortexa72_0'
WARNING: [BD 41-705] Could not load assignment of slave segment '/pspmc_0/OCM_XMPU/psv_ocm_xmpu_0' into address space '/pspmc_0/psv_cortexa72_0'
WARNING: [BD 41-705] Could not load assignment of slave segment '/pspmc_0/OCM/psv_ocm_ctrl' into address space '/pspmc_0/psv_cortexa72_0'
WARNING: [BD 41-705] Could not load assignment of slave segment '/pspmc_0/OSPI_QSPI_FLASH/psv_pmc_qspi_ospi_flash_0' into address space '/pspmc_0/psv_cortexa72_0'
WARNING: [BD 41-705] Could not load assignment of slave segment '/pspmc_0/PMC_DMA0_INT/psv_pmc_dma_0' into address space '/pspmc_0/psv_cortexa72_0'
WARNING: [BD 41-705] Could not load assignment of slave segment '/pspmc_0/PMC_DMA1_INT/psv_pmc_dma_1' into address space '/pspmc_0/psv_cortexa72_0'
WARNING: [BD 41-705] Could not load assignment of slave segment '/pspmc_0/PMC_GLOBAL_INT/psv_pmc_global_0' into address space '/pspmc_0/psv_cortexa72_0'
WARNING: [BD 41-705] Could not load assignment of slave segment '/pspmc_0/PMC_GPIO_INT/psv_pmc_gpio_0' into address space '/pspmc_0/psv_cortexa72_0'
WARNING: [BD 41-705] Could not load assignment of slave segment '/pspmc_0/PMC_I2C_INT/psv_pmc_i2c_0' into address space '/pspmc_0/psv_cortexa72_0'
WARNING: [BD 41-705] Could not load assignment of slave segment '/pspmc_0/PMC_IPI/psv_ipi_pmc' into address space '/pspmc_0/psv_cortexa72_0'
WARNING: [BD 41-705] Could not load assignment of slave segment '/pspmc_0/PMC_NOBUF/psv_ipi_pmc_nobuf' into address space '/pspmc_0/psv_cortexa72_0'
WARNING: [BD 41-705] Could not load assignment of slave segment '/pspmc_0/PMC_RAM_INT/psv_pmc_ram' into address space '/pspmc_0/psv_cortexa72_0'
WARNING: [BD 41-705] Could not load assignment of slave segment '/pspmc_0/PMC_RAM_NPI_INT/psv_pmc_ram_npi' into address space '/pspmc_0/psv_cortexa72_0'
WARNING: [BD 41-705] Could not load assignment of slave segment '/pspmc_0/PMC_SYSMON_INT/psv_pmc_sysmon_0' into address space '/pspmc_0/psv_cortexa72_0'
WARNING: [BD 41-705] Could not load assignment of slave segment '/pspmc_0/PMC_XMPU_INT/psv_pmc_xmpu_0' into address space '/pspmc_0/psv_cortexa72_0'
WARNING: [BD 41-705] Could not load assignment of slave segment '/pspmc_0/PMC_XPPU_INT/psv_pmc_xppu_0' into address space '/pspmc_0/psv_cortexa72_0'
WARNING: [BD 41-705] Could not load assignment of slave segment '/pspmc_0/PMC_XPPU_NPI_INT/psv_pmc_xppu_npi_0' into address space '/pspmc_0/psv_cortexa72_0'
WARNING: [BD 41-705] Could not load assignment of slave segment '/pspmc_0/PPU1_MDM_HSD_INT/psv_pmc_ppu1_mdm_0' into address space '/pspmc_0/psv_cortexa72_0'
WARNING: [BD 41-705] Could not load assignment of slave segment '/pspmc_0/PSM_GLOBAL_REG/psv_psm_global_reg' into address space '/pspmc_0/psv_cortexa72_0'
WARNING: [BD 41-705] Could not load assignment of slave segment '/pspmc_0/PSM_IPI/psv_ipi_psm' into address space '/pspmc_0/psv_cortexa72_0'
WARNING: [BD 41-705] Could not load assignment of slave segment '/pspmc_0/PSV_PMC_TRNG_INT/psv_pmc_trng' into address space '/pspmc_0/psv_cortexa72_0'
WARNING: [BD 41-705] Could not load assignment of slave segment '/pspmc_0/PS_I2C1/psv_i2c_1' into address space '/pspmc_0/psv_cortexa72_0'
WARNING: [BD 41-705] Could not load assignment of slave segment '/pspmc_0/QSPI_INT/psv_pmc_qspi_0' into address space '/pspmc_0/psv_cortexa72_0'
WARNING: [BD 41-705] Could not load assignment of slave segment '/pspmc_0/R5_ TCM_GLOBAL/psv_r5_tcm_ram_global' into address space '/pspmc_0/psv_cortexa72_0'
WARNING: [BD 41-705] Could not load assignment of slave segment '/pspmc_0/R5_1 ATCM/psv_r5_1_atcm_global' into address space '/pspmc_0/psv_cortexa72_0'
WARNING: [BD 41-705] Could not load assignment of slave segment '/pspmc_0/R5_1 BTCM/psv_r5_1_btcm_global' into address space '/pspmc_0/psv_cortexa72_0'
WARNING: [BD 41-705] Could not load assignment of slave segment '/pspmc_0/RPU_GIC/psv_rcpu_gic' into address space '/pspmc_0/psv_cortexa72_0'
WARNING: [BD 41-705] Could not load assignment of slave segment '/pspmc_0/RPU/psv_rpu_0' into address space '/pspmc_0/psv_cortexa72_0'
WARNING: [BD 41-705] Could not load assignment of slave segment '/pspmc_0/RTC_INT/psv_pmc_rtc_0' into address space '/pspmc_0/psv_cortexa72_0'
WARNING: [BD 41-705] Could not load assignment of slave segment '/pspmc_0/SD1_INT/psv_pmc_sd_1' into address space '/pspmc_0/psv_cortexa72_0'
WARNING: [BD 41-705] Could not load assignment of slave segment '/pspmc_0/SHA3_INT/psv_pmc_sha' into address space '/pspmc_0/psv_cortexa72_0'
WARNING: [BD 41-705] Could not load assignment of slave segment '/pspmc_0/SPI0/psv_spi_0' into address space '/pspmc_0/psv_cortexa72_0'
WARNING: [BD 41-705] Could not load assignment of slave segment '/pspmc_0/SPI1/psv_spi_1' into address space '/pspmc_0/psv_cortexa72_0'
WARNING: [BD 41-705] Could not load assignment of slave segment '/pspmc_0/UART0/psv_sbsauart_0' into address space '/pspmc_0/psv_cortexa72_0'
WARNING: [BD 41-705] Could not load assignment of slave segment '/pspmc_0/USB2_REGS/psv_usb_0' into address space '/pspmc_0/psv_cortexa72_0'
WARNING: [BD 41-705] Could not load assignment of slave segment '/pspmc_0/USB_XHCI/psv_usb_xhci_0' into address space '/pspmc_0/psv_cortexa72_0'
WARNING: [BD 41-705] Could not load assignment of slave segment '/pspmc_0/ADMA_CH0/psv_adma_0' into address space '/pspmc_0/psv_cortexa72_1'
WARNING: [BD 41-705] Could not load assignment of slave segment '/pspmc_0/ADMA_CH1/psv_adma_1' into address space '/pspmc_0/psv_cortexa72_1'
WARNING: [BD 41-705] Could not load assignment of slave segment '/pspmc_0/ADMA_CH2/psv_adma_2' into address space '/pspmc_0/psv_cortexa72_1'
WARNING: [BD 41-705] Could not load assignment of slave segment '/pspmc_0/ADMA_CH3/psv_adma_3' into address space '/pspmc_0/psv_cortexa72_1'
WARNING: [BD 41-705] Could not load assignment of slave segment '/pspmc_0/ADMA_CH4/psv_adma_4' into address space '/pspmc_0/psv_cortexa72_1'
WARNING: [BD 41-705] Could not load assignment of slave segment '/pspmc_0/ADMA_CH5/psv_adma_5' into address space '/pspmc_0/psv_cortexa72_1'
WARNING: [BD 41-705] Could not load assignment of slave segment '/pspmc_0/ADMA_CH6/psv_adma_6' into address space '/pspmc_0/psv_cortexa72_1'
WARNING: [BD 41-705] Could not load assignment of slave segment '/pspmc_0/ADMA_CH7/psv_adma_7' into address space '/pspmc_0/psv_cortexa72_1'
WARNING: [BD 41-705] Could not load assignment of slave segment '/pspmc_0/AES_INT/psv_pmc_aes' into address space '/pspmc_0/psv_cortexa72_1'
WARNING: [BD 41-705] Could not load assignment of slave segment '/pspmc_0/APU_GIC/psv_acpu_gic' into address space '/pspmc_0/psv_cortexa72_1'
WARNING: [BD 41-705] Could not load assignment of slave segment '/pspmc_0/BBRAM_CTRL_INT/psv_pmc_bbram_ctrl' into address space '/pspmc_0/psv_cortexa72_1'
INFO: [Common 17-14] Message 'BD 41-705' appears 100 times and further instances of the messages will be disabled. Use the Tcl command set_msg_config to change the current settings.
INFO: [Device 21-403] Loading part xcvc1902-vsva2197-2MP-e-S
open_bd_design: Time (s): cpu = 00:00:31 ; elapsed = 00:00:22 . Memory (MB): peak = 10090.457 ; gain = 0.000 ; free physical = 67456 ; free virtual = 113884
update_compile_order -fileset sources_1
exit
INFO: [Common 17-206] Exiting Vivado at Thu Oct  3 12:27:50 2024...
