Copyright 1986-2022 Xilinx, Inc. All Rights Reserved.
-----------------------------------------------------------------------------------------------------------------------------
| Tool Version : Vivado v.2022.1 (lin64) Build 3526262 Mon Apr 18 15:47:01 MDT 2022
| Date         : Wed Feb 12 20:27:03 2025
| Host         : dewsjoe-HP-Z440-Workstation running 64-bit Ubuntu 22.04.5 LTS
| Command      : report_utilization -file design_1_wrapper_utilization_placed.rpt -pb design_1_wrapper_utilization_placed.pb
| Design       : design_1_wrapper
| Device       : xcvc1902-vsva2197-2MP-e-S
| Speed File   : -2MP
| Design State : Fully Placed
-----------------------------------------------------------------------------------------------------------------------------

Utilization Design Information

Table of Contents
-----------------
1. Netlist Logic
2. CLB Distribution
3. BLOCKRAM
4. ARITHMETIC
5. I/O
6. CLOCK
7. NOC Interfaces
8. AI Engines
9. ADVANCED
10. Primitives
11. Black Boxes
12. Instantiated Netlists

1. Netlist Logic
----------------

+----------------------------+------+-------+------------+-----------+-------+
|          Site Type         | Used | Fixed | Prohibited | Available | Util% |
+----------------------------+------+-------+------------+-----------+-------+
| Registers                  |  953 |     0 |          0 |   1799680 |  0.05 |
|   Register as Flip Flop    |  953 |     0 |          0 |   1799680 |  0.05 |
|   Register as Latch        |    0 |     0 |          0 |   1799680 |  0.00 |
| CLB LUTs                   |  891 |     0 |          0 |    899840 |  0.10 |
|   LUT as Logic             |  879 |     0 |          0 |    899840 |  0.10 |
|   LUT as Memory            |   12 |     0 |          0 |    449920 | <0.01 |
|     LUT as Distributed RAM |    0 |     0 |            |           |       |
|     LUT as Shift Register  |   12 |     0 |            |           |       |
|       Variable Length      |    8 |     0 |            |           |       |
|       Fixed Length         |    4 |     0 |            |           |       |
| LOOKAHEAD8                 |    0 |     0 |          0 |    112480 |  0.00 |
+----------------------------+------+-------+------------+-----------+-------+


2. CLB Distribution
-------------------

+-----------------------------------------------+------+-------+------------+-----------+-------+
|                   Site Type                   | Used | Fixed | Prohibited | Available | Util% |
+-----------------------------------------------+------+-------+------------+-----------+-------+
| SLICE                                         |  259 |     0 |          0 |    112480 |  0.23 |
|   SLICEL                                      |  139 |     0 |            |           |       |
|   SLICEM                                      |  120 |     0 |            |           |       |
|      using Distributed RAM or Shift Registers |    4 |     0 |            |           |       |
| CLB LUTs                                      |  891 |     0 |          0 |    899840 |  0.10 |
|    using CASCADE                              |   44 |     0 |          0 |    899840 | <0.01 |
|   LUT as Logic                                |  879 |     0 |          0 |    899840 |  0.10 |
|     single output                             |  564 |       |            |           |       |
|     dual output                               |  315 |       |            |           |       |
|   LUT as Memory                               |   12 |     0 |          0 |    449920 | <0.01 |
|     LUT as Distributed RAM                    |    0 |     0 |            |           |       |
|     LUT as Shift Register                     |   12 |     0 |            |           |       |
|       single output                           |   12 |       |            |           |       |
|       dual output                             |    0 |       |            |           |       |
| CLB Registers                                 |  953 |     0 |          0 |   1799680 |  0.05 |
|   Register driven from within the CLB         |  437 |       |            |           |       |
|   Register driven from outside the CLB        |  516 |       |            |           |       |
|     LUT in front of the register is unused    |  430 |       |            |           |       |
|     LUT in front of the register is used      |   86 |       |            |           |       |
| CLB Imux registers                            |    0 |     0 |            |           |       |
|   Pipelining                                  |    0 |       |            |           |       |
| Unique Control Sets                           |  127 |       |          0 |    224960 |  0.06 |
+-----------------------------------------------+------+-------+------------+-----------+-------+
* * Note: Available Control Sets calculated as Slices * 2, Review the Control Sets Report for more information regarding control sets.


3. BLOCKRAM
-----------

+--------------------------+------+-------+------------+-----------+-------+
|         Site Type        | Used | Fixed | Prohibited | Available | Util% |
+--------------------------+------+-------+------------+-----------+-------+
| Block RAM Tile           |    0 |     0 |          0 |       967 |  0.00 |
|   RAMB36E5               |    0 |     0 |          0 |       967 |  0.00 |
|   RAMB18E5*              |    0 |     0 |          0 |      1934 |  0.00 |
| Block RAM Imux registers |    0 |     0 |            |           |       |
|   Pipelining             |    0 |       |            |           |       |
| URAM                     |    0 |     0 |          0 |       463 |  0.00 |
| URAM Imux registers      |    0 |     0 |            |           |       |
|   Pipelining             |    0 |       |            |           |       |
+--------------------------+------+-------+------------+-----------+-------+
* Note: Each RAMB18 is counted as 0.5 Block RAM tiles


4. ARITHMETIC
-------------

+--------------------+------+-------+------------+-----------+-------+
|      Site Type     | Used | Fixed | Prohibited | Available | Util% |
+--------------------+------+-------+------------+-----------+-------+
| DSP Slices         |    0 |     0 |          0 |      1968 |  0.00 |
|   DSP58            |    0 |     0 |            |           |       |
|   DSPCPLX          |    0 |     0 |            |           |       |
|   DSPFP32          |    0 |     0 |            |           |       |
|   DSP48E5          |    0 |     0 |            |           |       |
| DSP Imux registers |    0 |     0 |            |           |       |
|   Pipelining       |    0 |       |            |           |       |
+--------------------+------+-------+------------+-----------+-------+


5. I/O
------

+------------------------------+------+-------+------------+-----------+-------+
|           Site Type          | Used | Fixed | Prohibited | Available | Util% |
+------------------------------+------+-------+------------+-----------+-------+
| Bonded IOB                   |  118 |   118 |          0 |       692 | 17.05 |
|   XPIO IOB                   |  118 |   118 |          0 |       648 | 18.21 |
|     INPUT                    |    2 |       |            |           |       |
|     OUTPUT                   |   28 |       |            |           |       |
|     BIDIR                    |   88 |       |            |           |       |
|   HDIO IOB                   |    0 |     0 |          0 |        44 |  0.00 |
| XPHY                         |    0 |     0 |            |           |       |
| IDELAY                       |    0 |     0 |            |           |       |
| ODELAY                       |    0 |     0 |            |           |       |
| Input Registers              |    0 |     0 |            |           |       |
|   IDDR                       |    0 |     0 |            |           |       |
|   Single Data Rate Registers |    0 |     0 |            |           |       |
| Output Registers             |    0 |     0 |            |           |       |
|   ODDR                       |    0 |     0 |            |           |       |
|   Single Data Rate Registers |    0 |     0 |            |           |       |
| Output Tristate Registers    |    0 |     0 |            |           |       |
|   ODDR                       |    0 |     0 |            |           |       |
|   Single Data Rate Registers |    0 |     0 |            |           |       |
+------------------------------+------+-------+------------+-----------+-------+


6. CLOCK
--------

+-----------------------+------+-------+------------+-----------+-------+
|       Site Type       | Used | Fixed | Prohibited | Available | Util% |
+-----------------------+------+-------+------------+-----------+-------+
| GLOBAL CLOCK BUFFERs  |    2 |     0 |          0 |       980 |  0.20 |
|   BUFG_GT/MBUFG_GT    |    0 |     0 |          0 |       168 |  0.00 |
|   BUFGCE/MBUFGCE      |    1 |     0 |          0 |       296 |  0.34 |
|   BUFGCTRL/MBUFGCTRL* |    0 |     0 |          0 |        80 |  0.00 |
|   BUFGCE_DIV          |    0 |     0 |          0 |        40 |  0.00 |
|   BUFG_FABRIC         |    0 |     0 |          0 |       384 |  0.00 |
|   BUFG_PS             |    1 |     0 |          0 |        12 |  8.33 |
|   MBUFGCE_DIV         |    0 |     0 |          0 |        40 |  0.00 |
|   MBUFG_PS            |    0 |     0 |          0 |        12 |  0.00 |
| BUFDIV_LEAF           |    0 |     0 |          0 |     16800 |  0.00 |
| DPLL                  |    0 |     0 |          0 |        23 |  0.00 |
| XPLL                  |    3 |     3 |          0 |        24 | 12.50 |
| MMCM                  |    1 |     0 |          0 |        12 |  8.33 |
+-----------------------+------+-------+------------+-----------+-------+
* Note: Each used BUFGCTRL/MBUFGCTRL counts as two GLOBAL CLOCK BUFFERs. This table does not include global clocking resources, only buffer cell usage. See the Clock Utilization Report (report_clock_utilization) for detailed accounting of global clocking resource availability.


7. NOC Interfaces
-----------------

+---------------------------+------+-------+------------+-----------+-------+
|         Site Type         | Used | Fixed | Prohibited | Available | Util% |
+---------------------------+------+-------+------------+-----------+-------+
| PL NOC Master Unit        |    0 |     0 |          0 |        28 |  0.00 |
| PL NOC Slave Unit         |    0 |     0 |          0 |        28 |  0.00 |
| PS NOC Master Unit        |    8 |     0 |          0 |        10 | 80.00 |
| PS NOC Slave Unit         |    0 |     0 |          0 |         6 |  0.00 |
| AI Engine NOC Master Unit |    0 |     0 |          0 |        16 |  0.00 |
| AI Engine NOC Slave Unit  |    0 |     0 |          0 |        16 |  0.00 |
+---------------------------+------+-------+------------+-----------+-------+


8. AI Engines
-------------

+------------+------+-------+------------+-----------+-------+
|  Site Type | Used | Fixed | Prohibited | Available | Util% |
+------------+------+-------+------------+-----------+-------+
| AI Engines |    0 |     0 |          0 |       400 |  0.00 |
| PL Master  |    0 |     0 |          0 |       234 |  0.00 |
| PL Slave   |    0 |     0 |          0 |       312 |  0.00 |
| NOC Master |    0 |     0 |          0 |        16 |  0.00 |
| NOC Slave  |    0 |     0 |          0 |        16 |  0.00 |
+------------+------+-------+------------+-----------+-------+


9. ADVANCED
-----------

+--------------------+------+-------+------------+-----------+--------+
|      Site Type     | Used | Fixed | Prohibited | Available |  Util% |
+--------------------+------+-------+------------+-----------+--------+
| CPM_EXT            |    0 |     0 |          0 |         1 |   0.00 |
| CPM_MAIN           |    0 |     0 |          0 |         1 |   0.00 |
| DDRMC              |    1 |     0 |          0 |         4 |  25.00 |
| DDRMC_RIU          |    1 |     1 |          0 |         4 |  25.00 |
| GTYE5_QUAD         |    0 |     0 |          0 |        11 |   0.00 |
| MRMAC              |    0 |     0 |          0 |         4 |   0.00 |
| NPI_NIR            |    0 |     0 |          0 |         1 |   0.00 |
| OBUFDS_GTE5        |    0 |     0 |          0 |        22 |   0.00 |
| OBUFDS_GTE5_ADV    |    0 |     0 |          0 |        22 |   0.00 |
| OBUFTDS_COMP       |    0 |     0 |          0 |       324 |   0.00 |
| PCIE40E5           |    0 |     0 |          0 |         4 |   0.00 |
| PS9                |    1 |     1 |          0 |         1 | 100.00 |
| XPIPE_QUAD         |    0 |     0 |          0 |         4 |   0.00 |
| BLI Registers      |    0 |     0 |          0 |     88264 |   0.00 |
| BLI Imux Registers |    0 |     0 |            |           |        |
|   Pipelining       |    0 |     0 |            |           |        |
+--------------------+------+-------+------------+-----------+--------+


10. Primitives
--------------

+------------+------+---------------------+
|  Ref Name  | Used | Functional Category |
+------------+------+---------------------+
| FDRE       |  796 |            Register |
| LUT3       |  323 |                 CLB |
| LUT4       |  212 |                 CLB |
| LUT6       |  201 |                 CLB |
| LUT2       |  196 |                 CLB |
| LUT5       |  159 |                 CLB |
| LUT1       |  103 |                 CLB |
| FDCE       |   93 |            Register |
| IOBUF      |   72 |                 I/O |
| FDSE       |   64 |            Register |
| OBUF       |   26 |                 I/O |
| XPHY       |   23 |                 I/O |
| XPIO_VREF  |   16 |                 I/O |
| SRL16E     |   12 |                 CLB |
| NOC_NMU128 |    8 |            Advanced |
| IOBUFDS    |    8 |                 I/O |
| XPLL       |    3 |               Clock |
| PS9        |    1 |            Advanced |
| OBUFDS     |    1 |                 I/O |
| MMCME5     |    1 |               Clock |
| IBUFDS     |    1 |                 I/O |
| DDRMC_RIU  |    1 |            Advanced |
| DDRMC      |    1 |            Advanced |
| BUFG_PS    |    1 |               Clock |
| BUFGCE     |    1 |               Clock |
+------------+------+---------------------+


11. Black Boxes
---------------

+----------+------+
| Ref Name | Used |
+----------+------+


12. Instantiated Netlists
-------------------------

+-----------------------------------+------+
|              Ref Name             | Used |
+-----------------------------------+------+
| design_1_rst_versal_cips_0_295M_0 |    1 |
| design_1_clk_wizard_0_0           |    1 |
| design_1_axi_uartlite_0_0         |    1 |
| design_1_axi_smc_0                |    1 |
| design_1_axi_noc_0_0              |    1 |
| design_1_axi_gpio_1_0             |    1 |
| design_1_axi_gpio_0_0             |    1 |
| bd_8be5_MC0_ddrc_0_phy            |    1 |
+-----------------------------------+------+


