Copyright 1986-2022 Xilinx, Inc. All Rights Reserved.
----------------------------------------------------------------------------------------------------------------------------------------------------------------------
| Tool Version     : Vivado v.2022.1 (lin64) Build 3526262 Mon Apr 18 15:47:01 MDT 2022
| Date             : Wed Feb 12 11:27:18 2025
| Host             : dewsjoe-HP-Z440-Workstation running 64-bit Ubuntu 22.04.5 LTS
| Command          : report_power -file design_1_wrapper_power_routed.rpt -pb design_1_wrapper_power_summary_routed.pb -rpx design_1_wrapper_power_routed.rpx
| Design           : design_1_wrapper
| Device           : xcvc1902-vsva2197-2MP-e-S
| Design State     : routed
| Grade            : extended
| Process          : typical
| Characterization : Production
----------------------------------------------------------------------------------------------------------------------------------------------------------------------

Power Report

Table of Contents
-----------------
1. Summary
1.1 On-Chip Components
1.2 Power Supply Summary
1.3 Confidence Level
2. Settings
2.1 Environment
2.2 Clock Constraints
3. Detailed Reports
3.1 By Hierarchy

1. Summary
----------

+--------------------------+--------------+
| Total On-Chip Power (W)  | 15.923       |
| Design Power Budget (W)  | Unspecified* |
| Power Budget Margin (W)  | NA           |
| Dynamic (W)              | 1.349        |
| Device Static (W)        | 14.574       |
| Effective TJA (C/W)      | 4.7          |
| Max Ambient (C)          | 25.0         |
| Junction Temperature (C) | 100.0        |
| Confidence Level         | Medium       |
| Setting File             | ---          |
| Simulation Activity File | ---          |
| Design Nets Matched      | NA           |
+--------------------------+--------------+
* Specify Design Power Budget using, set_operating_conditions -design_power_budget <value in Watts>


1.1 On-Chip Components
----------------------

+--------------+-----------+----------+-----------+-----------------+
| On-Chip      | Power (W) | Used     | Available | Utilization (%) |
+--------------+-----------+----------+-----------+-----------------+
| Logic        |     0.000 |        4 |       --- |             --- |
|   Others     |     0.000 |        4 |       --- |             --- |
| PS9          |     1.349 |        1 |       --- |             --- |
| Static Power |    14.574 |          |           |                 |
|   PS Static  |     0.197 |          |           |                 |
|   PL Static  |    14.377 |          |           |                 |
| Total        |    15.923 |          |           |                 |
+--------------+-----------+----------+-----------+-----------------+


1.2 Power Supply Summary
------------------------

+-------------+-------------+-----------+-------------+------------+-------------+-------------+------------+
| Source      | Voltage (V) | Total (A) | Dynamic (A) | Static (A) | Powerup (A) | Budget (A)  | Margin (A) |
+-------------+-------------+-----------+-------------+------------+-------------+-------------+------------+
| Vccint      |       0.800 |    12.502 |       0.000 |     12.502 |       NA    | Unspecified | NA         |
| VCC_SOC     |       0.800 |     1.326 |       0.000 |      1.326 |       NA    | Unspecified | NA         |
| VCC_IO      |       0.800 |     0.187 |       0.000 |      0.187 |       NA    | Unspecified | NA         |
| VCCRAM      |       0.800 |     0.076 |       0.000 |      0.076 |       NA    | Unspecified | NA         |
| Vccaux      |       1.500 |     2.035 |       0.000 |      2.035 |       NA    | Unspecified | NA         |
| VCC_PMC     |       0.800 |     0.309 |       0.265 |      0.045 |       NA    | Unspecified | NA         |
| VCCO_503    |       3.300 |     0.003 |       0.000 |      0.003 |       NA    | Unspecified | NA         |
| VCCO_500    |       1.800 |     0.058 |       0.058 |      0.000 |       NA    | Unspecified | NA         |
| VCCO_501    |       1.800 |     0.000 |       0.000 |      0.000 |       NA    | Unspecified | NA         |
| VCCO_502    |       1.800 |     0.038 |       0.037 |      0.001 |       NA    | Unspecified | NA         |
| VCCAUX_PMC  |       1.500 |     0.070 |       0.068 |      0.002 |       NA    | Unspecified | NA         |
| VCCAUX_SMON |       1.500 |     0.003 |       0.000 |      0.003 |       NA    | Unspecified | NA         |
| VCC_PSLP    |       0.800 |     0.306 |       0.215 |      0.092 |       NA    | Unspecified | NA         |
| VCC_PSFP    |       0.800 |     1.018 |       0.865 |      0.153 |       NA    | Unspecified | NA         |
| Vcco33      |       3.300 |     0.000 |       0.000 |      0.000 |       NA    | Unspecified | NA         |
| Vcco25      |       2.500 |     0.000 |       0.000 |      0.000 |       NA    | Unspecified | NA         |
| Vcco18      |       1.800 |     0.000 |       0.000 |      0.000 |       NA    | Unspecified | NA         |
| Vcco15      |       1.500 |     0.000 |       0.000 |      0.000 |       NA    | Unspecified | NA         |
| Vcco135     |       1.350 |     0.000 |       0.000 |      0.000 |       NA    | Unspecified | NA         |
| Vcco12      |       1.200 |     0.000 |       0.000 |      0.000 |       NA    | Unspecified | NA         |
| Vcco11      |       1.100 |     0.000 |       0.000 |      0.000 |       NA    | Unspecified | NA         |
| Vcco10      |       1.000 |     0.000 |       0.000 |      0.000 |       NA    | Unspecified | NA         |
| VCC_FUSE    |       1.800 |     0.000 |       0.000 |      0.000 |       NA    | Unspecified | NA         |
| VCC_BATT    |       1.500 |     0.000 |       0.000 |      0.000 |       NA    | Unspecified | NA         |
| GTY_AVCCAUX |       1.500 |     0.000 |       0.000 |      0.000 |       NA    | Unspecified | NA         |
| GTY_AVCC    |       0.880 |     0.000 |       0.000 |      0.000 |       NA    | Unspecified | NA         |
| GTY_AVTT    |       1.200 |     0.000 |       0.000 |      0.000 |       NA    | Unspecified | NA         |
+-------------+-------------+-----------+-------------+------------+-------------+-------------+------------+


1.3 Confidence Level
--------------------

+-----------------------------+------------+------------------------------------------------+------------------------------------------------------------------------------------------------------------+
| User Input Data             | Confidence | Details                                        | Action                                                                                                     |
+-----------------------------+------------+------------------------------------------------+------------------------------------------------------------------------------------------------------------+
| Design implementation state | High       | Design is routed                               |                                                                                                            |
| Clock nodes activity        | High       | User specified more than 95% of clocks         |                                                                                                            |
| I/O nodes activity          | High       | User specified more than 95% of inputs         |                                                                                                            |
| Internal nodes activity     | Medium     | User specified less than 25% of internal nodes | Provide missing internal nodes activity with simulation results or by editing the "By Resource Type" views |
| Device models               | High       | Device models are Production                   |                                                                                                            |
|                             |            |                                                |                                                                                                            |
| Overall confidence level    | Medium     |                                                |                                                                                                            |
+-----------------------------+------------+------------------------------------------------+------------------------------------------------------------------------------------------------------------+


2. Settings
-----------

2.1 Environment
---------------

+------------------+------+
| Ambient Temp (C) | 25.0 |
| ThetaJA (C/W)    | 4.7  |
+------------------+------+


2.2 Clock Constraints
---------------------

+-------+--------+-----------------+
| Clock | Domain | Constraint (ns) |
+-------+--------+-----------------+


3. Detailed Reports
-------------------

3.1 By Hierarchy
----------------

+-------------------+-----------+
| Name              | Power (W) |
+-------------------+-----------+
| design_1_wrapper  |     1.349 |
|   design_1_i      |     1.349 |
|     versal_cips_0 |     1.349 |
|       U0          |     1.349 |
+-------------------+-----------+


