
*** Running vivado
    with args -log design_1_wrapper.vdi -applog -m64 -product Vivado -messageDb vivado.pb -mode batch -source design_1_wrapper.tcl -notrace


****** Vivado v2022.1 (64-bit)
  **** SW Build 3526262 on Mon Apr 18 15:47:01 MDT 2022
  **** IP Build 3524634 on Mon Apr 18 20:55:01 MDT 2022
    ** Copyright 1986-2022 Xilinx, Inc. All Rights Reserved.

source design_1_wrapper.tcl -notrace
INFO: [IP_Flow 19-234] Refreshing IP repositories
INFO: [IP_Flow 19-1704] No user IP repositories specified
INFO: [IP_Flow 19-2313] Loaded Vivado IP repository '/media/dewsjoe/Data/Vitis_2022_1/Vivado/2022.1/data/ip'.
Command: link_design -top design_1_wrapper -part xcvc1902-vsva2197-2MP-e-S
Design is defaulting to srcset: sources_1
Design is defaulting to constrset: constrs_1
INFO: [Device 21-403] Loading part xcvc1902-vsva2197-2MP-e-S
Netlist sorting complete. Time (s): cpu = 00:00:00.09 ; elapsed = 00:00:00.09 . Memory (MB): peak = 2691.988 ; gain = 0.000 ; free physical = 9072 ; free virtual = 20165
INFO: [Project 1-479] Netlist was created with Vivado 2022.1
INFO: [Constraints 18-6359] No Clock Expansion Window constraints config file entry for device xcvc1902.  GCLK Deskew mode will be Off and cannot be enabled via GCLK_DESKEW override.
INFO: [Constraints 18-5720] The default GCLK Deskew mode is Off.
INFO: [Project 1-570] Preparing netlist for logic optimization
Reading NOC Solution File '/home/dewsjoe/Desktop/projects_2022.1/projects_ldg/project_1/project_1.runs/synth_1/design_1_wrapper/design_1_wrapper.ncr'
Reading Traffic File '/home/dewsjoe/Desktop/projects_2022.1/projects_ldg/project_1/project_1.gen/sources_1/bd/design_1/nsln/design_1.nts' for cell 'design_1_i'
INFO: [Ipconfig 75-709] Read and Merge Traffic Stats:  Before Read: 0 insts (0 INI), 0 paths (0 INI). Read In: 0 insts (0 INI), 0 paths (0 INI). After Merge: 0 insts (0 INI), 0 paths (0 INI). Noc Frequency: 1000 0 error slaves
Parsing XDC File [/home/dewsjoe/Desktop/projects_2022.1/projects_ldg/project_1/project_1.gen/sources_1/bd/design_1/ip/design_1_versal_cips_0_0/bd_0/ip/ip_0/bd_70da_pspmc_0_0.xdc] for cell 'design_1_i/versal_cips_0/U0/pspmc_0/U0'
Finished Parsing XDC File [/home/dewsjoe/Desktop/projects_2022.1/projects_ldg/project_1/project_1.gen/sources_1/bd/design_1/ip/design_1_versal_cips_0_0/bd_0/ip/ip_0/bd_70da_pspmc_0_0.xdc] for cell 'design_1_i/versal_cips_0/U0/pspmc_0/U0'
Parsing XDC File [/home/dewsjoe/Desktop/projects_2022.1/projects_ldg/project_1/project_1.gen/sources_1/bd/design_1/ip/design_1_versal_cips_0_0/bd_0/ip/ip_0/pspmc_v1_2/constraints/usr_constraints.xdc] for cell 'design_1_i/versal_cips_0/U0/pspmc_0/U0'
Finished Parsing XDC File [/home/dewsjoe/Desktop/projects_2022.1/projects_ldg/project_1/project_1.gen/sources_1/bd/design_1/ip/design_1_versal_cips_0_0/bd_0/ip/ip_0/pspmc_v1_2/constraints/usr_constraints.xdc] for cell 'design_1_i/versal_cips_0/U0/pspmc_0/U0'
INFO: [Opt 31-138] Pushed 0 inverter(s) to 0 load pin(s).
Netlist sorting complete. Time (s): cpu = 00:00:00 ; elapsed = 00:00:00 . Memory (MB): peak = 3083.207 ; gain = 0.000 ; free physical = 8825 ; free virtual = 19920
INFO: [Project 1-111] Unisim Transformation Summary:
No Unisim elements were transformed.

11 Infos, 0 Warnings, 0 Critical Warnings and 0 Errors encountered.
link_design completed successfully
link_design: Time (s): cpu = 00:00:11 ; elapsed = 00:00:12 . Memory (MB): peak = 3083.207 ; gain = 391.219 ; free physical = 8852 ; free virtual = 19948
Command: opt_design
Attempting to get a license for feature 'Implementation' and/or device 'xcvc1902'
INFO: [Common 17-349] Got license for feature 'Implementation' and/or device 'xcvc1902'
INFO: [Common 17-1540] The version limit for your license is '2023.11' and has expired for new software. A version limit expiration means that, although you may be able to continue to use the current version of tools or IP with this license, you will not be eligible for new releases.
Running DRC as a precondition to command opt_design

Starting DRC Task
INFO: [DRC 23-27] Running DRC with 8 threads
INFO: [Project 1-461] DRC finished with 0 Errors
INFO: [Project 1-462] Please refer to the DRC report (report_drc) for more information.

Time (s): cpu = 00:00:00.42 ; elapsed = 00:00:00.31 . Memory (MB): peak = 3155.242 ; gain = 64.031 ; free physical = 8849 ; free virtual = 19944

Starting Cache Timing Information Task
INFO: [Timing 38-35] Done setting XDC timing constraints.
Ending Cache Timing Information Task | Checksum: a7c5aeb1

Time (s): cpu = 00:00:04 ; elapsed = 00:00:05 . Memory (MB): peak = 3191.961 ; gain = 36.719 ; free physical = 8637 ; free virtual = 19733

Starting Logic Optimization Task

Phase 1 Retarget
INFO: [Opt 31-138] Pushed 0 inverter(s) to 0 load pin(s).
INFO: [Opt 31-49] Retargeted 0 cell(s).
Phase 1 Retarget | Checksum: a7c5aeb1

Time (s): cpu = 00:00:00.04 ; elapsed = 00:00:00.04 . Memory (MB): peak = 3448.977 ; gain = 11.875 ; free physical = 8415 ; free virtual = 19511
INFO: [Opt 31-389] Phase Retarget created 0 cells and removed 0 cells

Phase 2 Constant propagation
INFO: [Opt 31-138] Pushed 0 inverter(s) to 0 load pin(s).
Phase 2 Constant propagation | Checksum: a7c5aeb1

Time (s): cpu = 00:00:00.05 ; elapsed = 00:00:00.05 . Memory (MB): peak = 3448.977 ; gain = 11.875 ; free physical = 8415 ; free virtual = 19511
INFO: [Opt 31-389] Phase Constant propagation created 0 cells and removed 0 cells

Phase 3 Sweep
Phase 3 Sweep | Checksum: d0213ac8

Time (s): cpu = 00:00:00.56 ; elapsed = 00:00:00.56 . Memory (MB): peak = 3448.977 ; gain = 11.875 ; free physical = 8415 ; free virtual = 19511
INFO: [Opt 31-389] Phase Sweep created 0 cells and removed 5 cells
INFO: [Opt 31-1021] In phase Sweep, 641 netlist objects are constrained preventing optimization. Please run opt_design with -debug_log to get more detail. 

Phase 4 BUFG optimization
INFO: [Opt 31-1077] Phase BUFG optimization inserted 0 global clock buffer(s) for CLOCK_LOW_FANOUT.
Phase 4 BUFG optimization | Checksum: d0213ac8

Time (s): cpu = 00:00:00.58 ; elapsed = 00:00:00.58 . Memory (MB): peak = 3483.961 ; gain = 46.859 ; free physical = 8415 ; free virtual = 19511
INFO: [Opt 31-662] Phase BUFG optimization created 0 cells of which 0 are BUFGs and removed 0 cells.

Phase 5 Shift Register Optimization
INFO: [Opt 31-1064] SRL Remap converted 0 SRLs to 0 registers and converted 0 registers of register chains to 0 SRLs
Phase 5 Shift Register Optimization | Checksum: d0213ac8

Time (s): cpu = 00:00:00.59 ; elapsed = 00:00:00.59 . Memory (MB): peak = 3483.961 ; gain = 46.859 ; free physical = 8415 ; free virtual = 19511
INFO: [Opt 31-389] Phase Shift Register Optimization created 0 cells and removed 0 cells

Phase 6 Post Processing Netlist
Phase 6 Post Processing Netlist | Checksum: d0213ac8

Time (s): cpu = 00:00:00.6 ; elapsed = 00:00:00.6 . Memory (MB): peak = 3483.961 ; gain = 46.859 ; free physical = 8415 ; free virtual = 19511
INFO: [Opt 31-389] Phase Post Processing Netlist created 0 cells and removed 0 cells
INFO: [Opt 31-1021] In phase Post Processing Netlist, 1 netlist objects are constrained preventing optimization. Please run opt_design with -debug_log to get more detail. 
Opt_design Change Summary
=========================


-------------------------------------------------------------------------------------------------------------------------
|  Phase                        |  #Cells created  |  #Cells Removed  |  #Constrained objects preventing optimizations  |
-------------------------------------------------------------------------------------------------------------------------
|  Retarget                     |               0  |               0  |                                              0  |
|  Constant propagation         |               0  |               0  |                                              0  |
|  Sweep                        |               0  |               5  |                                            641  |
|  BUFG optimization            |               0  |               0  |                                              0  |
|  Shift Register Optimization  |               0  |               0  |                                              0  |
|  Post Processing Netlist      |               0  |               0  |                                              1  |
-------------------------------------------------------------------------------------------------------------------------



Starting Connectivity Check Task

Time (s): cpu = 00:00:00 ; elapsed = 00:00:00.01 . Memory (MB): peak = 3483.961 ; gain = 0.000 ; free physical = 8415 ; free virtual = 19511
Ending Logic Optimization Task | Checksum: 10278e44f

Time (s): cpu = 00:00:00.66 ; elapsed = 00:00:00.66 . Memory (MB): peak = 3483.961 ; gain = 46.859 ; free physical = 8415 ; free virtual = 19511

Starting Final Cleanup Task
Ending Final Cleanup Task | Checksum: 10278e44f

Time (s): cpu = 00:00:00 ; elapsed = 00:00:00.01 . Memory (MB): peak = 3483.961 ; gain = 0.000 ; free physical = 8415 ; free virtual = 19511

Starting Netlist Obfuscation Task
Netlist sorting complete. Time (s): cpu = 00:00:00 ; elapsed = 00:00:00 . Memory (MB): peak = 3483.961 ; gain = 0.000 ; free physical = 8415 ; free virtual = 19511
Ending Netlist Obfuscation Task | Checksum: 10278e44f

Time (s): cpu = 00:00:00.01 ; elapsed = 00:00:00 . Memory (MB): peak = 3483.961 ; gain = 0.000 ; free physical = 8415 ; free virtual = 19511
INFO: [Common 17-83] Releasing license: Implementation
31 Infos, 0 Warnings, 0 Critical Warnings and 0 Errors encountered.
opt_design completed successfully
opt_design: Time (s): cpu = 00:00:07 ; elapsed = 00:00:08 . Memory (MB): peak = 3483.961 ; gain = 400.754 ; free physical = 8415 ; free virtual = 19511
INFO: [Timing 38-480] Writing timing data to binary archive.
Writing XDEF routing.
Writing XDEF routing logical nets.
Writing XDEF routing special nets.
Write XDEF Complete: Time (s): cpu = 00:00:00.95 ; elapsed = 00:00:00.23 . Memory (MB): peak = 3549.922 ; gain = 57.957 ; free physical = 8368 ; free virtual = 19475
INFO: [Common 17-1381] The checkpoint '/home/dewsjoe/Desktop/projects_2022.1/projects_ldg/project_1/project_1.runs/impl_1/design_1_wrapper_opt.dcp' has been generated.
INFO: [runtcl-4] Executing : report_drc -file design_1_wrapper_drc_opted.rpt -pb design_1_wrapper_drc_opted.pb -rpx design_1_wrapper_drc_opted.rpx
Command: report_drc -file design_1_wrapper_drc_opted.rpt -pb design_1_wrapper_drc_opted.pb -rpx design_1_wrapper_drc_opted.rpx
INFO: [IP_Flow 19-1839] IP Catalog is up to date.
INFO: [Timing 38-35] Done setting XDC timing constraints.
INFO: [DRC 23-27] Running DRC with 8 threads
INFO: [Vivado_Tcl 2-168] The results of DRC are in file /home/dewsjoe/Desktop/projects_2022.1/projects_ldg/project_1/project_1.runs/impl_1/design_1_wrapper_drc_opted.rpt.
report_drc completed successfully
Command: place_design
Attempting to get a license for feature 'Implementation' and/or device 'xcvc1902'
INFO: [Common 17-349] Got license for feature 'Implementation' and/or device 'xcvc1902'
INFO: [Common 17-1540] The version limit for your license is '2023.11' and has expired for new software. A version limit expiration means that, although you may be able to continue to use the current version of tools or IP with this license, you will not be eligible for new releases.
INFO: [DRC 23-27] Running DRC with 8 threads
INFO: [Vivado_Tcl 4-198] DRC finished with 0 Errors
INFO: [Vivado_Tcl 4-199] Please refer to the DRC report (report_drc) for more information.
Running DRC as a precondition to command place_design
INFO: [DRC 23-27] Running DRC with 8 threads
INFO: [Vivado_Tcl 4-198] DRC finished with 0 Errors
INFO: [Vivado_Tcl 4-199] Please refer to the DRC report (report_drc) for more information.

Starting Placer Task
INFO: [Place 30-611] Multithreading enabled for place_design using a maximum of 8 CPUs

Phase 1 Placer Initialization

Phase 1.1 Placer Initialization Netlist Sorting
Netlist sorting complete. Time (s): cpu = 00:00:00 ; elapsed = 00:00:00 . Memory (MB): peak = 3669.551 ; gain = 0.000 ; free physical = 8391 ; free virtual = 19493
Phase 1.1 Placer Initialization Netlist Sorting | Checksum: 58a4f964

Time (s): cpu = 00:00:00.01 ; elapsed = 00:00:00.02 . Memory (MB): peak = 3669.551 ; gain = 0.000 ; free physical = 8391 ; free virtual = 19493
Netlist sorting complete. Time (s): cpu = 00:00:00 ; elapsed = 00:00:00 . Memory (MB): peak = 3669.551 ; gain = 0.000 ; free physical = 8391 ; free virtual = 19493

Phase 1.2 IO Placement/ Clock Placement/ Build Placer Device
Phase 1.2 IO Placement/ Clock Placement/ Build Placer Device | Checksum: 58a4f964

Time (s): cpu = 00:00:23 ; elapsed = 00:00:21 . Memory (MB): peak = 3669.551 ; gain = 0.000 ; free physical = 8461 ; free virtual = 19567

Phase 1.3 Build Placer Netlist Model
Phase 1.3 Build Placer Netlist Model | Checksum: f6369ea8

Time (s): cpu = 00:01:07 ; elapsed = 00:01:08 . Memory (MB): peak = 4419.348 ; gain = 749.797 ; free physical = 7697 ; free virtual = 18804

Phase 1.4 Constrain Clocks/Macros
Phase 1.4 Constrain Clocks/Macros | Checksum: f6369ea8

Time (s): cpu = 00:01:07 ; elapsed = 00:01:08 . Memory (MB): peak = 4419.348 ; gain = 749.797 ; free physical = 7697 ; free virtual = 18805
Phase 1 Placer Initialization | Checksum: f6369ea8

Time (s): cpu = 00:01:07 ; elapsed = 00:01:08 . Memory (MB): peak = 4419.348 ; gain = 749.797 ; free physical = 7697 ; free virtual = 18805

Phase 2 Final Placement Cleanup
Netlist sorting complete. Time (s): cpu = 00:00:00 ; elapsed = 00:00:00 . Memory (MB): peak = 4419.348 ; gain = 0.000 ; free physical = 7589 ; free virtual = 18699

Time (s): cpu = 00:01:08 ; elapsed = 00:01:10 . Memory (MB): peak = 4419.348 ; gain = 749.797 ; free physical = 7589 ; free virtual = 18699
INFO: [Place 30-281] No place-able instance is found; design doesn't contain any instance or all instances are placed
Ending Placer Task | Checksum: 58a4f964

Time (s): cpu = 00:01:08 ; elapsed = 00:01:10 . Memory (MB): peak = 4419.348 ; gain = 749.797 ; free physical = 7589 ; free virtual = 18699
INFO: [Common 17-83] Releasing license: Implementation
49 Infos, 0 Warnings, 0 Critical Warnings and 0 Errors encountered.
place_design completed successfully
place_design: Time (s): cpu = 00:01:12 ; elapsed = 00:01:13 . Memory (MB): peak = 4419.348 ; gain = 776.512 ; free physical = 7672 ; free virtual = 18782
INFO: [Timing 38-480] Writing timing data to binary archive.
Writing XDEF routing.
Writing XDEF routing logical nets.
Writing XDEF routing special nets.
Write XDEF Complete: Time (s): cpu = 00:00:01 ; elapsed = 00:00:00.26 . Memory (MB): peak = 4419.348 ; gain = 0.000 ; free physical = 7669 ; free virtual = 18789
INFO: [Common 17-1381] The checkpoint '/home/dewsjoe/Desktop/projects_2022.1/projects_ldg/project_1/project_1.runs/impl_1/design_1_wrapper_placed.dcp' has been generated.
INFO: [runtcl-4] Executing : report_io -file design_1_wrapper_io_placed.rpt
report_io: Time (s): cpu = 00:00:00.5 ; elapsed = 00:00:00.64 . Memory (MB): peak = 4419.348 ; gain = 0.000 ; free physical = 7624 ; free virtual = 18737
INFO: [runtcl-4] Executing : report_utilization -file design_1_wrapper_utilization_placed.rpt -pb design_1_wrapper_utilization_placed.pb
INFO: [runtcl-4] Executing : report_control_sets -verbose -file design_1_wrapper_control_sets_placed.rpt
report_control_sets: Time (s): cpu = 00:00:00.04 ; elapsed = 00:00:00.16 . Memory (MB): peak = 4419.348 ; gain = 0.000 ; free physical = 7638 ; free virtual = 18751
Command: phys_opt_design
Attempting to get a license for feature 'Implementation' and/or device 'xcvc1902'
INFO: [Common 17-349] Got license for feature 'Implementation' and/or device 'xcvc1902'
INFO: [Common 17-1540] The version limit for your license is '2023.11' and has expired for new software. A version limit expiration means that, although you may be able to continue to use the current version of tools or IP with this license, you will not be eligible for new releases.
INFO: [Vivado_Tcl 4-241] Physical synthesis in post route mode ( 100.0% nets are fully routed)
INFO: [Vivado_Tcl 4-235] No timing constraint found. The netlist was not modified.
INFO: [Common 17-83] Releasing license: Implementation
59 Infos, 0 Warnings, 0 Critical Warnings and 0 Errors encountered.
phys_opt_design completed successfully
INFO: [Timing 38-480] Writing timing data to binary archive.
Writing XDEF routing.
Writing XDEF routing logical nets.
Writing XDEF routing special nets.
Write XDEF Complete: Time (s): cpu = 00:00:01 ; elapsed = 00:00:00.27 . Memory (MB): peak = 4419.348 ; gain = 0.000 ; free physical = 7607 ; free virtual = 18732
INFO: [Common 17-1381] The checkpoint '/home/dewsjoe/Desktop/projects_2022.1/projects_ldg/project_1/project_1.runs/impl_1/design_1_wrapper_physopt.dcp' has been generated.
Command: route_design
Attempting to get a license for feature 'Implementation' and/or device 'xcvc1902'
INFO: [Common 17-349] Got license for feature 'Implementation' and/or device 'xcvc1902'
INFO: [Common 17-1540] The version limit for your license is '2023.11' and has expired for new software. A version limit expiration means that, although you may be able to continue to use the current version of tools or IP with this license, you will not be eligible for new releases.
Running DRC as a precondition to command route_design
INFO: [DRC 23-27] Running DRC with 8 threads
INFO: [Vivado_Tcl 4-198] DRC finished with 0 Errors
INFO: [Vivado_Tcl 4-199] Please refer to the DRC report (report_drc) for more information.


Starting Routing Task
INFO: [Route 35-254] Multithreading enabled for route_design using a maximum of 8 CPUs

Phase 1 Build RT Design
Checksum: PlaceDB: 58a4f964 ConstDB: 0 ShapeSum: 0 RouteDB: 0
INFO: [DRC 23-27] Running DRC with 8 threads
Nodegraph reading from file.  Time (s): cpu = 00:00:02 ; elapsed = 00:00:03 . Memory (MB): peak = 4727.043 ; gain = 307.695 ; free physical = 7183 ; free virtual = 18315
Post Restoration Checksum: NetGraph: c527da8d NumContArr: ff4d55b4 Constraints: 0 Timing: 0
Phase 1 Build RT Design | Checksum: 1c4753041

Time (s): cpu = 00:00:23 ; elapsed = 00:00:23 . Memory (MB): peak = 4922.047 ; gain = 502.699 ; free physical = 7279 ; free virtual = 18412

Phase 2 Router Initialization
INFO: [Route 35-64] No timing constraints were detected. The router will operate in resource-optimization mode.

Phase 2.1 Fix Topology Constraints
Phase 2.1 Fix Topology Constraints | Checksum: 1c4753041

Time (s): cpu = 00:00:23 ; elapsed = 00:00:23 . Memory (MB): peak = 4922.047 ; gain = 502.699 ; free physical = 7201 ; free virtual = 18334

Phase 2.2 Pre Route Cleanup
Phase 2.2 Pre Route Cleanup | Checksum: 1c4753041

Time (s): cpu = 00:00:23 ; elapsed = 00:00:23 . Memory (MB): peak = 4922.047 ; gain = 502.699 ; free physical = 7201 ; free virtual = 18334

Phase 2.3 Global Clock Net Routing
Phase 2.3 Global Clock Net Routing | Checksum: 1c4753041

Time (s): cpu = 00:00:24 ; elapsed = 00:00:24 . Memory (MB): peak = 5004.754 ; gain = 585.406 ; free physical = 7051 ; free virtual = 18184

Router Utilization Summary
  Global Vertical Routing Utilization    = 0 %
  Global Horizontal Routing Utilization  = 0 %
  Routable Net Status*
  *Does not include unroutable nets such as driverless and loadless.
  Run report_route_status for detailed report.
  Number of Failed Nets               = 2
    (Failed Nets is the sum of unrouted and partially routed nets)
  Number of Unrouted Nets             = 2
  Number of Partially Routed Nets     = 0
  Number of Node Overlaps             = 0

Phase 2 Router Initialization | Checksum: 1c4753041

Time (s): cpu = 00:00:26 ; elapsed = 00:00:24 . Memory (MB): peak = 5007.090 ; gain = 587.742 ; free physical = 7054 ; free virtual = 18187

Phase 3 Initial Routing

Phase 3.1 Global Routing

Phase 3.1.1 SLL Assignment
Phase 3.1.1 SLL Assignment | Checksum: 1c4753041

Time (s): cpu = 00:00:26 ; elapsed = 00:00:24 . Memory (MB): peak = 5007.090 ; gain = 587.742 ; free physical = 7054 ; free virtual = 18187
Phase 3.1 Global Routing | Checksum: 1c4753041

Time (s): cpu = 00:00:26 ; elapsed = 00:00:24 . Memory (MB): peak = 5007.090 ; gain = 587.742 ; free physical = 7054 ; free virtual = 18187
 Number of Nodes with overlaps = 0
Phase 3 Initial Routing | Checksum: 166d69c6f

Time (s): cpu = 00:00:30 ; elapsed = 00:00:25 . Memory (MB): peak = 5007.090 ; gain = 587.742 ; free physical = 7046 ; free virtual = 18180

Phase 4 Rip-up And Reroute

Phase 4.1 Global Iteration 0
Phase 4.1 Global Iteration 0 | Checksum: 166d69c6f

Time (s): cpu = 00:00:30 ; elapsed = 00:00:26 . Memory (MB): peak = 5007.090 ; gain = 587.742 ; free physical = 7046 ; free virtual = 18180
Phase 4 Rip-up And Reroute | Checksum: 166d69c6f

Time (s): cpu = 00:00:30 ; elapsed = 00:00:26 . Memory (MB): peak = 5007.090 ; gain = 587.742 ; free physical = 7046 ; free virtual = 18180

Phase 5 Delay and Skew Optimization
Phase 5 Delay and Skew Optimization | Checksum: 166d69c6f

Time (s): cpu = 00:00:30 ; elapsed = 00:00:26 . Memory (MB): peak = 5007.090 ; gain = 587.742 ; free physical = 7046 ; free virtual = 18180

Phase 6 Post Hold Fix

Phase 6.1 Hold Fix Iter
Phase 6.1 Hold Fix Iter | Checksum: 166d69c6f

Time (s): cpu = 00:00:30 ; elapsed = 00:00:26 . Memory (MB): peak = 5007.090 ; gain = 587.742 ; free physical = 7046 ; free virtual = 18180
Phase 6 Post Hold Fix | Checksum: 166d69c6f

Time (s): cpu = 00:00:30 ; elapsed = 00:00:26 . Memory (MB): peak = 5007.090 ; gain = 587.742 ; free physical = 7046 ; free virtual = 18180

Phase 7 Route finalize

Router Utilization Summary
  Global Vertical Routing Utilization    = 0.000613993 %
  Global Horizontal Routing Utilization  = 0.000562735 %
  Routable Net Status*
  *Does not include unroutable nets such as driverless and loadless.
  Run report_route_status for detailed report.
  Number of Failed Nets               = 0
    (Failed Nets is the sum of unrouted and partially routed nets)
  Number of Unrouted Nets             = 0
  Number of Partially Routed Nets     = 0
  Number of Node Overlaps             = 0

Congestion Report
North Dir 1x1 Area, Max Cong = 2.14286%, No Congested Regions.
South Dir 1x1 Area, Max Cong = 2.5%, No Congested Regions.
East Dir 1x1 Area, Max Cong = 0%, No Congested Regions.
West Dir 1x1 Area, Max Cong = 1.5625%, No Congested Regions.

------------------------------
Reporting congestion hotspots
------------------------------
Direction: North
----------------
Congested clusters found at Level 0
Effective congestion level: 0 Aspect Ratio: 1 Sparse Ratio: 0
Direction: South
----------------
Congested clusters found at Level 0
Effective congestion level: 0 Aspect Ratio: 1 Sparse Ratio: 0
Direction: East
----------------
Congested clusters found at Level 0
Effective congestion level: 0 Aspect Ratio: 1 Sparse Ratio: 0
Direction: West
----------------
Congested clusters found at Level 0
Effective congestion level: 0 Aspect Ratio: 1 Sparse Ratio: 0

Phase 7 Route finalize | Checksum: 166d69c6f

Time (s): cpu = 00:00:32 ; elapsed = 00:00:26 . Memory (MB): peak = 5007.090 ; gain = 587.742 ; free physical = 7041 ; free virtual = 18175

Phase 8 Verifying routed nets

 Verification completed successfully
Phase 8 Verifying routed nets | Checksum: 166d69c6f

Time (s): cpu = 00:00:32 ; elapsed = 00:00:26 . Memory (MB): peak = 5007.090 ; gain = 587.742 ; free physical = 7039 ; free virtual = 18173

Phase 9 Depositing Routes
Phase 9 Depositing Routes | Checksum: 166d69c6f

Time (s): cpu = 00:00:32 ; elapsed = 00:00:26 . Memory (MB): peak = 5023.098 ; gain = 603.750 ; free physical = 7035 ; free virtual = 18169
Time taken to check if laguna hold fix is required (in secs): 0
Skip PhysOpt in Router because non-negative WNS value: 1e+30 .
INFO: [DRC 23-27] Running DRC with 8 threads
INFO: [Route 35-16] Router Completed Successfully

Time (s): cpu = 00:00:32 ; elapsed = 00:00:26 . Memory (MB): peak = 5039.105 ; gain = 619.758 ; free physical = 7167 ; free virtual = 18301

Routing Is Done.
INFO: [Common 17-83] Releasing license: Implementation
72 Infos, 0 Warnings, 0 Critical Warnings and 0 Errors encountered.
route_design completed successfully
route_design: Time (s): cpu = 00:00:38 ; elapsed = 00:00:33 . Memory (MB): peak = 5039.105 ; gain = 619.758 ; free physical = 7167 ; free virtual = 18301
INFO: [Timing 38-480] Writing timing data to binary archive.
Writing XDEF routing.
Writing XDEF routing logical nets.
Writing XDEF routing special nets.
Write XDEF Complete: Time (s): cpu = 00:00:00.9 ; elapsed = 00:00:00.24 . Memory (MB): peak = 5039.105 ; gain = 0.000 ; free physical = 7132 ; free virtual = 18278
INFO: [Common 17-1381] The checkpoint '/home/dewsjoe/Desktop/projects_2022.1/projects_ldg/project_1/project_1.runs/impl_1/design_1_wrapper_routed.dcp' has been generated.
INFO: [runtcl-4] Executing : report_drc -file design_1_wrapper_drc_routed.rpt -pb design_1_wrapper_drc_routed.pb -rpx design_1_wrapper_drc_routed.rpx
Command: report_drc -file design_1_wrapper_drc_routed.rpt -pb design_1_wrapper_drc_routed.pb -rpx design_1_wrapper_drc_routed.rpx
INFO: [IP_Flow 19-1839] IP Catalog is up to date.
INFO: [DRC 23-27] Running DRC with 8 threads
INFO: [Vivado_Tcl 2-168] The results of DRC are in file /home/dewsjoe/Desktop/projects_2022.1/projects_ldg/project_1/project_1.runs/impl_1/design_1_wrapper_drc_routed.rpt.
report_drc completed successfully
INFO: [runtcl-4] Executing : report_methodology -file design_1_wrapper_methodology_drc_routed.rpt -pb design_1_wrapper_methodology_drc_routed.pb -rpx design_1_wrapper_methodology_drc_routed.rpx
Command: report_methodology -file design_1_wrapper_methodology_drc_routed.rpt -pb design_1_wrapper_methodology_drc_routed.pb -rpx design_1_wrapper_methodology_drc_routed.rpx
INFO: [Timing 38-35] Done setting XDC timing constraints.
INFO: [DRC 23-133] Running Methodology with 8 threads
INFO: [Vivado_Tcl 2-1520] The results of Report Methodology are in file /home/dewsjoe/Desktop/projects_2022.1/projects_ldg/project_1/project_1.runs/impl_1/design_1_wrapper_methodology_drc_routed.rpt.
report_methodology completed successfully
INFO: [runtcl-4] Executing : report_power -file design_1_wrapper_power_routed.rpt -pb design_1_wrapper_power_summary_routed.pb -rpx design_1_wrapper_power_routed.rpx
Command: report_power -file design_1_wrapper_power_routed.rpt -pb design_1_wrapper_power_summary_routed.pb -rpx design_1_wrapper_power_routed.rpx
INFO: [Timing 38-35] Done setting XDC timing constraints.
WARNING: [Power 33-232] No user defined clocks were found in the design! Power estimation will be inaccurate until this is corrected.
Resolution: Please specify clocks using create_clock/create_generated_clock for sequential elements. For pure combinatorial circuits, please specify a virtual clock, otherwise the vectorless estimation might be inaccurate
Running Vector-less Activity Propagation...

Finished Running Vector-less Activity Propagation
84 Infos, 1 Warnings, 0 Critical Warnings and 0 Errors encountered.
report_power completed successfully
report_power: Time (s): cpu = 00:00:06 ; elapsed = 00:00:06 . Memory (MB): peak = 5047.109 ; gain = 8.004 ; free physical = 7173 ; free virtual = 18312
INFO: [runtcl-4] Executing : report_route_status -file design_1_wrapper_route_status.rpt -pb design_1_wrapper_route_status.pb
INFO: [runtcl-4] Executing : report_timing_summary -max_paths 10 -report_unconstrained -file design_1_wrapper_timing_summary_routed.rpt -pb design_1_wrapper_timing_summary_routed.pb -rpx design_1_wrapper_timing_summary_routed.rpx -warn_on_violation 
INFO: [Timing 38-91] UpdateTimingParams: Speed grade: -2MP, Temperature grade: E, Delay Type: min_max.
INFO: [Timing 38-191] Multithreading enabled for timing update using a maximum of 8 CPUs
WARNING: [Timing 38-313] There are no user specified timing constraints. Timing constraints are needed for proper timing analysis.
INFO: [runtcl-4] Executing : report_incremental_reuse -file design_1_wrapper_incremental_reuse_routed.rpt
INFO: [Vivado_Tcl 4-1062] Incremental flow is disabled. No incremental reuse Info to report.
INFO: [runtcl-4] Executing : report_clock_utilization -file design_1_wrapper_clock_utilization_routed.rpt
INFO: [runtcl-4] Executing : report_bus_skew -warn_on_violation -file design_1_wrapper_bus_skew_routed.rpt -pb design_1_wrapper_bus_skew_routed.pb -rpx design_1_wrapper_bus_skew_routed.rpx
INFO: [Timing 38-91] UpdateTimingParams: Speed grade: -2MP, Temperature grade: E, Delay Type: min_max.
INFO: [Timing 38-191] Multithreading enabled for timing update using a maximum of 8 CPUs
Command: write_device_image -force -file design_1_wrapper.pdi
Attempting to get a license for feature 'Implementation' and/or device 'xcvc1902'
INFO: [Common 17-349] Got license for feature 'Implementation' and/or device 'xcvc1902'
INFO: [Common 17-1540] The version limit for your license is '2023.11' and has expired for new software. A version limit expiration means that, although you may be able to continue to use the current version of tools or IP with this license, you will not be eligible for new releases.
Running DRC as a precondition to command write_device_image
INFO: [IP_Flow 19-1839] IP Catalog is up to date.
INFO: [DRC 23-27] Running DRC with 8 threads
INFO: [Vivado 12-3199] DRC finished with 0 Errors
INFO: [Vivado 12-3200] Please refer to the DRC report (report_drc) for more information.
Integrating Hard IP ELF/MEM with the PDI.
Generating PS PMC files.
Loading data files...
Loading site data...
Loading route data...
Processing options...
Creating bitmap...
INFO: [Bitstream 40-812] Reading NPI Startup sequence definitions
INFO: [Bitstream 40-811] Reading NPI Shutdown sequence definitions
INFO: [Bitstream 40-810] Reading NPI Preconfig sequence definitions
Creating bitstream...
INFO: [Bitstream 40-283] Bitstream size = 5652992 bits
Writing CDO partition ./design_1_wrapper.rcdo...
Writing NPI partition ./design_1_wrapper.rnpi...
Generating bif file design_1_wrapper.bif for base design.

Generating CIPS Files... 
INFO: [Hsi 55-2053] elapsed time for repository (/media/dewsjoe/Data/Vitis_2022_1/Vivado/2022.1/data/embeddedsw) loading 0 seconds
/media/dewsjoe/Data/Vitis_2022_1/Vivado/2022.1/gnu/microblaze/lin
WARNING: CONFIG.C_PSS_REF_CLK_FREQ not found. Using default value for XPAR_PSU_PSS_REF_CLK_FREQ_HZ.
Running Make include in versal_cips_0_pspmc_0_psv_pmc_0/libsrc/cframe_v1_3/src
Running Make include in versal_cips_0_pspmc_0_psv_pmc_0/libsrc/cfupmc_v1_4/src
Running Make include in versal_cips_0_pspmc_0_psv_pmc_0/libsrc/coresightps_dcc_v1_8/src
Running Make include in versal_cips_0_pspmc_0_psv_pmc_0/libsrc/cpu_v2_15/src
Running Make include in versal_cips_0_pspmc_0_psv_pmc_0/libsrc/csudma_v1_11/src
Running Make include in versal_cips_0_pspmc_0_psv_pmc_0/libsrc/emacps_v3_16/src
Running Make include in versal_cips_0_pspmc_0_psv_pmc_0/libsrc/iomodule_v2_13/src
Running Make include in versal_cips_0_pspmc_0_psv_pmc_0/libsrc/ipipsu_v2_11/src
Running Make include in versal_cips_0_pspmc_0_psv_pmc_0/libsrc/pmonpsv_v2_1/src
Running Make include in versal_cips_0_pspmc_0_psv_pmc_0/libsrc/qspipsu_v1_15/src
Running Make include in versal_cips_0_pspmc_0_psv_pmc_0/libsrc/rtcpsu_v1_11/src
Running Make include in versal_cips_0_pspmc_0_psv_pmc_0/libsrc/sdps_v3_14/src
Running Make include in versal_cips_0_pspmc_0_psv_pmc_0/libsrc/standalone_v7_7/src
Running Make include in versal_cips_0_pspmc_0_psv_pmc_0/libsrc/sysmonpsv_v3_0/src
Running Make include in versal_cips_0_pspmc_0_psv_pmc_0/libsrc/trngpsv_v1_1/src
Running Make include in versal_cips_0_pspmc_0_psv_pmc_0/libsrc/uartlite_v3_7/src
Running Make include in versal_cips_0_pspmc_0_psv_pmc_0/libsrc/uartpsv_v1_6/src
Running Make include in versal_cips_0_pspmc_0_psv_pmc_0/libsrc/xilffs_v4_7/src
Running Make include in versal_cips_0_pspmc_0_psv_pmc_0/libsrc/xilloader_v1_6/src
Running Make include in versal_cips_0_pspmc_0_psv_pmc_0/libsrc/xilnvm_v2_5/src
Running Make include in versal_cips_0_pspmc_0_psv_pmc_0/libsrc/xilpdi_v1_5/src
Running Make include in versal_cips_0_pspmc_0_psv_pmc_0/libsrc/xilplmi_v1_6/src
Running Make include in versal_cips_0_pspmc_0_psv_pmc_0/libsrc/xilpm_v4_0/src
Include files for this library have already been copied.
Running Make include in versal_cips_0_pspmc_0_psv_pmc_0/libsrc/xilpuf_v1_5/src
Running Make include in versal_cips_0_pspmc_0_psv_pmc_0/libsrc/xilsecure_v4_7/src
Running Make include in versal_cips_0_pspmc_0_psv_pmc_0/libsrc/xilsem_v1_5/src
Include files for this library have already been copied.
Running Make include in versal_cips_0_pspmc_0_psv_pmc_0/libsrc/zdma_v1_14/src
Running Make libs in versal_cips_0_pspmc_0_psv_pmc_0/libsrc/xilpm_v4_0/src
Compiling XilPM Library
Running Make libs in versal_cips_0_pspmc_0_psv_pmc_0/libsrc/xilpuf_v1_5/src
Compiling XilPuf Library
Running Make libs in versal_cips_0_pspmc_0_psv_pmc_0/libsrc/xilplmi_v1_6/src
Compiling XilPLMI Library
Running Make libs in versal_cips_0_pspmc_0_psv_pmc_0/libsrc/xilsem_v1_5/src
Running Make libs in versal_cips_0_pspmc_0_psv_pmc_0/libsrc/xilnvm_v2_5/src
Compiling XilNvm Library
Running Make libs in versal_cips_0_pspmc_0_psv_pmc_0/libsrc/xilloader_v1_6/src
Compiling XilLoader Library
Running Make libs in versal_cips_0_pspmc_0_psv_pmc_0/libsrc/xilsecure_v4_7/src
Compiling XilSecure Library
Running Make libs in versal_cips_0_pspmc_0_psv_pmc_0/libsrc/xilpdi_v1_5/src
Compiling Xilpdi Library
Finished building libraries sequentially.
Running Make include in versal_cips_0_pspmc_0_psv_pmc_0/libsrc/cframe_v1_3/src
Running Make include in versal_cips_0_pspmc_0_psv_pmc_0/libsrc/cfupmc_v1_4/src
Running Make include in versal_cips_0_pspmc_0_psv_pmc_0/libsrc/coresightps_dcc_v1_8/src
Running Make include in versal_cips_0_pspmc_0_psv_pmc_0/libsrc/cpu_v2_15/src
Running Make include in versal_cips_0_pspmc_0_psv_pmc_0/libsrc/csudma_v1_11/src
Running Make include in versal_cips_0_pspmc_0_psv_pmc_0/libsrc/emacps_v3_16/src
Running Make include in versal_cips_0_pspmc_0_psv_pmc_0/libsrc/iomodule_v2_13/src
Running Make include in versal_cips_0_pspmc_0_psv_pmc_0/libsrc/ipipsu_v2_11/src
Running Make include in versal_cips_0_pspmc_0_psv_pmc_0/libsrc/pmonpsv_v2_1/src
Running Make include in versal_cips_0_pspmc_0_psv_pmc_0/libsrc/qspipsu_v1_15/src
Running Make include in versal_cips_0_pspmc_0_psv_pmc_0/libsrc/rtcpsu_v1_11/src
Running Make include in versal_cips_0_pspmc_0_psv_pmc_0/libsrc/sdps_v3_14/src
Running Make include in versal_cips_0_pspmc_0_psv_pmc_0/libsrc/sysmonpsv_v3_0/src
Running Make include in versal_cips_0_pspmc_0_psv_pmc_0/libsrc/standalone_v7_7/src
Running Make include in versal_cips_0_pspmc_0_psv_pmc_0/libsrc/uartlite_v3_7/src
Running Make include in versal_cips_0_pspmc_0_psv_pmc_0/libsrc/trngpsv_v1_1/src
Running Make include in versal_cips_0_pspmc_0_psv_pmc_0/libsrc/uartpsv_v1_6/src
Running Make include in versal_cips_0_pspmc_0_psv_pmc_0/libsrc/xilffs_v4_7/src
Running Make include in versal_cips_0_pspmc_0_psv_pmc_0/libsrc/xilloader_v1_6/src
Running Make include in versal_cips_0_pspmc_0_psv_pmc_0/libsrc/xilnvm_v2_5/src
Running Make include in versal_cips_0_pspmc_0_psv_pmc_0/libsrc/xilpdi_v1_5/src
Running Make include in versal_cips_0_pspmc_0_psv_pmc_0/libsrc/xilplmi_v1_6/src
Running Make include in versal_cips_0_pspmc_0_psv_pmc_0/libsrc/xilpm_v4_0/src
Running Make include in versal_cips_0_pspmc_0_psv_pmc_0/libsrc/xilpuf_v1_5/src
Running Make include in versal_cips_0_pspmc_0_psv_pmc_0/libsrc/xilsecure_v4_7/src
Running Make include in versal_cips_0_pspmc_0_psv_pmc_0/libsrc/xilsem_v1_5/src
Running Make include in versal_cips_0_pspmc_0_psv_pmc_0/libsrc/zdma_v1_14/src
Include files for this library have already been copied.
Include files for this library have already been copied.
Running Make libs in versal_cips_0_pspmc_0_psv_pmc_0/libsrc/cframe_v1_3/src
Running Make libs in versal_cips_0_pspmc_0_psv_pmc_0/libsrc/cfupmc_v1_4/src
Running Make libs in versal_cips_0_pspmc_0_psv_pmc_0/libsrc/coresightps_dcc_v1_8/src
Running Make libs in versal_cips_0_pspmc_0_psv_pmc_0/libsrc/cpu_v2_15/src
Running Make libs in versal_cips_0_pspmc_0_psv_pmc_0/libsrc/csudma_v1_11/src
Running Make libs in versal_cips_0_pspmc_0_psv_pmc_0/libsrc/emacps_v3_16/src
Running Make libs in versal_cips_0_pspmc_0_psv_pmc_0/libsrc/iomodule_v2_13/src
Running Make libs in versal_cips_0_pspmc_0_psv_pmc_0/libsrc/ipipsu_v2_11/src
Running Make libs in versal_cips_0_pspmc_0_psv_pmc_0/libsrc/pmonpsv_v2_1/src
Running Make libs in versal_cips_0_pspmc_0_psv_pmc_0/libsrc/qspipsu_v1_15/src
xcoresightpsdcc.c:39:2: warning: #warning "The driver is supported only for ARM architecture" [-Wcpp]
   39 | #warning "The driver is supported only for ARM architecture"
      |  ^~~~~~~
Running Make libs in versal_cips_0_pspmc_0_psv_pmc_0/libsrc/rtcpsu_v1_11/src
In file included from xiomodule_g.c:16:
../../../include/xparameters.h:1027:67: warning: conversion from 'long long unsigned int' to 'unsigned int' changes value from '18446744073709551615' to '4294967295' [-Woverflow]
 1027 | #define XPAR_VERSAL_CIPS_0_PSPMC_0_PSV_PMC_IOMODULE_0_IO_BASEADDR 0xFFFFFFFFFFFFFFFFU
      |                                                                   ^~~~~~~~~~~~~~~~~~~
xiomodule_g.c:30:17: note: in expansion of macro 'XPAR_VERSAL_CIPS_0_PSPMC_0_PSV_PMC_IOMODULE_0_IO_BASEADDR'
   30 |                 XPAR_VERSAL_CIPS_0_PSPMC_0_PSV_PMC_IOMODULE_0_IO_BASEADDR,
      |                 ^~~~~~~~~~~~~~~~~~~~~~~~~~~~~~~~~~~~~~~~~~~~~~~~~~~~~~~~~
Running Make libs in versal_cips_0_pspmc_0_psv_pmc_0/libsrc/sdps_v3_14/src
Running Make libs in versal_cips_0_pspmc_0_psv_pmc_0/libsrc/standalone_v7_7/src
Running Make libs in versal_cips_0_pspmc_0_psv_pmc_0/libsrc/sysmonpsv_v3_0/src
Compiling xsysmonpsv
Running Make libs in versal_cips_0_pspmc_0_psv_pmc_0/libsrc/trngpsv_v1_1/src
Running Make libs in versal_cips_0_pspmc_0_psv_pmc_0/libsrc/uartlite_v3_7/src
microblaze_sleep.c:73:9: note: '#pragma message: For the sleep routines, assembly instructions are used'
   73 | #pragma message ("For the sleep routines, assembly instructions are used")
      |         ^~~~~~~
Running Make libs in versal_cips_0_pspmc_0_psv_pmc_0/libsrc/uartpsv_v1_6/src
Running Make libs in versal_cips_0_pspmc_0_psv_pmc_0/libsrc/xilffs_v4_7/src
Running Make libs in versal_cips_0_pspmc_0_psv_pmc_0/libsrc/zdma_v1_14/src
DEBUG NON_LTO_OBJECTS is ../../../lib/microblaze_interrupt_handler.o
Finished building libraries parallelly.
/media/dewsjoe/Data/Vitis_2022_1/Vivado/2022.1/gnu/microblaze/lin/x86_64-oesdk-linux/usr/bin/microblaze-xilinx-elf/microblaze-xilinx-elf-ar.real: creating versal_cips_0_pspmc_0_psv_pmc_0/lib/libxil.a
Finished building libraries
INFO: [Project 1-1179] Generating design_1_wrapper.bif file ...
Running bootgen.
Found bootgen at /media/dewsjoe/Data/Vitis_2022_1/Vivado/2022.1/bin/bootgen
Running '/media/dewsjoe/Data/Vitis_2022_1/Vivado/2022.1/bin/bootgen -arch versal -image design_1_wrapper.bif -w -o ./design_1_wrapper.pdi'


****** Xilinx Bootgen v2022.1
  **** Build date : Apr 18 2022-16:09:43
    ** Copyright 1986-2022 Xilinx, Inc. All Rights Reserved.


[INFO]   : Bootimage generated successfully

Bootgen Completed Successfully.
INFO: [Vivado 12-1842] Bitgen Completed Successfully.
INFO: [Common 17-83] Releasing license: Implementation
108 Infos, 2 Warnings, 0 Critical Warnings and 0 Errors encountered.
write_device_image completed successfully
write_device_image: Time (s): cpu = 00:02:19 ; elapsed = 00:02:22 . Memory (MB): peak = 6663.938 ; gain = 1605.812 ; free physical = 6976 ; free virtual = 18146
INFO: [Common 17-206] Exiting Vivado at Wed Feb 12 11:29:45 2025...
