#-----------------------------------------------------------
# Vivado v2022.1 (64-bit)
# SW Build 3526262 on Mon Apr 18 15:47:01 MDT 2022
# IP Build 3524634 on Mon Apr 18 20:55:01 MDT 2022
# Start of session at: Wed Feb 12 16:24:49 2025
# Process ID: 3071962
# Current directory: /home/dewsjoe/Desktop/projects_2022.1/projects_ldg
# Command line: vivado
# Log file: /home/dewsjoe/Desktop/projects_2022.1/projects_ldg/vivado.log
# Journal file: /home/dewsjoe/Desktop/projects_2022.1/projects_ldg/vivado.jou
# Running On: dewsjoe-HP-Z440-Workstation, OS: Linux, CPU Frequency: 2494.106 MHz, CPU Physical cores: 6, Host memory: 33557 MB
#-----------------------------------------------------------
start_gui
WARNING: [Board 49-26] cannot add Board Part xilinx.com:ac701:part0:1.4 available at /media/dewsjoe/Data/Vitis_2022_1/Vivado/2022.1/data/xhub/boards/XilinxBoardStore/boards/Xilinx/ac701/1.4/board.xml as part xc7a200tfbg676-2 specified in board_part file is either invalid or not available
WARNING: [Board 49-26] cannot add Board Part xilinx.com:kc705:part0:1.6 available at /media/dewsjoe/Data/Vitis_2022_1/Vivado/2022.1/data/xhub/boards/XilinxBoardStore/boards/Xilinx/kc705/1.6/board.xml as part xc7k325tffg900-2 specified in board_part file is either invalid or not available
WARNING: [Board 49-26] cannot add Board Part xilinx.com:kcu105:part0:1.6 available at /media/dewsjoe/Data/Vitis_2022_1/Vivado/2022.1/data/xhub/boards/XilinxBoardStore/boards/Xilinx/kcu105/1.6/board.xml as part xcku040-ffva1156-2-e specified in board_part file is either invalid or not available
WARNING: [Board 49-26] cannot add Board Part xilinx.com:kcu105:part0:1.7 available at /media/dewsjoe/Data/Vitis_2022_1/Vivado/2022.1/data/xhub/boards/XilinxBoardStore/boards/Xilinx/kcu105/1.7/board.xml as part xcku040-ffva1156-2-e specified in board_part file is either invalid or not available
WARNING: [Board 49-26] cannot add Board Part xilinx.com:kcu116:part0:1.4 available at /media/dewsjoe/Data/Vitis_2022_1/Vivado/2022.1/data/xhub/boards/XilinxBoardStore/boards/Xilinx/kcu116/1.4/board.xml as part xcku5p-ffvb676-2-e specified in board_part file is either invalid or not available
WARNING: [Board 49-26] cannot add Board Part xilinx.com:kcu116:part0:1.5 available at /media/dewsjoe/Data/Vitis_2022_1/Vivado/2022.1/data/xhub/boards/XilinxBoardStore/boards/Xilinx/kcu116/1.5/board.xml as part xcku5p-ffvb676-2-e specified in board_part file is either invalid or not available
WARNING: [Board 49-26] cannot add Board Part xilinx.com:kcu1500:part0:1.2 available at /media/dewsjoe/Data/Vitis_2022_1/Vivado/2022.1/data/xhub/boards/XilinxBoardStore/boards/Xilinx/kcu1500/1.2/board.xml as part xcku115-flvb2104-2-e specified in board_part file is either invalid or not available
WARNING: [Board 49-26] cannot add Board Part xilinx.com:sp701:part0:1.0 available at /media/dewsjoe/Data/Vitis_2022_1/Vivado/2022.1/data/xhub/boards/XilinxBoardStore/boards/Xilinx/sp701/1.0/board.xml as part xc7s100fgga676-2 specified in board_part file is either invalid or not available
WARNING: [Board 49-26] cannot add Board Part xilinx.com:sp701:part0:1.1 available at /media/dewsjoe/Data/Vitis_2022_1/Vivado/2022.1/data/xhub/boards/XilinxBoardStore/boards/Xilinx/sp701/1.1/board.xml as part xc7s100fgga676-2 specified in board_part file is either invalid or not available
WARNING: [Board 49-26] cannot add Board Part xilinx.com:vc707:part0:1.4 available at /media/dewsjoe/Data/Vitis_2022_1/Vivado/2022.1/data/xhub/boards/XilinxBoardStore/boards/Xilinx/vc707/1.4/board.xml as part xc7vx485tffg1761-2 specified in board_part file is either invalid or not available
WARNING: [Board 49-26] cannot add Board Part xilinx.com:vc709:part0:1.8 available at /media/dewsjoe/Data/Vitis_2022_1/Vivado/2022.1/data/xhub/boards/XilinxBoardStore/boards/Xilinx/vc709/1.8/board.xml as part xc7vx690tffg1761-2 specified in board_part file is either invalid or not available
WARNING: [Board 49-26] cannot add Board Part xilinx.com:vcu108:part0:1.6 available at /media/dewsjoe/Data/Vitis_2022_1/Vivado/2022.1/data/xhub/boards/XilinxBoardStore/boards/Xilinx/vcu108/1.6/board.xml as part xcvu095-ffva2104-2-e specified in board_part file is either invalid or not available
WARNING: [Board 49-26] cannot add Board Part xilinx.com:vcu108:part0:1.7 available at /media/dewsjoe/Data/Vitis_2022_1/Vivado/2022.1/data/xhub/boards/XilinxBoardStore/boards/Xilinx/vcu108/1.7/board.xml as part xcvu095-ffva2104-2-e specified in board_part file is either invalid or not available
WARNING: [Board 49-26] cannot add Board Part xilinx.com:vcu110:part0:1.4 available at /media/dewsjoe/Data/Vitis_2022_1/Vivado/2022.1/data/xhub/boards/XilinxBoardStore/boards/Xilinx/vcu110/1.4/board.xml as part xcvu190-flgc2104-2-e specified in board_part file is either invalid or not available
WARNING: [Board 49-26] cannot add Board Part xilinx.com:vcu118:part0:2.0 available at /media/dewsjoe/Data/Vitis_2022_1/Vivado/2022.1/data/xhub/boards/XilinxBoardStore/boards/Xilinx/vcu118/2.0/board.xml as part xcvu9p-flga2104-2l-e specified in board_part file is either invalid or not available
WARNING: [Board 49-26] cannot add Board Part xilinx.com:vcu118:part0:2.3 available at /media/dewsjoe/Data/Vitis_2022_1/Vivado/2022.1/data/xhub/boards/XilinxBoardStore/boards/Xilinx/vcu118/2.3/board.xml as part xcvu9p-flga2104-2l-e specified in board_part file is either invalid or not available
WARNING: [Board 49-26] cannot add Board Part xilinx.com:vcu118:part0:2.4 available at /media/dewsjoe/Data/Vitis_2022_1/Vivado/2022.1/data/xhub/boards/XilinxBoardStore/boards/Xilinx/vcu118/2.4/board.xml as part xcvu9p-flga2104-2l-e specified in board_part file is either invalid or not available
WARNING: [Board 49-26] cannot add Board Part xilinx.com:vcu128:part0:1.0 available at /media/dewsjoe/Data/Vitis_2022_1/Vivado/2022.1/data/xhub/boards/XilinxBoardStore/boards/Xilinx/vcu128/production/1.0/board.xml as part xcvu37p-fsvh2892-2l-e specified in board_part file is either invalid or not available
WARNING: [Board 49-26] cannot add Board Part xilinx.com:vcu129:part0:1.0 available at /media/dewsjoe/Data/Vitis_2022_1/Vivado/2022.1/data/xhub/boards/XilinxBoardStore/boards/Xilinx/vcu129/production/1.0/board.xml as part xcvu29p-fsga2577-2l-e specified in board_part file is either invalid or not available
WARNING: [Board 49-26] cannot add Board Part xilinx.com:vcu1525:part0:1.3 available at /media/dewsjoe/Data/Vitis_2022_1/Vivado/2022.1/data/xhub/boards/XilinxBoardStore/boards/Xilinx/vcu1525/1.3/board.xml as part xcvu9p-fsgd2104-2l-e specified in board_part file is either invalid or not available
WARNING: [Board 49-26] cannot add Board Part xilinx.com:vermeo_t1_rfsoc:part0:1.0 available at /media/dewsjoe/Data/Vitis_2022_1/Vivado/2022.1/data/xhub/boards/XilinxBoardStore/boards/Xilinx/vermeo_t1_rfsoc/1.0/board.xml as part xczu21dr-ffvd1156-2l-e specified in board_part file is either invalid or not available
WARNING: [Board 49-26] cannot add Board Part xilinx.com:vmk180:part0:2.2 available at /media/dewsjoe/Data/Vitis_2022_1/Vivado/2022.1/data/xhub/boards/XilinxBoardStore/boards/Xilinx/vmk180/production/2.2/board.xml as part xcvm1802-vsva2197-2mp-e-s specified in board_part file is either invalid or not available
WARNING: [Board 49-26] cannot add Board Part xilinx.com:vmk180:part0:3.0 available at /media/dewsjoe/Data/Vitis_2022_1/Vivado/2022.1/data/xhub/boards/XilinxBoardStore/boards/Xilinx/vmk180/production/3.0/board.xml as part xcvm1802-vsva2197-2mp-e-s specified in board_part file is either invalid or not available
WARNING: [Board 49-26] cannot add Board Part xilinx.com:vmk180_newl:part0:1.0 available at /media/dewsjoe/Data/Vitis_2022_1/Vivado/2022.1/data/xhub/boards/XilinxBoardStore/boards/Xilinx/vmk180_newl/production/1.0/board.xml as part xcvm1802-vsva2197-2mp-e-s specified in board_part file is either invalid or not available
WARNING: [Board 49-26] cannot add Board Part xilinx.com:vpk120_es:part0:1.2 available at /media/dewsjoe/Data/Vitis_2022_1/Vivado/2022.1/data/xhub/boards/XilinxBoardStore/boards/Xilinx/vpk120/es/1.2/board.xml as part xcvp1202-vsva2785-2mp-e-s-es1 specified in board_part file is either invalid or not available
WARNING: [Board 49-26] cannot add Board Part xilinx.com:vpk120_es_revb:part0:1.0 available at /media/dewsjoe/Data/Vitis_2022_1/Vivado/2022.1/data/xhub/boards/XilinxBoardStore/boards/Xilinx/vpk120_revb/es/1.0/board.xml as part xcvp1202-vsva2785-2mp-e-s-es1 specified in board_part file is either invalid or not available
WARNING: [Board 49-26] cannot add Board Part xilinx.com:zc702:part0:1.4 available at /media/dewsjoe/Data/Vitis_2022_1/Vivado/2022.1/data/xhub/boards/XilinxBoardStore/boards/Xilinx/zc702/1.4/board.xml as part xc7z020clg484-1 specified in board_part file is either invalid or not available
WARNING: [Board 49-26] cannot add Board Part xilinx.com:zc706:part0:1.4 available at /media/dewsjoe/Data/Vitis_2022_1/Vivado/2022.1/data/xhub/boards/XilinxBoardStore/boards/Xilinx/zc706/1.4/board.xml as part xc7z045ffg900-2 specified in board_part file is either invalid or not available
WARNING: [Board 49-26] cannot add Board Part xilinx.com:zcu111:part0:1.2 available at /media/dewsjoe/Data/Vitis_2022_1/Vivado/2022.1/data/xhub/boards/XilinxBoardStore/boards/Xilinx/zcu111/1.2/board.xml as part xczu28dr-ffvg1517-2-e specified in board_part file is either invalid or not available
WARNING: [Board 49-26] cannot add Board Part xilinx.com:zcu111:part0:1.3 available at /media/dewsjoe/Data/Vitis_2022_1/Vivado/2022.1/data/xhub/boards/XilinxBoardStore/boards/Xilinx/zcu111/1.3/board.xml as part xczu28dr-ffvg1517-2-e specified in board_part file is either invalid or not available
WARNING: [Board 49-26] cannot add Board Part xilinx.com:zcu111:part0:1.4 available at /media/dewsjoe/Data/Vitis_2022_1/Vivado/2022.1/data/xhub/boards/XilinxBoardStore/boards/Xilinx/zcu111/1.4/board.xml as part xczu28dr-ffvg1517-2-e specified in board_part file is either invalid or not available
WARNING: [Board 49-26] cannot add Board Part xilinx.com:zcu1275:part0:1.0 available at /media/dewsjoe/Data/Vitis_2022_1/Vivado/2022.1/data/xhub/boards/XilinxBoardStore/boards/Xilinx/zcu1275/1.0/board.xml as part xczu29dr-ffvf1760-2-e specified in board_part file is either invalid or not available
WARNING: [Board 49-26] cannot add Board Part xilinx.com:zcu1285:part0:1.0 available at /media/dewsjoe/Data/Vitis_2022_1/Vivado/2022.1/data/xhub/boards/XilinxBoardStore/boards/Xilinx/zcu1285/1.0/board.xml as part xczu39dr-ffvf1760-2-i specified in board_part file is either invalid or not available
WARNING: [Board 49-26] cannot add Board Part xilinx.com:zcu208:part0:2.0 available at /media/dewsjoe/Data/Vitis_2022_1/Vivado/2022.1/data/xhub/boards/XilinxBoardStore/boards/Xilinx/zcu208/production/2.0/board.xml as part xczu48dr-fsvg1517-2-e specified in board_part file is either invalid or not available
WARNING: [Board 49-26] cannot add Board Part xilinx.com:zcu208ld:part0:2.0 available at /media/dewsjoe/Data/Vitis_2022_1/Vivado/2022.1/data/xhub/boards/XilinxBoardStore/boards/Xilinx/zcu208ld/production/2.0/board.xml as part xczu58dr-fsvg1517-2-i specified in board_part file is either invalid or not available
WARNING: [Board 49-26] cannot add Board Part xilinx.com:zcu216:part0:2.0 available at /media/dewsjoe/Data/Vitis_2022_1/Vivado/2022.1/data/xhub/boards/XilinxBoardStore/boards/Xilinx/zcu216/production/2.0/board.xml as part xczu49dr-ffvf1760-2-e specified in board_part file is either invalid or not available
WARNING: [Board 49-26] cannot add Board Part xilinx.com:zcu216ld:part0:2.0 available at /media/dewsjoe/Data/Vitis_2022_1/Vivado/2022.1/data/xhub/boards/XilinxBoardStore/boards/Xilinx/zcu216ld/production/2.0/board.xml as part xczu59dr-ffvf1760-2-i specified in board_part file is either invalid or not available
WARNING: [Board 49-26] cannot add Board Part xilinx.com:zcu670:part0:2.0 available at /media/dewsjoe/Data/Vitis_2022_1/Vivado/2022.1/data/xhub/boards/XilinxBoardStore/boards/Xilinx/zcu670/2.0/board.xml as part xczu67dr-fsve1156-2-i specified in board_part file is either invalid or not available
WARNING: [Board 49-26] cannot add Board Part xilinx.com:zcu670ld:part0:1.0 available at /media/dewsjoe/Data/Vitis_2022_1/Vivado/2022.1/data/xhub/boards/XilinxBoardStore/boards/Xilinx/zcu670ld/1.0/board.xml as part xczu57dr-fsve1156-2-i specified in board_part file is either invalid or not available
source /home/dewsjoe/Desktop/projects_2022.1/projects_ldg/design_tcl_1.tcl
# namespace eval _tcl {
# proc get_script_folder {} {
#    set script_path [file normalize [info script]]
#    set script_folder [file dirname $script_path]
#    return $script_folder
# }
# }
# variable script_folder
# set script_folder [_tcl::get_script_folder]
# set scripts_vivado_version 2022.1
# set current_vivado_version [version -short]
# if { [string first $scripts_vivado_version $current_vivado_version] == -1 } {
#    puts ""
#    catch {common::send_gid_msg -ssname BD::TCL -id 2041 -severity "ERROR" "This script was generated using Vivado <$scripts_vivado_version> and is being run in <$current_vivado_version> of Vivado. Please run the script in Vivado <$scripts_vivado_version> then open the design in Vivado <$current_vivado_version>. Upgrade the design by running \"Tools => Report => Report IP Status...\", then run write_bd_tcl to create an updated script."}
# 
#    return 1
# }
# set list_projs [get_projects -quiet]
# if { $list_projs eq "" } {
#    create_project project_1 myproj -part xcvc1902-vsva2197-2MP-e-S
#    set_property BOARD_PART xilinx.com:vck190:part0:3.0 [current_project]
# }
INFO: [IP_Flow 19-234] Refreshing IP repositories
INFO: [IP_Flow 19-1704] No user IP repositories specified
INFO: [IP_Flow 19-2313] Loaded Vivado IP repository '/media/dewsjoe/Data/Vitis_2022_1/Vivado/2022.1/data/ip'.
# variable design_name
# set design_name design_1
# set errMsg ""
# set nRet 0
# set cur_design [current_bd_design -quiet]
# set list_cells [get_bd_cells -quiet]
# if { ${design_name} eq "" } {
#    # USE CASES:
#    #    1) Design_name not set
# 
#    set errMsg "Please set the variable <design_name> to a non-empty value."
#    set nRet 1
# 
# } elseif { ${cur_design} ne "" && ${list_cells} eq "" } {
#    # USE CASES:
#    #    2): Current design opened AND is empty AND names same.
#    #    3): Current design opened AND is empty AND names diff; design_name NOT in project.
#    #    4): Current design opened AND is empty AND names diff; design_name exists in project.
# 
#    if { $cur_design ne $design_name } {
#       common::send_gid_msg -ssname BD::TCL -id 2001 -severity "INFO" "Changing value of <design_name> from <$design_name> to <$cur_design> since current design is empty."
#       set design_name [get_property NAME $cur_design]
#    }
#    common::send_gid_msg -ssname BD::TCL -id 2002 -severity "INFO" "Constructing design in IPI design <$cur_design>..."
# 
# } elseif { ${cur_design} ne "" && $list_cells ne "" && $cur_design eq $design_name } {
#    # USE CASES:
#    #    5) Current design opened AND has components AND same names.
# 
#    set errMsg "Design <$design_name> already exists in your project, please set the variable <design_name> to another value."
#    set nRet 1
# } elseif { [get_files -quiet ${design_name}.bd] ne "" } {
#    # USE CASES: 
#    #    6) Current opened design, has components, but diff names, design_name exists in project.
#    #    7) No opened design, design_name exists in project.
# 
#    set errMsg "Design <$design_name> already exists in your project, please set the variable <design_name> to another value."
#    set nRet 2
# 
# } else {
#    # USE CASES:
#    #    8) No opened design, design_name not in project.
#    #    9) Current opened design, has components, but diff names, design_name not in project.
# 
#    common::send_gid_msg -ssname BD::TCL -id 2003 -severity "INFO" "Currently there is no design <$design_name> in project, so creating one..."
# 
#    create_bd_design $design_name
# 
#    common::send_gid_msg -ssname BD::TCL -id 2004 -severity "INFO" "Making design <$design_name> as current_bd_design."
#    current_bd_design $design_name
# 
# }
INFO: [BD::TCL 103-2003] Currently there is no design <design_1> in project, so creating one...
Wrote  : </home/dewsjoe/Desktop/projects_2022.1/projects_ldg/myproj/project_1.srcs/sources_1/bd/design_1/design_1.bd> 
create_bd_design: Time (s): cpu = 00:00:10 ; elapsed = 00:00:07 . Memory (MB): peak = 7644.340 ; gain = 6.660 ; free physical = 12386 ; free virtual = 23738
INFO: [BD::TCL 103-2004] Making design <design_1> as current_bd_design.
# common::send_gid_msg -ssname BD::TCL -id 2005 -severity "INFO" "Currently the variable <design_name> is equal to \"$design_name\"."
INFO: [BD::TCL 103-2005] Currently the variable <design_name> is equal to "design_1".
# if { $nRet != 0 } {
#    catch {common::send_gid_msg -ssname BD::TCL -id 2006 -severity "ERROR" $errMsg}
#    return $nRet
# }
# set bCheckIPsPassed 1
# set bCheckIPs 1
# if { $bCheckIPs == 1 } {
#    set list_check_ips "\ 
# xilinx.com:ip:versal_cips:3.2\
# "
# 
#    set list_ips_missing ""
#    common::send_gid_msg -ssname BD::TCL -id 2011 -severity "INFO" "Checking if the following IPs exist in the project's IP catalog: $list_check_ips ."
# 
#    foreach ip_vlnv $list_check_ips {
#       set ip_obj [get_ipdefs -all $ip_vlnv]
#       if { $ip_obj eq "" } {
#          lappend list_ips_missing $ip_vlnv
#       }
#    }
# 
#    if { $list_ips_missing ne "" } {
#       catch {common::send_gid_msg -ssname BD::TCL -id 2012 -severity "ERROR" "The following IPs are not found in the IP Catalog:\n  $list_ips_missing\n\nResolution: Please add the repository containing the IP(s) to the project." }
#       set bCheckIPsPassed 0
#    }
# 
# }
INFO: [BD::TCL 103-2011] Checking if the following IPs exist in the project's IP catalog:  
xilinx.com:ip:versal_cips:3.2  .
# if { $bCheckIPsPassed != 1 } {
#   common::send_gid_msg -ssname BD::TCL -id 2023 -severity "WARNING" "Will not continue with creation of design due to the error(s) above."
#   return 3
# }
# proc create_root_design { parentCell } {
# 
#   variable script_folder
#   variable design_name
# 
#   if { $parentCell eq "" } {
#      set parentCell [get_bd_cells /]
#   }
# 
#   # Get object for parentCell
#   set parentObj [get_bd_cells $parentCell]
#   if { $parentObj == "" } {
#      catch {common::send_gid_msg -ssname BD::TCL -id 2090 -severity "ERROR" "Unable to find parent cell <$parentCell>!"}
#      return
#   }
# 
#   # Make sure parentObj is hier blk
#   set parentType [get_property TYPE $parentObj]
#   if { $parentType ne "hier" } {
#      catch {common::send_gid_msg -ssname BD::TCL -id 2091 -severity "ERROR" "Parent <$parentObj> has TYPE = <$parentType>. Expected to be <hier>."}
#      return
#   }
# 
#   # Save current instance; Restore later
#   set oldCurInst [current_bd_instance .]
# 
#   # Set parent object as current
#   current_bd_instance $parentObj
# 
# 
#   # Create interface ports
# 
#   # Create ports
# 
#   # Create instance: versal_cips_0, and set properties
#   set versal_cips_0 [ create_bd_cell -type ip -vlnv xilinx.com:ip:versal_cips:3.2 versal_cips_0 ]
#   set_property -dict [ list \
#    CONFIG.DDR_MEMORY_MODE {Custom} \
#    CONFIG.DEBUG_MODE {JTAG} \
#    CONFIG.DESIGN_MODE {1} \
#    CONFIG.PS_BOARD_INTERFACE {ps_pmc_fixed_io} \
#    CONFIG.PS_PMC_CONFIG {\
#      DEBUG_MODE {JTAG}\
#      DESIGN_MODE {1}\
#      PMC_GPIO0_MIO_PERIPHERAL {{ENABLE 1} {IO {PMC_MIO 0 .. 25}}}\
#      PMC_GPIO1_MIO_PERIPHERAL {{ENABLE 1} {IO {PMC_MIO 26 .. 51}}}\
#      PMC_MIO37 {{AUX_IO 0} {DIRECTION out} {DRIVE_STRENGTH 8mA} {OUTPUT_DATA high}\
# {PULL pullup} {SCHMITT 0} {SLEW slow} {USAGE GPIO}}\
#      PMC_OSPI_PERIPHERAL {{ENABLE 0} {IO {PMC_MIO 0 .. 11}} {MODE Single}}\
#      PMC_QSPI_COHERENCY {0}\
#      PMC_QSPI_FBCLK {{ENABLE 1} {IO {PMC_MIO 6}}}\
#      PMC_QSPI_PERIPHERAL_DATA_MODE {x4}\
#      PMC_QSPI_PERIPHERAL_ENABLE {1}\
#      PMC_QSPI_PERIPHERAL_MODE {Dual Parallel}\
#      PMC_REF_CLK_FREQMHZ {33.3333}\
#      PMC_SD1 {{CD_ENABLE 1} {CD_IO {PMC_MIO 28}} {POW_ENABLE 1} {POW_IO {PMC_MIO 51}}\
# {RESET_ENABLE 0} {RESET_IO {PMC_MIO 12}} {WP_ENABLE 0} {WP_IO {PMC_MIO\
# 1}}}\
#      PMC_SD1_COHERENCY {0}\
#      PMC_SD1_DATA_TRANSFER_MODE {8Bit}\
#      PMC_SD1_PERIPHERAL {{CLK_100_SDR_OTAP_DLY 0x3} {CLK_200_SDR_OTAP_DLY 0x2}\
# {CLK_50_DDR_ITAP_DLY 0x36} {CLK_50_DDR_OTAP_DLY 0x3}\
# {CLK_50_SDR_ITAP_DLY 0x2C} {CLK_50_SDR_OTAP_DLY 0x4} {ENABLE\
# 1} {IO {PMC_MIO 26 .. 36}}}\
#      PMC_SD1_SLOT_TYPE {SD 3.0}\
#      PS_BOARD_INTERFACE {ps_pmc_fixed_io}\
#      PS_CAN1_PERIPHERAL {{ENABLE 1} {IO {PMC_MIO 40 .. 41}}}\
#      PS_ENET0_MDIO {{ENABLE 1} {IO {PS_MIO 24 .. 25}}}\
#      PS_ENET0_PERIPHERAL {{ENABLE 1} {IO {PS_MIO 0 .. 11}}}\
#      PS_ENET1_PERIPHERAL {{ENABLE 1} {IO {PS_MIO 12 .. 23}}}\
#      PS_GEN_IPI0_ENABLE {1}\
#      PS_GEN_IPI0_MASTER {A72}\
#      PS_GEN_IPI1_ENABLE {1}\
#      PS_GEN_IPI1_MASTER {R5_0}\
#      PS_GEN_IPI2_ENABLE {1}\
#      PS_GEN_IPI2_MASTER {R5_0}\
#      PS_GEN_IPI3_ENABLE {1}\
#      PS_GEN_IPI3_MASTER {A72}\
#      PS_GEN_IPI4_ENABLE {1}\
#      PS_GEN_IPI5_ENABLE {1}\
#      PS_GEN_IPI6_ENABLE {1}\
#      PS_HSDP_EGRESS_TRAFFIC {JTAG}\
#      PS_HSDP_INGRESS_TRAFFIC {JTAG}\
#      PS_HSDP_MODE {None}\
#      PS_I2C0_PERIPHERAL {{ENABLE 1} {IO {PMC_MIO 46 .. 47}}}\
#      PS_I2C1_PERIPHERAL {{ENABLE 1} {IO {PMC_MIO 44 .. 45}}}\
#      PS_MIO19 {{AUX_IO 0} {DIRECTION in} {DRIVE_STRENGTH 8mA} {OUTPUT_DATA default}\
# {PULL disable} {SCHMITT 0} {SLEW slow} {USAGE Reserved}}\
#      PS_MIO21 {{AUX_IO 0} {DIRECTION in} {DRIVE_STRENGTH 8mA} {OUTPUT_DATA default}\
# {PULL disable} {SCHMITT 0} {SLEW slow} {USAGE Reserved}}\
#      PS_MIO7 {{AUX_IO 0} {DIRECTION in} {DRIVE_STRENGTH 8mA} {OUTPUT_DATA default}\
# {PULL disable} {SCHMITT 0} {SLEW slow} {USAGE Reserved}}\
#      PS_MIO9 {{AUX_IO 0} {DIRECTION in} {DRIVE_STRENGTH 8mA} {OUTPUT_DATA default}\
# {PULL disable} {SCHMITT 0} {SLEW slow} {USAGE Reserved}}\
#      PS_NUM_FABRIC_RESETS {0}\
#      PS_PCIE_RESET {{ENABLE 1}}\
#      PS_UART0_PERIPHERAL {{ENABLE 1} {IO {PMC_MIO 42 .. 43}}}\
#      PS_USB3_PERIPHERAL {{ENABLE 1} {IO {PMC_MIO 13 .. 25}}}\
#      PS_USE_PMCPL_CLK0 {0}\
#      PS_USE_PMCPL_CLK1 {0}\
#      PS_USE_PMCPL_CLK2 {0}\
#      PS_USE_PMCPL_CLK3 {0}\
#      SMON_ALARMS {Set_Alarms_On}\
#      SMON_ENABLE_TEMP_AVERAGING {0}\
#      SMON_TEMP_AVERAGING_SAMPLES {0}\
#    } \
#    CONFIG.PS_PMC_CONFIG_APPLIED {1} \
#  ] $versal_cips_0
# 
#   # Create port connections
# 
#   # Create address segments
# 
# 
#   # Restore current instance
#   current_bd_instance $oldCurInst
# 
#   validate_bd_design
#   save_bd_design
# }
# create_root_design ""
INFO: [Device 21-403] Loading part xcvc1902-vsva2197-2MP-e-S
create_bd_cell: Time (s): cpu = 00:00:16 ; elapsed = 00:00:13 . Memory (MB): peak = 7939.355 ; gain = 295.016 ; free physical = 11882 ; free virtual = 23234
Wrote  : </home/dewsjoe/Desktop/projects_2022.1/projects_ldg/myproj/project_1.srcs/sources_1/bd/design_1/design_1.bd> 
Wrote  : </home/dewsjoe/Desktop/projects_2022.1/projects_ldg/myproj/project_1.srcs/sources_1/bd/design_1/ui/bd_1f5defd0.ui> 
update_compile_order -fileset sources_1
save_project_as project_2 /home/dewsjoe/Desktop/projects_2022.1/projects_ldg/project_2 -force
startgroup
create_bd_cell -type ip -vlnv xilinx.com:ip:axi_noc:1.0 axi_noc_0
endgroup
set_property location {2 811 103} [get_bd_cells axi_noc_0]
set_property location {2 785 46} [get_bd_cells axi_noc_0]
apply_bd_automation -rule xilinx.com:bd_rule:axi_noc -config { mc_type {DDR} noc_clk {None} num_axi_bram {None} num_axi_tg {None} num_aximm_ext {None} num_mc_ddr {1} num_mc_lpddr {None} pl2noc_apm {0} pl2noc_cips {1}}  [get_bd_cells axi_noc_0]
INFO: [xilinx.com:ip:axi_noc:1.0-101] Block Automation /axi_noc_0 requested enabling DDR Memory Controller (1). By default internal memory responder will be enabled within DDR4 Memory Controller.
apply_bd_automation: Time (s): cpu = 00:00:12 ; elapsed = 00:00:11 . Memory (MB): peak = 8251.863 ; gain = 25.707 ; free physical = 11741 ; free virtual = 23112
apply_bd_automation: Time (s): cpu = 00:00:13 ; elapsed = 00:00:12 . Memory (MB): peak = 8251.863 ; gain = 25.707 ; free physical = 11741 ; free virtual = 23112
startgroup
set_property -dict [list CONFIG.PS_PMC_CONFIG { DDR_MEMORY_MODE {Connectivity to DDR via NOC}  DEBUG_MODE JTAG  DESIGN_MODE 1  PMC_GPIO0_MIO_PERIPHERAL {{ENABLE 1} {IO {PMC_MIO 0 .. 25}}}  PMC_GPIO1_MIO_PERIPHERAL {{ENABLE 1} {IO {PMC_MIO 26 .. 51}}}  PMC_MIO37 {{AUX_IO 0} {DIRECTION out} {DRIVE_STRENGTH 8mA} {OUTPUT_DATA high} {PULL pullup} {SCHMITT 0} {SLEW slow} {USAGE GPIO}}  PMC_OSPI_PERIPHERAL {{ENABLE 0} {IO {PMC_MIO 0 .. 11}} {MODE Single}}  PMC_QSPI_COHERENCY 0  PMC_QSPI_FBCLK {{ENABLE 1} {IO {PMC_MIO 6}}}  PMC_QSPI_PERIPHERAL_DATA_MODE x4  PMC_QSPI_PERIPHERAL_ENABLE 1  PMC_QSPI_PERIPHERAL_MODE {Dual Parallel}  PMC_REF_CLK_FREQMHZ 33.3333  PMC_SD1 {{CD_ENABLE 1} {CD_IO {PMC_MIO 28}} {POW_ENABLE 1} {POW_IO {PMC_MIO 51}} {RESET_ENABLE 0} {RESET_IO {PMC_MIO 12}} {WP_ENABLE 0} {WP_IO {PMC_MIO 1}}}  PMC_SD1_COHERENCY 0  PMC_SD1_DATA_TRANSFER_MODE 8Bit  PMC_SD1_PERIPHERAL {{CLK_100_SDR_OTAP_DLY 0x3} {CLK_200_SDR_OTAP_DLY 0x2} {CLK_50_DDR_ITAP_DLY 0x36} {CLK_50_DDR_OTAP_DLY 0x3} {CLK_50_SDR_ITAP_DLY 0x2C} {CLK_50_SDR_OTAP_DLY 0x4} {ENABLE 1} {IO {PMC_MIO 26 .. 36}}}  PMC_SD1_SLOT_TYPE {SD 3.0}  PMC_USE_PMC_NOC_AXI0 1  PS_BOARD_INTERFACE ps_pmc_fixed_io  PS_CAN1_PERIPHERAL {{ENABLE 1} {IO {PMC_MIO 40 .. 41}}}  PS_ENET0_MDIO {{ENABLE 1} {IO {PS_MIO 24 .. 25}}}  PS_ENET0_PERIPHERAL {{ENABLE 1} {IO {PS_MIO 0 .. 11}}}  PS_ENET1_PERIPHERAL {{ENABLE 1} {IO {PS_MIO 12 .. 23}}}  PS_GEN_IPI0_ENABLE 1  PS_GEN_IPI0_MASTER A72  PS_GEN_IPI1_ENABLE 1  PS_GEN_IPI1_MASTER R5_0  PS_GEN_IPI2_ENABLE 1  PS_GEN_IPI2_MASTER R5_0  PS_GEN_IPI3_ENABLE 1  PS_GEN_IPI3_MASTER A72  PS_GEN_IPI4_ENABLE 1  PS_GEN_IPI5_ENABLE 1  PS_GEN_IPI6_ENABLE 1  PS_HSDP_EGRESS_TRAFFIC JTAG  PS_HSDP_INGRESS_TRAFFIC JTAG  PS_HSDP_MODE None  PS_I2C0_PERIPHERAL {{ENABLE 1} {IO {PMC_MIO 46 .. 47}}}  PS_I2C1_PERIPHERAL {{ENABLE 1} {IO {PMC_MIO 44 .. 45}}}  PS_MIO19 {{AUX_IO 0} {DIRECTION in} {DRIVE_STRENGTH 8mA} {OUTPUT_DATA default} {PULL disable} {SCHMITT 0} {SLEW slow} {USAGE Reserved}}  PS_MIO21 {{AUX_IO 0} {DIRECTION in} {DRIVE_STRENGTH 8mA} {OUTPUT_DATA default} {PULL disable} {SCHMITT 0} {SLEW slow} {USAGE Reserved}}  PS_MIO7 {{AUX_IO 0} {DIRECTION in} {DRIVE_STRENGTH 8mA} {OUTPUT_DATA default} {PULL disable} {SCHMITT 0} {SLEW slow} {USAGE Reserved}}  PS_MIO9 {{AUX_IO 0} {DIRECTION in} {DRIVE_STRENGTH 8mA} {OUTPUT_DATA default} {PULL disable} {SCHMITT 0} {SLEW slow} {USAGE Reserved}}  PS_NUM_FABRIC_RESETS 0  PS_PCIE_RESET {{ENABLE 1}}  PS_UART0_PERIPHERAL {{ENABLE 1} {IO {PMC_MIO 42 .. 43}}}  PS_USB3_PERIPHERAL {{ENABLE 1} {IO {PMC_MIO 13 .. 25}}}  PS_USE_FPD_AXI_NOC0 1  PS_USE_FPD_AXI_NOC1 1  PS_USE_FPD_CCI_NOC 1  PS_USE_FPD_CCI_NOC0 1  PS_USE_NOC_LPD_AXI0 1  PS_USE_PMCPL_CLK0 0  PS_USE_PMCPL_CLK1 0  PS_USE_PMCPL_CLK2 0  PS_USE_PMCPL_CLK3 0  SMON_ALARMS Set_Alarms_On  SMON_ENABLE_TEMP_AVERAGING 0  SMON_TEMP_AVERAGING_SAMPLES 0 } CONFIG.PS_PMC_CONFIG_APPLIED {1}] [get_bd_cells versal_cips_0]
endgroup
startgroup
set_property -dict [list CONFIG.NUM_SI {8} CONFIG.NUM_CLKS {8}] [get_bd_cells axi_noc_0]
set_property -dict [list CONFIG.CONNECTIONS {MC_1 { read_bw {100} write_bw {100} read_avg_burst {4} write_avg_burst {4}} }] [get_bd_intf_pins /axi_noc_0/S05_AXI]
WARNING: [BD 41-1931] The CONNECTIVITY change has put the mapped segment /versal_cips_0/PMC_NOC_AXI_0 [ /axi_noc_0/S05_AXI/C0_DDR_LOW0 ] out of scope. Please unmap and remap the segments
WARNING: [BD 41-1931] The CONNECTIVITY change has put the mapped segment /versal_cips_0/PMC_NOC_AXI_0 [ /axi_noc_0/S05_AXI/C0_DDR_LOW1 ] out of scope. Please unmap and remap the segments
set_property -dict [list CONFIG.CATEGORY {ps_nci} CONFIG.CONNECTIONS {MC_2 { read_bw {1720} write_bw {1720} read_avg_burst {4} write_avg_burst {4}} }] [get_bd_intf_pins /axi_noc_0/S06_AXI]
set_property -dict [list CONFIG.CATEGORY {ps_nci} CONFIG.CONNECTIONS {MC_3 { read_bw {1720} write_bw {1720} read_avg_burst {4} write_avg_burst {4}} }] [get_bd_intf_pins /axi_noc_0/S07_AXI]
set_property -dict [list CONFIG.ASSOCIATED_BUSIF {S00_AXI:S07_AXI:S06_AXI}] [get_bd_pins /axi_noc_0/aclk0]
endgroup
connect_bd_intf_net [get_bd_intf_pins versal_cips_0/FPD_AXI_NOC_0] [get_bd_intf_pins axi_noc_0/S06_AXI]
connect_bd_intf_net [get_bd_intf_pins versal_cips_0/FPD_AXI_NOC_1] [get_bd_intf_pins axi_noc_0/S07_AXI]
connect_bd_net [get_bd_pins versal_cips_0/fpd_axi_noc_axi0_clk] [get_bd_pins axi_noc_0/aclk6]
connect_bd_net [get_bd_pins versal_cips_0/fpd_axi_noc_axi1_clk] [get_bd_pins axi_noc_0/aclk7]
assign_bd_address
Slave segment '/axi_noc_0/S06_AXI/C2_DDR_LOW0' is being assigned into address space '/versal_cips_0/FPD_AXI_NOC_0' at <0x0000_0000 [ 2G ]>.
Slave segment '/axi_noc_0/S07_AXI/C3_DDR_LOW0' is being assigned into address space '/versal_cips_0/FPD_AXI_NOC_1' at <0x0000_0000 [ 2G ]>.
Slave segment '/axi_noc_0/S05_AXI/C1_DDR_LOW0' is being assigned into address space '/versal_cips_0/PMC_NOC_AXI_0' at <0x0000_0000 [ 2G ]>.
Slave segment '/axi_noc_0/S06_AXI/C2_DDR_LOW1' is being assigned into address space '/versal_cips_0/FPD_AXI_NOC_0' at <0x8_0000_0000 [ 6G ]>.
Slave segment '/axi_noc_0/S07_AXI/C3_DDR_LOW1' is being assigned into address space '/versal_cips_0/FPD_AXI_NOC_1' at <0x8_0000_0000 [ 6G ]>.
Slave segment '/axi_noc_0/S05_AXI/C1_DDR_LOW1' is being assigned into address space '/versal_cips_0/PMC_NOC_AXI_0' at <0x8_0000_0000 [ 6G ]>.
auto_assign_options {memory_capacity 8G}
validate_bd_design
Generating placement and routing for NoC components
NoC TrafficSpec | Checksum: eb6f90df
NoC Constraints | Checksum: dfa00f92
NoC Incremental Solution | Checksum: 8cee98bf
INFO: [Ipconfig 75-92] Running NOC Placement
INFO: [Ipconfig 75-122] Detailed placement phase
INFO: [Ipconfig 75-133] Running NOC Routing
NoC Compiler Finished Successfully
NoC Solution | Checksum: d08504b9
INFO: [Ipconfig 75-108] Writing file /home/dewsjoe/Desktop/projects_2022.1/projects_ldg/project_2/project_2.gen/sources_1/common/nsln/NOC_Power.xpe.
WARNING: [BD 41-237] Bus Interface property RUSER_WIDTH does not match between /axi_noc_0/S00_AXI(17) and /versal_cips_0/FPD_CCI_NOC_0(0)
WARNING: [BD 41-237] Bus Interface property RUSER_WIDTH does not match between /axi_noc_0/S01_AXI(17) and /versal_cips_0/FPD_CCI_NOC_1(0)
WARNING: [BD 41-237] Bus Interface property RUSER_WIDTH does not match between /axi_noc_0/S02_AXI(17) and /versal_cips_0/FPD_CCI_NOC_2(0)
WARNING: [BD 41-237] Bus Interface property RUSER_WIDTH does not match between /axi_noc_0/S03_AXI(17) and /versal_cips_0/FPD_CCI_NOC_3(0)
WARNING: [BD 41-237] Bus Interface property WUSER_WIDTH does not match between /axi_noc_0/S06_AXI(17) and /versal_cips_0/FPD_AXI_NOC_0(0)
WARNING: [BD 41-237] Bus Interface property RUSER_WIDTH does not match between /axi_noc_0/S06_AXI(17) and /versal_cips_0/FPD_AXI_NOC_0(0)
WARNING: [BD 41-237] Bus Interface property WUSER_WIDTH does not match between /axi_noc_0/S07_AXI(17) and /versal_cips_0/FPD_AXI_NOC_1(0)
WARNING: [BD 41-237] Bus Interface property RUSER_WIDTH does not match between /axi_noc_0/S07_AXI(17) and /versal_cips_0/FPD_AXI_NOC_1(0)
WARNING: [BD 41-237] Bus Interface property WUSER_WIDTH does not match between /axi_noc_0/S04_AXI(17) and /versal_cips_0/LPD_AXI_NOC_0(0)
WARNING: [BD 41-237] Bus Interface property RUSER_WIDTH does not match between /axi_noc_0/S04_AXI(17) and /versal_cips_0/LPD_AXI_NOC_0(0)
validate_bd_design: Time (s): cpu = 00:00:23 ; elapsed = 00:00:19 . Memory (MB): peak = 9923.109 ; gain = 60.738 ; free physical = 11324 ; free virtual = 22752
generate_target all [get_files  /home/dewsjoe/Desktop/projects_2022.1/projects_ldg/project_2/project_2.srcs/sources_1/bd/design_1/design_1.bd]
INFO: [BD 41-1662] The design 'design_1.bd' is already validated. Therefore parameter propagation will not be re-run.
Wrote  : </home/dewsjoe/Desktop/projects_2022.1/projects_ldg/project_2/project_2.srcs/sources_1/bd/design_1/design_1.bd> 
Wrote  : </home/dewsjoe/Desktop/projects_2022.1/projects_ldg/project_2/project_2.srcs/sources_1/bd/design_1/ui/bd_1f5defd0.ui> 
Verilog Output written to : /home/dewsjoe/Desktop/projects_2022.1/projects_ldg/project_2/project_2.gen/sources_1/bd/design_1/synth/design_1.v
Verilog Output written to : /home/dewsjoe/Desktop/projects_2022.1/projects_ldg/project_2/project_2.gen/sources_1/bd/design_1/sim/design_1.v
Verilog Output written to : /home/dewsjoe/Desktop/projects_2022.1/projects_ldg/project_2/project_2.gen/sources_1/bd/design_1/hdl/design_1_wrapper.v
INFO: [IP_Flow 19-5611] Unable to find an associated reset port for the interface 'FPD_CCI_NOC_0'. A default connection has been created.
INFO: [IP_Flow 19-5611] Unable to find an associated reset port for the interface 'FPD_CCI_NOC_1'. A default connection has been created.
INFO: [IP_Flow 19-5611] Unable to find an associated reset port for the interface 'FPD_CCI_NOC_2'. A default connection has been created.
INFO: [IP_Flow 19-5611] Unable to find an associated reset port for the interface 'FPD_CCI_NOC_3'. A default connection has been created.
INFO: [IP_Flow 19-5611] Unable to find an associated reset port for the interface 'FPD_AXI_NOC_0'. A default connection has been created.
INFO: [IP_Flow 19-5611] Unable to find an associated reset port for the interface 'FPD_AXI_NOC_1'. A default connection has been created.
INFO: [IP_Flow 19-5611] Unable to find an associated reset port for the interface 'LPD_AXI_NOC_0'. A default connection has been created.
INFO: [IP_Flow 19-5611] Unable to find an associated reset port for the interface 'PMC_NOC_AXI_0'. A default connection has been created.
INFO: [xilinx.com:ip:pspmc:1.2-2] bd_70da_pspmc_0_0: XDC Generation
INFO: [xilinx.com:ip:pspmc:1.2-2] bd_70da_pspmc_0_0: Time taken by generate_ps_data 1219 ms
INFO: [xilinx.com:ip:pspmc:1.2-2] bd_70da_pspmc_0_0: Time taken by XDC_generate is 1219 ms
INFO: [xilinx.com:ip:pspmc:1.2-2] bd_70da_pspmc_0_0: REG Generation
INFO: [xilinx.com:ip:pspmc:1.2-2] bd_70da_pspmc_0_0: Time taken by generate_ps_data 801 ms
INFO: [xilinx.com:ip:pspmc:1.2-2] bd_70da_pspmc_0_0: Time taken by reg_generate is 801 ms
Exporting to file /home/dewsjoe/Desktop/projects_2022.1/projects_ldg/project_2/project_2.gen/sources_1/bd/design_1/ip/design_1_versal_cips_0_0/bd_0/hw_handoff/design_1_versal_cips_0_0.hwh
Generated Hardware Definition File /home/dewsjoe/Desktop/projects_2022.1/projects_ldg/project_2/project_2.gen/sources_1/bd/design_1/ip/design_1_versal_cips_0_0/bd_0/synth/design_1_versal_cips_0_0.hwdef
INFO: [BD 41-1029] Generation completed for the IP Integrator block versal_cips_0 .
INFO: [IP_Flow 19-5611] Unable to find an associated reset port for the interface 'S00_AXI'. A default connection has been created.
INFO: [IP_Flow 19-5611] Unable to find an associated reset port for the interface 'S01_AXI'. A default connection has been created.
INFO: [IP_Flow 19-5611] Unable to find an associated reset port for the interface 'S02_AXI'. A default connection has been created.
INFO: [IP_Flow 19-5611] Unable to find an associated reset port for the interface 'S03_AXI'. A default connection has been created.
INFO: [IP_Flow 19-5611] Unable to find an associated reset port for the interface 'S04_AXI'. A default connection has been created.
INFO: [IP_Flow 19-5611] Unable to find an associated reset port for the interface 'S05_AXI'. A default connection has been created.
INFO: [IP_Flow 19-5611] Unable to find an associated reset port for the interface 'S06_AXI'. A default connection has been created.
INFO: [IP_Flow 19-5611] Unable to find an associated reset port for the interface 'S07_AXI'. A default connection has been created.
INFO: [xilinx.com:ip:noc_nmu:1.0-1] bd_8be5_S01_AXI_nmu_0: device = xcvc1902
INFO: [xilinx.com:ip:noc_nmu:1.0-1] bd_8be5_S01_AXI_nmu_0: device = xcvc1902
INFO: [IP_Flow 19-5611] Unable to find an associated reset port for the interface 'SAXI4'. A default connection has been created.
INFO: [xilinx.com:ip:noc_nmu:1.0-1] bd_8be5_S06_AXI_nmu_0: device = xcvc1902
INFO: [xilinx.com:ip:noc_nmu:1.0-1] bd_8be5_S06_AXI_nmu_0: device = xcvc1902
INFO: [IP_Flow 19-5611] Unable to find an associated reset port for the interface 'SAXI4'. A default connection has been created.
INFO: [xilinx.com:ip:noc_nmu:1.0-1] bd_8be5_S00_AXI_nmu_0: device = xcvc1902
INFO: [xilinx.com:ip:noc_nmu:1.0-1] bd_8be5_S00_AXI_nmu_0: device = xcvc1902
INFO: [IP_Flow 19-5611] Unable to find an associated reset port for the interface 'SAXI4'. A default connection has been created.
INFO: [xilinx.com:ip:noc_nmu:1.0-1] bd_8be5_S02_AXI_nmu_0: device = xcvc1902
INFO: [xilinx.com:ip:noc_nmu:1.0-1] bd_8be5_S02_AXI_nmu_0: device = xcvc1902
INFO: [IP_Flow 19-5611] Unable to find an associated reset port for the interface 'SAXI4'. A default connection has been created.
INFO: [xilinx.com:ip:noc_nmu:1.0-1] bd_8be5_S07_AXI_nmu_0: device = xcvc1902
INFO: [xilinx.com:ip:noc_nmu:1.0-1] bd_8be5_S07_AXI_nmu_0: device = xcvc1902
INFO: [IP_Flow 19-5611] Unable to find an associated reset port for the interface 'SAXI4'. A default connection has been created.
INFO: [xilinx.com:ip:noc_nmu:1.0-1] bd_8be5_S03_AXI_nmu_0: device = xcvc1902
INFO: [xilinx.com:ip:noc_nmu:1.0-1] bd_8be5_S03_AXI_nmu_0: device = xcvc1902
INFO: [IP_Flow 19-5611] Unable to find an associated reset port for the interface 'SAXI4'. A default connection has been created.
INFO: [xilinx.com:ip:noc_nmu:1.0-1] bd_8be5_S05_AXI_nmu_0: device = xcvc1902
INFO: [xilinx.com:ip:noc_nmu:1.0-1] bd_8be5_S05_AXI_nmu_0: device = xcvc1902
INFO: [IP_Flow 19-5611] Unable to find an associated reset port for the interface 'SAXI4'. A default connection has been created.
INFO: [xilinx.com:ip:noc_nmu:1.0-1] bd_8be5_S04_AXI_rpu_0: device = xcvc1902
INFO: [xilinx.com:ip:noc_nmu:1.0-1] bd_8be5_S04_AXI_rpu_0: device = xcvc1902
INFO: [IP_Flow 19-5611] Unable to find an associated reset port for the interface 'SAXI4'. A default connection has been created.
Calling reg_generate
Exporting to file /home/dewsjoe/Desktop/projects_2022.1/projects_ldg/project_2/project_2.gen/sources_1/bd/design_1/ip/design_1_axi_noc_0_0/bd_0/hw_handoff/design_1_axi_noc_0_0.hwh
Generated Hardware Definition File /home/dewsjoe/Desktop/projects_2022.1/projects_ldg/project_2/project_2.gen/sources_1/bd/design_1/ip/design_1_axi_noc_0_0/bd_0/synth/design_1_axi_noc_0_0.hwdef
INFO: [BD 41-1029] Generation completed for the IP Integrator block axi_noc_0 .
Exporting to file /home/dewsjoe/Desktop/projects_2022.1/projects_ldg/project_2/project_2.gen/sources_1/bd/design_1/hw_handoff/design_1.hwh
Generated Hardware Definition File /home/dewsjoe/Desktop/projects_2022.1/projects_ldg/project_2/project_2.gen/sources_1/bd/design_1/synth/design_1.hwdef
generate_target: Time (s): cpu = 00:01:07 ; elapsed = 00:01:14 . Memory (MB): peak = 10039.812 ; gain = 70.840 ; free physical = 11023 ; free virtual = 22520
catch { config_ip_cache -export [get_ips -all design_1_axi_noc_0_0] }
export_ip_user_files -of_objects [get_files /home/dewsjoe/Desktop/projects_2022.1/projects_ldg/project_2/project_2.srcs/sources_1/bd/design_1/design_1.bd] -no_script -sync -force -quiet
create_ip_run [get_files -of_objects [get_fileset sources_1] /home/dewsjoe/Desktop/projects_2022.1/projects_ldg/project_2/project_2.srcs/sources_1/bd/design_1/design_1.bd]
launch_runs design_1_axi_noc_0_0_synth_1 -jobs 6
[Wed Feb 12 16:43:05 2025] Launched design_1_axi_noc_0_0_synth_1...
Run output will be captured here: /home/dewsjoe/Desktop/projects_2022.1/projects_ldg/project_2/project_2.runs/design_1_axi_noc_0_0_synth_1/runme.log
export_simulation -of_objects [get_files /home/dewsjoe/Desktop/projects_2022.1/projects_ldg/project_2/project_2.srcs/sources_1/bd/design_1/design_1.bd] -directory /home/dewsjoe/Desktop/projects_2022.1/projects_ldg/project_2/project_2.ip_user_files/sim_scripts -ip_user_files_dir /home/dewsjoe/Desktop/projects_2022.1/projects_ldg/project_2/project_2.ip_user_files -ipstatic_source_dir /home/dewsjoe/Desktop/projects_2022.1/projects_ldg/project_2/project_2.ip_user_files/ipstatic -lib_map_path [list {modelsim=/home/dewsjoe/Desktop/projects_2022.1/projects_ldg/project_2/project_2.cache/compile_simlib/modelsim} {questa=/home/dewsjoe/Desktop/projects_2022.1/projects_ldg/project_2/project_2.cache/compile_simlib/questa} {xcelium=/home/dewsjoe/Desktop/projects_2022.1/projects_ldg/project_2/project_2.cache/compile_simlib/xcelium} {vcs=/home/dewsjoe/Desktop/projects_2022.1/projects_ldg/project_2/project_2.cache/compile_simlib/vcs} {riviera=/home/dewsjoe/Desktop/projects_2022.1/projects_ldg/project_2/project_2.cache/compile_simlib/riviera}] -use_ip_compiled_libs -force -quiet
launch_runs impl_1 -to_step write_device_image -jobs 6
CRITICAL WARNING: [filemgmt 20-730] Could not find a top module in the fileset sources_1.
Resolution: With the gui up, review the source files in the Sources window. Use Add Sources to add any needed sources. If the files are disabled, enable them. You can also select the file and choose Set Used In from the pop-up menu. Review if they are being used at the proper points of the flow.
ERROR: [Common 17-70] Application Exception: Top module not set for fileset 'sources_1'. Please ensure that a valid value is provided for 'top'. The value for 'top' can be set/changed using the 'Top Module Name' field under 'Project Settings', or using the 'set_property top' Tcl command (e.g. set_property top <name> [current_fileset]).
make_wrapper -files [get_files /home/dewsjoe/Desktop/projects_2022.1/projects_ldg/project_2/project_2.srcs/sources_1/bd/design_1/design_1.bd] -top
add_files -norecurse /home/dewsjoe/Desktop/projects_2022.1/projects_ldg/project_2/project_2.gen/sources_1/bd/design_1/hdl/design_1_wrapper.v
update_compile_order -fileset sources_1
generate_target all [get_files  /home/dewsjoe/Desktop/projects_2022.1/projects_ldg/project_2/project_2.srcs/sources_1/bd/design_1/design_1.bd]
Exporting to file /home/dewsjoe/Desktop/projects_2022.1/projects_ldg/project_2/project_2.gen/sources_1/bd/design_1/ip/design_1_versal_cips_0_0/bd_0/hw_handoff/design_1_versal_cips_0_0.hwh
Generated Hardware Definition File /home/dewsjoe/Desktop/projects_2022.1/projects_ldg/project_2/project_2.gen/sources_1/bd/design_1/ip/design_1_versal_cips_0_0/bd_0/synth/design_1_versal_cips_0_0.hwdef
Exporting to file /home/dewsjoe/Desktop/projects_2022.1/projects_ldg/project_2/project_2.gen/sources_1/bd/design_1/ip/design_1_axi_noc_0_0/bd_0/hw_handoff/design_1_axi_noc_0_0.hwh
Generated Hardware Definition File /home/dewsjoe/Desktop/projects_2022.1/projects_ldg/project_2/project_2.gen/sources_1/bd/design_1/ip/design_1_axi_noc_0_0/bd_0/synth/design_1_axi_noc_0_0.hwdef
catch { config_ip_cache -export [get_ips -all design_1_axi_noc_0_0] }
export_ip_user_files -of_objects [get_files /home/dewsjoe/Desktop/projects_2022.1/projects_ldg/project_2/project_2.srcs/sources_1/bd/design_1/design_1.bd] -no_script -sync -force -quiet
create_ip_run [get_files -of_objects [get_fileset sources_1] /home/dewsjoe/Desktop/projects_2022.1/projects_ldg/project_2/project_2.srcs/sources_1/bd/design_1/design_1.bd]
launch_runs design_1_axi_noc_0_0_synth_1 -jobs 6
[Wed Feb 12 16:46:50 2025] Launched design_1_axi_noc_0_0_synth_1...
Run output will be captured here: /home/dewsjoe/Desktop/projects_2022.1/projects_ldg/project_2/project_2.runs/design_1_axi_noc_0_0_synth_1/runme.log
export_simulation -of_objects [get_files /home/dewsjoe/Desktop/projects_2022.1/projects_ldg/project_2/project_2.srcs/sources_1/bd/design_1/design_1.bd] -directory /home/dewsjoe/Desktop/projects_2022.1/projects_ldg/project_2/project_2.ip_user_files/sim_scripts -ip_user_files_dir /home/dewsjoe/Desktop/projects_2022.1/projects_ldg/project_2/project_2.ip_user_files -ipstatic_source_dir /home/dewsjoe/Desktop/projects_2022.1/projects_ldg/project_2/project_2.ip_user_files/ipstatic -lib_map_path [list {modelsim=/home/dewsjoe/Desktop/projects_2022.1/projects_ldg/project_2/project_2.cache/compile_simlib/modelsim} {questa=/home/dewsjoe/Desktop/projects_2022.1/projects_ldg/project_2/project_2.cache/compile_simlib/questa} {xcelium=/home/dewsjoe/Desktop/projects_2022.1/projects_ldg/project_2/project_2.cache/compile_simlib/xcelium} {vcs=/home/dewsjoe/Desktop/projects_2022.1/projects_ldg/project_2/project_2.cache/compile_simlib/vcs} {riviera=/home/dewsjoe/Desktop/projects_2022.1/projects_ldg/project_2/project_2.cache/compile_simlib/riviera}] -use_ip_compiled_libs -force -quiet
launch_runs impl_1 -to_step write_device_image -jobs 6
[Wed Feb 12 16:47:33 2025] Launched design_1_axi_noc_0_0_synth_1, synth_1...
Run output will be captured here:
design_1_axi_noc_0_0_synth_1: /home/dewsjoe/Desktop/projects_2022.1/projects_ldg/project_2/project_2.runs/design_1_axi_noc_0_0_synth_1/runme.log
synth_1: /home/dewsjoe/Desktop/projects_2022.1/projects_ldg/project_2/project_2.runs/synth_1/runme.log
[Wed Feb 12 16:47:33 2025] Launched impl_1...
Run output will be captured here: /home/dewsjoe/Desktop/projects_2022.1/projects_ldg/project_2/project_2.runs/impl_1/runme.log
write_hw_platform -fixed -include_bit -force -file /home/dewsjoe/Desktop/projects_2022.1/projects_ldg/project_2/design_1_wrapper.xsa
INFO: [Project 1-1929] For a Versal design the -include_bit is not required. The generated platform will always contain either a pre-synthesis or post implementation .pdi file.
INFO: [Project 1-1918] Creating Hardware Platform: /home/dewsjoe/Desktop/projects_2022.1/projects_ldg/project_2/design_1_wrapper.xsa ...
INFO: [Project 1-1943] The Hardware Platform can be used for Hardware
INFO: [Project 1-1941] Successfully created Hardware Platform: /home/dewsjoe/Desktop/projects_2022.1/projects_ldg/project_2/design_1_wrapper.xsa
INFO: [Hsi 55-2053] elapsed time for repository (/media/dewsjoe/Data/Vitis_2022_1/Vivado/2022.1/data/embeddedsw) loading 0 seconds
write_hw_platform: Time (s): cpu = 00:00:07 ; elapsed = 00:00:05 . Memory (MB): peak = 10388.035 ; gain = 0.000 ; free physical = 8207 ; free virtual = 19920
write_bd_tcl design_tcl_2
INFO: [BD 5-148] Tcl file written out </home/dewsjoe/Desktop/projects_2022.1/projects_ldg/design_tcl_2.tcl>.

INFO: [Vivado 12-8231] Launching Vitis
INFO: [Vivado 12-417] Running vitis
INFO: [Vivado 12-8232] Vitis launch initiated. Please check console for any further messages.
save_project_as project_3 /home/dewsjoe/Desktop/projects_2022.1/projects_ldg/project_3 -force
startgroup
set_property -dict [list CONFIG.PS_PMC_CONFIG { CLOCK_MODE Custom  DDR_MEMORY_MODE {Connectivity to DDR via NOC}  DEBUG_MODE JTAG  DESIGN_MODE 1  PMC_CRP_PL0_REF_CTRL_FREQMHZ 300  PMC_GPIO0_MIO_PERIPHERAL {{ENABLE 1} {IO {PMC_MIO 0 .. 25}}}  PMC_GPIO1_MIO_PERIPHERAL {{ENABLE 1} {IO {PMC_MIO 26 .. 51}}}  PMC_MIO37 {{AUX_IO 0} {DIRECTION out} {DRIVE_STRENGTH 8mA} {OUTPUT_DATA high} {PULL pullup} {SCHMITT 0} {SLEW slow} {USAGE GPIO}}  PMC_OSPI_PERIPHERAL {{ENABLE 0} {IO {PMC_MIO 0 .. 11}} {MODE Single}}  PMC_QSPI_COHERENCY 0  PMC_QSPI_FBCLK {{ENABLE 1} {IO {PMC_MIO 6}}}  PMC_QSPI_PERIPHERAL_DATA_MODE x4  PMC_QSPI_PERIPHERAL_ENABLE 1  PMC_QSPI_PERIPHERAL_MODE {Dual Parallel}  PMC_REF_CLK_FREQMHZ 33.3333  PMC_SD1 {{CD_ENABLE 1} {CD_IO {PMC_MIO 28}} {POW_ENABLE 1} {POW_IO {PMC_MIO 51}} {RESET_ENABLE 0} {RESET_IO {PMC_MIO 12}} {WP_ENABLE 0} {WP_IO {PMC_MIO 1}}}  PMC_SD1_COHERENCY 0  PMC_SD1_DATA_TRANSFER_MODE 8Bit  PMC_SD1_PERIPHERAL {{CLK_100_SDR_OTAP_DLY 0x3} {CLK_200_SDR_OTAP_DLY 0x2} {CLK_50_DDR_ITAP_DLY 0x36} {CLK_50_DDR_OTAP_DLY 0x3} {CLK_50_SDR_ITAP_DLY 0x2C} {CLK_50_SDR_OTAP_DLY 0x4} {ENABLE 1} {IO {PMC_MIO 26 .. 36}}}  PMC_SD1_SLOT_TYPE {SD 3.0}  PMC_USE_PMC_NOC_AXI0 1  PS_BOARD_INTERFACE ps_pmc_fixed_io  PS_CAN1_PERIPHERAL {{ENABLE 1} {IO {PMC_MIO 40 .. 41}}}  PS_ENET0_MDIO {{ENABLE 1} {IO {PS_MIO 24 .. 25}}}  PS_ENET0_PERIPHERAL {{ENABLE 1} {IO {PS_MIO 0 .. 11}}}  PS_ENET1_PERIPHERAL {{ENABLE 1} {IO {PS_MIO 12 .. 23}}}  PS_GEN_IPI0_ENABLE 1  PS_GEN_IPI0_MASTER A72  PS_GEN_IPI1_ENABLE 1  PS_GEN_IPI1_MASTER R5_0  PS_GEN_IPI2_ENABLE 1  PS_GEN_IPI2_MASTER R5_0  PS_GEN_IPI3_ENABLE 1  PS_GEN_IPI3_MASTER A72  PS_GEN_IPI4_ENABLE 1  PS_GEN_IPI5_ENABLE 1  PS_GEN_IPI6_ENABLE 1  PS_HSDP_EGRESS_TRAFFIC JTAG  PS_HSDP_INGRESS_TRAFFIC JTAG  PS_HSDP_MODE None  PS_I2C0_PERIPHERAL {{ENABLE 1} {IO {PMC_MIO 46 .. 47}}}  PS_I2C1_PERIPHERAL {{ENABLE 1} {IO {PMC_MIO 44 .. 45}}}  PS_MIO19 {{AUX_IO 0} {DIRECTION in} {DRIVE_STRENGTH 8mA} {OUTPUT_DATA default} {PULL disable} {SCHMITT 0} {SLEW slow} {USAGE Reserved}}  PS_MIO21 {{AUX_IO 0} {DIRECTION in} {DRIVE_STRENGTH 8mA} {OUTPUT_DATA default} {PULL disable} {SCHMITT 0} {SLEW slow} {USAGE Reserved}}  PS_MIO7 {{AUX_IO 0} {DIRECTION in} {DRIVE_STRENGTH 8mA} {OUTPUT_DATA default} {PULL disable} {SCHMITT 0} {SLEW slow} {USAGE Reserved}}  PS_MIO9 {{AUX_IO 0} {DIRECTION in} {DRIVE_STRENGTH 8mA} {OUTPUT_DATA default} {PULL disable} {SCHMITT 0} {SLEW slow} {USAGE Reserved}}  PS_NUM_FABRIC_RESETS 1  PS_PCIE_RESET {{ENABLE 1}}  PS_PL_CONNECTIVITY_MODE Custom  PS_UART0_PERIPHERAL {{ENABLE 1} {IO {PMC_MIO 42 .. 43}}}  PS_USB3_PERIPHERAL {{ENABLE 1} {IO {PMC_MIO 13 .. 25}}}  PS_USE_FPD_AXI_NOC0 1  PS_USE_FPD_AXI_NOC1 1  PS_USE_FPD_CCI_NOC 1  PS_USE_FPD_CCI_NOC0 1  PS_USE_M_AXI_FPD 1  PS_USE_NOC_LPD_AXI0 1  PS_USE_PMCPL_CLK0 1  PS_USE_PMCPL_CLK1 0  PS_USE_PMCPL_CLK2 0  PS_USE_PMCPL_CLK3 0  SMON_ALARMS Set_Alarms_On  SMON_ENABLE_TEMP_AVERAGING 0  SMON_TEMP_AVERAGING_SAMPLES 0 } CONFIG.PS_PMC_CONFIG_APPLIED {1} CONFIG.CLOCK_MODE {Custom} CONFIG.PS_PL_CONNECTIVITY_MODE {Custom}] [get_bd_cells versal_cips_0]
endgroup
startgroup
create_bd_cell -type ip -vlnv xilinx.com:ip:axi_gpio:2.0 axi_gpio_0
endgroup
startgroup
create_bd_cell -type ip -vlnv xilinx.com:ip:axi_gpio:2.0 axi_gpio_1
endgroup
set_property location {1113 -308} [get_bd_intf_ports ddr4_dimm1]
startgroup
create_bd_cell -type ip -vlnv xilinx.com:ip:axi_uartlite:2.0 axi_uartlite_0
endgroup
WARNING: [BD 5-235] No pins matched 'get_bd_pins /axi_noc_0/aclk'
WARNING: [BD 5-235] No pins matched 'get_bd_pins /axi_noc_0/aclk'
WARNING: [BD 5-235] No pins matched 'get_bd_pins /axi_noc_0/aclk'
WARNING: [BD 5-235] No pins matched 'get_bd_pins /axi_noc_0/aclk'
WARNING: [BD 5-235] No pins matched 'get_bd_pins /axi_noc_0/aclk'
WARNING: [BD 5-235] No pins matched 'get_bd_pins /axi_noc_0/aclk'
startgroup
apply_bd_automation -rule xilinx.com:bd_rule:board -config { Board_Interface {Custom} Manual_Source {Auto}}  [get_bd_intf_pins axi_gpio_0/GPIO]
INFO: [board_rule 100-100] set_property CONFIG.USE_BOARD_FLOW true [get_bd_cells /axi_gpio_0]
INFO: [board_rule 100-100] set_property CONFIG.GPIO_BOARD_INTERFACE Custom [get_bd_cells /axi_gpio_0]
INFO: [BoardRule 102-8] create_bd_intf_port -mode Master -vlnv xilinx.com:interface:gpio_rtl:1.0 gpio_rtl
INFO: [BoardRule 102-9] connect_bd_intf_net /gpio_rtl /axi_gpio_0/GPIO
WARNING: [BoardRule 102-1] Board automation did not generate location constraint for /axi_gpio_0/GPIO. Users may need to specify the location constraint manually.
apply_bd_automation -rule xilinx.com:bd_rule:axi4 -config { Clk_master {/versal_cips_0/pl0_ref_clk (295 MHz)} Clk_slave {/versal_cips_0/pl0_ref_clk (295 MHz)} Clk_xbar {/versal_cips_0/pl0_ref_clk (295 MHz)} Master {/versal_cips_0/M_AXI_FPD} Slave {/axi_gpio_0/S_AXI} ddr_seg {Auto} intc_ip {New AXI SmartConnect} master_apm {0}}  [get_bd_intf_pins axi_gpio_0/S_AXI]
INFO: [Ipptcl 7-1463] No Compatible Board Interface found. Board Tab not created in customize GUI
Slave segment '/axi_gpio_0/S_AXI/Reg' is being assigned into address space '/versal_cips_0/M_AXI_FPD' at <0xA400_0000 [ 64K ]>.
apply_bd_automation -rule xilinx.com:bd_rule:board -config { Board_Interface {Custom} Manual_Source {Auto}}  [get_bd_intf_pins axi_gpio_1/GPIO]
INFO: [board_rule 100-100] set_property CONFIG.USE_BOARD_FLOW true [get_bd_cells /axi_gpio_1]
INFO: [board_rule 100-100] set_property CONFIG.GPIO_BOARD_INTERFACE Custom [get_bd_cells /axi_gpio_1]
INFO: [BoardRule 102-8] create_bd_intf_port -mode Master -vlnv xilinx.com:interface:gpio_rtl:1.0 gpio_rtl_0
INFO: [BoardRule 102-9] connect_bd_intf_net /gpio_rtl_0 /axi_gpio_1/GPIO
WARNING: [BoardRule 102-1] Board automation did not generate location constraint for /axi_gpio_1/GPIO. Users may need to specify the location constraint manually.
apply_bd_automation -rule xilinx.com:bd_rule:axi4 -config { Clk_master {/versal_cips_0/pl0_ref_clk (295 MHz)} Clk_slave {/versal_cips_0/pl0_ref_clk (295 MHz)} Clk_xbar {/versal_cips_0/pl0_ref_clk (295 MHz)} Master {/versal_cips_0/M_AXI_FPD} Slave {/axi_gpio_1/S_AXI} ddr_seg {Auto} intc_ip {New AXI SmartConnect} master_apm {0}}  [get_bd_intf_pins axi_gpio_1/S_AXI]
Slave segment '/axi_gpio_1/S_AXI/Reg' is being assigned into address space '/versal_cips_0/M_AXI_FPD' at <0xA401_0000 [ 64K ]>.
apply_bd_automation -rule xilinx.com:bd_rule:axi4 -config { Clk_master {/versal_cips_0/pl0_ref_clk (295 MHz)} Clk_slave {/versal_cips_0/pl0_ref_clk (295 MHz)} Clk_xbar {/versal_cips_0/pl0_ref_clk (295 MHz)} Master {/versal_cips_0/M_AXI_FPD} Slave {/axi_uartlite_0/S_AXI} ddr_seg {Auto} intc_ip {New AXI SmartConnect} master_apm {0}}  [get_bd_intf_pins axi_uartlite_0/S_AXI]
Slave segment '/axi_uartlite_0/S_AXI/Reg' is being assigned into address space '/versal_cips_0/M_AXI_FPD' at <0xA402_0000 [ 64K ]>.
apply_bd_automation -rule xilinx.com:bd_rule:board -config { Board_Interface {uart2_bank306 ( UART2 bank306 ) } Manual_Source {Auto}}  [get_bd_intf_pins axi_uartlite_0/UART]
INFO: [board_rule 100-100] set_property CONFIG.USE_BOARD_FLOW true [get_bd_cells /axi_uartlite_0]
INFO: [board_rule 100-100] set_property CONFIG.UARTLITE_BOARD_INTERFACE uart2_bank306 [get_bd_cells /axi_uartlite_0]
INFO: [BoardRule 102-8] create_bd_intf_port -mode Master -vlnv xilinx.com:interface:uart_rtl:1.0 uart2_bank306
INFO: [BoardRule 102-9] connect_bd_intf_net /uart2_bank306 /axi_uartlite_0/UART
endgroup
apply_bd_automation -rule xilinx.com:bd_rule:board -config { Manual_Source {Auto}}  [get_bd_pins rst_versal_cips_0_295M/ext_reset_in]
delete_bd_objs [get_bd_nets rst_versal_cips_0_295M_peripheral_aresetn]
connect_bd_net [get_bd_pins axi_smc/aresetn] [get_bd_pins rst_versal_cips_0_295M/interconnect_aresetn]
startgroup
set_property -dict [list CONFIG.C_GPIO_WIDTH {2} CONFIG.C_ALL_OUTPUTS {1}] [get_bd_cells axi_gpio_0]
endgroup
startgroup
set_property -dict [list CONFIG.C_GPIO_WIDTH {2} CONFIG.C_ALL_OUTPUTS {1}] [get_bd_cells axi_gpio_1]
endgroup
startgroup
create_bd_cell -type ip -vlnv xilinx.com:ip:xlslice:1.0 xlslice_0
endgroup
startgroup
create_bd_cell -type ip -vlnv xilinx.com:ip:xlslice:1.0 xlslice_1
endgroup
startgroup
create_bd_cell -type ip -vlnv xilinx.com:ip:xlslice:1.0 xlslice_2
endgroup
startgroup
create_bd_cell -type ip -vlnv xilinx.com:ip:xlslice:1.0 xlslice_3
endgroup
delete_bd_objs [get_bd_intf_nets axi_gpio_1_GPIO] [get_bd_intf_ports gpio_rtl_0]
delete_bd_objs [get_bd_intf_nets axi_gpio_0_GPIO] [get_bd_intf_ports gpio_rtl]
connect_bd_net [get_bd_pins axi_gpio_0/gpio_io_o] [get_bd_pins xlslice_0/Din]
WARNING: [BD 41-1306] The connection to interface pin </axi_gpio_0/gpio_io_o> is being overridden by the user with net <axi_gpio_0_gpio_io_o>. This pin will not be connected as a part of interface connection <GPIO>.
connect_bd_net [get_bd_pins xlslice_1/Din] [get_bd_pins axi_gpio_0/gpio_io_o]
connect_bd_net [get_bd_pins axi_gpio_1/gpio_io_o] [get_bd_pins xlslice_2/Din]
WARNING: [BD 41-1306] The connection to interface pin </axi_gpio_1/gpio_io_o> is being overridden by the user with net <axi_gpio_1_gpio_io_o>. This pin will not be connected as a part of interface connection <GPIO>.
connect_bd_net [get_bd_pins axi_gpio_1/gpio_io_o] [get_bd_pins xlslice_3/Din]
startgroup
make_bd_pins_external  [get_bd_pins xlslice_0/Dout]
endgroup
startgroup
make_bd_pins_external  [get_bd_pins xlslice_1/Dout]
endgroup
startgroup
make_bd_pins_external  [get_bd_pins xlslice_2/Dout]
endgroup
startgroup
make_bd_pins_external  [get_bd_pins xlslice_3/Dout]
endgroup
startgroup
set_property -dict [list CONFIG.DIN_WIDTH {2}] [get_bd_cells xlslice_0]
endgroup
startgroup
set_property -dict [list CONFIG.DIN_TO {1} CONFIG.DIN_FROM {1} CONFIG.DIN_WIDTH {2} CONFIG.DOUT_WIDTH {1}] [get_bd_cells xlslice_1]
endgroup
startgroup
set_property -dict [list CONFIG.DIN_WIDTH {2}] [get_bd_cells xlslice_2]
endgroup
startgroup
set_property -dict [list CONFIG.DIN_TO {1} CONFIG.DIN_FROM {1} CONFIG.DIN_WIDTH {2} CONFIG.DOUT_WIDTH {1}] [get_bd_cells xlslice_3]
endgroup
startgroup
endgroup
startgroup
set_property -dict [list CONFIG.C_BAUDRATE {115200}] [get_bd_cells axi_uartlite_0]
endgroup
startgroup
create_bd_cell -type ip -vlnv xilinx.com:ip:clk_wizard:1.0 clk_wizard_0
endgroup
set_property -dict [list CONFIG.PRIM_SOURCE {Global_buffer} CONFIG.CLKOUT_USED {true,false,false,false,false,false,false} CONFIG.CLKOUT_PORT {clk_out1,clk_out2,clk_out3,clk_out4,clk_out5,clk_out6,clk_out7} CONFIG.CLKOUT_REQUESTED_OUT_FREQUENCY {300.000,100.000,100.000,100.000,100.000,100.000,100.000} CONFIG.CLKOUT_REQUESTED_PHASE {0.000,0.000,0.000,0.000,0.000,0.000,0.000} CONFIG.CLKOUT_REQUESTED_DUTY_CYCLE {50.000,50.000,50.000,50.000,50.000,50.000,50.000} CONFIG.CLKOUT_DRIVES {BUFG,BUFG,BUFG,BUFG,BUFG,BUFG,BUFG} CONFIG.CLKOUT_GROUPING {Auto,Auto,Auto,Auto,Auto,Auto,Auto} CONFIG.CLKOUT_DYN_PS {None,None,None,None,None,None,None} CONFIG.CLKOUT_MATCHED_ROUTING {false,false,false,false,false,false,false} CONFIG.CLKOUT1_DIVIDE {10.000000}] [get_bd_cells clk_wizard_0]
disconnect_bd_net /versal_cips_0_pl0_ref_clk [get_bd_pins versal_cips_0/pl0_ref_clk]
connect_bd_net [get_bd_pins versal_cips_0/pl0_ref_clk] [get_bd_pins clk_wizard_0/clk_in1]
connect_bd_net [get_bd_pins clk_wizard_0/clk_out1] [get_bd_pins rst_versal_cips_0_295M/slowest_sync_clk]
undo
INFO: [Common 17-17] undo 'connect_bd_net [get_bd_pins clk_wizard_0/clk_out1] [get_bd_pins rst_versal_cips_0_295M/slowest_sync_clk]'
connect_bd_net [get_bd_pins clk_wizard_0/clk_out1] [get_bd_pins rst_versal_cips_0_295M/slowest_sync_clk]
connect_bd_net [get_bd_pins axi_gpio_0/s_axi_aresetn] [get_bd_pins axi_gpio_1/s_axi_aresetn]
connect_bd_net [get_bd_pins axi_gpio_1/s_axi_aresetn] [get_bd_pins axi_uartlite_0/s_axi_aresetn]
connect_bd_net [get_bd_pins axi_uartlite_0/s_axi_aresetn] [get_bd_pins rst_versal_cips_0_295M/interconnect_aresetn]
validate_bd_design
Generating placement and routing for NoC components
NoC TrafficSpec | Checksum: eb6f90df
NoC Constraints | Checksum: dfa00f92
NoC Incremental Solution | Checksum: 8cee98bf
INFO: [Ipconfig 75-92] Running NOC Placement
INFO: [Ipconfig 75-122] Detailed placement phase
INFO: [Ipconfig 75-133] Running NOC Routing
NoC Compiler Finished Successfully
NoC Solution | Checksum: d08504b9
INFO: [Ipconfig 75-108] Writing file /home/dewsjoe/Desktop/projects_2022.1/projects_ldg/project_3/project_3.gen/sources_1/common/nsln/NOC_Power.xpe.
INFO: [xilinx.com:ip:smartconnect:1.0-1] design_1_axi_smc_0: SmartConnect design_1_axi_smc_0 is in Low-Area Mode.
WARNING: [xilinx.com:ip:smartconnect:1.0-1] design_1_axi_smc_0: IP design_1_axi_smc_0 is configured in Low-area mode as all propagated traffic is low-bandwidth (AXI4LITE). SI S00_AXI has property HAS_BURST == 1. WRAP bursts are not supported in Low-area mode and will result in DECERR if received.
WARNING: [xilinx.com:ip:smartconnect:1.0-1] design_1_axi_smc_0: If WRAP transactions are required then turn off Low-area mode using ADVANCED_PROPERTIES. Execute following: set_property CONFIG.ADVANCED_PROPERTIES {__experimental_features__ {disable_low_area_mode 1}} [get_bd_cells /design_1_axi_smc_0]
INFO: [Ipptcl 7-1463] No Compatible Board Interface found. Board Tab not created in customize GUI
WARNING: [BD 41-237] Bus Interface property RUSER_WIDTH does not match between /axi_noc_0/S00_AXI(17) and /versal_cips_0/FPD_CCI_NOC_0(0)
WARNING: [BD 41-237] Bus Interface property RUSER_WIDTH does not match between /axi_noc_0/S01_AXI(17) and /versal_cips_0/FPD_CCI_NOC_1(0)
WARNING: [BD 41-237] Bus Interface property RUSER_WIDTH does not match between /axi_noc_0/S02_AXI(17) and /versal_cips_0/FPD_CCI_NOC_2(0)
WARNING: [BD 41-237] Bus Interface property RUSER_WIDTH does not match between /axi_noc_0/S03_AXI(17) and /versal_cips_0/FPD_CCI_NOC_3(0)
WARNING: [BD 41-237] Bus Interface property WUSER_WIDTH does not match between /axi_noc_0/S06_AXI(17) and /versal_cips_0/FPD_AXI_NOC_0(0)
WARNING: [BD 41-237] Bus Interface property RUSER_WIDTH does not match between /axi_noc_0/S06_AXI(17) and /versal_cips_0/FPD_AXI_NOC_0(0)
WARNING: [BD 41-237] Bus Interface property WUSER_WIDTH does not match between /axi_noc_0/S07_AXI(17) and /versal_cips_0/FPD_AXI_NOC_1(0)
WARNING: [BD 41-237] Bus Interface property RUSER_WIDTH does not match between /axi_noc_0/S07_AXI(17) and /versal_cips_0/FPD_AXI_NOC_1(0)
WARNING: [BD 41-237] Bus Interface property WUSER_WIDTH does not match between /axi_noc_0/S04_AXI(17) and /versal_cips_0/LPD_AXI_NOC_0(0)
WARNING: [BD 41-237] Bus Interface property RUSER_WIDTH does not match between /axi_noc_0/S04_AXI(17) and /versal_cips_0/LPD_AXI_NOC_0(0)
validate_bd_design: Time (s): cpu = 00:00:26 ; elapsed = 00:00:23 . Memory (MB): peak = 10766.301 ; gain = 0.000 ; free physical = 7128 ; free virtual = 19184
file mkdir /home/dewsjoe/Desktop/projects_2022.1/projects_ldg/project_3/project_3.srcs/constrs_1
file mkdir /home/dewsjoe/Desktop/projects_2022.1/projects_ldg/project_3/project_3.srcs/constrs_1/new
close [ open /home/dewsjoe/Desktop/projects_2022.1/projects_ldg/project_3/project_3.srcs/constrs_1/new/pl_gpio_uart_constrain.xdc w ]
add_files -fileset constrs_1 /home/dewsjoe/Desktop/projects_2022.1/projects_ldg/project_3/project_3.srcs/constrs_1/new/pl_gpio_uart_constrain.xdc
generate_target all [get_files  /home/dewsjoe/Desktop/projects_2022.1/projects_ldg/project_3/project_3.srcs/sources_1/bd/design_1/design_1.bd]
INFO: [BD 41-1662] The design 'design_1.bd' is already validated. Therefore parameter propagation will not be re-run.
Wrote  : </home/dewsjoe/Desktop/projects_2022.1/projects_ldg/project_3/project_3.srcs/sources_1/bd/design_1/design_1.bd> 
Wrote  : </home/dewsjoe/Desktop/projects_2022.1/projects_ldg/project_3/project_3.srcs/sources_1/bd/design_1/ui/bd_1f5defd0.ui> 
Verilog Output written to : /home/dewsjoe/Desktop/projects_2022.1/projects_ldg/project_3/project_3.gen/sources_1/bd/design_1/synth/design_1.v
Verilog Output written to : /home/dewsjoe/Desktop/projects_2022.1/projects_ldg/project_3/project_3.gen/sources_1/bd/design_1/sim/design_1.v
Verilog Output written to : /home/dewsjoe/Desktop/projects_2022.1/projects_ldg/project_3/project_3.gen/sources_1/bd/design_1/hdl/design_1_wrapper.v
INFO: [xilinx.com:ip:pspmc:1.2-2] bd_70da_pspmc_0_0: XDC Generation
INFO: [xilinx.com:ip:pspmc:1.2-2] bd_70da_pspmc_0_0: Time taken by generate_ps_data 1643 ms
INFO: [xilinx.com:ip:pspmc:1.2-2] bd_70da_pspmc_0_0: Time taken by XDC_generate is 1644 ms
INFO: [xilinx.com:ip:pspmc:1.2-2] bd_70da_pspmc_0_0: REG Generation
INFO: [xilinx.com:ip:pspmc:1.2-2] bd_70da_pspmc_0_0: Time taken by generate_ps_data 858 ms
INFO: [xilinx.com:ip:pspmc:1.2-2] bd_70da_pspmc_0_0: Time taken by reg_generate is 858 ms
Exporting to file /home/dewsjoe/Desktop/projects_2022.1/projects_ldg/project_3/project_3.gen/sources_1/bd/design_1/ip/design_1_versal_cips_0_0/bd_0/hw_handoff/design_1_versal_cips_0_0.hwh
Generated Hardware Definition File /home/dewsjoe/Desktop/projects_2022.1/projects_ldg/project_3/project_3.gen/sources_1/bd/design_1/ip/design_1_versal_cips_0_0/bd_0/synth/design_1_versal_cips_0_0.hwdef
INFO: [BD 41-1029] Generation completed for the IP Integrator block versal_cips_0 .
INFO: [xilinx.com:ip:noc_nmu:1.0-1] bd_8be5_S01_AXI_nmu_0: device = xcvc1902
INFO: [xilinx.com:ip:noc_nmu:1.0-1] bd_8be5_S01_AXI_nmu_0: device = xcvc1902
INFO: [IP_Flow 19-5611] Unable to find an associated reset port for the interface 'SAXI4'. A default connection has been created.
INFO: [xilinx.com:ip:noc_nmu:1.0-1] bd_8be5_S06_AXI_nmu_0: device = xcvc1902
INFO: [xilinx.com:ip:noc_nmu:1.0-1] bd_8be5_S06_AXI_nmu_0: device = xcvc1902
INFO: [IP_Flow 19-5611] Unable to find an associated reset port for the interface 'SAXI4'. A default connection has been created.
INFO: [xilinx.com:ip:noc_nmu:1.0-1] bd_8be5_S00_AXI_nmu_0: device = xcvc1902
INFO: [xilinx.com:ip:noc_nmu:1.0-1] bd_8be5_S00_AXI_nmu_0: device = xcvc1902
INFO: [IP_Flow 19-5611] Unable to find an associated reset port for the interface 'SAXI4'. A default connection has been created.
INFO: [xilinx.com:ip:noc_nmu:1.0-1] bd_8be5_S02_AXI_nmu_0: device = xcvc1902
INFO: [xilinx.com:ip:noc_nmu:1.0-1] bd_8be5_S02_AXI_nmu_0: device = xcvc1902
INFO: [IP_Flow 19-5611] Unable to find an associated reset port for the interface 'SAXI4'. A default connection has been created.
INFO: [xilinx.com:ip:noc_nmu:1.0-1] bd_8be5_S07_AXI_nmu_0: device = xcvc1902
INFO: [xilinx.com:ip:noc_nmu:1.0-1] bd_8be5_S07_AXI_nmu_0: device = xcvc1902
INFO: [IP_Flow 19-5611] Unable to find an associated reset port for the interface 'SAXI4'. A default connection has been created.
INFO: [xilinx.com:ip:noc_nmu:1.0-1] bd_8be5_S03_AXI_nmu_0: device = xcvc1902
INFO: [xilinx.com:ip:noc_nmu:1.0-1] bd_8be5_S03_AXI_nmu_0: device = xcvc1902
INFO: [IP_Flow 19-5611] Unable to find an associated reset port for the interface 'SAXI4'. A default connection has been created.
INFO: [xilinx.com:ip:noc_nmu:1.0-1] bd_8be5_S05_AXI_nmu_0: device = xcvc1902
INFO: [xilinx.com:ip:noc_nmu:1.0-1] bd_8be5_S05_AXI_nmu_0: device = xcvc1902
INFO: [IP_Flow 19-5611] Unable to find an associated reset port for the interface 'SAXI4'. A default connection has been created.
INFO: [xilinx.com:ip:noc_nmu:1.0-1] bd_8be5_S04_AXI_rpu_0: device = xcvc1902
INFO: [xilinx.com:ip:noc_nmu:1.0-1] bd_8be5_S04_AXI_rpu_0: device = xcvc1902
INFO: [IP_Flow 19-5611] Unable to find an associated reset port for the interface 'SAXI4'. A default connection has been created.
Calling reg_generate
Exporting to file /home/dewsjoe/Desktop/projects_2022.1/projects_ldg/project_3/project_3.gen/sources_1/bd/design_1/ip/design_1_axi_noc_0_0/bd_0/hw_handoff/design_1_axi_noc_0_0.hwh
Generated Hardware Definition File /home/dewsjoe/Desktop/projects_2022.1/projects_ldg/project_3/project_3.gen/sources_1/bd/design_1/ip/design_1_axi_noc_0_0/bd_0/synth/design_1_axi_noc_0_0.hwdef
INFO: [BD 41-1029] Generation completed for the IP Integrator block axi_noc_0 .
INFO: [BD 41-1029] Generation completed for the IP Integrator block axi_gpio_0 .
INFO: [BD 41-1029] Generation completed for the IP Integrator block axi_gpio_1 .
WARNING: [IP_Flow 19-4994] Overwriting existing constraint file '/home/dewsjoe/Desktop/projects_2022.1/projects_ldg/project_3/project_3.gen/sources_1/bd/design_1/ip/design_1_axi_uartlite_0_0/design_1_axi_uartlite_0_0_ooc.xdc'
INFO: [BD 41-1029] Generation completed for the IP Integrator block axi_uartlite_0 .
Exporting to file /home/dewsjoe/Desktop/projects_2022.1/projects_ldg/project_3/project_3.gen/sources_1/bd/design_1/ip/design_1_axi_smc_0/bd_0/hw_handoff/design_1_axi_smc_0.hwh
Generated Hardware Definition File /home/dewsjoe/Desktop/projects_2022.1/projects_ldg/project_3/project_3.gen/sources_1/bd/design_1/ip/design_1_axi_smc_0/bd_0/synth/design_1_axi_smc_0.hwdef
INFO: [BD 41-1029] Generation completed for the IP Integrator block axi_smc .
INFO: [BD 41-1029] Generation completed for the IP Integrator block rst_versal_cips_0_295M .
INFO: [BD 41-1029] Generation completed for the IP Integrator block xlslice_0 .
INFO: [BD 41-1029] Generation completed for the IP Integrator block xlslice_1 .
INFO: [BD 41-1029] Generation completed for the IP Integrator block xlslice_2 .
INFO: [BD 41-1029] Generation completed for the IP Integrator block xlslice_3 .
INFO: [BD 41-1029] Generation completed for the IP Integrator block clk_wizard_0 .
Exporting to file /home/dewsjoe/Desktop/projects_2022.1/projects_ldg/project_3/project_3.gen/sources_1/bd/design_1/hw_handoff/design_1.hwh
Generated Hardware Definition File /home/dewsjoe/Desktop/projects_2022.1/projects_ldg/project_3/project_3.gen/sources_1/bd/design_1/synth/design_1.hwdef
generate_target: Time (s): cpu = 00:01:20 ; elapsed = 00:01:23 . Memory (MB): peak = 10893.125 ; gain = 15.516 ; free physical = 6821 ; free virtual = 18974
catch { config_ip_cache -export [get_ips -all design_1_axi_noc_0_0] }
catch { config_ip_cache -export [get_ips -all design_1_axi_gpio_0_0] }
catch { config_ip_cache -export [get_ips -all design_1_axi_gpio_1_0] }
catch { config_ip_cache -export [get_ips -all design_1_axi_uartlite_0_0] }
catch { config_ip_cache -export [get_ips -all design_1_axi_smc_0] }
catch { config_ip_cache -export [get_ips -all design_1_rst_versal_cips_0_295M_0] }
catch { config_ip_cache -export [get_ips -all design_1_clk_wizard_0_0] }
export_ip_user_files -of_objects [get_files /home/dewsjoe/Desktop/projects_2022.1/projects_ldg/project_3/project_3.srcs/sources_1/bd/design_1/design_1.bd] -no_script -sync -force -quiet
create_ip_run [get_files -of_objects [get_fileset sources_1] /home/dewsjoe/Desktop/projects_2022.1/projects_ldg/project_3/project_3.srcs/sources_1/bd/design_1/design_1.bd]
launch_runs design_1_axi_noc_0_0_synth_1 design_1_axi_gpio_0_0_synth_1 design_1_axi_gpio_1_0_synth_1 design_1_axi_uartlite_0_0_synth_1 design_1_axi_smc_0_synth_1 design_1_rst_versal_cips_0_295M_0_synth_1 design_1_clk_wizard_0_0_synth_1 -jobs 6
[Wed Feb 12 18:28:33 2025] Launched design_1_axi_noc_0_0_synth_1, design_1_axi_gpio_0_0_synth_1, design_1_axi_gpio_1_0_synth_1, design_1_axi_uartlite_0_0_synth_1, design_1_axi_smc_0_synth_1, design_1_rst_versal_cips_0_295M_0_synth_1, design_1_clk_wizard_0_0_synth_1...
Run output will be captured here:
design_1_axi_noc_0_0_synth_1: /home/dewsjoe/Desktop/projects_2022.1/projects_ldg/project_3/project_3.runs/design_1_axi_noc_0_0_synth_1/runme.log
design_1_axi_gpio_0_0_synth_1: /home/dewsjoe/Desktop/projects_2022.1/projects_ldg/project_3/project_3.runs/design_1_axi_gpio_0_0_synth_1/runme.log
design_1_axi_gpio_1_0_synth_1: /home/dewsjoe/Desktop/projects_2022.1/projects_ldg/project_3/project_3.runs/design_1_axi_gpio_1_0_synth_1/runme.log
design_1_axi_uartlite_0_0_synth_1: /home/dewsjoe/Desktop/projects_2022.1/projects_ldg/project_3/project_3.runs/design_1_axi_uartlite_0_0_synth_1/runme.log
design_1_axi_smc_0_synth_1: /home/dewsjoe/Desktop/projects_2022.1/projects_ldg/project_3/project_3.runs/design_1_axi_smc_0_synth_1/runme.log
design_1_rst_versal_cips_0_295M_0_synth_1: /home/dewsjoe/Desktop/projects_2022.1/projects_ldg/project_3/project_3.runs/design_1_rst_versal_cips_0_295M_0_synth_1/runme.log
design_1_clk_wizard_0_0_synth_1: /home/dewsjoe/Desktop/projects_2022.1/projects_ldg/project_3/project_3.runs/design_1_clk_wizard_0_0_synth_1/runme.log
export_simulation -of_objects [get_files /home/dewsjoe/Desktop/projects_2022.1/projects_ldg/project_3/project_3.srcs/sources_1/bd/design_1/design_1.bd] -directory /home/dewsjoe/Desktop/projects_2022.1/projects_ldg/project_3/project_3.ip_user_files/sim_scripts -ip_user_files_dir /home/dewsjoe/Desktop/projects_2022.1/projects_ldg/project_3/project_3.ip_user_files -ipstatic_source_dir /home/dewsjoe/Desktop/projects_2022.1/projects_ldg/project_3/project_3.ip_user_files/ipstatic -lib_map_path [list {modelsim=/home/dewsjoe/Desktop/projects_2022.1/projects_ldg/project_3/project_3.cache/compile_simlib/modelsim} {questa=/home/dewsjoe/Desktop/projects_2022.1/projects_ldg/project_3/project_3.cache/compile_simlib/questa} {xcelium=/home/dewsjoe/Desktop/projects_2022.1/projects_ldg/project_3/project_3.cache/compile_simlib/xcelium} {vcs=/home/dewsjoe/Desktop/projects_2022.1/projects_ldg/project_3/project_3.cache/compile_simlib/vcs} {riviera=/home/dewsjoe/Desktop/projects_2022.1/projects_ldg/project_3/project_3.cache/compile_simlib/riviera}] -use_ip_compiled_libs -force -quiet
reset_run synth_1
INFO: [Project 1-1160] Copying file /home/dewsjoe/Desktop/projects_2022.1/projects_ldg/project_3/project_3.runs/synth_1/design_1_wrapper.dcp to /home/dewsjoe/Desktop/projects_2022.1/projects_ldg/myproj/project_1.srcs/utils_1/imports/synth_1 and adding it to utils fileset
launch_runs impl_1 -to_step write_device_image -jobs 6
[Wed Feb 12 18:34:50 2025] Launched synth_1...
Run output will be captured here: /home/dewsjoe/Desktop/projects_2022.1/projects_ldg/project_3/project_3.runs/synth_1/runme.log
[Wed Feb 12 18:34:50 2025] Launched impl_1...
Run output will be captured here: /home/dewsjoe/Desktop/projects_2022.1/projects_ldg/project_3/project_3.runs/impl_1/runme.log
write_hw_platform -fixed -include_bit -force -file /home/dewsjoe/Desktop/projects_2022.1/projects_ldg/project_3/design_1_wrapper.xsa
INFO: [Project 1-1929] For a Versal design the -include_bit is not required. The generated platform will always contain either a pre-synthesis or post implementation .pdi file.
INFO: [Project 1-1918] Creating Hardware Platform: /home/dewsjoe/Desktop/projects_2022.1/projects_ldg/project_3/design_1_wrapper.xsa ...
INFO: [Project 1-1943] The Hardware Platform can be used for Hardware
INFO: [Project 1-1941] Successfully created Hardware Platform: /home/dewsjoe/Desktop/projects_2022.1/projects_ldg/project_3/design_1_wrapper.xsa
write_hw_platform: Time (s): cpu = 00:00:06 ; elapsed = 00:00:05 . Memory (MB): peak = 11175.359 ; gain = 0.000 ; free physical = 13518 ; free virtual = 18688
write_bd_tcl design_tcl_3
INFO: [BD 5-148] Tcl file written out </home/dewsjoe/Desktop/projects_2022.1/projects_ldg/design_tcl_3.tcl>.

INFO: [Vivado 12-8231] Launching Vitis
INFO: [Vivado 12-417] Running vitis
INFO: [Vivado 12-8232] Vitis launch initiated. Please check console for any further messages.
save_project_as project_3.1 /home/dewsjoe/Desktop/projects_2022.1/projects_ldg/project_3.1 -force
Wrote  : </home/dewsjoe/Desktop/projects_2022.1/projects_ldg/project_3.1/project_3.1.srcs/sources_1/bd/design_1/ui/bd_1f5defd0.ui> 
import_files
INFO: [filemgmt 20-334] All file(s) are already imported in fileset: 'design_1_axi_gpio_0_0'
INFO: [filemgmt 20-348] Importing the appropriate files for fileset: 'design_1_axi_gpio_0_0'
INFO: [filemgmt 20-334] All file(s) are already imported in fileset: 'design_1_axi_gpio_1_0'
INFO: [filemgmt 20-348] Importing the appropriate files for fileset: 'design_1_axi_gpio_1_0'
INFO: [filemgmt 20-334] All file(s) are already imported in fileset: 'design_1_axi_noc_0_0'
INFO: [filemgmt 20-348] Importing the appropriate files for fileset: 'design_1_axi_noc_0_0'
INFO: [filemgmt 20-334] All file(s) are already imported in fileset: 'design_1_axi_smc_0'
INFO: [filemgmt 20-348] Importing the appropriate files for fileset: 'design_1_axi_smc_0'
INFO: [filemgmt 20-334] All file(s) are already imported in fileset: 'design_1_axi_uartlite_0_0'
INFO: [filemgmt 20-348] Importing the appropriate files for fileset: 'design_1_axi_uartlite_0_0'
INFO: [filemgmt 20-334] All file(s) are already imported in fileset: 'design_1_clk_wizard_0_0'
INFO: [filemgmt 20-348] Importing the appropriate files for fileset: 'design_1_clk_wizard_0_0'
INFO: [filemgmt 20-334] All file(s) are already imported in fileset: 'design_1_rst_versal_cips_0_295M_0'
INFO: [filemgmt 20-348] Importing the appropriate files for fileset: 'design_1_rst_versal_cips_0_295M_0'
INFO: [filemgmt 20-334] All file(s) are already imported in fileset: 'constrs_1'
INFO: [filemgmt 20-348] Importing the appropriate files for fileset: 'constrs_1'
INFO: [filemgmt 20-334] All file(s) are already imported in fileset: 'sources_1'
INFO: [filemgmt 20-348] Importing the appropriate files for fileset: 'sources_1'
INFO: [filemgmt 20-348] Importing the appropriate files for fileset: 'utils_1'
startgroup
set_property -dict [list CONFIG.PS_PMC_CONFIG { CLOCK_MODE Custom  DDR_MEMORY_MODE {Connectivity to DDR via NOC}  DEBUG_MODE JTAG  DESIGN_MODE 1  IO_CONFIG_MODE Custom  PMC_CRP_PL0_REF_CTRL_FREQMHZ 300  PMC_GPIO0_MIO_PERIPHERAL {{ENABLE 1} {IO {PMC_MIO 0 .. 25}}}  PMC_GPIO1_MIO_PERIPHERAL {{ENABLE 1} {IO {PMC_MIO 26 .. 51}}}  PMC_MIO37 {{AUX_IO 0} {DIRECTION out} {DRIVE_STRENGTH 8mA} {OUTPUT_DATA high} {PULL pullup} {SCHMITT 0} {SLEW slow} {USAGE GPIO}}  PMC_OSPI_PERIPHERAL {{ENABLE 0} {IO {PMC_MIO 0 .. 11}} {MODE Single}}  PMC_QSPI_COHERENCY 0  PMC_QSPI_FBCLK {{ENABLE 1} {IO {PMC_MIO 6}}}  PMC_QSPI_PERIPHERAL_DATA_MODE x4  PMC_QSPI_PERIPHERAL_ENABLE 1  PMC_QSPI_PERIPHERAL_MODE {Dual Parallel}  PMC_REF_CLK_FREQMHZ 33.3333  PMC_SD1 {{CD_ENABLE 1} {CD_IO {PMC_MIO 28}} {POW_ENABLE 1} {POW_IO {PMC_MIO 51}} {RESET_ENABLE 0} {RESET_IO {PMC_MIO 12}} {WP_ENABLE 0} {WP_IO {PMC_MIO 1}}}  PMC_SD1_COHERENCY 0  PMC_SD1_DATA_TRANSFER_MODE 8Bit  PMC_SD1_PERIPHERAL {{CLK_100_SDR_OTAP_DLY 0x3} {CLK_200_SDR_OTAP_DLY 0x2} {CLK_50_DDR_ITAP_DLY 0x36} {CLK_50_DDR_OTAP_DLY 0x3} {CLK_50_SDR_ITAP_DLY 0x2C} {CLK_50_SDR_OTAP_DLY 0x4} {ENABLE 1} {IO {PMC_MIO 26 .. 36}}}  PMC_SD1_SLOT_TYPE {SD 3.0}  PMC_USE_PMC_NOC_AXI0 1  PS_BOARD_INTERFACE ps_pmc_fixed_io  PS_CAN1_PERIPHERAL {{ENABLE 1} {IO {PMC_MIO 40 .. 41}}}  PS_ENET0_MDIO {{ENABLE 1} {IO {PS_MIO 24 .. 25}}}  PS_ENET0_PERIPHERAL {{ENABLE 1} {IO {PS_MIO 0 .. 11}}}  PS_ENET1_PERIPHERAL {{ENABLE 1} {IO {PS_MIO 12 .. 23}}}  PS_GEN_IPI0_ENABLE 1  PS_GEN_IPI0_MASTER A72  PS_GEN_IPI1_ENABLE 1  PS_GEN_IPI1_MASTER R5_0  PS_GEN_IPI2_ENABLE 1  PS_GEN_IPI2_MASTER R5_0  PS_GEN_IPI3_ENABLE 1  PS_GEN_IPI3_MASTER A72  PS_GEN_IPI4_ENABLE 1  PS_GEN_IPI5_ENABLE 1  PS_GEN_IPI6_ENABLE 1  PS_HSDP_EGRESS_TRAFFIC JTAG  PS_HSDP_INGRESS_TRAFFIC JTAG  PS_HSDP_MODE None  PS_I2C0_PERIPHERAL {{ENABLE 1} {IO {PMC_MIO 46 .. 47}}}  PS_I2C1_PERIPHERAL {{ENABLE 1} {IO {PMC_MIO 44 .. 45}}}  PS_MIO19 {{AUX_IO 0} {DIRECTION in} {DRIVE_STRENGTH 8mA} {OUTPUT_DATA default} {PULL disable} {SCHMITT 0} {SLEW slow} {USAGE Reserved}}  PS_MIO21 {{AUX_IO 0} {DIRECTION in} {DRIVE_STRENGTH 8mA} {OUTPUT_DATA default} {PULL disable} {SCHMITT 0} {SLEW slow} {USAGE Reserved}}  PS_MIO7 {{AUX_IO 0} {DIRECTION in} {DRIVE_STRENGTH 8mA} {OUTPUT_DATA default} {PULL disable} {SCHMITT 0} {SLEW slow} {USAGE Reserved}}  PS_MIO9 {{AUX_IO 0} {DIRECTION in} {DRIVE_STRENGTH 8mA} {OUTPUT_DATA default} {PULL disable} {SCHMITT 0} {SLEW slow} {USAGE Reserved}}  PS_NUM_FABRIC_RESETS 1  PS_PCIE_RESET {{ENABLE 1}}  PS_PL_CONNECTIVITY_MODE Custom  PS_TTC0_PERIPHERAL_ENABLE 1  PS_TTC1_PERIPHERAL_ENABLE 0  PS_TTC2_PERIPHERAL_ENABLE 0  PS_TTC3_PERIPHERAL_ENABLE 0  PS_UART0_PERIPHERAL {{ENABLE 1} {IO {PMC_MIO 42 .. 43}}}  PS_USB3_PERIPHERAL {{ENABLE 1} {IO {PMC_MIO 13 .. 25}}}  PS_USE_FPD_AXI_NOC0 1  PS_USE_FPD_AXI_NOC1 1  PS_USE_FPD_CCI_NOC 1  PS_USE_FPD_CCI_NOC0 1  PS_USE_M_AXI_FPD 1  PS_USE_NOC_LPD_AXI0 1  PS_USE_PMCPL_CLK0 1  PS_USE_PMCPL_CLK1 0  PS_USE_PMCPL_CLK2 0  PS_USE_PMCPL_CLK3 0  SMON_ALARMS Set_Alarms_On  SMON_ENABLE_TEMP_AVERAGING 0  SMON_TEMP_AVERAGING_SAMPLES 0 } CONFIG.PS_PMC_CONFIG_APPLIED {1} CONFIG.IO_CONFIG_MODE {Custom}] [get_bd_cells versal_cips_0]
endgroup
validate_bd_design
Generating placement and routing for NoC components
NoC TrafficSpec | Checksum: eb6f90df
NoC Constraints | Checksum: dfa00f92
NoC Incremental Solution | Checksum: 8cee98bf
INFO: [Ipconfig 75-92] Running NOC Placement
INFO: [Ipconfig 75-122] Detailed placement phase
INFO: [Ipconfig 75-133] Running NOC Routing
NoC Compiler Finished Successfully
NoC Solution | Checksum: d08504b9
INFO: [Ipconfig 75-108] Writing file /home/dewsjoe/Desktop/projects_2022.1/projects_ldg/project_3.1/project_3.1.gen/sources_1/common/nsln/NOC_Power.xpe.
INFO: [xilinx.com:ip:smartconnect:1.0-1] design_1_axi_smc_0: SmartConnect design_1_axi_smc_0 is in Low-Area Mode.
WARNING: [xilinx.com:ip:smartconnect:1.0-1] design_1_axi_smc_0: IP design_1_axi_smc_0 is configured in Low-area mode as all propagated traffic is low-bandwidth (AXI4LITE). SI S00_AXI has property HAS_BURST == 1. WRAP bursts are not supported in Low-area mode and will result in DECERR if received.
WARNING: [xilinx.com:ip:smartconnect:1.0-1] design_1_axi_smc_0: If WRAP transactions are required then turn off Low-area mode using ADVANCED_PROPERTIES. Execute following: set_property CONFIG.ADVANCED_PROPERTIES {__experimental_features__ {disable_low_area_mode 1}} [get_bd_cells /design_1_axi_smc_0]
INFO: [Ipptcl 7-1463] No Compatible Board Interface found. Board Tab not created in customize GUI
WARNING: [BD 41-237] Bus Interface property RUSER_WIDTH does not match between /axi_noc_0/S00_AXI(17) and /versal_cips_0/FPD_CCI_NOC_0(0)
WARNING: [BD 41-237] Bus Interface property RUSER_WIDTH does not match between /axi_noc_0/S01_AXI(17) and /versal_cips_0/FPD_CCI_NOC_1(0)
WARNING: [BD 41-237] Bus Interface property RUSER_WIDTH does not match between /axi_noc_0/S02_AXI(17) and /versal_cips_0/FPD_CCI_NOC_2(0)
WARNING: [BD 41-237] Bus Interface property RUSER_WIDTH does not match between /axi_noc_0/S03_AXI(17) and /versal_cips_0/FPD_CCI_NOC_3(0)
WARNING: [BD 41-237] Bus Interface property WUSER_WIDTH does not match between /axi_noc_0/S06_AXI(17) and /versal_cips_0/FPD_AXI_NOC_0(0)
WARNING: [BD 41-237] Bus Interface property RUSER_WIDTH does not match between /axi_noc_0/S06_AXI(17) and /versal_cips_0/FPD_AXI_NOC_0(0)
WARNING: [BD 41-237] Bus Interface property WUSER_WIDTH does not match between /axi_noc_0/S07_AXI(17) and /versal_cips_0/FPD_AXI_NOC_1(0)
WARNING: [BD 41-237] Bus Interface property RUSER_WIDTH does not match between /axi_noc_0/S07_AXI(17) and /versal_cips_0/FPD_AXI_NOC_1(0)
WARNING: [BD 41-237] Bus Interface property WUSER_WIDTH does not match between /axi_noc_0/S04_AXI(17) and /versal_cips_0/LPD_AXI_NOC_0(0)
WARNING: [BD 41-237] Bus Interface property RUSER_WIDTH does not match between /axi_noc_0/S04_AXI(17) and /versal_cips_0/LPD_AXI_NOC_0(0)
validate_bd_design: Time (s): cpu = 00:00:25 ; elapsed = 00:00:24 . Memory (MB): peak = 11496.613 ; gain = 0.000 ; free physical = 11599 ; free virtual = 18095
generate_target all [get_files  /home/dewsjoe/Desktop/projects_2022.1/projects_ldg/project_3.1/project_3.1.srcs/sources_1/bd/design_1/design_1.bd]
INFO: [BD 41-1662] The design 'design_1.bd' is already validated. Therefore parameter propagation will not be re-run.
Wrote  : </home/dewsjoe/Desktop/projects_2022.1/projects_ldg/project_3.1/project_3.1.srcs/sources_1/bd/design_1/design_1.bd> 
Wrote  : </home/dewsjoe/Desktop/projects_2022.1/projects_ldg/project_3.1/project_3.1.srcs/sources_1/bd/design_1/ui/bd_1f5defd0.ui> 
Verilog Output written to : /home/dewsjoe/Desktop/projects_2022.1/projects_ldg/project_3.1/project_3.1.gen/sources_1/bd/design_1/synth/design_1.v
Verilog Output written to : /home/dewsjoe/Desktop/projects_2022.1/projects_ldg/project_3.1/project_3.1.gen/sources_1/bd/design_1/sim/design_1.v
Verilog Output written to : /home/dewsjoe/Desktop/projects_2022.1/projects_ldg/project_3.1/project_3.1.gen/sources_1/bd/design_1/hdl/design_1_wrapper.v
INFO: [xilinx.com:ip:pspmc:1.2-2] bd_70da_pspmc_0_0: XDC Generation
INFO: [xilinx.com:ip:pspmc:1.2-2] bd_70da_pspmc_0_0: Time taken by generate_ps_data 1173 ms
INFO: [xilinx.com:ip:pspmc:1.2-2] bd_70da_pspmc_0_0: Time taken by XDC_generate is 1174 ms
INFO: [xilinx.com:ip:pspmc:1.2-2] bd_70da_pspmc_0_0: REG Generation
INFO: [xilinx.com:ip:pspmc:1.2-2] bd_70da_pspmc_0_0: Time taken by generate_ps_data 842 ms
INFO: [xilinx.com:ip:pspmc:1.2-2] bd_70da_pspmc_0_0: Time taken by reg_generate is 843 ms
Exporting to file /home/dewsjoe/Desktop/projects_2022.1/projects_ldg/project_3.1/project_3.1.gen/sources_1/bd/design_1/ip/design_1_versal_cips_0_0/bd_0/hw_handoff/design_1_versal_cips_0_0.hwh
Generated Hardware Definition File /home/dewsjoe/Desktop/projects_2022.1/projects_ldg/project_3.1/project_3.1.gen/sources_1/bd/design_1/ip/design_1_versal_cips_0_0/bd_0/synth/design_1_versal_cips_0_0.hwdef
INFO: [BD 41-1029] Generation completed for the IP Integrator block versal_cips_0 .
INFO: [xilinx.com:ip:noc_nmu:1.0-1] bd_8be5_S01_AXI_nmu_0: device = xcvc1902
INFO: [xilinx.com:ip:noc_nmu:1.0-1] bd_8be5_S01_AXI_nmu_0: device = xcvc1902
INFO: [IP_Flow 19-5611] Unable to find an associated reset port for the interface 'SAXI4'. A default connection has been created.
INFO: [xilinx.com:ip:noc_nmu:1.0-1] bd_8be5_S06_AXI_nmu_0: device = xcvc1902
INFO: [xilinx.com:ip:noc_nmu:1.0-1] bd_8be5_S06_AXI_nmu_0: device = xcvc1902
INFO: [IP_Flow 19-5611] Unable to find an associated reset port for the interface 'SAXI4'. A default connection has been created.
INFO: [xilinx.com:ip:noc_nmu:1.0-1] bd_8be5_S00_AXI_nmu_0: device = xcvc1902
INFO: [xilinx.com:ip:noc_nmu:1.0-1] bd_8be5_S00_AXI_nmu_0: device = xcvc1902
INFO: [IP_Flow 19-5611] Unable to find an associated reset port for the interface 'SAXI4'. A default connection has been created.
INFO: [xilinx.com:ip:noc_nmu:1.0-1] bd_8be5_S02_AXI_nmu_0: device = xcvc1902
INFO: [xilinx.com:ip:noc_nmu:1.0-1] bd_8be5_S02_AXI_nmu_0: device = xcvc1902
INFO: [IP_Flow 19-5611] Unable to find an associated reset port for the interface 'SAXI4'. A default connection has been created.
INFO: [xilinx.com:ip:noc_nmu:1.0-1] bd_8be5_S07_AXI_nmu_0: device = xcvc1902
INFO: [xilinx.com:ip:noc_nmu:1.0-1] bd_8be5_S07_AXI_nmu_0: device = xcvc1902
INFO: [IP_Flow 19-5611] Unable to find an associated reset port for the interface 'SAXI4'. A default connection has been created.
INFO: [xilinx.com:ip:noc_nmu:1.0-1] bd_8be5_S03_AXI_nmu_0: device = xcvc1902
INFO: [xilinx.com:ip:noc_nmu:1.0-1] bd_8be5_S03_AXI_nmu_0: device = xcvc1902
INFO: [IP_Flow 19-5611] Unable to find an associated reset port for the interface 'SAXI4'. A default connection has been created.
INFO: [xilinx.com:ip:noc_nmu:1.0-1] bd_8be5_S05_AXI_nmu_0: device = xcvc1902
INFO: [xilinx.com:ip:noc_nmu:1.0-1] bd_8be5_S05_AXI_nmu_0: device = xcvc1902
INFO: [IP_Flow 19-5611] Unable to find an associated reset port for the interface 'SAXI4'. A default connection has been created.
INFO: [xilinx.com:ip:noc_nmu:1.0-1] bd_8be5_S04_AXI_rpu_0: device = xcvc1902
INFO: [xilinx.com:ip:noc_nmu:1.0-1] bd_8be5_S04_AXI_rpu_0: device = xcvc1902
INFO: [IP_Flow 19-5611] Unable to find an associated reset port for the interface 'SAXI4'. A default connection has been created.
Calling reg_generate
Exporting to file /home/dewsjoe/Desktop/projects_2022.1/projects_ldg/project_3.1/project_3.1.gen/sources_1/bd/design_1/ip/design_1_axi_noc_0_0/bd_0/hw_handoff/design_1_axi_noc_0_0.hwh
Generated Hardware Definition File /home/dewsjoe/Desktop/projects_2022.1/projects_ldg/project_3.1/project_3.1.gen/sources_1/bd/design_1/ip/design_1_axi_noc_0_0/bd_0/synth/design_1_axi_noc_0_0.hwdef
INFO: [BD 41-1029] Generation completed for the IP Integrator block axi_noc_0 .
Exporting to file /home/dewsjoe/Desktop/projects_2022.1/projects_ldg/project_3.1/project_3.1.gen/sources_1/bd/design_1/ip/design_1_axi_smc_0/bd_0/hw_handoff/design_1_axi_smc_0.hwh
Generated Hardware Definition File /home/dewsjoe/Desktop/projects_2022.1/projects_ldg/project_3.1/project_3.1.gen/sources_1/bd/design_1/ip/design_1_axi_smc_0/bd_0/synth/design_1_axi_smc_0.hwdef
INFO: [BD 41-1029] Generation completed for the IP Integrator block axi_smc .
Exporting to file /home/dewsjoe/Desktop/projects_2022.1/projects_ldg/project_3.1/project_3.1.gen/sources_1/bd/design_1/hw_handoff/design_1.hwh
Generated Hardware Definition File /home/dewsjoe/Desktop/projects_2022.1/projects_ldg/project_3.1/project_3.1.gen/sources_1/bd/design_1/synth/design_1.hwdef
generate_target: Time (s): cpu = 00:01:18 ; elapsed = 00:01:23 . Memory (MB): peak = 11572.465 ; gain = 0.000 ; free physical = 11359 ; free virtual = 17948
catch { config_ip_cache -export [get_ips -all design_1_axi_noc_0_0] }
catch { config_ip_cache -export [get_ips -all design_1_axi_smc_0] }
export_ip_user_files -of_objects [get_files /home/dewsjoe/Desktop/projects_2022.1/projects_ldg/project_3.1/project_3.1.srcs/sources_1/bd/design_1/design_1.bd] -no_script -sync -force -quiet
create_ip_run [get_files -of_objects [get_fileset sources_1] /home/dewsjoe/Desktop/projects_2022.1/projects_ldg/project_3.1/project_3.1.srcs/sources_1/bd/design_1/design_1.bd]
launch_runs design_1_axi_noc_0_0_synth_1 design_1_axi_smc_0_synth_1 -jobs 6
[Wed Feb 12 20:15:50 2025] Launched design_1_axi_noc_0_0_synth_1, design_1_axi_smc_0_synth_1...
Run output will be captured here:
design_1_axi_noc_0_0_synth_1: /home/dewsjoe/Desktop/projects_2022.1/projects_ldg/project_3.1/project_3.1.runs/design_1_axi_noc_0_0_synth_1/runme.log
design_1_axi_smc_0_synth_1: /home/dewsjoe/Desktop/projects_2022.1/projects_ldg/project_3.1/project_3.1.runs/design_1_axi_smc_0_synth_1/runme.log
export_simulation -of_objects [get_files /home/dewsjoe/Desktop/projects_2022.1/projects_ldg/project_3.1/project_3.1.srcs/sources_1/bd/design_1/design_1.bd] -directory /home/dewsjoe/Desktop/projects_2022.1/projects_ldg/project_3.1/project_3.1.ip_user_files/sim_scripts -ip_user_files_dir /home/dewsjoe/Desktop/projects_2022.1/projects_ldg/project_3.1/project_3.1.ip_user_files -ipstatic_source_dir /home/dewsjoe/Desktop/projects_2022.1/projects_ldg/project_3.1/project_3.1.ip_user_files/ipstatic -lib_map_path [list {modelsim=/home/dewsjoe/Desktop/projects_2022.1/projects_ldg/project_3.1/project_3.1.cache/compile_simlib/modelsim} {questa=/home/dewsjoe/Desktop/projects_2022.1/projects_ldg/project_3.1/project_3.1.cache/compile_simlib/questa} {xcelium=/home/dewsjoe/Desktop/projects_2022.1/projects_ldg/project_3.1/project_3.1.cache/compile_simlib/xcelium} {vcs=/home/dewsjoe/Desktop/projects_2022.1/projects_ldg/project_3.1/project_3.1.cache/compile_simlib/vcs} {riviera=/home/dewsjoe/Desktop/projects_2022.1/projects_ldg/project_3.1/project_3.1.cache/compile_simlib/riviera}] -use_ip_compiled_libs -force -quiet
reset_run synth_1
INFO: [Project 1-1161] Replacing file /home/dewsjoe/Desktop/projects_2022.1/projects_ldg/project_3.1/project_3.1.srcs/utils_1/imports/synth_1/design_1_wrapper.dcp with file /home/dewsjoe/Desktop/projects_2022.1/projects_ldg/project_3.1/project_3.1.runs/synth_1/design_1_wrapper.dcp
launch_runs impl_1 -to_step write_device_image -jobs 6
[Wed Feb 12 20:17:28 2025] Launched design_1_axi_noc_0_0_synth_1, design_1_axi_smc_0_synth_1, synth_1...
Run output will be captured here:
design_1_axi_noc_0_0_synth_1: /home/dewsjoe/Desktop/projects_2022.1/projects_ldg/project_3.1/project_3.1.runs/design_1_axi_noc_0_0_synth_1/runme.log
design_1_axi_smc_0_synth_1: /home/dewsjoe/Desktop/projects_2022.1/projects_ldg/project_3.1/project_3.1.runs/design_1_axi_smc_0_synth_1/runme.log
synth_1: /home/dewsjoe/Desktop/projects_2022.1/projects_ldg/project_3.1/project_3.1.runs/synth_1/runme.log
[Wed Feb 12 20:17:28 2025] Launched impl_1...
Run output will be captured here: /home/dewsjoe/Desktop/projects_2022.1/projects_ldg/project_3.1/project_3.1.runs/impl_1/runme.log
write_hw_platform -fixed -include_bit -force -file /home/dewsjoe/Desktop/projects_2022.1/projects_ldg/project_3.1/design_1_wrapper.xsa
INFO: [Project 1-1929] For a Versal design the -include_bit is not required. The generated platform will always contain either a pre-synthesis or post implementation .pdi file.
INFO: [Project 1-1918] Creating Hardware Platform: /home/dewsjoe/Desktop/projects_2022.1/projects_ldg/project_3.1/design_1_wrapper.xsa ...
INFO: [Project 1-1943] The Hardware Platform can be used for Hardware
INFO: [Project 1-1941] Successfully created Hardware Platform: /home/dewsjoe/Desktop/projects_2022.1/projects_ldg/project_3.1/design_1_wrapper.xsa
write_hw_platform: Time (s): cpu = 00:00:06 ; elapsed = 00:00:05 . Memory (MB): peak = 11598.961 ; gain = 0.000 ; free physical = 11150 ; free virtual = 17817
write_bd_tcl design_tcl_3.1
INFO: [BD 5-148] Tcl file written out </home/dewsjoe/Desktop/projects_2022.1/projects_ldg/design_tcl_3.1.tcl>.

INFO: [Vivado 12-8231] Launching Vitis
INFO: [Vivado 12-417] Running vitis
INFO: [Vivado 12-8232] Vitis launch initiated. Please check console for any further messages.
exit
INFO: [Common 17-206] Exiting Vivado at Thu Feb 13 10:37:14 2025...
